2025-05-17 06:43:15.404 [INFO] [INFO] TempMixin - __init__ -  ++++++++++ Creating EntityUtils | component=TempMixin subcomponent=__init__ service_name=service-17328 environment=dev
2025-05-17 06:43:16.383 [INFO] [INFO] TempMixin - __init__ -  ++++++++++ EntityUtils custom_serializers: {} | component=TempMixin subcomponent=__init__ service_name=service-17328 environment=dev
2025-05-17 06:43:16.393 [INFO] [INFO] TempMixin - __init__ -  ++++++++++ Creating EntityUtils | component=TempMixin subcomponent=__init__ service_name=service-17328 environment=dev
2025-05-17 06:43:16.396 [INFO] [INFO] TempMixin - __init__ -  ++++++++++ EntityUtils custom_serializers: {} | component=TempMixin subcomponent=__init__ service_name=service-17328 environment=dev
2025-05-17 06:43:16.402 [INFO] [INFO] TempMixin - __init__ -  ++++++++++ Creating EntityUtils | component=TempMixin subcomponent=__init__ service_name=service-17328 environment=dev
2025-05-17 06:43:16.404 [INFO] [INFO] TempMixin - __init__ -  ++++++++++ EntityUtils custom_serializers: {} | component=TempMixin subcomponent=__init__ service_name=service-17328 environment=dev
2025-05-17 06:43:38.036 [INFO] [INFO] conftest - setup_test_environment -  Setting up test environment... | component=conftest subcomponent=setup_test_environment service_name=service-7612 environment=dev
2025-05-17 06:43:38.799 [INFO] [INFO] conftest - delete_pytest_cache -  Removing .\.pytest_cache | component=conftest subcomponent=delete_pytest_cache service_name=service-7612 environment=dev
2025-05-17 06:43:39.004 [INFO] [INFO] conftest - setup_test_environment -  Test files in this session: {'c:\\Users\\Phil\\Desktop\\Projects\\shared-libs\\python\\queue\\tests\\test_queue_system.py'} | component=conftest subcomponent=setup_test_environment service_name=service-7612 environment=dev
2025-05-17 06:43:39.006 [INFO] [INFO] conftest - run_command -  Running command: docker info | component=conftest subcomponent=run_command service_name=service-7612 environment=dev
2025-05-17 06:43:41.358 [INFO] [INFO] conftest - run_command -  Command output: Client:
 Version:    28.0.4
 Context:    desktop-linux
 Debug Mode: false
 Plugins:
  ai: Docker AI Agent - Ask Gordon (Docker Inc.)
    Version:  v1.1.3
    Path:     C:\Program Files\Docker\cli-plugins\docker-ai.exe
  buildx: Docker Buildx (Docker Inc.)
    Version:  v0.22.0-desktop.1
    Path:     C:\Program Files\Docker\cli-plugins\docker-buildx.exe
  cloud: Docker Cloud (Docker Inc.)
    Version:  0.2.20
    Path:     C:\Program Files\Docker\cli-plugins\docker-cloud.exe
  compose: Docker Compose (Docker Inc.)
    Version:  v2.34.0-desktop.1
    Path:     C:\Program Files\Docker\cli-plugins\docker-compose.exe
  debug: Get a shell into any image or container (Docker Inc.)
    Version:  0.0.38
    Path:     C:\Program Files\Docker\cli-plugins\docker-debug.exe
  desktop: Docker Desktop commands (Beta) (Docker Inc.)
    Version:  v0.1.6
    Path:     C:\Program Files\Docker\cli-plugins\docker-desktop.exe
  dev: Docker Dev Environments (Docker Inc.)
    Version:  v0.1.2
    Path:     C:\Program Files\Docker\cli-plugins\docker-dev.exe
  extension: Manages Docker extensions (Docker Inc.)
    Version:  v0.2.27
    Path:     C:\Program Files\Docker\cli-plugins\docker-extension.exe
  init: Creates Docker-related starter files for your project (Docker Inc.)
    Version:  v1.4.0
    Path:     C:\Program Files\Docker\cli-plugins\docker-init.exe
  sbom: View the packaged-based Software Bill Of Materials (SBOM) for an image (Anchore Inc.)
    Version:  0.6.0
    Path:     C:\Program Files\Docker\cli-plugins\docker-sbom.exe
  scout: Docker Scout (Docker Inc.)
    Version:  v1.17.0
    Path:     C:\Program Files\Docker\cli-plugins\docker-scout.exe

Server:
 Containers: 3
  Running: 3
  Paused: 0
  Stopped: 0
 Images: 9
 Server Version: 28.0.4
 Storage Driver: overlayfs
  driver-type: io.containerd.snapshotter.v1
 Logging Driver: json-file
 Cgroup Driver: cgroupfs
 Cgroup Version: 1
 Plugins:
  Volume: local
  Network: bridge host ipvlan macvlan null overlay
  Log: awslogs fluentd gcplogs gelf journald json-file local splunk syslog
 CDI spec directories:
  /etc/cdi
  /var/run/cdi
 Swarm: inactive
 Runtimes: io.containerd.runc.v2 nvidia runc
 Default Runtime: runc
 Init Binary: docker-init
 containerd version: 753481ec61c7c8955a23d6ff7bc8e4daed455734
 runc version: v1.2.5-0-g59923ef
 init version: de40ad0
 Security Options:
  seccomp
   Profile: unconfined
 Kernel Version: 5.15.167.4-microsoft-standard-WSL2
 Operating System: Docker Desktop
 OSType: linux
 Architecture: x86_64
 CPUs: 4
 Total Memory: 7.649GiB
 Name: docker-desktop
 ID: bd414c6b-a391-41c8-9560-cbfc52f7f58d
 Docker Root Dir: /var/lib/docker
 Debug Mode: false
 HTTP Proxy: http.docker.internal:3128
 HTTPS Proxy: http.docker.internal:3128
 No Proxy: hubproxy.docker.internal
 Labels:
  com.docker.desktop.address=npipe://\\.\pipe\docker_cli
 Experimental: false
 Insecure Registries:
  hubproxy.docker.internal:5555
  ::1/128
  127.0.0.0/8
 Live Restore Enabled: false

 | component=conftest subcomponent=run_command service_name=service-7612 environment=dev
2025-05-17 06:43:41.361 [INFO] [INFO] conftest - run_command -  Command error: WARNING: No blkio throttle.read_bps_device support
WARNING: No blkio throttle.write_bps_device support
WARNING: No blkio throttle.read_iops_device support
WARNING: No blkio throttle.write_iops_device support
WARNING: DOCKER_INSECURE_NO_IPTABLES_RAW is set
WARNING: daemon is not using the default seccomp profile
 | component=conftest subcomponent=run_command service_name=service-7612 environment=dev
2025-05-17 06:43:41.364 [INFO] [INFO] conftest - setup_test_environment -  Found Docker Compose file for c:\Users\Phil\Desktop\Projects\shared-libs\python\queue\tests\test_queue_system.py: c:\Users\Phil\Desktop\Projects\shared-libs\python\queue\tests\docker-compose.yml | component=conftest subcomponent=setup_test_environment service_name=service-7612 environment=dev
2025-05-17 06:43:41.386 [INFO] [INFO] conftest - setup_test_environment -  Detected the following services in c:\Users\Phil\Desktop\Projects\shared-libs\python\queue\tests\docker-compose.yml: | component=conftest subcomponent=setup_test_environment service_name=service-7612 environment=dev
2025-05-17 06:43:41.388 [INFO] [INFO] conftest - setup_test_environment -    - redis: {}:localhost (container port: 6379) | component=conftest subcomponent=setup_test_environment service_name=service-7612 environment=dev
2025-05-17 06:43:41.395 [INFO] [INFO] conftest - run_command -  Running command: docker-compose -f c:\Users\Phil\Desktop\Projects\shared-libs\python\queue\tests\docker-compose.yml -p test-queue up -d | component=conftest subcomponent=run_command service_name=service-7612 environment=dev
2025-05-17 06:43:42.429 [INFO] [INFO] conftest - run_command -  Command error: time="2025-05-17T06:43:41+01:00" level=warning msg="c:\\Users\\Phil\\Desktop\\Projects\\shared-libs\\python\\queue\\tests\\docker-compose.yml: the attribute `version` is obsolete, it will be ignored, please remove it to avoid potential confusion"
 Container test-queue-redis-1  Running
 | component=conftest subcomponent=run_command service_name=service-7612 environment=dev
2025-05-17 06:43:42.439 [INFO] [INFO] services - wait_for_service -  Waiting for redis to be ready at localhost:6379... | component=services subcomponent=wait_for_service service_name=service-7612 environment=dev
2025-05-17 06:43:42.455 [INFO] [INFO] services - wait_for_service -  TCP connection to localhost:6379 successful | component=services subcomponent=wait_for_service service_name=service-7612 environment=dev
2025-05-17 06:43:42.486 [INFO] [INFO] services - wait_for_service -  redis at localhost:6379 is ready! | component=services subcomponent=wait_for_service service_name=service-7612 environment=dev
2025-05-17 06:43:59.938 [INFO] [INFO] conftest - setup_test_environment -  Tearing down test environment... | component=conftest subcomponent=setup_test_environment service_name=service-7612 environment=dev
2025-05-17 06:43:59.941 [INFO] [INFO] conftest - run_command -  Running command:  | component=conftest subcomponent=run_command service_name=service-7612 environment=dev
2025-05-17 06:46:31.673 [INFO] [INFO] TempMixin - __init__ -  ++++++++++ Creating EntityUtils | component=TempMixin subcomponent=__init__ service_name=service-7056 environment=dev
2025-05-17 06:46:32.988 [INFO] [INFO] TempMixin - __init__ -  ++++++++++ EntityUtils custom_serializers: {} | component=TempMixin subcomponent=__init__ service_name=service-7056 environment=dev
2025-05-17 06:46:32.998 [INFO] [INFO] TempMixin - __init__ -  ++++++++++ Creating EntityUtils | component=TempMixin subcomponent=__init__ service_name=service-7056 environment=dev
2025-05-17 06:46:33.001 [INFO] [INFO] TempMixin - __init__ -  ++++++++++ EntityUtils custom_serializers: {} | component=TempMixin subcomponent=__init__ service_name=service-7056 environment=dev
2025-05-17 06:46:33.008 [INFO] [INFO] TempMixin - __init__ -  ++++++++++ Creating EntityUtils | component=TempMixin subcomponent=__init__ service_name=service-7056 environment=dev
2025-05-17 06:46:33.010 [INFO] [INFO] TempMixin - __init__ -  ++++++++++ EntityUtils custom_serializers: {} | component=TempMixin subcomponent=__init__ service_name=service-7056 environment=dev
2025-05-17 06:47:24.424 [INFO] [INFO] TempMixin - __init__ -  ++++++++++ Creating EntityUtils | component=TempMixin subcomponent=__init__ service_name=service-9984 environment=dev
2025-05-17 06:47:24.979 [INFO] [INFO] TempMixin - __init__ -  ++++++++++ EntityUtils custom_serializers: {} | component=TempMixin subcomponent=__init__ service_name=service-9984 environment=dev
2025-05-17 06:47:24.987 [INFO] [INFO] TempMixin - __init__ -  ++++++++++ Creating EntityUtils | component=TempMixin subcomponent=__init__ service_name=service-9984 environment=dev
2025-05-17 06:47:24.989 [INFO] [INFO] TempMixin - __init__ -  ++++++++++ EntityUtils custom_serializers: {} | component=TempMixin subcomponent=__init__ service_name=service-9984 environment=dev
2025-05-17 06:47:24.995 [INFO] [INFO] TempMixin - __init__ -  ++++++++++ Creating EntityUtils | component=TempMixin subcomponent=__init__ service_name=service-9984 environment=dev
2025-05-17 06:47:24.997 [INFO] [INFO] TempMixin - __init__ -  ++++++++++ EntityUtils custom_serializers: {} | component=TempMixin subcomponent=__init__ service_name=service-9984 environment=dev
2025-05-17 06:49:15.873 [INFO] [INFO] TempMixin - __init__ -  ++++++++++ Creating EntityUtils | component=TempMixin subcomponent=__init__ service_name=service-19176 environment=dev
2025-05-17 06:49:16.639 [INFO] [INFO] TempMixin - __init__ -  ++++++++++ EntityUtils custom_serializers: {} | component=TempMixin subcomponent=__init__ service_name=service-19176 environment=dev
2025-05-17 06:49:16.646 [INFO] [INFO] TempMixin - __init__ -  ++++++++++ Creating EntityUtils | component=TempMixin subcomponent=__init__ service_name=service-19176 environment=dev
2025-05-17 06:49:16.648 [INFO] [INFO] TempMixin - __init__ -  ++++++++++ EntityUtils custom_serializers: {} | component=TempMixin subcomponent=__init__ service_name=service-19176 environment=dev
2025-05-17 06:49:16.653 [INFO] [INFO] TempMixin - __init__ -  ++++++++++ Creating EntityUtils | component=TempMixin subcomponent=__init__ service_name=service-19176 environment=dev
2025-05-17 06:49:16.655 [INFO] [INFO] TempMixin - __init__ -  ++++++++++ EntityUtils custom_serializers: {} | component=TempMixin subcomponent=__init__ service_name=service-19176 environment=dev
2025-05-17 07:06:17.112 [INFO] [INFO] TempMixin - __init__ -  ++++++++++ Creating EntityUtils | component=TempMixin subcomponent=__init__ service_name=service-3644 environment=dev
2025-05-17 07:06:18.064 [INFO] [INFO] TempMixin - __init__ -  ++++++++++ EntityUtils custom_serializers: {} | component=TempMixin subcomponent=__init__ service_name=service-3644 environment=dev
2025-05-17 07:06:18.073 [INFO] [INFO] TempMixin - __init__ -  ++++++++++ Creating EntityUtils | component=TempMixin subcomponent=__init__ service_name=service-3644 environment=dev
2025-05-17 07:06:18.075 [INFO] [INFO] TempMixin - __init__ -  ++++++++++ EntityUtils custom_serializers: {} | component=TempMixin subcomponent=__init__ service_name=service-3644 environment=dev
2025-05-17 07:06:18.081 [INFO] [INFO] TempMixin - __init__ -  ++++++++++ Creating EntityUtils | component=TempMixin subcomponent=__init__ service_name=service-3644 environment=dev
2025-05-17 07:06:18.083 [INFO] [INFO] TempMixin - __init__ -  ++++++++++ EntityUtils custom_serializers: {} | component=TempMixin subcomponent=__init__ service_name=service-3644 environment=dev
2025-05-17 07:08:16.706 [INFO] [INFO] TempMixin - __init__ -  ++++++++++ Creating EntityUtils | component=TempMixin subcomponent=__init__ service_name=service-3212 environment=dev
2025-05-17 07:08:17.196 [INFO] [INFO] TempMixin - __init__ -  ++++++++++ EntityUtils custom_serializers: {} | component=TempMixin subcomponent=__init__ service_name=service-3212 environment=dev
2025-05-17 07:08:17.204 [INFO] [INFO] TempMixin - __init__ -  ++++++++++ Creating EntityUtils | component=TempMixin subcomponent=__init__ service_name=service-3212 environment=dev
2025-05-17 07:08:17.206 [INFO] [INFO] TempMixin - __init__ -  ++++++++++ EntityUtils custom_serializers: {} | component=TempMixin subcomponent=__init__ service_name=service-3212 environment=dev
2025-05-17 07:08:17.211 [INFO] [INFO] TempMixin - __init__ -  ++++++++++ Creating EntityUtils | component=TempMixin subcomponent=__init__ service_name=service-3212 environment=dev
2025-05-17 07:08:17.213 [INFO] [INFO] TempMixin - __init__ -  ++++++++++ EntityUtils custom_serializers: {} | component=TempMixin subcomponent=__init__ service_name=service-3212 environment=dev
2025-05-17 07:15:53.124 [INFO] [INFO] TempMixin - __init__ -  ++++++++++ Creating EntityUtils | component=TempMixin subcomponent=__init__ service_name=service-3644 environment=dev
2025-05-17 07:15:53.765 [INFO] [INFO] TempMixin - __init__ -  ++++++++++ EntityUtils custom_serializers: {} | component=TempMixin subcomponent=__init__ service_name=service-3644 environment=dev
2025-05-17 07:15:53.773 [INFO] [INFO] TempMixin - __init__ -  ++++++++++ Creating EntityUtils | component=TempMixin subcomponent=__init__ service_name=service-3644 environment=dev
2025-05-17 07:15:53.775 [INFO] [INFO] TempMixin - __init__ -  ++++++++++ EntityUtils custom_serializers: {} | component=TempMixin subcomponent=__init__ service_name=service-3644 environment=dev
2025-05-17 07:15:53.781 [INFO] [INFO] TempMixin - __init__ -  ++++++++++ Creating EntityUtils | component=TempMixin subcomponent=__init__ service_name=service-3644 environment=dev
2025-05-17 07:15:53.783 [INFO] [INFO] TempMixin - __init__ -  ++++++++++ EntityUtils custom_serializers: {} | component=TempMixin subcomponent=__init__ service_name=service-3644 environment=dev
2025-05-17 07:20:37.262 [INFO] [INFO] TempMixin - __init__ -  ++++++++++ Creating EntityUtils | component=TempMixin subcomponent=__init__ service_name=service-1320 environment=dev
2025-05-17 07:20:37.809 [INFO] [INFO] TempMixin - __init__ -  ++++++++++ EntityUtils custom_serializers: {} | component=TempMixin subcomponent=__init__ service_name=service-1320 environment=dev
2025-05-17 07:20:37.816 [INFO] [INFO] TempMixin - __init__ -  ++++++++++ Creating EntityUtils | component=TempMixin subcomponent=__init__ service_name=service-1320 environment=dev
2025-05-17 07:20:37.818 [INFO] [INFO] TempMixin - __init__ -  ++++++++++ EntityUtils custom_serializers: {} | component=TempMixin subcomponent=__init__ service_name=service-1320 environment=dev
2025-05-17 07:20:37.823 [INFO] [INFO] TempMixin - __init__ -  ++++++++++ Creating EntityUtils | component=TempMixin subcomponent=__init__ service_name=service-1320 environment=dev
2025-05-17 07:20:37.825 [INFO] [INFO] TempMixin - __init__ -  ++++++++++ EntityUtils custom_serializers: {} | component=TempMixin subcomponent=__init__ service_name=service-1320 environment=dev
2025-05-17 07:25:29.929 [INFO] [INFO] TempMixin - __init__ -  ++++++++++ Creating EntityUtils | component=TempMixin subcomponent=__init__ service_name=service-18916 environment=dev
2025-05-17 07:25:30.474 [INFO] [INFO] TempMixin - __init__ -  ++++++++++ EntityUtils custom_serializers: {} | component=TempMixin subcomponent=__init__ service_name=service-18916 environment=dev
2025-05-17 07:25:30.482 [INFO] [INFO] TempMixin - __init__ -  ++++++++++ Creating EntityUtils | component=TempMixin subcomponent=__init__ service_name=service-18916 environment=dev
2025-05-17 07:25:30.484 [INFO] [INFO] TempMixin - __init__ -  ++++++++++ EntityUtils custom_serializers: {} | component=TempMixin subcomponent=__init__ service_name=service-18916 environment=dev
2025-05-17 07:25:30.489 [INFO] [INFO] TempMixin - __init__ -  ++++++++++ Creating EntityUtils | component=TempMixin subcomponent=__init__ service_name=service-18916 environment=dev
2025-05-17 07:25:30.491 [INFO] [INFO] TempMixin - __init__ -  ++++++++++ EntityUtils custom_serializers: {} | component=TempMixin subcomponent=__init__ service_name=service-18916 environment=dev
2025-05-17 07:26:56.308 [INFO] [INFO] TempMixin - __init__ -  ++++++++++ Creating EntityUtils | component=TempMixin subcomponent=__init__ service_name=service-18112 environment=dev
2025-05-17 07:26:56.899 [INFO] [INFO] TempMixin - __init__ -  ++++++++++ EntityUtils custom_serializers: {} | component=TempMixin subcomponent=__init__ service_name=service-18112 environment=dev
2025-05-17 07:26:56.909 [INFO] [INFO] TempMixin - __init__ -  ++++++++++ Creating EntityUtils | component=TempMixin subcomponent=__init__ service_name=service-18112 environment=dev
2025-05-17 07:26:56.911 [INFO] [INFO] TempMixin - __init__ -  ++++++++++ EntityUtils custom_serializers: {} | component=TempMixin subcomponent=__init__ service_name=service-18112 environment=dev
2025-05-17 07:26:56.916 [INFO] [INFO] TempMixin - __init__ -  ++++++++++ Creating EntityUtils | component=TempMixin subcomponent=__init__ service_name=service-18112 environment=dev
2025-05-17 07:26:56.919 [INFO] [INFO] TempMixin - __init__ -  ++++++++++ EntityUtils custom_serializers: {} | component=TempMixin subcomponent=__init__ service_name=service-18112 environment=dev
2025-05-17 07:27:18.305 [INFO] [INFO] TempMixin - __init__ -  ++++++++++ Creating EntityUtils | component=TempMixin subcomponent=__init__ service_name=service-9176 environment=dev
2025-05-17 07:27:18.876 [INFO] [INFO] TempMixin - __init__ -  ++++++++++ EntityUtils custom_serializers: {} | component=TempMixin subcomponent=__init__ service_name=service-9176 environment=dev
2025-05-17 07:27:18.883 [INFO] [INFO] TempMixin - __init__ -  ++++++++++ Creating EntityUtils | component=TempMixin subcomponent=__init__ service_name=service-9176 environment=dev
2025-05-17 07:27:18.885 [INFO] [INFO] TempMixin - __init__ -  ++++++++++ EntityUtils custom_serializers: {} | component=TempMixin subcomponent=__init__ service_name=service-9176 environment=dev
2025-05-17 07:27:18.890 [INFO] [INFO] TempMixin - __init__ -  ++++++++++ Creating EntityUtils | component=TempMixin subcomponent=__init__ service_name=service-9176 environment=dev
2025-05-17 07:27:18.892 [INFO] [INFO] TempMixin - __init__ -  ++++++++++ EntityUtils custom_serializers: {} | component=TempMixin subcomponent=__init__ service_name=service-9176 environment=dev
2025-05-17 07:28:00.483 [INFO] [INFO] conftest - setup_test_environment -  Setting up test environment... | component=conftest subcomponent=setup_test_environment service_name=service-4172 environment=dev
2025-05-17 07:28:01.438 [INFO] [INFO] conftest - delete_pytest_cache -  Removing .\.pytest_cache | component=conftest subcomponent=delete_pytest_cache service_name=service-4172 environment=dev
2025-05-17 07:28:01.504 [INFO] [INFO] conftest - setup_test_environment -  Test files in this session: {'c:\\Users\\Phil\\Desktop\\Projects\\shared-libs\\python\\queue\\tests\\test_queue_system.py'} | component=conftest subcomponent=setup_test_environment service_name=service-4172 environment=dev
2025-05-17 07:28:01.506 [INFO] [INFO] conftest - run_command -  Running command: docker info | component=conftest subcomponent=run_command service_name=service-4172 environment=dev
2025-05-17 07:28:02.181 [INFO] [INFO] conftest - run_command -  Command output: Client:
 Version:    28.0.4
 Context:    desktop-linux
 Debug Mode: false
 Plugins:
  ai: Docker AI Agent - Ask Gordon (Docker Inc.)
    Version:  v1.1.3
    Path:     C:\Program Files\Docker\cli-plugins\docker-ai.exe
  buildx: Docker Buildx (Docker Inc.)
    Version:  v0.22.0-desktop.1
    Path:     C:\Program Files\Docker\cli-plugins\docker-buildx.exe
  cloud: Docker Cloud (Docker Inc.)
    Version:  0.2.20
    Path:     C:\Program Files\Docker\cli-plugins\docker-cloud.exe
  compose: Docker Compose (Docker Inc.)
    Version:  v2.34.0-desktop.1
    Path:     C:\Program Files\Docker\cli-plugins\docker-compose.exe
  debug: Get a shell into any image or container (Docker Inc.)
    Version:  0.0.38
    Path:     C:\Program Files\Docker\cli-plugins\docker-debug.exe
  desktop: Docker Desktop commands (Beta) (Docker Inc.)
    Version:  v0.1.6
    Path:     C:\Program Files\Docker\cli-plugins\docker-desktop.exe
  dev: Docker Dev Environments (Docker Inc.)
    Version:  v0.1.2
    Path:     C:\Program Files\Docker\cli-plugins\docker-dev.exe
  extension: Manages Docker extensions (Docker Inc.)
    Version:  v0.2.27
    Path:     C:\Program Files\Docker\cli-plugins\docker-extension.exe
  init: Creates Docker-related starter files for your project (Docker Inc.)
    Version:  v1.4.0
    Path:     C:\Program Files\Docker\cli-plugins\docker-init.exe
  sbom: View the packaged-based Software Bill Of Materials (SBOM) for an image (Anchore Inc.)
    Version:  0.6.0
    Path:     C:\Program Files\Docker\cli-plugins\docker-sbom.exe
  scout: Docker Scout (Docker Inc.)
    Version:  v1.17.0
    Path:     C:\Program Files\Docker\cli-plugins\docker-scout.exe

Server:
 Containers: 3
  Running: 3
  Paused: 0
  Stopped: 0
 Images: 9
 Server Version: 28.0.4
 Storage Driver: overlayfs
  driver-type: io.containerd.snapshotter.v1
 Logging Driver: json-file
 Cgroup Driver: cgroupfs
 Cgroup Version: 1
 Plugins:
  Volume: local
  Network: bridge host ipvlan macvlan null overlay
  Log: awslogs fluentd gcplogs gelf journald json-file local splunk syslog
 CDI spec directories:
  /etc/cdi
  /var/run/cdi
 Swarm: inactive
 Runtimes: io.containerd.runc.v2 nvidia runc
 Default Runtime: runc
 Init Binary: docker-init
 containerd version: 753481ec61c7c8955a23d6ff7bc8e4daed455734
 runc version: v1.2.5-0-g59923ef
 init version: de40ad0
 Security Options:
  seccomp
   Profile: unconfined
 Kernel Version: 5.15.167.4-microsoft-standard-WSL2
 Operating System: Docker Desktop
 OSType: linux
 Architecture: x86_64
 CPUs: 4
 Total Memory: 7.649GiB
 Name: docker-desktop
 ID: bd414c6b-a391-41c8-9560-cbfc52f7f58d
 Docker Root Dir: /var/lib/docker
 Debug Mode: false
 HTTP Proxy: http.docker.internal:3128
 HTTPS Proxy: http.docker.internal:3128
 No Proxy: hubproxy.docker.internal
 Labels:
  com.docker.desktop.address=npipe://\\.\pipe\docker_cli
 Experimental: false
 Insecure Registries:
  hubproxy.docker.internal:5555
  ::1/128
  127.0.0.0/8
 Live Restore Enabled: false

 | component=conftest subcomponent=run_command service_name=service-4172 environment=dev
2025-05-17 07:28:02.184 [INFO] [INFO] conftest - run_command -  Command error: WARNING: No blkio throttle.read_bps_device support
WARNING: No blkio throttle.write_bps_device support
WARNING: No blkio throttle.read_iops_device support
WARNING: No blkio throttle.write_iops_device support
WARNING: DOCKER_INSECURE_NO_IPTABLES_RAW is set
WARNING: daemon is not using the default seccomp profile
 | component=conftest subcomponent=run_command service_name=service-4172 environment=dev
2025-05-17 07:28:02.186 [INFO] [INFO] conftest - setup_test_environment -  Found Docker Compose file for c:\Users\Phil\Desktop\Projects\shared-libs\python\queue\tests\test_queue_system.py: c:\Users\Phil\Desktop\Projects\shared-libs\python\queue\tests\docker-compose.yml | component=conftest subcomponent=setup_test_environment service_name=service-4172 environment=dev
2025-05-17 07:28:02.195 [INFO] [INFO] conftest - setup_test_environment -  Detected the following services in c:\Users\Phil\Desktop\Projects\shared-libs\python\queue\tests\docker-compose.yml: | component=conftest subcomponent=setup_test_environment service_name=service-4172 environment=dev
2025-05-17 07:28:02.198 [INFO] [INFO] conftest - setup_test_environment -    - redis: {}:localhost (container port: 6379) | component=conftest subcomponent=setup_test_environment service_name=service-4172 environment=dev
2025-05-17 07:28:02.200 [INFO] [INFO] conftest - run_command -  Running command: docker-compose -f c:\Users\Phil\Desktop\Projects\shared-libs\python\queue\tests\docker-compose.yml -p test-queue up -d | component=conftest subcomponent=run_command service_name=service-4172 environment=dev
2025-05-17 07:28:02.809 [INFO] [INFO] conftest - run_command -  Command error: time="2025-05-17T07:28:02+01:00" level=warning msg="c:\\Users\\Phil\\Desktop\\Projects\\shared-libs\\python\\queue\\tests\\docker-compose.yml: the attribute `version` is obsolete, it will be ignored, please remove it to avoid potential confusion"
 Container test-queue-redis-1  Running
 | component=conftest subcomponent=run_command service_name=service-4172 environment=dev
2025-05-17 07:28:02.816 [INFO] [INFO] services - wait_for_service -  Waiting for redis to be ready at localhost:6379... | component=services subcomponent=wait_for_service service_name=service-4172 environment=dev
2025-05-17 07:28:02.824 [INFO] [INFO] services - wait_for_service -  TCP connection to localhost:6379 successful | component=services subcomponent=wait_for_service service_name=service-4172 environment=dev
2025-05-17 07:28:02.857 [INFO] [INFO] services - wait_for_service -  redis at localhost:6379 is ready! | component=services subcomponent=wait_for_service service_name=service-4172 environment=dev
2025-05-17 07:28:22.224 [INFO] [INFO] conftest - setup_test_environment -  Tearing down test environment... | component=conftest subcomponent=setup_test_environment service_name=service-4172 environment=dev
2025-05-17 07:28:22.233 [INFO] [INFO] conftest - run_command -  Running command:  | component=conftest subcomponent=run_command service_name=service-4172 environment=dev
2025-05-17 07:30:41.970 [INFO] [INFO] TempMixin - __init__ -  ++++++++++ Creating EntityUtils | component=TempMixin subcomponent=__init__ service_name=service-19444 environment=dev
2025-05-17 07:30:42.822 [INFO] [INFO] TempMixin - __init__ -  ++++++++++ EntityUtils custom_serializers: {} | component=TempMixin subcomponent=__init__ service_name=service-19444 environment=dev
2025-05-17 07:30:42.830 [INFO] [INFO] TempMixin - __init__ -  ++++++++++ Creating EntityUtils | component=TempMixin subcomponent=__init__ service_name=service-19444 environment=dev
2025-05-17 07:30:42.832 [INFO] [INFO] TempMixin - __init__ -  ++++++++++ EntityUtils custom_serializers: {} | component=TempMixin subcomponent=__init__ service_name=service-19444 environment=dev
2025-05-17 07:30:42.838 [INFO] [INFO] TempMixin - __init__ -  ++++++++++ Creating EntityUtils | component=TempMixin subcomponent=__init__ service_name=service-19444 environment=dev
2025-05-17 07:30:42.840 [INFO] [INFO] TempMixin - __init__ -  ++++++++++ EntityUtils custom_serializers: {} | component=TempMixin subcomponent=__init__ service_name=service-19444 environment=dev
2025-05-17 07:30:48.742 [INFO] [INFO] conftest - setup_test_environment -  Setting up test environment... | component=conftest subcomponent=setup_test_environment service_name=service-14572 environment=dev
2025-05-17 07:30:49.516 [INFO] [INFO] conftest - delete_pytest_cache -  Removing .\.pytest_cache | component=conftest subcomponent=delete_pytest_cache service_name=service-14572 environment=dev
2025-05-17 07:30:49.553 [INFO] [INFO] conftest - setup_test_environment -  Test files in this session: {'c:\\Users\\Phil\\Desktop\\Projects\\shared-libs\\python\\queue\\tests\\test_queue_system.py'} | component=conftest subcomponent=setup_test_environment service_name=service-14572 environment=dev
2025-05-17 07:30:49.558 [INFO] [INFO] conftest - run_command -  Running command: docker info | component=conftest subcomponent=run_command service_name=service-14572 environment=dev
2025-05-17 07:30:50.143 [INFO] [INFO] conftest - run_command -  Command output: Client:
 Version:    28.0.4
 Context:    desktop-linux
 Debug Mode: false
 Plugins:
  ai: Docker AI Agent - Ask Gordon (Docker Inc.)
    Version:  v1.1.3
    Path:     C:\Program Files\Docker\cli-plugins\docker-ai.exe
  buildx: Docker Buildx (Docker Inc.)
    Version:  v0.22.0-desktop.1
    Path:     C:\Program Files\Docker\cli-plugins\docker-buildx.exe
  cloud: Docker Cloud (Docker Inc.)
    Version:  0.2.20
    Path:     C:\Program Files\Docker\cli-plugins\docker-cloud.exe
  compose: Docker Compose (Docker Inc.)
    Version:  v2.34.0-desktop.1
    Path:     C:\Program Files\Docker\cli-plugins\docker-compose.exe
  debug: Get a shell into any image or container (Docker Inc.)
    Version:  0.0.38
    Path:     C:\Program Files\Docker\cli-plugins\docker-debug.exe
  desktop: Docker Desktop commands (Beta) (Docker Inc.)
    Version:  v0.1.6
    Path:     C:\Program Files\Docker\cli-plugins\docker-desktop.exe
  dev: Docker Dev Environments (Docker Inc.)
    Version:  v0.1.2
    Path:     C:\Program Files\Docker\cli-plugins\docker-dev.exe
  extension: Manages Docker extensions (Docker Inc.)
    Version:  v0.2.27
    Path:     C:\Program Files\Docker\cli-plugins\docker-extension.exe
  init: Creates Docker-related starter files for your project (Docker Inc.)
    Version:  v1.4.0
    Path:     C:\Program Files\Docker\cli-plugins\docker-init.exe
  sbom: View the packaged-based Software Bill Of Materials (SBOM) for an image (Anchore Inc.)
    Version:  0.6.0
    Path:     C:\Program Files\Docker\cli-plugins\docker-sbom.exe
  scout: Docker Scout (Docker Inc.)
    Version:  v1.17.0
    Path:     C:\Program Files\Docker\cli-plugins\docker-scout.exe

Server:
 Containers: 3
  Running: 3
  Paused: 0
  Stopped: 0
 Images: 9
 Server Version: 28.0.4
 Storage Driver: overlayfs
  driver-type: io.containerd.snapshotter.v1
 Logging Driver: json-file
 Cgroup Driver: cgroupfs
 Cgroup Version: 1
 Plugins:
  Volume: local
  Network: bridge host ipvlan macvlan null overlay
  Log: awslogs fluentd gcplogs gelf journald json-file local splunk syslog
 CDI spec directories:
  /etc/cdi
  /var/run/cdi
 Swarm: inactive
 Runtimes: runc io.containerd.runc.v2 nvidia
 Default Runtime: runc
 Init Binary: docker-init
 containerd version: 753481ec61c7c8955a23d6ff7bc8e4daed455734
 runc version: v1.2.5-0-g59923ef
 init version: de40ad0
 Security Options:
  seccomp
   Profile: unconfined
 Kernel Version: 5.15.167.4-microsoft-standard-WSL2
 Operating System: Docker Desktop
 OSType: linux
 Architecture: x86_64
 CPUs: 4
 Total Memory: 7.649GiB
 Name: docker-desktop
 ID: bd414c6b-a391-41c8-9560-cbfc52f7f58d
 Docker Root Dir: /var/lib/docker
 Debug Mode: false
 HTTP Proxy: http.docker.internal:3128
 HTTPS Proxy: http.docker.internal:3128
 No Proxy: hubproxy.docker.internal
 Labels:
  com.docker.desktop.address=npipe://\\.\pipe\docker_cli
 Experimental: false
 Insecure Registries:
  hubproxy.docker.internal:5555
  ::1/128
  127.0.0.0/8
 Live Restore Enabled: false

 | component=conftest subcomponent=run_command service_name=service-14572 environment=dev
2025-05-17 07:30:50.145 [INFO] [INFO] conftest - run_command -  Command error: WARNING: No blkio throttle.read_bps_device support
WARNING: No blkio throttle.write_bps_device support
WARNING: No blkio throttle.read_iops_device support
WARNING: No blkio throttle.write_iops_device support
WARNING: DOCKER_INSECURE_NO_IPTABLES_RAW is set
WARNING: daemon is not using the default seccomp profile
 | component=conftest subcomponent=run_command service_name=service-14572 environment=dev
2025-05-17 07:30:50.147 [INFO] [INFO] conftest - setup_test_environment -  Found Docker Compose file for c:\Users\Phil\Desktop\Projects\shared-libs\python\queue\tests\test_queue_system.py: c:\Users\Phil\Desktop\Projects\shared-libs\python\queue\tests\docker-compose.yml | component=conftest subcomponent=setup_test_environment service_name=service-14572 environment=dev
2025-05-17 07:30:50.152 [INFO] [INFO] conftest - setup_test_environment -  Detected the following services in c:\Users\Phil\Desktop\Projects\shared-libs\python\queue\tests\docker-compose.yml: | component=conftest subcomponent=setup_test_environment service_name=service-14572 environment=dev
2025-05-17 07:30:50.154 [INFO] [INFO] conftest - setup_test_environment -    - redis: {}:localhost (container port: 6379) | component=conftest subcomponent=setup_test_environment service_name=service-14572 environment=dev
2025-05-17 07:30:50.161 [INFO] [INFO] conftest - run_command -  Running command: docker-compose -f c:\Users\Phil\Desktop\Projects\shared-libs\python\queue\tests\docker-compose.yml -p test-queue up -d | component=conftest subcomponent=run_command service_name=service-14572 environment=dev
2025-05-17 07:30:50.547 [INFO] [INFO] conftest - run_command -  Command error: time="2025-05-17T07:30:50+01:00" level=warning msg="c:\\Users\\Phil\\Desktop\\Projects\\shared-libs\\python\\queue\\tests\\docker-compose.yml: the attribute `version` is obsolete, it will be ignored, please remove it to avoid potential confusion"
 Container test-queue-redis-1  Running
 | component=conftest subcomponent=run_command service_name=service-14572 environment=dev
2025-05-17 07:30:50.549 [INFO] [INFO] services - wait_for_service -  Waiting for redis to be ready at localhost:6379... | component=services subcomponent=wait_for_service service_name=service-14572 environment=dev
2025-05-17 07:30:50.562 [INFO] [INFO] services - wait_for_service -  TCP connection to localhost:6379 successful | component=services subcomponent=wait_for_service service_name=service-14572 environment=dev
2025-05-17 07:30:50.591 [INFO] [INFO] services - wait_for_service -  redis at localhost:6379 is ready! | component=services subcomponent=wait_for_service service_name=service-14572 environment=dev
2025-05-17 07:30:53.666 [INFO] [INFO] conftest - setup_test_environment -  Tearing down test environment... | component=conftest subcomponent=setup_test_environment service_name=service-14572 environment=dev
2025-05-17 07:30:53.673 [INFO] [INFO] conftest - run_command -  Running command:  | component=conftest subcomponent=run_command service_name=service-14572 environment=dev
2025-05-17 07:42:57.588 [INFO] [INFO] TempMixin - __init__ -  ++++++++++ Creating EntityUtils | component=TempMixin subcomponent=__init__ service_name=service-12180 environment=dev
2025-05-17 07:42:58.497 [INFO] [INFO] TempMixin - __init__ -  ++++++++++ EntityUtils custom_serializers: {} | component=TempMixin subcomponent=__init__ service_name=service-12180 environment=dev
2025-05-17 07:42:58.504 [INFO] [INFO] TempMixin - __init__ -  ++++++++++ Creating EntityUtils | component=TempMixin subcomponent=__init__ service_name=service-12180 environment=dev
2025-05-17 07:42:58.506 [INFO] [INFO] TempMixin - __init__ -  ++++++++++ EntityUtils custom_serializers: {} | component=TempMixin subcomponent=__init__ service_name=service-12180 environment=dev
2025-05-17 07:42:58.512 [INFO] [INFO] TempMixin - __init__ -  ++++++++++ Creating EntityUtils | component=TempMixin subcomponent=__init__ service_name=service-12180 environment=dev
2025-05-17 07:42:58.513 [INFO] [INFO] TempMixin - __init__ -  ++++++++++ EntityUtils custom_serializers: {} | component=TempMixin subcomponent=__init__ service_name=service-12180 environment=dev
2025-05-17 08:49:05.263 [INFO] [INFO] TempMixin - __init__ -  ++++++++++ Creating EntityUtils | component=TempMixin subcomponent=__init__ service_name=service-17024 environment=dev
2025-05-17 08:49:06.861 [INFO] [INFO] TempMixin - __init__ -  ++++++++++ EntityUtils custom_serializers: {} | component=TempMixin subcomponent=__init__ service_name=service-17024 environment=dev
2025-05-17 08:49:06.872 [INFO] [INFO] TempMixin - __init__ -  ++++++++++ Creating EntityUtils | component=TempMixin subcomponent=__init__ service_name=service-17024 environment=dev
2025-05-17 08:49:06.879 [INFO] [INFO] TempMixin - __init__ -  ++++++++++ EntityUtils custom_serializers: {} | component=TempMixin subcomponent=__init__ service_name=service-17024 environment=dev
2025-05-17 08:49:06.886 [INFO] [INFO] TempMixin - __init__ -  ++++++++++ Creating EntityUtils | component=TempMixin subcomponent=__init__ service_name=service-17024 environment=dev
2025-05-17 08:49:06.888 [INFO] [INFO] TempMixin - __init__ -  ++++++++++ EntityUtils custom_serializers: {} | component=TempMixin subcomponent=__init__ service_name=service-17024 environment=dev
2025-05-17 09:16:28.853 [INFO] [INFO] TempMixin - __init__ -  ++++++++++ Creating EntityUtils | component=TempMixin subcomponent=__init__ service_name=service-9972 environment=dev
2025-05-17 09:16:29.752 [INFO] [INFO] TempMixin - __init__ -  ++++++++++ EntityUtils custom_serializers: {} | component=TempMixin subcomponent=__init__ service_name=service-9972 environment=dev
2025-05-17 09:16:29.761 [INFO] [INFO] TempMixin - __init__ -  ++++++++++ Creating EntityUtils | component=TempMixin subcomponent=__init__ service_name=service-9972 environment=dev
2025-05-17 09:16:29.763 [INFO] [INFO] TempMixin - __init__ -  ++++++++++ EntityUtils custom_serializers: {} | component=TempMixin subcomponent=__init__ service_name=service-9972 environment=dev
2025-05-17 09:16:29.773 [INFO] [INFO] TempMixin - __init__ -  ++++++++++ Creating EntityUtils | component=TempMixin subcomponent=__init__ service_name=service-9972 environment=dev
2025-05-17 09:16:29.775 [INFO] [INFO] TempMixin - __init__ -  ++++++++++ EntityUtils custom_serializers: {} | component=TempMixin subcomponent=__init__ service_name=service-9972 environment=dev
2025-05-17 09:16:28.920 [INFO] [INFO] conftest - setup_test_environment -  Setting up test environment... | component=conftest subcomponent=setup_test_environment service_name=service-6292 environment=dev
2025-05-17 09:16:29.945 [INFO] [INFO] conftest - delete_pytest_cache -  Removing .\.pytest_cache | component=conftest subcomponent=delete_pytest_cache service_name=service-6292 environment=dev
2025-05-17 09:16:30.015 [INFO] [INFO] conftest - setup_test_environment -  Test files in this session: {'c:\\Users\\Phil\\Desktop\\Projects\\shared-libs\\python\\queue\\tests\\test_queue_system.py'} | component=conftest subcomponent=setup_test_environment service_name=service-6292 environment=dev
2025-05-17 09:16:30.018 [INFO] [INFO] conftest - run_command -  Running command: docker info | component=conftest subcomponent=run_command service_name=service-6292 environment=dev
2025-05-17 09:16:31.107 [INFO] [INFO] conftest - run_command -  Command output: Client:
 Version:    28.0.4
 Context:    desktop-linux
 Debug Mode: false
 Plugins:
  ai: Docker AI Agent - Ask Gordon (Docker Inc.)
    Version:  v1.1.3
    Path:     C:\Program Files\Docker\cli-plugins\docker-ai.exe
  buildx: Docker Buildx (Docker Inc.)
    Version:  v0.22.0-desktop.1
    Path:     C:\Program Files\Docker\cli-plugins\docker-buildx.exe
  cloud: Docker Cloud (Docker Inc.)
    Version:  0.2.20
    Path:     C:\Program Files\Docker\cli-plugins\docker-cloud.exe
  compose: Docker Compose (Docker Inc.)
    Version:  v2.34.0-desktop.1
    Path:     C:\Program Files\Docker\cli-plugins\docker-compose.exe
  debug: Get a shell into any image or container (Docker Inc.)
    Version:  0.0.38
    Path:     C:\Program Files\Docker\cli-plugins\docker-debug.exe
  desktop: Docker Desktop commands (Beta) (Docker Inc.)
    Version:  v0.1.6
    Path:     C:\Program Files\Docker\cli-plugins\docker-desktop.exe
  dev: Docker Dev Environments (Docker Inc.)
    Version:  v0.1.2
    Path:     C:\Program Files\Docker\cli-plugins\docker-dev.exe
  extension: Manages Docker extensions (Docker Inc.)
    Version:  v0.2.27
    Path:     C:\Program Files\Docker\cli-plugins\docker-extension.exe
  init: Creates Docker-related starter files for your project (Docker Inc.)
    Version:  v1.4.0
    Path:     C:\Program Files\Docker\cli-plugins\docker-init.exe
  sbom: View the packaged-based Software Bill Of Materials (SBOM) for an image (Anchore Inc.)
    Version:  0.6.0
    Path:     C:\Program Files\Docker\cli-plugins\docker-sbom.exe
  scout: Docker Scout (Docker Inc.)
    Version:  v1.17.0
    Path:     C:\Program Files\Docker\cli-plugins\docker-scout.exe

Server:
 Containers: 3
  Running: 3
  Paused: 0
  Stopped: 0
 Images: 9
 Server Version: 28.0.4
 Storage Driver: overlayfs
  driver-type: io.containerd.snapshotter.v1
 Logging Driver: json-file
 Cgroup Driver: cgroupfs
 Cgroup Version: 1
 Plugins:
  Volume: local
  Network: bridge host ipvlan macvlan null overlay
  Log: awslogs fluentd gcplogs gelf journald json-file local splunk syslog
 CDI spec directories:
  /etc/cdi
  /var/run/cdi
 Swarm: inactive
 Runtimes: io.containerd.runc.v2 nvidia runc
 Default Runtime: runc
 Init Binary: docker-init
 containerd version: 753481ec61c7c8955a23d6ff7bc8e4daed455734
 runc version: v1.2.5-0-g59923ef
 init version: de40ad0
 Security Options:
  seccomp
   Profile: unconfined
 Kernel Version: 5.15.167.4-microsoft-standard-WSL2
 Operating System: Docker Desktop
 OSType: linux
 Architecture: x86_64
 CPUs: 4
 Total Memory: 7.649GiB
 Name: docker-desktop
 ID: bd414c6b-a391-41c8-9560-cbfc52f7f58d
 Docker Root Dir: /var/lib/docker
 Debug Mode: false
 HTTP Proxy: http.docker.internal:3128
 HTTPS Proxy: http.docker.internal:3128
 No Proxy: hubproxy.docker.internal
 Labels:
  com.docker.desktop.address=npipe://\\.\pipe\docker_cli
 Experimental: false
 Insecure Registries:
  hubproxy.docker.internal:5555
  ::1/128
  127.0.0.0/8
 Live Restore Enabled: false

 | component=conftest subcomponent=run_command service_name=service-6292 environment=dev
2025-05-17 09:16:31.116 [INFO] [INFO] conftest - run_command -  Command error: WARNING: No blkio throttle.read_bps_device support
WARNING: No blkio throttle.write_bps_device support
WARNING: No blkio throttle.read_iops_device support
WARNING: No blkio throttle.write_iops_device support
WARNING: DOCKER_INSECURE_NO_IPTABLES_RAW is set
WARNING: daemon is not using the default seccomp profile
 | component=conftest subcomponent=run_command service_name=service-6292 environment=dev
2025-05-17 09:16:31.118 [INFO] [INFO] conftest - setup_test_environment -  Found Docker Compose file for c:\Users\Phil\Desktop\Projects\shared-libs\python\queue\tests\test_queue_system.py: c:\Users\Phil\Desktop\Projects\shared-libs\python\queue\tests\docker-compose.yml | component=conftest subcomponent=setup_test_environment service_name=service-6292 environment=dev
2025-05-17 09:16:31.122 [INFO] [INFO] conftest - setup_test_environment -  Detected the following services in c:\Users\Phil\Desktop\Projects\shared-libs\python\queue\tests\docker-compose.yml: | component=conftest subcomponent=setup_test_environment service_name=service-6292 environment=dev
2025-05-17 09:16:31.124 [INFO] [INFO] conftest - setup_test_environment -    - redis: {}:localhost (container port: 6379) | component=conftest subcomponent=setup_test_environment service_name=service-6292 environment=dev
2025-05-17 09:16:31.126 [INFO] [INFO] conftest - run_command -  Running command: docker-compose -f c:\Users\Phil\Desktop\Projects\shared-libs\python\queue\tests\docker-compose.yml -p test-queue up -d | component=conftest subcomponent=run_command service_name=service-6292 environment=dev
2025-05-17 09:16:31.616 [INFO] [INFO] conftest - run_command -  Command error: time="2025-05-17T09:16:31+01:00" level=warning msg="c:\\Users\\Phil\\Desktop\\Projects\\shared-libs\\python\\queue\\tests\\docker-compose.yml: the attribute `version` is obsolete, it will be ignored, please remove it to avoid potential confusion"
 Container test-queue-redis-1  Running
 | component=conftest subcomponent=run_command service_name=service-6292 environment=dev
2025-05-17 09:16:31.621 [INFO] [INFO] services - wait_for_service -  Waiting for redis to be ready at localhost:6379... | component=services subcomponent=wait_for_service service_name=service-6292 environment=dev
2025-05-17 09:16:31.628 [INFO] [INFO] services - wait_for_service -  TCP connection to localhost:6379 successful | component=services subcomponent=wait_for_service service_name=service-6292 environment=dev
2025-05-17 09:16:31.660 [INFO] [INFO] services - wait_for_service -  redis at localhost:6379 is ready! | component=services subcomponent=wait_for_service service_name=service-6292 environment=dev
2025-05-17 09:16:49.702 [INFO] [INFO] conftest - setup_test_environment -  Tearing down test environment... | component=conftest subcomponent=setup_test_environment service_name=service-6292 environment=dev
2025-05-17 09:16:49.711 [INFO] [INFO] conftest - run_command -  Running command:  | component=conftest subcomponent=run_command service_name=service-6292 environment=dev
2025-05-17 09:16:49.752 [INFO] [INFO] conftest - delete_pytest_cache -  Removing .\.pytest_cache | component=conftest subcomponent=delete_pytest_cache service_name=service-6292 environment=dev
