2025-04-29 09:06:59.728 [INFO] [INFO] Successfully connected to MySQL database testdb_mysql
2025-04-29 09:07:00.789 [INFO] [INFO] Successfully connected to MySQL database testdb_mysql
2025-04-29 09:07:01.653 [INFO] [INFO] Successfully connected to MySQL database testdb_mysql
2025-04-29 09:07:02.259 [INFO] [INFO] Successfully connected to MySQL database testdb_mysql
2025-04-29 09:07:02.842 [INFO] [INFO] Successfully connected to MySQL database testdb_mysql
2025-04-29 09:07:03.347 [INFO] [INFO] Successfully connected to MySQL database testdb_mysql
2025-04-29 09:07:03.468 [ERROR] [ERROR] SQL execution error for testdb_mysql: (1146, "Table 'testdb_mysql.non_existent_table' doesn't exist"), SQL: SELECT * FROM non_existent_table
2025-04-29 09:07:03.857 [INFO] [INFO] Successfully connected to MySQL database testdb_mysql
2025-04-29 09:08:35.038 [INFO] [INFO] Successfully connected to MySQL database testdb_mysql
2025-04-29 09:08:35.491 [INFO] [INFO] Successfully connected to MySQL database testdb_mysql
2025-04-29 09:08:36.169 [INFO] [INFO] Successfully connected to MySQL database testdb_mysql
2025-04-29 09:08:36.694 [INFO] [INFO] Successfully connected to MySQL database testdb_mysql
2025-04-29 09:08:37.273 [INFO] [INFO] Successfully connected to MySQL database testdb_mysql
2025-04-29 09:08:37.696 [INFO] [INFO] Successfully connected to MySQL database testdb_mysql
2025-04-29 09:08:37.771 [ERROR] [ERROR] SQL execution error for testdb_mysql: (1146, "Table 'testdb_mysql.non_existent_table' doesn't exist"), SQL: SELECT * FROM non_existent_table
2025-04-29 09:08:38.135 [INFO] [INFO] Successfully connected to MySQL database testdb_mysql
2025-04-29 09:08:38.945 [INFO] [INFO] Successfully connected to PostgreSQL database testdb_postgres
2025-04-29 09:08:38.971 [ERROR] [ERROR] Failed to clear database testdb_postgres: set_session cannot be used inside a transaction
2025-04-29 09:08:38.993 [ERROR] [ERROR] Failed to clear database testdb_postgres: set_session cannot be used inside a transaction
2025-04-29 09:08:39.012 [ERROR] [ERROR] Failed to clear database testdb_postgres: set_session cannot be used inside a transaction
2025-04-29 09:08:39.032 [ERROR] [ERROR] Failed to clear database testdb_postgres: set_session cannot be used inside a transaction
2025-04-29 09:08:39.051 [ERROR] [ERROR] Failed to clear database testdb_postgres: set_session cannot be used inside a transaction
2025-04-29 09:08:39.071 [ERROR] [ERROR] Failed to clear database testdb_postgres: set_session cannot be used inside a transaction
2025-04-29 09:08:39.095 [ERROR] [ERROR] Failed to clear database testdb_postgres: set_session cannot be used inside a transaction
2025-04-29 09:08:39.155 [INFO] [INFO] Successfully connected to PostgreSQL database testdb_postgres
2025-04-29 09:08:39.236 [INFO] [INFO] PostgreSQL connection pool initialized
2025-04-29 09:08:39.676 [INFO] [INFO] Successfully connected to PostgreSQL database testdb_postgres
2025-04-29 09:08:39.736 [INFO] [INFO] PostgreSQL connection pool initialized
2025-04-29 09:08:40.023 [INFO] [INFO] Successfully connected to PostgreSQL database testdb_postgres
2025-04-29 09:08:40.080 [INFO] [INFO] PostgreSQL connection pool initialized
2025-04-29 09:08:40.354 [INFO] [INFO] Successfully connected to PostgreSQL database testdb_postgres
2025-04-29 09:08:40.411 [INFO] [INFO] PostgreSQL connection pool initialized
2025-04-29 09:08:40.624 [ERROR] [ERROR] Error executing sqlite sql: 
                INSERT OR REPLACE INTO _meta_version (entity_name, version)
                VALUES (?, COALESCE((SELECT version FROM _meta_version WHERE entity_name = ?) + 1, 1))
                 parameters: ('users',) error: Incorrect number of bindings supplied. The current statement uses 2, and there are 1 supplied.
2025-04-29 09:08:40.707 [ERROR] [ERROR] Error executing sqlite sql: 
                INSERT OR REPLACE INTO _meta_version (entity_name, version)
                VALUES (?, COALESCE((SELECT version FROM _meta_version WHERE entity_name = ?) + 1, 1))
                 parameters: ('users',) error: Incorrect number of bindings supplied. The current statement uses 2, and there are 1 supplied.
2025-04-29 09:08:40.780 [ERROR] [ERROR] Error executing sqlite sql: 
                INSERT OR REPLACE INTO _meta_version (entity_name, version)
                VALUES (?, COALESCE((SELECT version FROM _meta_version WHERE entity_name = ?) + 1, 1))
                 parameters: ('products',) error: Incorrect number of bindings supplied. The current statement uses 2, and there are 1 supplied.
2025-04-29 09:08:40.872 [ERROR] [ERROR] Error executing sqlite sql: 
                INSERT OR REPLACE INTO _meta_version (entity_name, version)
                VALUES (?, COALESCE((SELECT version FROM _meta_version WHERE entity_name = ?) + 1, 1))
                 parameters: ('products',) error: Incorrect number of bindings supplied. The current statement uses 2, and there are 1 supplied.
2025-04-29 09:08:41.006 [ERROR] [ERROR] Error executing sqlite sql: 
                INSERT OR REPLACE INTO _meta_version (entity_name, version)
                VALUES (?, COALESCE((SELECT version FROM _meta_version WHERE entity_name = ?) + 1, 1))
                 parameters: ('products',) error: Incorrect number of bindings supplied. The current statement uses 2, and there are 1 supplied.
2025-04-29 09:08:41.145 [ERROR] [ERROR] Error executing sqlite sql: 
                INSERT OR REPLACE INTO _meta_version (entity_name, version)
                VALUES (?, COALESCE((SELECT version FROM _meta_version WHERE entity_name = ?) + 1, 1))
                 parameters: ('evolving',) error: Incorrect number of bindings supplied. The current statement uses 2, and there are 1 supplied.
2025-04-29 09:08:41.258 [ERROR] [ERROR] Error executing sqlite sql: 
                INSERT OR REPLACE INTO _meta_version (entity_name, version)
                VALUES (?, COALESCE((SELECT version FROM _meta_version WHERE entity_name = ?) + 1, 1))
                 parameters: ('test_clear',) error: Incorrect number of bindings supplied. The current statement uses 2, and there are 1 supplied.
2025-04-29 09:08:41.914 [ERROR] [ERROR] Failed to clear database testdb_postgres: set_session cannot be used inside a transaction
2025-04-29 09:10:11.699 [INFO] [INFO] Successfully connected to MySQL database testdb_mysql
2025-04-29 09:10:12.155 [INFO] [INFO] Successfully connected to MySQL database testdb_mysql
2025-04-29 09:10:12.751 [INFO] [INFO] Successfully connected to MySQL database testdb_mysql
2025-04-29 09:10:13.260 [INFO] [INFO] Successfully connected to MySQL database testdb_mysql
2025-04-29 09:10:13.882 [INFO] [INFO] Successfully connected to MySQL database testdb_mysql
2025-04-29 09:10:14.332 [INFO] [INFO] Successfully connected to MySQL database testdb_mysql
2025-04-29 09:10:14.410 [ERROR] [ERROR] SQL execution error for testdb_mysql: (1146, "Table 'testdb_mysql.non_existent_table' doesn't exist"), SQL: SELECT * FROM non_existent_table
2025-04-29 09:10:14.776 [INFO] [INFO] Successfully connected to MySQL database testdb_mysql
2025-04-29 09:10:15.417 [INFO] [INFO] Successfully connected to PostgreSQL database testdb_postgres
2025-04-29 09:10:15.422 [ERROR] [ERROR] Failed to clear database testdb_postgres: set_session cannot be used inside a transaction
2025-04-29 09:10:15.447 [ERROR] [ERROR] Failed to clear database testdb_postgres: set_session cannot be used inside a transaction
2025-04-29 09:10:15.467 [ERROR] [ERROR] Failed to clear database testdb_postgres: set_session cannot be used inside a transaction
2025-04-29 09:10:15.486 [ERROR] [ERROR] Failed to clear database testdb_postgres: set_session cannot be used inside a transaction
2025-04-29 09:10:15.507 [ERROR] [ERROR] Failed to clear database testdb_postgres: set_session cannot be used inside a transaction
2025-04-29 09:10:15.529 [ERROR] [ERROR] Failed to clear database testdb_postgres: set_session cannot be used inside a transaction
2025-04-29 09:10:15.556 [ERROR] [ERROR] Failed to clear database testdb_postgres: set_session cannot be used inside a transaction
2025-04-29 09:10:15.599 [INFO] [INFO] Successfully connected to PostgreSQL database testdb_postgres
2025-04-29 09:10:15.656 [INFO] [INFO] PostgreSQL connection pool initialized
2025-04-29 09:10:15.925 [INFO] [INFO] Successfully connected to PostgreSQL database testdb_postgres
2025-04-29 09:10:15.996 [INFO] [INFO] PostgreSQL connection pool initialized
2025-04-29 09:10:16.205 [INFO] [INFO] Successfully connected to PostgreSQL database testdb_postgres
2025-04-29 09:10:16.273 [INFO] [INFO] PostgreSQL connection pool initialized
2025-04-29 09:10:16.564 [INFO] [INFO] Successfully connected to PostgreSQL database testdb_postgres
2025-04-29 09:10:16.625 [INFO] [INFO] PostgreSQL connection pool initialized
2025-04-29 09:10:16.829 [ERROR] [ERROR] Error executing sqlite sql: 
                INSERT OR REPLACE INTO _meta_version (entity_name, version)
                VALUES (?, COALESCE((SELECT version FROM _meta_version WHERE entity_name = users) + 1, 1))
                 parameters: ('users',) error: no such column: users
2025-04-29 09:10:16.918 [ERROR] [ERROR] Error executing sqlite sql: 
                INSERT OR REPLACE INTO _meta_version (entity_name, version)
                VALUES (?, COALESCE((SELECT version FROM _meta_version WHERE entity_name = users) + 1, 1))
                 parameters: ('users',) error: no such column: users
2025-04-29 09:10:16.984 [ERROR] [ERROR] Error executing sqlite sql: 
                INSERT OR REPLACE INTO _meta_version (entity_name, version)
                VALUES (?, COALESCE((SELECT version FROM _meta_version WHERE entity_name = products) + 1, 1))
                 parameters: ('products',) error: no such column: products
2025-04-29 09:10:17.067 [ERROR] [ERROR] Error executing sqlite sql: 
                INSERT OR REPLACE INTO _meta_version (entity_name, version)
                VALUES (?, COALESCE((SELECT version FROM _meta_version WHERE entity_name = products) + 1, 1))
                 parameters: ('products',) error: no such column: products
2025-04-29 09:10:17.142 [ERROR] [ERROR] Error executing sqlite sql: 
                INSERT OR REPLACE INTO _meta_version (entity_name, version)
                VALUES (?, COALESCE((SELECT version FROM _meta_version WHERE entity_name = products) + 1, 1))
                 parameters: ('products',) error: no such column: products
2025-04-29 09:10:17.245 [ERROR] [ERROR] Error executing sqlite sql: 
                INSERT OR REPLACE INTO _meta_version (entity_name, version)
                VALUES (?, COALESCE((SELECT version FROM _meta_version WHERE entity_name = evolving) + 1, 1))
                 parameters: ('evolving',) error: no such column: evolving
2025-04-29 09:10:17.322 [ERROR] [ERROR] Error executing sqlite sql: 
                INSERT OR REPLACE INTO _meta_version (entity_name, version)
                VALUES (?, COALESCE((SELECT version FROM _meta_version WHERE entity_name = test_clear) + 1, 1))
                 parameters: ('test_clear',) error: no such column: test_clear
2025-04-29 09:10:17.854 [ERROR] [ERROR] Failed to clear database testdb_postgres: set_session cannot be used inside a transaction
2025-04-29 09:11:28.975 [ERROR] [ERROR] Error executing sqlite sql: SELECT  FROM products WHERE id = ? parameters: ('p1',) error: near "FROM": syntax error
2025-04-29 09:11:29.278 [ERROR] [ERROR] Error executing sqlite sql: SELECT  FROM products WHERE id = ? parameters: ('p3',) error: near "FROM": syntax error
2025-04-29 09:11:29.439 [ERROR] [ERROR] Error executing sqlite sql: SELECT  FROM test_clear  parameters: () error: near "FROM": syntax error
2025-04-29 09:23:01.883 [ERROR] [ERROR] Error getting entity metadata for users: 'SqliteDatabase' object has no attribute '_meta_versions'
2025-04-29 09:23:01.894 [ERROR] [ERROR] Error getting entity metadata for users: 'SqliteDatabase' object has no attribute '_meta_versions'
2025-04-29 09:23:02.069 [ERROR] [ERROR] Error getting entity metadata for users: 'SqliteDatabase' object has no attribute '_meta_versions'
2025-04-29 09:23:02.082 [ERROR] [ERROR] Error getting entity metadata for users: 'SqliteDatabase' object has no attribute '_meta_versions'
2025-04-29 09:23:02.085 [ERROR] [ERROR] Error getting entity metadata for users: 'SqliteDatabase' object has no attribute '_meta_versions'
2025-04-29 09:23:02.102 [ERROR] [ERROR] Error getting entity metadata for products: 'SqliteDatabase' object has no attribute '_meta_versions'
2025-04-29 09:23:02.103 [ERROR] [ERROR] Error executing sqlite sql: INSERT INTO products_meta (name, type) VALUES (?, ?) parameters: ('name', 'str') error: UNIQUE constraint failed: products_meta.name
2025-04-29 09:23:02.135 [ERROR] [ERROR] Error getting entity metadata for products: 'SqliteDatabase' object has no attribute '_meta_versions'
2025-04-29 09:23:02.137 [ERROR] [ERROR] Error getting entity metadata for products: 'SqliteDatabase' object has no attribute '_meta_versions'
2025-04-29 09:23:02.147 [ERROR] [ERROR] Error getting entity metadata for products: 'SqliteDatabase' object has no attribute '_meta_versions'
2025-04-29 09:23:02.165 [ERROR] [ERROR] Error getting entity metadata for products: 'SqliteDatabase' object has no attribute '_meta_versions'
2025-04-29 09:23:02.176 [ERROR] [ERROR] Error getting entity metadata for products: 'SqliteDatabase' object has no attribute '_meta_versions'
2025-04-29 09:23:02.183 [ERROR] [ERROR] Error getting entity metadata for products: 'SqliteDatabase' object has no attribute '_meta_versions'
2025-04-29 09:23:02.184 [ERROR] [ERROR] Error executing sqlite sql: ALTER TABLE products ADD name TEXT parameters: () error: duplicate column name: name
2025-04-29 09:23:02.320 [ERROR] [ERROR] Error getting entity metadata for evolving: 'SqliteDatabase' object has no attribute '_meta_versions'
2025-04-29 09:23:02.328 [ERROR] [ERROR] Error getting entity metadata for evolving: 'SqliteDatabase' object has no attribute '_meta_versions'
2025-04-29 09:23:02.329 [ERROR] [ERROR] Error executing sqlite sql: ALTER TABLE evolving ADD field1 TEXT parameters: () error: duplicate column name: field1
2025-04-29 09:23:02.431 [ERROR] [ERROR] Error getting entity metadata for test_clear: 'SqliteDatabase' object has no attribute '_meta_versions'
2025-04-29 09:23:02.442 [ERROR] [ERROR] Error getting entity metadata for test_clear: 'SqliteDatabase' object has no attribute '_meta_versions'
2025-04-29 09:23:02.447 [ERROR] [ERROR] Error getting entity metadata for test_clear: 'SqliteDatabase' object has no attribute '_meta_versions'
2025-04-29 09:23:02.457 [ERROR] [ERROR] Error getting entity metadata for test_clear: 'SqliteDatabase' object has no attribute '_meta_versions'
2025-04-29 09:23:02.462 [ERROR] [ERROR] Error getting entity metadata for test_clear: 'SqliteDatabase' object has no attribute '_meta_versions'
2025-04-29 09:23:02.472 [ERROR] [ERROR] Error getting entity metadata for test_delete: 'SqliteDatabase' object has no attribute '_meta_versions'
2025-04-29 09:23:02.484 [ERROR] [ERROR] Error getting entity metadata for test_delete: 'SqliteDatabase' object has no attribute '_meta_versions'
2025-04-29 09:23:02.494 [ERROR] [ERROR] Error getting entity metadata for test_delete: 'SqliteDatabase' object has no attribute '_meta_versions'
2025-04-29 09:23:02.502 [ERROR] [ERROR] Error getting entity metadata for test_delete: 'SqliteDatabase' object has no attribute '_meta_versions'
2025-04-29 09:23:02.511 [ERROR] [ERROR] Error getting entity metadata for test_count: 'SqliteDatabase' object has no attribute '_meta_versions'
2025-04-29 09:23:02.540 [ERROR] [ERROR] Error getting async entity metadata for async_users: 'SqliteDatabase' object has no attribute '_meta_versions'
2025-04-29 09:23:02.555 [ERROR] [ERROR] Error getting async entity metadata for async_users: 'SqliteDatabase' object has no attribute '_meta_versions'
2025-04-29 09:23:02.883 [ERROR] [ERROR] Error getting async entity metadata for async_products: 'SqliteDatabase' object has no attribute '_meta_versions'
2025-04-29 09:23:02.888 [ERROR] [ERROR] Error getting async entity metadata for async_products: 'SqliteDatabase' object has no attribute '_meta_versions'
2025-04-29 09:23:03.212 [ERROR] [ERROR] Error getting async entity metadata for async_products: 'SqliteDatabase' object has no attribute '_meta_versions'
2025-04-29 09:23:03.227 [ERROR] [ERROR] Error getting async entity metadata for async_products: 'SqliteDatabase' object has no attribute '_meta_versions'
2025-04-29 09:23:03.877 [ERROR] [ERROR] Error getting async entity metadata for async_delete: 'SqliteDatabase' object has no attribute '_meta_versions'
2025-04-29 09:23:03.895 [ERROR] [ERROR] Error getting async entity metadata for async_delete: 'SqliteDatabase' object has no attribute '_meta_versions'
2025-04-29 09:23:03.906 [ERROR] [ERROR] Error getting async entity metadata for async_delete: 'SqliteDatabase' object has no attribute '_meta_versions'
2025-04-29 09:23:03.916 [ERROR] [ERROR] Error getting async entity metadata for async_delete: 'SqliteDatabase' object has no attribute '_meta_versions'
2025-04-29 09:23:04.248 [ERROR] [ERROR] Error getting async entity metadata for async_count: 'SqliteDatabase' object has no attribute '_meta_versions'
2025-04-29 09:23:04.613 [ERROR] [ERROR] Error getting async entity metadata for async_close: 'SqliteDatabase' object has no attribute '_meta_versions'
2025-04-29 09:23:04.635 [ERROR] [ERROR] Error getting async entity metadata for async_close: 'SqliteDatabase' object has no attribute '_meta_versions'
2025-04-29 09:25:59.220 [ERROR] [ERROR] Error executing sqlite sql: INSERT INTO products_meta (name, type) VALUES (?, ?) parameters: ('name', 'str') error: UNIQUE constraint failed: products_meta.name
2025-04-29 09:28:09.828 [ERROR] [ERROR] Error executing sqlite sql: SELECT id,name,test_field FROM products WHERE id = ? parameters: ('p1',) error: no such column: test_field
2025-04-29 09:35:52.798 [INFO] [INFO] Successfully connected to PostgreSQL database testdb_postgres
2025-04-29 09:35:52.805 [ERROR] [ERROR] Failed to clear database testdb_postgres: set_session cannot be used inside a transaction
2025-04-29 09:35:52.992 [ERROR] [ERROR] Failed to clear database testdb_postgres: set_session cannot be used inside a transaction
2025-04-29 09:35:53.011 [ERROR] [ERROR] Failed to clear database testdb_postgres: set_session cannot be used inside a transaction
2025-04-29 09:35:53.031 [ERROR] [ERROR] Failed to clear database testdb_postgres: set_session cannot be used inside a transaction
2025-04-29 09:35:53.050 [ERROR] [ERROR] Failed to clear database testdb_postgres: set_session cannot be used inside a transaction
2025-04-29 09:35:53.071 [ERROR] [ERROR] Failed to clear database testdb_postgres: set_session cannot be used inside a transaction
2025-04-29 09:35:53.089 [ERROR] [ERROR] Failed to clear database testdb_postgres: set_session cannot be used inside a transaction
2025-04-29 09:35:53.132 [INFO] [INFO] Successfully connected to PostgreSQL database testdb_postgres
2025-04-29 09:35:53.196 [INFO] [INFO] PostgreSQL connection pool initialized
2025-04-29 09:35:53.455 [INFO] [INFO] Successfully connected to PostgreSQL database testdb_postgres
2025-04-29 09:35:53.508 [INFO] [INFO] PostgreSQL connection pool initialized
2025-04-29 09:35:53.697 [INFO] [INFO] Successfully connected to PostgreSQL database testdb_postgres
2025-04-29 09:35:53.751 [INFO] [INFO] PostgreSQL connection pool initialized
2025-04-29 09:35:54.013 [INFO] [INFO] Successfully connected to PostgreSQL database testdb_postgres
2025-04-29 09:35:54.070 [INFO] [INFO] PostgreSQL connection pool initialized
2025-04-29 09:35:54.245 [ERROR] [ERROR] Failed to clear database testdb_postgres: set_session cannot be used inside a transaction
2025-04-29 09:36:59.513 [INFO] [INFO] Successfully connected to PostgreSQL database testdb_postgres
2025-04-29 09:36:59.519 [ERROR] [ERROR] Failed to clear database testdb_postgres: set_session cannot be used inside a transaction
2025-04-29 09:36:59.704 [ERROR] [ERROR] Failed to clear database testdb_postgres: set_session cannot be used inside a transaction
2025-04-29 09:36:59.725 [ERROR] [ERROR] Failed to clear database testdb_postgres: set_session cannot be used inside a transaction
2025-04-29 09:36:59.745 [ERROR] [ERROR] Failed to clear database testdb_postgres: set_session cannot be used inside a transaction
2025-04-29 09:36:59.768 [ERROR] [ERROR] Failed to clear database testdb_postgres: set_session cannot be used inside a transaction
2025-04-29 09:36:59.787 [ERROR] [ERROR] Failed to clear database testdb_postgres: set_session cannot be used inside a transaction
2025-04-29 09:36:59.809 [ERROR] [ERROR] Failed to clear database testdb_postgres: set_session cannot be used inside a transaction
2025-04-29 09:36:59.856 [INFO] [INFO] Successfully connected to PostgreSQL database testdb_postgres
2025-04-29 09:36:59.920 [INFO] [INFO] PostgreSQL connection pool initialized
2025-04-29 09:37:00.142 [INFO] [INFO] Successfully connected to PostgreSQL database testdb_postgres
2025-04-29 09:37:00.201 [INFO] [INFO] PostgreSQL connection pool initialized
2025-04-29 09:37:00.402 [INFO] [INFO] Successfully connected to PostgreSQL database testdb_postgres
2025-04-29 09:37:00.460 [INFO] [INFO] PostgreSQL connection pool initialized
2025-04-29 09:37:01.101 [INFO] [INFO] Successfully connected to PostgreSQL database testdb_postgres
2025-04-29 09:37:01.278 [INFO] [INFO] PostgreSQL connection pool initialized
2025-04-29 09:37:01.462 [ERROR] [ERROR] Failed to clear database testdb_postgres: set_session cannot be used inside a transaction
2025-04-29 09:38:21.355 [INFO] [INFO] Successfully connected to PostgreSQL database testdb_postgres
2025-04-29 09:38:21.375 [ERROR] [ERROR] Failed to clear database testdb_postgres: set_session cannot be used inside a transaction
2025-04-29 09:38:21.566 [ERROR] [ERROR] Failed to clear database testdb_postgres: set_session cannot be used inside a transaction
2025-04-29 09:38:21.589 [ERROR] [ERROR] Failed to clear database testdb_postgres: set_session cannot be used inside a transaction
2025-04-29 09:38:21.614 [ERROR] [ERROR] Failed to clear database testdb_postgres: set_session cannot be used inside a transaction
2025-04-29 09:38:21.638 [ERROR] [ERROR] Failed to clear database testdb_postgres: set_session cannot be used inside a transaction
2025-04-29 09:38:21.663 [ERROR] [ERROR] Failed to clear database testdb_postgres: set_session cannot be used inside a transaction
2025-04-29 09:38:21.689 [ERROR] [ERROR] Failed to clear database testdb_postgres: set_session cannot be used inside a transaction
2025-04-29 09:38:21.752 [INFO] [INFO] Successfully connected to PostgreSQL database testdb_postgres
2025-04-29 09:38:21.814 [INFO] [INFO] PostgreSQL connection pool initialized
2025-04-29 09:39:23.819 [INFO] [INFO] Successfully connected to PostgreSQL database testdb_postgres
2025-04-29 09:39:24.294 [ERROR] [ERROR] SQL execution error: relation "non_existent_table" does not exist
LINE 1: SELECT * FROM non_existent_table
                      ^
, SQL: SELECT * FROM non_existent_table, Parameters: ()
2025-04-29 09:39:24.514 [INFO] [INFO] Successfully connected to PostgreSQL database testdb_postgres
2025-04-29 09:39:24.578 [INFO] [INFO] PostgreSQL connection pool initialized
2025-04-29 09:40:24.600 [ERROR] [ERROR] Failed to clear database test_postgres_async: 
2025-04-29 09:40:24.982 [INFO] [INFO] Successfully connected to PostgreSQL database testdb_postgres
2025-04-29 09:40:25.062 [INFO] [INFO] PostgreSQL connection pool initialized
2025-04-29 09:41:25.088 [ERROR] [ERROR] Failed to clear database test_postgres_async: 
2025-04-29 09:41:25.254 [INFO] [INFO] Successfully connected to PostgreSQL database testdb_postgres
2025-04-29 09:41:25.312 [INFO] [INFO] PostgreSQL connection pool initialized
2025-04-29 09:42:25.334 [ERROR] [ERROR] Failed to clear database test_postgres_async: 
2025-04-29 09:42:25.490 [INFO] [INFO] Successfully connected to PostgreSQL database testdb_postgres
2025-04-29 09:42:25.548 [INFO] [INFO] PostgreSQL connection pool initialized
2025-04-29 09:43:25.560 [ERROR] [ERROR] Failed to clear database test_postgres_async: 
2025-04-29 10:05:11.372 [ERROR] [ERROR] Error connecting to PostgreSQL database testdb_postgres: connection to server at "localhost" (::1), port 5433 failed: server closed the connection unexpectedly
	This probably means the server terminated abnormally
	before or while processing the request.

2025-04-29 10:05:13.415 [ERROR] [ERROR] Error connecting to PostgreSQL database testdb_postgres: connection to server at "localhost" (::1), port 5433 failed: server closed the connection unexpectedly
	This probably means the server terminated abnormally
	before or while processing the request.

2025-04-29 10:05:15.469 [INFO] [INFO] Successfully connected to PostgreSQL database testdb_postgres
2025-04-29 10:05:16.130 [ERROR] [ERROR] SQL execution error: relation "non_existent_table" does not exist
LINE 1: SELECT * FROM non_existent_table
                      ^
, SQL: SELECT * FROM non_existent_table, Parameters: ()
2025-04-29 10:05:16.470 [INFO] [INFO] Successfully connected to PostgreSQL database testdb_postgres
2025-04-29 10:05:16.555 [INFO] [INFO] PostgreSQL connection pool initialized
2025-04-29 10:05:16.881 [INFO] [INFO] Successfully connected to PostgreSQL database testdb_postgres
2025-04-29 10:05:16.957 [INFO] [INFO] PostgreSQL connection pool initialized
2025-04-29 10:05:17.271 [INFO] [INFO] Successfully connected to PostgreSQL database testdb_postgres
2025-04-29 10:05:17.354 [INFO] [INFO] PostgreSQL connection pool initialized
2025-04-29 10:05:18.006 [INFO] [INFO] Successfully connected to PostgreSQL database testdb_postgres
2025-04-29 10:05:18.075 [INFO] [INFO] PostgreSQL connection pool initialized
2025-04-29 10:06:17.629 [INFO] [INFO] Successfully connected to PostgreSQL database testdb_postgres
2025-04-29 10:06:17.636 [ERROR] [ERROR] Failed to clear database testdb_postgres: set_session cannot be used inside a transaction
2025-04-29 10:06:17.864 [ERROR] [ERROR] Failed to clear database testdb_postgres: set_session cannot be used inside a transaction
2025-04-29 10:06:17.906 [ERROR] [ERROR] Failed to clear database testdb_postgres: set_session cannot be used inside a transaction
2025-04-29 10:06:17.937 [ERROR] [ERROR] Failed to clear database testdb_postgres: set_session cannot be used inside a transaction
2025-04-29 10:06:17.960 [ERROR] [ERROR] Failed to clear database testdb_postgres: set_session cannot be used inside a transaction
2025-04-29 10:06:17.983 [ERROR] [ERROR] Failed to clear database testdb_postgres: set_session cannot be used inside a transaction
2025-04-29 10:06:18.007 [ERROR] [ERROR] Failed to clear database testdb_postgres: set_session cannot be used inside a transaction
2025-04-29 10:06:18.068 [INFO] [INFO] Successfully connected to PostgreSQL database testdb_postgres
2025-04-29 10:06:18.145 [INFO] [INFO] PostgreSQL connection pool initialized
2025-04-29 10:06:18.352 [INFO] [INFO] Successfully connected to PostgreSQL database testdb_postgres
2025-04-29 10:06:18.409 [INFO] [INFO] PostgreSQL connection pool initialized
2025-04-29 10:06:18.598 [INFO] [INFO] Successfully connected to PostgreSQL database testdb_postgres
2025-04-29 10:06:18.658 [INFO] [INFO] PostgreSQL connection pool initialized
2025-04-29 10:06:18.988 [INFO] [INFO] Successfully connected to PostgreSQL database testdb_postgres
2025-04-29 10:06:19.056 [INFO] [INFO] PostgreSQL connection pool initialized
2025-04-29 10:06:19.266 [ERROR] [ERROR] Failed to clear database testdb_postgres: set_session cannot be used inside a transaction
2025-04-29 10:08:07.955 [INFO] [INFO] Successfully connected to PostgreSQL database testdb_postgres
2025-04-29 10:08:08.565 [ERROR] [ERROR] SQL execution error: relation "non_existent_table" does not exist
LINE 1: SELECT * FROM non_existent_table
                      ^
, SQL: SELECT * FROM non_existent_table, Parameters: ()
2025-04-29 10:08:08.832 [INFO] [INFO] Successfully connected to PostgreSQL database testdb_postgres
2025-04-29 10:08:08.907 [INFO] [INFO] PostgreSQL connection pool initialized
2025-04-29 10:08:09.129 [INFO] [INFO] Successfully connected to PostgreSQL database testdb_postgres
2025-04-29 10:08:09.195 [INFO] [INFO] PostgreSQL connection pool initialized
2025-04-29 10:08:09.410 [INFO] [INFO] Successfully connected to PostgreSQL database testdb_postgres
2025-04-29 10:08:09.468 [INFO] [INFO] PostgreSQL connection pool initialized
2025-04-29 10:08:09.756 [INFO] [INFO] Successfully connected to PostgreSQL database testdb_postgres
2025-04-29 10:08:09.818 [INFO] [INFO] PostgreSQL connection pool initialized
2025-04-29 10:08:09.998 [ERROR] [ERROR] Failed to clear database testdb_postgres: could not receive data from server: Software caused connection abort (0x00002745/10053)

2025-04-29 10:10:54.745 [INFO] [INFO] Successfully connected to PostgreSQL database testdb_postgres
2025-04-29 10:10:55.389 [ERROR] [ERROR] SQL execution error: relation "non_existent_table" does not exist
LINE 1: SELECT * FROM non_existent_table
                      ^
, SQL: SELECT * FROM non_existent_table, Parameters: ()
2025-04-29 10:10:55.627 [INFO] [INFO] Successfully connected to PostgreSQL database testdb_postgres
2025-04-29 10:10:55.688 [INFO] [INFO] PostgreSQL connection pool initialized
2025-04-29 10:10:55.890 [INFO] [INFO] Successfully connected to PostgreSQL database testdb_postgres
2025-04-29 10:10:55.947 [INFO] [INFO] PostgreSQL connection pool initialized
2025-04-29 10:10:56.137 [INFO] [INFO] Successfully connected to PostgreSQL database testdb_postgres
2025-04-29 10:10:56.194 [INFO] [INFO] PostgreSQL connection pool initialized
2025-04-29 10:10:56.550 [INFO] [INFO] Successfully connected to PostgreSQL database testdb_postgres
2025-04-29 10:10:56.623 [INFO] [INFO] PostgreSQL connection pool initialized
2025-04-29 10:10:56.810 [ERROR] [ERROR] Failed to clear database testdb_postgres: could not receive data from server: Software caused connection abort (0x00002745/10053)

2025-04-29 10:11:49.184 [INFO] [INFO] Successfully connected to PostgreSQL database testdb_postgres
2025-04-29 10:11:49.964 [ERROR] [ERROR] SQL execution error: relation "non_existent_table" does not exist
LINE 1: SELECT * FROM non_existent_table
                      ^
, SQL: SELECT * FROM non_existent_table, Parameters: ()
2025-04-29 10:11:50.225 [INFO] [INFO] Successfully connected to PostgreSQL database testdb_postgres
2025-04-29 10:11:50.288 [INFO] [INFO] PostgreSQL connection pool initialized
2025-04-29 10:11:50.491 [INFO] [INFO] Successfully connected to PostgreSQL database testdb_postgres
2025-04-29 10:11:50.548 [INFO] [INFO] PostgreSQL connection pool initialized
2025-04-29 10:11:50.760 [INFO] [INFO] Successfully connected to PostgreSQL database testdb_postgres
2025-04-29 10:11:50.814 [INFO] [INFO] PostgreSQL connection pool initialized
2025-04-29 10:11:51.134 [INFO] [INFO] Successfully connected to PostgreSQL database testdb_postgres
2025-04-29 10:11:51.200 [INFO] [INFO] PostgreSQL connection pool initialized
2025-04-29 10:12:32.157 [INFO] [INFO] Successfully connected to MySQL database testdb_mysql
2025-04-29 10:12:32.664 [INFO] [INFO] Successfully connected to MySQL database testdb_mysql
2025-04-29 10:12:33.232 [INFO] [INFO] Successfully connected to MySQL database testdb_mysql
2025-04-29 10:12:33.758 [INFO] [INFO] Successfully connected to MySQL database testdb_mysql
2025-04-29 10:12:34.312 [INFO] [INFO] Successfully connected to MySQL database testdb_mysql
2025-04-29 10:12:34.774 [INFO] [INFO] Successfully connected to MySQL database testdb_mysql
2025-04-29 10:12:34.871 [ERROR] [ERROR] SQL execution error for testdb_mysql: (1146, "Table 'testdb_mysql.non_existent_table' doesn't exist"), SQL: SELECT * FROM non_existent_table
2025-04-29 10:12:35.281 [INFO] [INFO] Successfully connected to MySQL database testdb_mysql
2025-04-29 10:16:11.327 [INFO] [INFO] Successfully connected to MySQL database testdb_mysql
2025-04-29 10:16:11.800 [INFO] [INFO] Successfully connected to MySQL database testdb_mysql
2025-04-29 10:16:11.912 [INFO] [INFO] Successfully connected to MySQL database testdb_mysql
2025-04-29 10:16:12.506 [INFO] [INFO] Successfully connected to MySQL database testdb_mysql
2025-04-29 10:16:13.043 [INFO] [INFO] Successfully connected to MySQL database testdb_mysql
2025-04-29 10:16:13.491 [INFO] [INFO] Successfully connected to MySQL database testdb_mysql
2025-04-29 10:16:13.560 [ERROR] [ERROR] SQL execution error for testdb_mysql: (1146, "Table 'testdb_mysql.non_existent_table' doesn't exist"), SQL: SELECT * FROM non_existent_table
2025-04-29 10:16:13.897 [INFO] [INFO] Successfully connected to MySQL database testdb_mysql
2025-04-29 10:16:14.443 [INFO] [INFO] Successfully connected to PostgreSQL database testdb_postgres
2025-04-29 10:16:15.000 [ERROR] [ERROR] SQL execution error: relation "non_existent_table" does not exist
LINE 1: SELECT * FROM non_existent_table
                      ^
, SQL: SELECT * FROM non_existent_table, Parameters: ()
2025-04-29 10:16:15.221 [INFO] [INFO] Successfully connected to PostgreSQL database testdb_postgres
2025-04-29 10:16:15.279 [INFO] [INFO] PostgreSQL connection pool initialized
2025-04-29 10:16:15.478 [INFO] [INFO] Successfully connected to PostgreSQL database testdb_postgres
2025-04-29 10:16:15.532 [INFO] [INFO] PostgreSQL connection pool initialized
2025-04-29 10:16:15.726 [INFO] [INFO] Successfully connected to PostgreSQL database testdb_postgres
2025-04-29 10:16:15.781 [INFO] [INFO] PostgreSQL connection pool initialized
2025-04-29 10:16:16.041 [INFO] [INFO] Successfully connected to PostgreSQL database testdb_postgres
2025-04-29 10:16:16.096 [INFO] [INFO] PostgreSQL connection pool initialized
2025-04-29 10:18:53.922 [INFO] [INFO] Successfully connected to MySQL database testdb_mysql
2025-04-29 10:18:54.415 [INFO] [INFO] Successfully connected to MySQL database testdb_mysql
2025-04-29 10:18:54.500 [INFO] [INFO] Successfully connected to MySQL database testdb_mysql
2025-04-29 10:18:55.019 [INFO] [INFO] Successfully connected to MySQL database testdb_mysql
2025-04-29 10:18:55.576 [INFO] [INFO] Successfully connected to MySQL database testdb_mysql
2025-04-29 10:18:55.998 [INFO] [INFO] Successfully connected to MySQL database testdb_mysql
2025-04-29 10:18:56.072 [ERROR] [ERROR] SQL execution error for testdb_mysql: (1146, "Table 'testdb_mysql.non_existent_table' doesn't exist"), SQL: SELECT * FROM non_existent_table
2025-04-29 10:18:56.408 [INFO] [INFO] Successfully connected to MySQL database testdb_mysql
2025-04-29 10:18:57.030 [INFO] [INFO] Successfully connected to MySQL database testdb_mysql
2025-04-29 10:18:57.043 [INFO] [INFO] MySQL connection pool initialized
2025-04-29 10:18:57.043 [ERROR] [ERROR] Error initializing async connection for test_mysql_async: 'MySqlDatabase' object has no attribute '_async_conn'
2025-04-29 10:18:57.043 [ERROR] [ERROR] Error initializing async connection for test_mysql_async: 'MySqlDatabase' object has no attribute '_async_conn'
2025-04-29 10:18:57.044 [ERROR] [ERROR] Error initializing async connection for test_mysql_async: 'MySqlDatabase' object has no attribute '_async_conn'
2025-04-29 10:18:57.044 [ERROR] [ERROR] Error initializing async connection for test_mysql_async: 'MySqlDatabase' object has no attribute '_async_conn'
2025-04-29 10:18:57.045 [ERROR] [ERROR] Error initializing async connection for test_mysql_async: 'MySqlDatabase' object has no attribute '_async_conn'
2025-04-29 10:18:57.274 [ERROR] [ERROR] Error closing async connection for test_mysql_async: 'MySqlDatabase' object has no attribute '_async_conn'
2025-04-29 10:18:57.288 [INFO] [INFO] Successfully connected to MySQL database testdb_mysql
2025-04-29 10:18:57.297 [INFO] [INFO] MySQL connection pool initialized
2025-04-29 10:18:57.298 [ERROR] [ERROR] Error initializing async connection for test_mysql_async: 'MySqlDatabase' object has no attribute '_async_conn'
2025-04-29 10:18:57.298 [ERROR] [ERROR] Error initializing async connection for test_mysql_async: 'MySqlDatabase' object has no attribute '_async_conn'
2025-04-29 10:18:57.299 [ERROR] [ERROR] Error initializing async connection for test_mysql_async: 'MySqlDatabase' object has no attribute '_async_conn'
2025-04-29 10:18:57.299 [ERROR] [ERROR] Error initializing async connection for test_mysql_async: 'MySqlDatabase' object has no attribute '_async_conn'
2025-04-29 10:18:57.300 [ERROR] [ERROR] Error initializing async connection for test_mysql_async: 'MySqlDatabase' object has no attribute '_async_conn'
2025-04-29 10:18:57.361 [ERROR] [ERROR] Error closing async connection for test_mysql_async: 'MySqlDatabase' object has no attribute '_async_conn'
2025-04-29 10:18:57.374 [INFO] [INFO] Successfully connected to MySQL database testdb_mysql
2025-04-29 10:18:57.381 [INFO] [INFO] MySQL connection pool initialized
2025-04-29 10:18:57.381 [ERROR] [ERROR] Error initializing async connection for test_mysql_async: 'MySqlDatabase' object has no attribute '_async_conn'
2025-04-29 10:18:57.381 [ERROR] [ERROR] Error initializing async connection for test_mysql_async: 'MySqlDatabase' object has no attribute '_async_conn'
2025-04-29 10:18:57.382 [ERROR] [ERROR] Error initializing async connection for test_mysql_async: 'MySqlDatabase' object has no attribute '_async_conn'
2025-04-29 10:18:57.382 [ERROR] [ERROR] Error initializing async connection for test_mysql_async: 'MySqlDatabase' object has no attribute '_async_conn'
2025-04-29 10:18:57.382 [ERROR] [ERROR] Error initializing async connection for test_mysql_async: 'MySqlDatabase' object has no attribute '_async_conn'
2025-04-29 10:18:57.447 [ERROR] [ERROR] Error closing async connection for test_mysql_async: 'MySqlDatabase' object has no attribute '_async_conn'
2025-04-29 10:18:57.459 [INFO] [INFO] Successfully connected to MySQL database testdb_mysql
2025-04-29 10:18:57.467 [INFO] [INFO] MySQL connection pool initialized
2025-04-29 10:18:57.467 [ERROR] [ERROR] Error initializing async connection for test_mysql_async: 'MySqlDatabase' object has no attribute '_async_conn'
2025-04-29 10:18:57.467 [ERROR] [ERROR] Error initializing async connection for test_mysql_async: 'MySqlDatabase' object has no attribute '_async_conn'
2025-04-29 10:18:57.468 [ERROR] [ERROR] Error initializing async connection for test_mysql_async: 'MySqlDatabase' object has no attribute '_async_conn'
2025-04-29 10:18:57.468 [ERROR] [ERROR] Error initializing async connection for test_mysql_async: 'MySqlDatabase' object has no attribute '_async_conn'
2025-04-29 10:18:57.468 [ERROR] [ERROR] Error initializing async connection for test_mysql_async: 'MySqlDatabase' object has no attribute '_async_conn'
2025-04-29 10:18:57.521 [ERROR] [ERROR] Error closing async connection for test_mysql_async: 'MySqlDatabase' object has no attribute '_async_conn'
2025-04-29 10:18:57.535 [INFO] [INFO] Successfully connected to MySQL database testdb_mysql
2025-04-29 10:18:57.544 [INFO] [INFO] MySQL connection pool initialized
2025-04-29 10:18:57.544 [ERROR] [ERROR] Error initializing async connection for test_mysql_async: 'MySqlDatabase' object has no attribute '_async_conn'
2025-04-29 10:18:57.544 [ERROR] [ERROR] Error initializing async connection for test_mysql_async: 'MySqlDatabase' object has no attribute '_async_conn'
2025-04-29 10:18:57.545 [ERROR] [ERROR] Error initializing async connection for test_mysql_async: 'MySqlDatabase' object has no attribute '_async_conn'
2025-04-29 10:18:57.545 [ERROR] [ERROR] Error initializing async connection for test_mysql_async: 'MySqlDatabase' object has no attribute '_async_conn'
2025-04-29 10:18:57.545 [ERROR] [ERROR] Error initializing async connection for test_mysql_async: 'MySqlDatabase' object has no attribute '_async_conn'
2025-04-29 10:18:57.545 [ERROR] [ERROR] Error initializing async connection for test_mysql_async: 'MySqlDatabase' object has no attribute '_async_conn'
2025-04-29 10:18:57.607 [ERROR] [ERROR] Error closing async connection for test_mysql_async: 'MySqlDatabase' object has no attribute '_async_conn'
2025-04-29 10:18:57.621 [INFO] [INFO] Successfully connected to MySQL database testdb_mysql
2025-04-29 10:18:57.629 [INFO] [INFO] MySQL connection pool initialized
2025-04-29 10:18:57.629 [ERROR] [ERROR] Error initializing async connection for test_mysql_async: 'MySqlDatabase' object has no attribute '_async_conn'
2025-04-29 10:18:57.629 [ERROR] [ERROR] Error initializing async connection for test_mysql_async: 'MySqlDatabase' object has no attribute '_async_conn'
2025-04-29 10:18:57.630 [ERROR] [ERROR] Error initializing async connection for test_mysql_async: 'MySqlDatabase' object has no attribute '_async_conn'
2025-04-29 10:18:57.630 [ERROR] [ERROR] Error initializing async connection for test_mysql_async: 'MySqlDatabase' object has no attribute '_async_conn'
2025-04-29 10:18:57.630 [ERROR] [ERROR] Error initializing async connection for test_mysql_async: 'MySqlDatabase' object has no attribute '_async_conn'
2025-04-29 10:18:57.686 [ERROR] [ERROR] Error closing async connection for test_mysql_async: 'MySqlDatabase' object has no attribute '_async_conn'
2025-04-29 10:18:57.716 [INFO] [INFO] Successfully connected to PostgreSQL database testdb_postgres
2025-04-29 10:18:58.558 [ERROR] [ERROR] SQL execution error: relation "non_existent_table" does not exist
LINE 1: SELECT * FROM non_existent_table
                      ^
, SQL: SELECT * FROM non_existent_table, Parameters: ()
2025-04-29 10:18:58.826 [INFO] [INFO] Successfully connected to PostgreSQL database testdb_postgres
2025-04-29 10:18:58.896 [INFO] [INFO] PostgreSQL connection pool initialized
2025-04-29 10:18:59.156 [INFO] [INFO] Successfully connected to PostgreSQL database testdb_postgres
2025-04-29 10:18:59.222 [INFO] [INFO] PostgreSQL connection pool initialized
2025-04-29 10:18:59.629 [INFO] [INFO] Successfully connected to PostgreSQL database testdb_postgres
2025-04-29 10:18:59.776 [INFO] [INFO] PostgreSQL connection pool initialized
2025-04-29 10:19:00.417 [INFO] [INFO] Successfully connected to PostgreSQL database testdb_postgres
2025-04-29 10:19:00.506 [INFO] [INFO] PostgreSQL connection pool initialized
2025-04-29 10:23:19.816 [INFO] [INFO] Successfully connected to MySQL database testdb_mysql
2025-04-29 10:23:20.351 [INFO] [INFO] Successfully connected to MySQL database testdb_mysql
2025-04-29 10:23:20.451 [INFO] [INFO] Successfully connected to MySQL database testdb_mysql
2025-04-29 10:23:20.961 [INFO] [INFO] Successfully connected to MySQL database testdb_mysql
2025-04-29 10:23:21.508 [INFO] [INFO] Successfully connected to MySQL database testdb_mysql
2025-04-29 10:23:21.909 [INFO] [INFO] Successfully connected to MySQL database testdb_mysql
2025-04-29 10:23:21.975 [ERROR] [ERROR] SQL execution error for testdb_mysql: (1146, "Table 'testdb_mysql.non_existent_table' doesn't exist"), SQL: SELECT * FROM non_existent_table
2025-04-29 10:23:22.338 [INFO] [INFO] Successfully connected to MySQL database testdb_mysql
2025-04-29 10:23:22.929 [INFO] [INFO] Successfully connected to MySQL database testdb_mysql
2025-04-29 10:23:22.941 [INFO] [INFO] MySQL connection pool initialized
2025-04-29 10:23:22.941 [ERROR] [ERROR] Error initializing async connection for test_mysql_async: 'MySqlDatabase' object has no attribute '_async_conn'
2025-04-29 10:23:22.941 [ERROR] [ERROR] Error initializing async connection for test_mysql_async: 'MySqlDatabase' object has no attribute '_async_conn'
2025-04-29 10:23:22.942 [ERROR] [ERROR] Error initializing async connection for test_mysql_async: 'MySqlDatabase' object has no attribute '_async_conn'
2025-04-29 10:23:22.942 [ERROR] [ERROR] Error initializing async connection for test_mysql_async: 'MySqlDatabase' object has no attribute '_async_conn'
2025-04-29 10:23:22.942 [ERROR] [ERROR] Error initializing async connection for test_mysql_async: 'MySqlDatabase' object has no attribute '_async_conn'
2025-04-29 10:23:23.156 [ERROR] [ERROR] Error closing async connection for test_mysql_async: 'MySqlDatabase' object has no attribute '_async_conn'
2025-04-29 10:23:23.169 [INFO] [INFO] Successfully connected to MySQL database testdb_mysql
2025-04-29 10:23:23.178 [INFO] [INFO] MySQL connection pool initialized
2025-04-29 10:23:23.178 [ERROR] [ERROR] Error initializing async connection for test_mysql_async: 'MySqlDatabase' object has no attribute '_async_conn'
2025-04-29 10:23:23.178 [ERROR] [ERROR] Error initializing async connection for test_mysql_async: 'MySqlDatabase' object has no attribute '_async_conn'
2025-04-29 10:23:23.179 [ERROR] [ERROR] Error initializing async connection for test_mysql_async: 'MySqlDatabase' object has no attribute '_async_conn'
2025-04-29 10:23:23.179 [ERROR] [ERROR] Error initializing async connection for test_mysql_async: 'MySqlDatabase' object has no attribute '_async_conn'
2025-04-29 10:23:23.180 [ERROR] [ERROR] Error initializing async connection for test_mysql_async: 'MySqlDatabase' object has no attribute '_async_conn'
2025-04-29 10:23:23.233 [ERROR] [ERROR] Error closing async connection for test_mysql_async: 'MySqlDatabase' object has no attribute '_async_conn'
2025-04-29 10:23:23.246 [INFO] [INFO] Successfully connected to MySQL database testdb_mysql
2025-04-29 10:23:23.255 [INFO] [INFO] MySQL connection pool initialized
2025-04-29 10:23:23.255 [ERROR] [ERROR] Error initializing async connection for test_mysql_async: 'MySqlDatabase' object has no attribute '_async_conn'
2025-04-29 10:23:23.255 [ERROR] [ERROR] Error initializing async connection for test_mysql_async: 'MySqlDatabase' object has no attribute '_async_conn'
2025-04-29 10:23:23.256 [ERROR] [ERROR] Error initializing async connection for test_mysql_async: 'MySqlDatabase' object has no attribute '_async_conn'
2025-04-29 10:23:23.256 [ERROR] [ERROR] Error initializing async connection for test_mysql_async: 'MySqlDatabase' object has no attribute '_async_conn'
2025-04-29 10:23:23.256 [ERROR] [ERROR] Error initializing async connection for test_mysql_async: 'MySqlDatabase' object has no attribute '_async_conn'
2025-04-29 10:23:23.320 [ERROR] [ERROR] Error closing async connection for test_mysql_async: 'MySqlDatabase' object has no attribute '_async_conn'
2025-04-29 10:23:23.342 [INFO] [INFO] Successfully connected to MySQL database testdb_mysql
2025-04-29 10:23:23.350 [INFO] [INFO] MySQL connection pool initialized
2025-04-29 10:23:23.350 [ERROR] [ERROR] Error initializing async connection for test_mysql_async: 'MySqlDatabase' object has no attribute '_async_conn'
2025-04-29 10:23:23.350 [ERROR] [ERROR] Error initializing async connection for test_mysql_async: 'MySqlDatabase' object has no attribute '_async_conn'
2025-04-29 10:23:23.351 [ERROR] [ERROR] Error initializing async connection for test_mysql_async: 'MySqlDatabase' object has no attribute '_async_conn'
2025-04-29 10:23:23.351 [ERROR] [ERROR] Error initializing async connection for test_mysql_async: 'MySqlDatabase' object has no attribute '_async_conn'
2025-04-29 10:23:23.351 [ERROR] [ERROR] Error initializing async connection for test_mysql_async: 'MySqlDatabase' object has no attribute '_async_conn'
2025-04-29 10:23:23.403 [ERROR] [ERROR] Error closing async connection for test_mysql_async: 'MySqlDatabase' object has no attribute '_async_conn'
2025-04-29 10:23:23.417 [INFO] [INFO] Successfully connected to MySQL database testdb_mysql
2025-04-29 10:23:23.424 [INFO] [INFO] MySQL connection pool initialized
2025-04-29 10:23:23.425 [ERROR] [ERROR] Error initializing async connection for test_mysql_async: 'MySqlDatabase' object has no attribute '_async_conn'
2025-04-29 10:23:23.425 [ERROR] [ERROR] Error initializing async connection for test_mysql_async: 'MySqlDatabase' object has no attribute '_async_conn'
2025-04-29 10:23:23.425 [ERROR] [ERROR] Error initializing async connection for test_mysql_async: 'MySqlDatabase' object has no attribute '_async_conn'
2025-04-29 10:23:23.426 [ERROR] [ERROR] Error initializing async connection for test_mysql_async: 'MySqlDatabase' object has no attribute '_async_conn'
2025-04-29 10:23:23.426 [ERROR] [ERROR] Error initializing async connection for test_mysql_async: 'MySqlDatabase' object has no attribute '_async_conn'
2025-04-29 10:23:23.426 [ERROR] [ERROR] Error initializing async connection for test_mysql_async: 'MySqlDatabase' object has no attribute '_async_conn'
2025-04-29 10:23:23.481 [ERROR] [ERROR] Error closing async connection for test_mysql_async: 'MySqlDatabase' object has no attribute '_async_conn'
2025-04-29 10:23:23.493 [INFO] [INFO] Successfully connected to MySQL database testdb_mysql
2025-04-29 10:23:23.501 [INFO] [INFO] MySQL connection pool initialized
2025-04-29 10:23:23.501 [ERROR] [ERROR] Error initializing async connection for test_mysql_async: 'MySqlDatabase' object has no attribute '_async_conn'
2025-04-29 10:23:23.501 [ERROR] [ERROR] Error initializing async connection for test_mysql_async: 'MySqlDatabase' object has no attribute '_async_conn'
2025-04-29 10:23:23.502 [ERROR] [ERROR] Error initializing async connection for test_mysql_async: 'MySqlDatabase' object has no attribute '_async_conn'
2025-04-29 10:23:23.502 [ERROR] [ERROR] Error initializing async connection for test_mysql_async: 'MySqlDatabase' object has no attribute '_async_conn'
2025-04-29 10:23:23.502 [ERROR] [ERROR] Error initializing async connection for test_mysql_async: 'MySqlDatabase' object has no attribute '_async_conn'
2025-04-29 10:23:23.565 [ERROR] [ERROR] Error closing async connection for test_mysql_async: 'MySqlDatabase' object has no attribute '_async_conn'
2025-04-29 10:30:36.040 [INFO] [INFO] Successfully connected to MySQL database testdb_mysql
2025-04-29 10:30:36.473 [INFO] [INFO] Successfully connected to MySQL database testdb_mysql
2025-04-29 10:30:36.554 [INFO] [INFO] Successfully connected to MySQL database testdb_mysql
2025-04-29 10:30:37.064 [INFO] [INFO] Successfully connected to MySQL database testdb_mysql
2025-04-29 10:30:37.696 [INFO] [INFO] Successfully connected to MySQL database testdb_mysql
2025-04-29 10:30:38.138 [INFO] [INFO] Successfully connected to MySQL database testdb_mysql
2025-04-29 10:30:38.218 [ERROR] [ERROR] SQL execution error for testdb_mysql: (1146, "Table 'testdb_mysql.non_existent_table' doesn't exist"), SQL: SELECT * FROM non_existent_table
2025-04-29 10:30:38.626 [INFO] [INFO] Successfully connected to MySQL database testdb_mysql
2025-04-29 10:30:39.215 [INFO] [INFO] Successfully connected to MySQL database testdb_mysql
2025-04-29 10:30:39.228 [INFO] [INFO] MySQL connection pool initialized
2025-04-29 10:30:39.863 [INFO] [INFO] Successfully connected to MySQL database testdb_mysql
2025-04-29 10:30:39.875 [INFO] [INFO] MySQL connection pool initialized
2025-04-29 10:30:40.583 [INFO] [INFO] Successfully connected to MySQL database testdb_mysql
2025-04-29 10:30:40.596 [INFO] [INFO] MySQL connection pool initialized
2025-04-29 10:30:41.032 [INFO] [INFO] Successfully connected to MySQL database testdb_mysql
2025-04-29 10:30:41.042 [INFO] [INFO] MySQL connection pool initialized
2025-04-29 10:30:41.477 [INFO] [INFO] Successfully connected to MySQL database testdb_mysql
2025-04-29 10:30:41.487 [INFO] [INFO] MySQL connection pool initialized
2025-04-29 10:30:41.721 [ERROR] [ERROR] SQL execution error for test_mysql_async: (1146, "Table 'testdb_mysql.non_existent_table' doesn't exist"), SQL: SELECT * FROM non_existent_table
2025-04-29 10:30:41.954 [INFO] [INFO] Successfully connected to MySQL database testdb_mysql
2025-04-29 10:30:41.965 [INFO] [INFO] MySQL connection pool initialized
2025-04-29 10:38:13.683 [INFO] [INFO] Successfully connected to MySQL database testdb_mysql
2025-04-29 10:38:14.158 [INFO] [INFO] Successfully connected to MySQL database testdb_mysql
2025-04-29 10:38:14.235 [INFO] [INFO] Successfully connected to MySQL database testdb_mysql
2025-04-29 10:38:14.800 [INFO] [INFO] Successfully connected to MySQL database testdb_mysql
2025-04-29 10:38:15.344 [INFO] [INFO] Successfully connected to MySQL database testdb_mysql
2025-04-29 10:38:15.768 [INFO] [INFO] Successfully connected to MySQL database testdb_mysql
2025-04-29 10:38:15.836 [ERROR] [ERROR] SQL execution error for testdb_mysql: (1146, "Table 'testdb_mysql.non_existent_table' doesn't exist"), SQL: SELECT * FROM non_existent_table
2025-04-29 10:38:16.188 [INFO] [INFO] Successfully connected to MySQL database testdb_mysql
2025-04-29 10:38:16.750 [INFO] [INFO] Successfully connected to MySQL database testdb_mysql
2025-04-29 10:38:16.761 [INFO] [INFO] MySQL connection pool initialized
2025-04-29 10:38:17.110 [INFO] [INFO] Successfully connected to MySQL database testdb_mysql
2025-04-29 10:38:17.118 [INFO] [INFO] MySQL connection pool initialized
2025-04-29 10:38:17.615 [INFO] [INFO] Successfully connected to MySQL database testdb_mysql
2025-04-29 10:38:17.622 [INFO] [INFO] MySQL connection pool initialized
2025-04-29 10:38:18.235 [INFO] [INFO] Successfully connected to MySQL database testdb_mysql
2025-04-29 10:38:18.243 [INFO] [INFO] MySQL connection pool initialized
2025-04-29 10:38:18.851 [INFO] [INFO] Successfully connected to MySQL database testdb_mysql
2025-04-29 10:38:18.859 [INFO] [INFO] MySQL connection pool initialized
2025-04-29 10:38:19.041 [ERROR] [ERROR] SQL execution error for test_mysql_async: (1146, "Table 'testdb_mysql.non_existent_table' doesn't exist"), SQL: SELECT * FROM non_existent_table
2025-04-29 10:38:19.321 [INFO] [INFO] Successfully connected to MySQL database testdb_mysql
2025-04-29 10:38:19.337 [INFO] [INFO] MySQL connection pool initialized
2025-04-29 10:42:59.076 [INFO] [INFO] Successfully connected to MySQL database testdb_mysql
2025-04-29 10:42:59.609 [INFO] [INFO] Successfully connected to MySQL database testdb_mysql
2025-04-29 10:42:59.688 [INFO] [INFO] Successfully connected to MySQL database testdb_mysql
2025-04-29 10:43:00.222 [INFO] [INFO] Successfully connected to MySQL database testdb_mysql
2025-04-29 10:43:00.918 [INFO] [INFO] Successfully connected to MySQL database testdb_mysql
2025-04-29 10:43:01.363 [INFO] [INFO] Successfully connected to MySQL database testdb_mysql
2025-04-29 10:43:01.428 [ERROR] [ERROR] SQL execution error for testdb_mysql: (1146, "Table 'testdb_mysql.non_existent_table' doesn't exist"), SQL: SELECT * FROM non_existent_table
2025-04-29 10:43:01.763 [INFO] [INFO] Successfully connected to MySQL database testdb_mysql
2025-04-29 10:43:02.306 [INFO] [INFO] Successfully connected to MySQL database testdb_mysql
2025-04-29 10:43:02.317 [INFO] [INFO] MySQL connection pool initialized
2025-04-29 10:43:02.674 [INFO] [INFO] Successfully connected to MySQL database testdb_mysql
2025-04-29 10:43:02.684 [INFO] [INFO] MySQL connection pool initialized
2025-04-29 10:43:03.175 [INFO] [INFO] Successfully connected to MySQL database testdb_mysql
2025-04-29 10:43:03.184 [INFO] [INFO] MySQL connection pool initialized
2025-04-29 10:43:03.727 [INFO] [INFO] Successfully connected to MySQL database testdb_mysql
2025-04-29 10:43:03.735 [INFO] [INFO] MySQL connection pool initialized
2025-04-29 10:43:04.364 [INFO] [INFO] Successfully connected to MySQL database testdb_mysql
2025-04-29 10:43:04.372 [INFO] [INFO] MySQL connection pool initialized
2025-04-29 10:43:04.556 [ERROR] [ERROR] SQL execution error for test_mysql_async: (1146, "Table 'testdb_mysql.non_existent_table' doesn't exist"), SQL: SELECT * FROM non_existent_table
2025-04-29 10:43:04.779 [INFO] [INFO] Successfully connected to MySQL database testdb_mysql
2025-04-29 10:43:04.787 [INFO] [INFO] MySQL connection pool initialized
2025-04-29 10:45:58.818 [INFO] [INFO] Successfully connected to MySQL database testdb_mysql
2025-04-29 10:45:59.124 [ERROR] [ERROR] SQL executemany error for testdb_mysql: not all arguments converted during string formatting, SQL: INSERT INTO clients (...) VALUES (...) AS new ON DUPLICATE KEY UPDATE id=new.id, name=new.name
2025-04-29 10:45:59.570 [INFO] [INFO] Successfully connected to MySQL database testdb_mysql
2025-04-29 10:45:59.660 [INFO] [INFO] Successfully connected to MySQL database testdb_mysql
2025-04-29 10:46:00.198 [ERROR] [ERROR] SQL executemany error for testdb_mysql: not all arguments converted during string formatting, SQL: INSERT INTO users (...) VALUES (...) AS new ON DUPLICATE KEY UPDATE age=new.age, id=new.id, name=new.name
2025-04-29 10:46:00.471 [INFO] [INFO] Successfully connected to MySQL database testdb_mysql
2025-04-29 10:46:01.042 [ERROR] [ERROR] SQL executemany error for testdb_mysql: not all arguments converted during string formatting, SQL: INSERT INTO products (...) VALUES (...) AS new ON DUPLICATE KEY UPDATE id=new.id, name=new.name, price=new.price
2025-04-29 10:46:01.269 [INFO] [INFO] Successfully connected to MySQL database testdb_mysql
2025-04-29 10:46:01.535 [ERROR] [ERROR] SQL executemany error for testdb_mysql: not all arguments converted during string formatting, SQL: INSERT INTO batch_test (...) VALUES (...) AS new ON DUPLICATE KEY UPDATE id=new.id, value=new.value
2025-04-29 10:46:01.722 [INFO] [INFO] Successfully connected to MySQL database testdb_mysql
2025-04-29 10:46:01.796 [ERROR] [ERROR] SQL execution error for testdb_mysql: (1146, "Table 'testdb_mysql.non_existent_table' doesn't exist"), SQL: SELECT * FROM non_existent_table
2025-04-29 10:46:01.993 [ERROR] [ERROR] SQL executemany error for testdb_mysql: not all arguments converted during string formatting, SQL: INSERT INTO recovery_test (...) VALUES (...) AS new ON DUPLICATE KEY UPDATE data=new.data, id=new.id
2025-04-29 10:46:02.212 [INFO] [INFO] Successfully connected to MySQL database testdb_mysql
2025-04-29 10:46:02.482 [ERROR] [ERROR] SQL executemany error for testdb_mysql: not all arguments converted during string formatting, SQL: INSERT INTO evolving (...) VALUES (...) AS new ON DUPLICATE KEY UPDATE field1=new.field1, id=new.id
2025-04-29 10:46:02.667 [INFO] [INFO] Successfully connected to MySQL database testdb_mysql
2025-04-29 10:46:02.679 [INFO] [INFO] MySQL connection pool initialized
2025-04-29 10:46:02.997 [ERROR] [ERROR] SQL executemany error for test_mysql_async: not all arguments converted during string formatting, SQL: INSERT INTO clients (...) VALUES (...) AS new ON DUPLICATE KEY UPDATE id=new.id, name=new.name
2025-04-29 10:46:03.096 [INFO] [INFO] Successfully connected to MySQL database testdb_mysql
2025-04-29 10:46:03.104 [INFO] [INFO] MySQL connection pool initialized
2025-04-29 10:46:03.526 [ERROR] [ERROR] SQL executemany error for test_mysql_async: not all arguments converted during string formatting, SQL: INSERT INTO users (...) VALUES (...) AS new ON DUPLICATE KEY UPDATE age=new.age, id=new.id, name=new.name
2025-04-29 10:46:03.625 [INFO] [INFO] Successfully connected to MySQL database testdb_mysql
2025-04-29 10:46:03.635 [INFO] [INFO] MySQL connection pool initialized
2025-04-29 10:46:04.097 [ERROR] [ERROR] SQL executemany error for test_mysql_async: not all arguments converted during string formatting, SQL: INSERT INTO products (...) VALUES (...) AS new ON DUPLICATE KEY UPDATE id=new.id, name=new.name, price=new.price
2025-04-29 10:46:04.196 [INFO] [INFO] Successfully connected to MySQL database testdb_mysql
2025-04-29 10:46:04.204 [INFO] [INFO] MySQL connection pool initialized
2025-04-29 10:46:04.549 [ERROR] [ERROR] SQL executemany error for test_mysql_async: not all arguments converted during string formatting, SQL: INSERT INTO batch_test (...) VALUES (...) AS new ON DUPLICATE KEY UPDATE id=new.id, value=new.value
2025-04-29 10:46:04.647 [INFO] [INFO] Successfully connected to MySQL database testdb_mysql
2025-04-29 10:46:04.655 [INFO] [INFO] MySQL connection pool initialized
2025-04-29 10:46:04.835 [ERROR] [ERROR] SQL execution error for test_mysql_async: (1146, "Table 'testdb_mysql.non_existent_table' doesn't exist"), SQL: SELECT * FROM non_existent_table
2025-04-29 10:46:05.016 [ERROR] [ERROR] SQL executemany error for test_mysql_async: not all arguments converted during string formatting, SQL: INSERT INTO recovery_test (...) VALUES (...) AS new ON DUPLICATE KEY UPDATE data=new.data, id=new.id
2025-04-29 10:46:05.116 [INFO] [INFO] Successfully connected to MySQL database testdb_mysql
2025-04-29 10:46:05.125 [INFO] [INFO] MySQL connection pool initialized
2025-04-29 10:46:05.479 [ERROR] [ERROR] SQL executemany error for test_mysql_async: not all arguments converted during string formatting, SQL: INSERT INTO evolving (...) VALUES (...) AS new ON DUPLICATE KEY UPDATE field1=new.field1, id=new.id
2025-04-29 10:47:58.804 [INFO] [INFO] Successfully connected to MySQL database testdb_mysql
2025-04-29 10:47:59.262 [INFO] [INFO] Successfully connected to MySQL database testdb_mysql
2025-04-29 10:47:59.338 [INFO] [INFO] Successfully connected to MySQL database testdb_mysql
2025-04-29 10:47:59.921 [INFO] [INFO] Successfully connected to MySQL database testdb_mysql
2025-04-29 10:48:00.477 [INFO] [INFO] Successfully connected to MySQL database testdb_mysql
2025-04-29 10:48:01.629 [INFO] [INFO] Successfully connected to MySQL database testdb_mysql
2025-04-29 10:48:01.691 [ERROR] [ERROR] SQL execution error for testdb_mysql: (1146, "Table 'testdb_mysql.non_existent_table' doesn't exist"), SQL: SELECT * FROM non_existent_table
2025-04-29 10:48:02.064 [INFO] [INFO] Successfully connected to MySQL database testdb_mysql
2025-04-29 10:48:02.424 [ERROR] [ERROR] SQL execution error for testdb_mysql: (1060, "Duplicate column name 'field2'"), SQL: ALTER TABLE evolving ADD field2 TEXT
2025-04-29 10:48:02.843 [INFO] [INFO] Successfully connected to MySQL database testdb_mysql
2025-04-29 10:48:02.855 [INFO] [INFO] MySQL connection pool initialized
2025-04-29 10:48:03.231 [INFO] [INFO] Successfully connected to MySQL database testdb_mysql
2025-04-29 10:48:03.240 [INFO] [INFO] MySQL connection pool initialized
2025-04-29 10:48:03.718 [INFO] [INFO] Successfully connected to MySQL database testdb_mysql
2025-04-29 10:48:03.726 [INFO] [INFO] MySQL connection pool initialized
2025-04-29 10:48:04.269 [INFO] [INFO] Successfully connected to MySQL database testdb_mysql
2025-04-29 10:48:04.276 [INFO] [INFO] MySQL connection pool initialized
2025-04-29 10:48:04.797 [INFO] [INFO] Successfully connected to MySQL database testdb_mysql
2025-04-29 10:48:04.805 [INFO] [INFO] MySQL connection pool initialized
2025-04-29 10:48:04.982 [ERROR] [ERROR] SQL execution error for test_mysql_async: (1146, "Table 'testdb_mysql.non_existent_table' doesn't exist"), SQL: SELECT * FROM non_existent_table
2025-04-29 10:48:05.191 [INFO] [INFO] Successfully connected to MySQL database testdb_mysql
2025-04-29 10:48:05.199 [INFO] [INFO] MySQL connection pool initialized
2025-04-29 10:48:05.660 [ERROR] [ERROR] SQL execution error for test_mysql_async: (1060, "Duplicate column name 'field2'"), SQL: ALTER TABLE evolving ADD field2 TEXT
2025-04-29 10:57:44.701 [INFO] [INFO] Successfully connected to MySQL database testdb_mysql
2025-04-29 10:57:45.185 [INFO] [INFO] Successfully connected to MySQL database testdb_mysql
2025-04-29 10:57:45.261 [INFO] [INFO] Successfully connected to MySQL database testdb_mysql
2025-04-29 10:57:45.736 [INFO] [INFO] Successfully connected to MySQL database testdb_mysql
2025-04-29 10:57:46.236 [INFO] [INFO] Successfully connected to MySQL database testdb_mysql
2025-04-29 10:57:47.233 [INFO] [INFO] Successfully connected to MySQL database testdb_mysql
2025-04-29 10:57:47.305 [ERROR] [ERROR] SQL execution error for testdb_mysql: (1146, "Table 'testdb_mysql.non_existent_table' doesn't exist"), SQL: SELECT * FROM non_existent_table
2025-04-29 10:57:47.651 [INFO] [INFO] Successfully connected to MySQL database testdb_mysql
2025-04-29 10:57:48.193 [INFO] [INFO] Successfully connected to MySQL database testdb_mysql
2025-04-29 10:57:48.204 [INFO] [INFO] MySQL connection pool initialized
2025-04-29 10:57:48.554 [INFO] [INFO] Successfully connected to MySQL database testdb_mysql
2025-04-29 10:57:48.561 [INFO] [INFO] MySQL connection pool initialized
2025-04-29 10:57:49.262 [INFO] [INFO] Successfully connected to MySQL database testdb_mysql
2025-04-29 10:57:49.270 [INFO] [INFO] MySQL connection pool initialized
2025-04-29 10:57:49.842 [INFO] [INFO] Successfully connected to MySQL database testdb_mysql
2025-04-29 10:57:49.850 [INFO] [INFO] MySQL connection pool initialized
2025-04-29 10:57:50.422 [INFO] [INFO] Successfully connected to MySQL database testdb_mysql
2025-04-29 10:57:50.432 [INFO] [INFO] MySQL connection pool initialized
2025-04-29 10:57:50.620 [ERROR] [ERROR] SQL execution error for test_mysql_async: (1146, "Table 'testdb_mysql.non_existent_table' doesn't exist"), SQL: SELECT * FROM non_existent_table
2025-04-29 10:57:51.044 [INFO] [INFO] Successfully connected to MySQL database testdb_mysql
2025-04-29 10:57:51.053 [INFO] [INFO] MySQL connection pool initialized
2025-04-29 11:02:27.037 [INFO] [INFO] Successfully connected to MySQL database testdb_mysql
2025-04-29 11:02:27.512 [INFO] [INFO] Successfully connected to MySQL database testdb_mysql
2025-04-29 11:02:27.590 [INFO] [INFO] Successfully connected to MySQL database testdb_mysql
2025-04-29 11:02:28.085 [INFO] [INFO] Successfully connected to MySQL database testdb_mysql
2025-04-29 11:02:28.607 [INFO] [INFO] Successfully connected to MySQL database testdb_mysql
2025-04-29 11:02:29.702 [INFO] [INFO] Successfully connected to MySQL database testdb_mysql
2025-04-29 11:02:29.769 [ERROR] [ERROR] SQL execution error for testdb_mysql: (1146, "Table 'testdb_mysql.non_existent_table' doesn't exist"), SQL: SELECT * FROM non_existent_table
2025-04-29 11:02:30.117 [INFO] [INFO] Successfully connected to MySQL database testdb_mysql
2025-04-29 11:02:30.747 [INFO] [INFO] Successfully connected to MySQL database testdb_mysql
2025-04-29 11:02:30.759 [INFO] [INFO] MySQL connection pool initialized
2025-04-29 11:02:31.136 [INFO] [INFO] Successfully connected to MySQL database testdb_mysql
2025-04-29 11:02:31.145 [INFO] [INFO] MySQL connection pool initialized
2025-04-29 11:02:31.667 [INFO] [INFO] Successfully connected to MySQL database testdb_mysql
2025-04-29 11:02:31.675 [INFO] [INFO] MySQL connection pool initialized
2025-04-29 11:02:32.316 [INFO] [INFO] Successfully connected to MySQL database testdb_mysql
2025-04-29 11:02:32.326 [INFO] [INFO] MySQL connection pool initialized
2025-04-29 11:02:32.926 [INFO] [INFO] Successfully connected to MySQL database testdb_mysql
2025-04-29 11:02:32.935 [INFO] [INFO] MySQL connection pool initialized
2025-04-29 11:02:33.142 [ERROR] [ERROR] SQL execution error for test_mysql_async: (1146, "Table 'testdb_mysql.non_existent_table' doesn't exist"), SQL: SELECT * FROM non_existent_table
2025-04-29 11:02:33.401 [INFO] [INFO] Successfully connected to MySQL database testdb_mysql
2025-04-29 11:02:33.410 [INFO] [INFO] MySQL connection pool initialized
2025-04-29 11:02:34.031 [INFO] [INFO] Successfully connected to PostgreSQL database testdb_postgres
2025-04-29 11:02:34.786 [ERROR] [ERROR] SQL execution error: relation "non_existent_table" does not exist
LINE 1: SELECT * FROM non_existent_table
                      ^
, SQL: SELECT * FROM non_existent_table, Parameters: ()
2025-04-29 11:02:35.057 [INFO] [INFO] Successfully connected to PostgreSQL database testdb_postgres
2025-04-29 11:02:35.122 [INFO] [INFO] PostgreSQL connection pool initialized
2025-04-29 11:02:35.358 [INFO] [INFO] Successfully connected to PostgreSQL database testdb_postgres
2025-04-29 11:02:35.423 [INFO] [INFO] PostgreSQL connection pool initialized
2025-04-29 11:02:35.653 [INFO] [INFO] Successfully connected to PostgreSQL database testdb_postgres
2025-04-29 11:02:35.718 [INFO] [INFO] PostgreSQL connection pool initialized
2025-04-29 11:02:36.030 [INFO] [INFO] Successfully connected to PostgreSQL database testdb_postgres
2025-04-29 11:02:36.098 [INFO] [INFO] PostgreSQL connection pool initialized
2025-04-29 11:05:39.554 [INFO] [INFO] Successfully connected to MySQL database testdb_mysql
2025-04-29 11:05:40.007 [INFO] [INFO] Successfully connected to MySQL database testdb_mysql
2025-04-29 11:05:40.082 [INFO] [INFO] Successfully connected to MySQL database testdb_mysql
2025-04-29 11:05:40.671 [INFO] [INFO] Successfully connected to MySQL database testdb_mysql
2025-04-29 11:05:41.192 [INFO] [INFO] Successfully connected to MySQL database testdb_mysql
2025-04-29 11:05:42.294 [INFO] [INFO] Successfully connected to MySQL database testdb_mysql
2025-04-29 11:05:42.372 [ERROR] [ERROR] SQL execution error for testdb_mysql: (1146, "Table 'testdb_mysql.non_existent_table' doesn't exist"), SQL: SELECT * FROM non_existent_table
2025-04-29 11:05:42.726 [INFO] [INFO] Successfully connected to MySQL database testdb_mysql
2025-04-29 11:05:43.303 [INFO] [INFO] Successfully connected to MySQL database testdb_mysql
2025-04-29 11:05:43.316 [INFO] [INFO] MySQL connection pool initialized
2025-04-29 11:05:43.730 [INFO] [INFO] Successfully connected to MySQL database testdb_mysql
2025-04-29 11:05:43.742 [INFO] [INFO] MySQL connection pool initialized
2025-04-29 11:05:44.427 [INFO] [INFO] Successfully connected to MySQL database testdb_mysql
2025-04-29 11:05:44.451 [INFO] [INFO] MySQL connection pool initialized
2025-04-29 11:05:45.070 [INFO] [INFO] Successfully connected to MySQL database testdb_mysql
2025-04-29 11:05:45.083 [INFO] [INFO] MySQL connection pool initialized
2025-04-29 11:05:45.687 [INFO] [INFO] Successfully connected to MySQL database testdb_mysql
2025-04-29 11:05:45.697 [INFO] [INFO] MySQL connection pool initialized
2025-04-29 11:05:45.884 [ERROR] [ERROR] SQL execution error for test_mysql_async: (1146, "Table 'testdb_mysql.non_existent_table' doesn't exist"), SQL: SELECT * FROM non_existent_table
2025-04-29 11:05:46.141 [INFO] [INFO] Successfully connected to MySQL database testdb_mysql
2025-04-29 11:05:46.150 [INFO] [INFO] MySQL connection pool initialized
2025-04-29 11:05:46.813 [INFO] [INFO] Successfully connected to PostgreSQL database testdb_postgres
2025-04-29 11:05:47.401 [ERROR] [ERROR] SQL execution error: relation "non_existent_table" does not exist
LINE 1: SELECT * FROM non_existent_table
                      ^
, SQL: SELECT * FROM non_existent_table, Parameters: ()
2025-04-29 11:05:47.639 [INFO] [INFO] Successfully connected to PostgreSQL database testdb_postgres
2025-04-29 11:05:47.708 [INFO] [INFO] PostgreSQL connection pool initialized
2025-04-29 11:05:47.904 [INFO] [INFO] Successfully connected to PostgreSQL database testdb_postgres
2025-04-29 11:05:47.962 [INFO] [INFO] PostgreSQL connection pool initialized
2025-04-29 11:05:48.169 [INFO] [INFO] Successfully connected to PostgreSQL database testdb_postgres
2025-04-29 11:05:48.223 [INFO] [INFO] PostgreSQL connection pool initialized
2025-04-29 11:05:48.500 [INFO] [INFO] Successfully connected to PostgreSQL database testdb_postgres
2025-04-29 11:05:48.556 [INFO] [INFO] PostgreSQL connection pool initialized
