2025-05-07 12:31:42.200 [INFO] [INFO] Thread 45580: Requesting sync connection for testdb_postgres
2025-05-07 12:31:42.268 [INFO] [INFO] Thread 45580: Sync connection created and cached for testdb_postgres in 0.07s
2025-05-07 12:31:42.274 [INFO] [INFO] Pool 039aa5ab782c53fb1f9eb3596f4c49fe marked as shutting down, no new connections allowed
2025-05-07 12:31:42.278 [INFO] [INFO] Thread 45580: Requesting sync connection for testdb_postgres
2025-05-07 12:31:42.297 [INFO] [INFO] Thread 45580: Sync connection created and cached for testdb_postgres in 0.02s
2025-05-07 12:31:42.298 [INFO] [INFO] Thread 45580: Requesting sync connection for testdb_postgres
2025-05-07 12:31:42.298 [INFO] [INFO] Thread 45580: Reusing existing sync connection for testdb_postgres
2025-05-07 12:31:42.315 [INFO] [INFO] Pool 039aa5ab782c53fb1f9eb3596f4c49fe marked as shutting down, no new connections allowed
2025-05-07 12:31:42.320 [INFO] [INFO] Pool 039aa5ab782c53fb1f9eb3596f4c49fe marked as shutting down, no new connections allowed
2025-05-07 12:31:42.583 [INFO] [INFO] testdb_postgres - 039aa5ab782c53fb1f9eb3596f4c49fe async pool initialized in 0.26s
2025-05-07 12:31:42.587 [INFO] [INFO] Pool status:
{"initialized": true, "alias": "testdb_postgres", "hash": "039aa5ab782c53fb1f9eb3596f4c49fe", "min_size": 3, "max_size": 20, "current_size": 20, "in_use": 1, "idle": 19, "active_connections": 0, "shutting_down": false, "metrics": {"total_acquired": 1, "total_released": 0, "current_active": 1, "peak_active": 1, "errors": 0, "timeouts": 0, "last_timeout": null, "avg_acquisition_time": 0.0}}
2025-05-07 12:31:42.634 [INFO] [INFO] Pool status:
{"initialized": true, "alias": "testdb_postgres", "hash": "039aa5ab782c53fb1f9eb3596f4c49fe", "min_size": 3, "max_size": 20, "current_size": 20, "in_use": 0, "idle": 20, "active_connections": 1, "shutting_down": false, "metrics": {"total_acquired": 1, "total_released": 1, "current_active": 0, "peak_active": 1, "errors": 0, "timeouts": 0, "last_timeout": null, "avg_acquisition_time": 0.0}}
2025-05-07 12:31:43.208 [INFO] [INFO] Pool 039aa5ab782c53fb1f9eb3596f4c49fe marked as shutting down, no new connections allowed
2025-05-07 12:31:43.209 [ERROR] [ERROR] Error closing pool for 039aa5ab782c53fb1f9eb3596f4c49fe: Pool.close() got an unexpected keyword argument 'cancel_tasks'
2025-05-07 12:31:43.388 [INFO] [INFO] testdb_postgres - 039aa5ab782c53fb1f9eb3596f4c49fe async pool initialized in 0.17s
2025-05-07 12:31:43.392 [INFO] [INFO] Pool status:
{"initialized": true, "alias": "testdb_postgres", "hash": "039aa5ab782c53fb1f9eb3596f4c49fe", "min_size": 3, "max_size": 20, "current_size": 20, "in_use": 1, "idle": 19, "active_connections": 0, "shutting_down": false, "metrics": {"total_acquired": 2, "total_released": 1, "current_active": 1, "peak_active": 1, "errors": 0, "timeouts": 0, "last_timeout": null, "avg_acquisition_time": 0.0}}
2025-05-07 12:31:43.398 [INFO] [INFO] Pool status:
{"initialized": true, "alias": "testdb_postgres", "hash": "039aa5ab782c53fb1f9eb3596f4c49fe", "min_size": 3, "max_size": 20, "current_size": 20, "in_use": 0, "idle": 20, "active_connections": 1, "shutting_down": false, "metrics": {"total_acquired": 2, "total_released": 2, "current_active": 0, "peak_active": 1, "errors": 0, "timeouts": 0, "last_timeout": null, "avg_acquisition_time": 0.0}}
2025-05-07 12:31:43.409 [INFO] [INFO] Pool 039aa5ab782c53fb1f9eb3596f4c49fe marked as shutting down, no new connections allowed
2025-05-07 12:31:43.409 [ERROR] [ERROR] Error closing pool for 039aa5ab782c53fb1f9eb3596f4c49fe: Pool.close() got an unexpected keyword argument 'cancel_tasks'
2025-05-07 12:31:43.413 [INFO] [INFO] Thread 45580: Requesting sync connection for testdb_postgres
2025-05-07 12:31:43.432 [INFO] [INFO] Thread 45580: Sync connection created and cached for testdb_postgres in 0.02s
2025-05-07 12:31:43.636 [INFO] [INFO] testdb_postgres - 039aa5ab782c53fb1f9eb3596f4c49fe async pool initialized in 0.20s
2025-05-07 12:31:43.640 [INFO] [INFO] Pool status:
{"initialized": true, "alias": "testdb_postgres", "hash": "039aa5ab782c53fb1f9eb3596f4c49fe", "min_size": 3, "max_size": 20, "current_size": 20, "in_use": 1, "idle": 19, "active_connections": 0, "shutting_down": false, "metrics": {"total_acquired": 3, "total_released": 2, "current_active": 1, "peak_active": 1, "errors": 0, "timeouts": 0, "last_timeout": null, "avg_acquisition_time": 0.0}}
2025-05-07 12:31:43.646 [INFO] [INFO] Pool status:
{"initialized": true, "alias": "testdb_postgres", "hash": "039aa5ab782c53fb1f9eb3596f4c49fe", "min_size": 3, "max_size": 20, "current_size": 20, "in_use": 0, "idle": 20, "active_connections": 1, "shutting_down": false, "metrics": {"total_acquired": 3, "total_released": 3, "current_active": 0, "peak_active": 1, "errors": 0, "timeouts": 0, "last_timeout": null, "avg_acquisition_time": 0.0}}
2025-05-07 12:31:43.659 [INFO] [INFO] Pool 039aa5ab782c53fb1f9eb3596f4c49fe marked as shutting down, no new connections allowed
2025-05-07 12:31:43.659 [ERROR] [ERROR] Error closing pool for 039aa5ab782c53fb1f9eb3596f4c49fe: Pool.close() got an unexpected keyword argument 'cancel_tasks'
2025-05-07 12:31:43.660 [INFO] [INFO] Thread 45580: Requesting sync connection for testdb_postgres
2025-05-07 12:31:43.680 [INFO] [INFO] Thread 45580: Sync connection created and cached for testdb_postgres in 0.02s
2025-05-07 12:31:43.874 [INFO] [INFO] testdb_postgres - 039aa5ab782c53fb1f9eb3596f4c49fe async pool initialized in 0.19s
2025-05-07 12:31:43.878 [INFO] [INFO] Pool status:
{"initialized": true, "alias": "testdb_postgres", "hash": "039aa5ab782c53fb1f9eb3596f4c49fe", "min_size": 3, "max_size": 20, "current_size": 20, "in_use": 1, "idle": 19, "active_connections": 0, "shutting_down": false, "metrics": {"total_acquired": 4, "total_released": 3, "current_active": 1, "peak_active": 1, "errors": 0, "timeouts": 0, "last_timeout": null, "avg_acquisition_time": 0.0}}
2025-05-07 12:31:43.885 [INFO] [INFO] Pool status:
{"initialized": true, "alias": "testdb_postgres", "hash": "039aa5ab782c53fb1f9eb3596f4c49fe", "min_size": 3, "max_size": 20, "current_size": 20, "in_use": 0, "idle": 20, "active_connections": 1, "shutting_down": false, "metrics": {"total_acquired": 4, "total_released": 4, "current_active": 0, "peak_active": 1, "errors": 0, "timeouts": 0, "last_timeout": null, "avg_acquisition_time": 0.0}}
2025-05-07 12:31:43.898 [INFO] [INFO] Pool 039aa5ab782c53fb1f9eb3596f4c49fe marked as shutting down, no new connections allowed
2025-05-07 12:31:43.898 [ERROR] [ERROR] Error closing pool for 039aa5ab782c53fb1f9eb3596f4c49fe: Pool.close() got an unexpected keyword argument 'cancel_tasks'
2025-05-07 12:31:43.900 [INFO] [INFO] Thread 45580: Requesting sync connection for testdb_mysql
2025-05-07 12:31:43.918 [INFO] [INFO] Thread 45580: Sync connection created and cached for testdb_mysql in 0.02s
2025-05-07 12:31:43.922 [ERROR] [ERROR] testdb_mysql - a38f6583c7ceb10c7107caf0e8484dd2 async pool creation failed: MySqlPoolManager._create_pool() takes 2 positional arguments but 3 were given
2025-05-07 12:31:43.923 [ERROR] [ERROR] testdb_mysql - a38f6583c7ceb10c7107caf0e8484dd2 async pool creation failed: MySqlPoolManager._create_pool() takes 2 positional arguments but 3 were given
2025-05-07 12:31:44.237 [INFO] [INFO] Pool a38f6583c7ceb10c7107caf0e8484dd2 marked as shutting down, no new connections allowed
2025-05-07 12:31:44.238 [INFO] [INFO] Thread 45580: Requesting sync connection for testdb_mysql
2025-05-07 12:31:44.246 [INFO] [INFO] Thread 45580: Sync connection created and cached for testdb_mysql in 0.01s
2025-05-07 12:31:44.251 [ERROR] [ERROR] testdb_mysql - a38f6583c7ceb10c7107caf0e8484dd2 async pool creation failed: MySqlPoolManager._create_pool() takes 2 positional arguments but 3 were given
2025-05-07 12:31:44.253 [ERROR] [ERROR] testdb_mysql - a38f6583c7ceb10c7107caf0e8484dd2 async pool creation failed: MySqlPoolManager._create_pool() takes 2 positional arguments but 3 were given
2025-05-07 12:31:44.552 [INFO] [INFO] Pool a38f6583c7ceb10c7107caf0e8484dd2 marked as shutting down, no new connections allowed
2025-05-07 12:31:44.554 [INFO] [INFO] Thread 45580: Requesting sync connection for testdb_mysql
2025-05-07 12:31:44.563 [INFO] [INFO] Thread 45580: Sync connection created and cached for testdb_mysql in 0.01s
2025-05-07 12:31:44.569 [ERROR] [ERROR] testdb_mysql - a38f6583c7ceb10c7107caf0e8484dd2 async pool creation failed: MySqlPoolManager._create_pool() takes 2 positional arguments but 3 were given
2025-05-07 12:31:44.570 [ERROR] [ERROR] testdb_mysql - a38f6583c7ceb10c7107caf0e8484dd2 async pool creation failed: MySqlPoolManager._create_pool() takes 2 positional arguments but 3 were given
2025-05-07 12:31:44.830 [INFO] [INFO] Pool a38f6583c7ceb10c7107caf0e8484dd2 marked as shutting down, no new connections allowed
2025-05-07 12:31:44.832 [INFO] [INFO] Thread 45580: Requesting sync connection for test_sqlite_0ab1597d.db
2025-05-07 12:31:44.835 [INFO] [INFO] Thread 45580: Sync connection created and cached for test_sqlite_0ab1597d.db in 0.00s
2025-05-07 12:31:44.839 [ERROR] [ERROR] test_sqlite_0ab1597d.db - d7f327d3e6c2fc8765169b8a867e0663 async pool creation failed: SqlitePoolManager._create_pool() takes 2 positional arguments but 3 were given
2025-05-07 12:31:44.840 [ERROR] [ERROR] test_sqlite_0ab1597d.db - d7f327d3e6c2fc8765169b8a867e0663 async pool creation failed: SqlitePoolManager._create_pool() takes 2 positional arguments but 3 were given
2025-05-07 12:31:45.179 [INFO] [INFO] Pool d7f327d3e6c2fc8765169b8a867e0663 marked as shutting down, no new connections allowed
2025-05-07 12:31:45.192 [INFO] [INFO] Thread 45580: Requesting sync connection for test_sqlite_03450570.db
2025-05-07 12:31:45.193 [INFO] [INFO] Thread 45580: Sync connection created and cached for test_sqlite_03450570.db in 0.00s
2025-05-07 12:31:45.198 [ERROR] [ERROR] test_sqlite_03450570.db - b8aaa2989d24d35414ee9b44245f42a4 async pool creation failed: SqlitePoolManager._create_pool() takes 2 positional arguments but 3 were given
2025-05-07 12:31:45.200 [ERROR] [ERROR] test_sqlite_03450570.db - b8aaa2989d24d35414ee9b44245f42a4 async pool creation failed: SqlitePoolManager._create_pool() takes 2 positional arguments but 3 were given
2025-05-07 12:31:45.594 [INFO] [INFO] Pool b8aaa2989d24d35414ee9b44245f42a4 marked as shutting down, no new connections allowed
2025-05-07 12:31:45.638 [INFO] [INFO] Thread 45580: Requesting sync connection for test_sqlite_3cead2a7.db
2025-05-07 12:31:45.639 [INFO] [INFO] Thread 45580: Sync connection created and cached for test_sqlite_3cead2a7.db in 0.00s
2025-05-07 12:31:45.674 [ERROR] [ERROR] test_sqlite_3cead2a7.db - af0e5cc9d2dbed1b820b4a0f7d0813f0 async pool creation failed: SqlitePoolManager._create_pool() takes 2 positional arguments but 3 were given
2025-05-07 12:31:45.683 [ERROR] [ERROR] test_sqlite_3cead2a7.db - af0e5cc9d2dbed1b820b4a0f7d0813f0 async pool creation failed: SqlitePoolManager._create_pool() takes 2 positional arguments but 3 were given
2025-05-07 12:31:46.030 [INFO] [INFO] Pool af0e5cc9d2dbed1b820b4a0f7d0813f0 marked as shutting down, no new connections allowed
2025-05-07 13:43:32.828 [INFO] [INFO] Thread 46728: Requesting sync connection for testdb_postgres
2025-05-07 13:43:32.883 [INFO] [INFO] Thread 46728: Sync connection created and cached for testdb_postgres in 0.06s
2025-05-07 13:43:32.887 [INFO] [INFO] Pool 039aa5ab782c53fb1f9eb3596f4c49fe marked as shutting down, no new connections allowed
2025-05-07 13:43:32.897 [INFO] [INFO] Thread 46728: Requesting sync connection for testdb_postgres
2025-05-07 13:43:32.918 [INFO] [INFO] Thread 46728: Sync connection created and cached for testdb_postgres in 0.02s
2025-05-07 13:43:32.919 [INFO] [INFO] Thread 46728: Requesting sync connection for testdb_postgres
2025-05-07 13:43:32.919 [INFO] [INFO] Thread 46728: Reusing existing sync connection for testdb_postgres
2025-05-07 13:43:32.940 [INFO] [INFO] Pool 039aa5ab782c53fb1f9eb3596f4c49fe marked as shutting down, no new connections allowed
2025-05-07 13:43:32.945 [INFO] [INFO] Pool 039aa5ab782c53fb1f9eb3596f4c49fe marked as shutting down, no new connections allowed
2025-05-07 13:43:33.175 [INFO] [INFO] testdb_postgres - 039aa5ab782c53fb1f9eb3596f4c49fe async pool initialized in 0.22s
2025-05-07 13:43:33.181 [INFO] [INFO] Pool status:
{"initialized": true, "alias": "testdb_postgres", "hash": "039aa5ab782c53fb1f9eb3596f4c49fe", "min_size": 3, "max_size": 20, "current_size": 20, "in_use": 1, "idle": 19, "active_connections": 0, "shutting_down": false, "metrics": {"total_acquired": 1, "total_released": 0, "current_active": 1, "peak_active": 1, "errors": 0, "timeouts": 0, "last_timeout": null, "avg_acquisition_time": 0.0}}
2025-05-07 13:43:33.241 [INFO] [INFO] Pool status:
{"initialized": true, "alias": "testdb_postgres", "hash": "039aa5ab782c53fb1f9eb3596f4c49fe", "min_size": 3, "max_size": 20, "current_size": 20, "in_use": 0, "idle": 20, "active_connections": 1, "shutting_down": false, "metrics": {"total_acquired": 1, "total_released": 1, "current_active": 0, "peak_active": 1, "errors": 0, "timeouts": 0, "last_timeout": null, "avg_acquisition_time": 0.0}}
2025-05-07 13:43:33.969 [INFO] [INFO] Pool 039aa5ab782c53fb1f9eb3596f4c49fe marked as shutting down, no new connections allowed
2025-05-07 13:43:33.969 [ERROR] [ERROR] Error closing pool for 039aa5ab782c53fb1f9eb3596f4c49fe: Pool.close() got an unexpected keyword argument 'cancel_tasks'
2025-05-07 13:43:34.187 [INFO] [INFO] testdb_postgres - 039aa5ab782c53fb1f9eb3596f4c49fe async pool initialized in 0.21s
2025-05-07 13:43:34.208 [INFO] [INFO] Pool status:
{"initialized": true, "alias": "testdb_postgres", "hash": "039aa5ab782c53fb1f9eb3596f4c49fe", "min_size": 3, "max_size": 20, "current_size": 20, "in_use": 1, "idle": 19, "active_connections": 0, "shutting_down": false, "metrics": {"total_acquired": 2, "total_released": 1, "current_active": 1, "peak_active": 1, "errors": 0, "timeouts": 0, "last_timeout": null, "avg_acquisition_time": 0.0}}
2025-05-07 13:43:34.218 [INFO] [INFO] Pool status:
{"initialized": true, "alias": "testdb_postgres", "hash": "039aa5ab782c53fb1f9eb3596f4c49fe", "min_size": 3, "max_size": 20, "current_size": 20, "in_use": 0, "idle": 20, "active_connections": 1, "shutting_down": false, "metrics": {"total_acquired": 2, "total_released": 2, "current_active": 0, "peak_active": 1, "errors": 0, "timeouts": 0, "last_timeout": null, "avg_acquisition_time": 0.0}}
2025-05-07 13:43:34.229 [INFO] [INFO] Pool 039aa5ab782c53fb1f9eb3596f4c49fe marked as shutting down, no new connections allowed
2025-05-07 13:43:34.229 [ERROR] [ERROR] Error closing pool for 039aa5ab782c53fb1f9eb3596f4c49fe: Pool.close() got an unexpected keyword argument 'cancel_tasks'
2025-05-07 13:43:34.235 [INFO] [INFO] Thread 46728: Requesting sync connection for testdb_postgres
2025-05-07 13:43:32.832 [INFO] [INFO] Thread 45112: Requesting sync connection for testdb_postgres
2025-05-07 13:43:32.883 [INFO] [INFO] Thread 45112: Sync connection created and cached for testdb_postgres in 0.05s
2025-05-07 13:43:32.887 [INFO] [INFO] Pool 039aa5ab782c53fb1f9eb3596f4c49fe marked as shutting down, no new connections allowed
2025-05-07 13:43:32.898 [INFO] [INFO] Thread 45112: Requesting sync connection for testdb_postgres
2025-05-07 13:43:32.925 [INFO] [INFO] Thread 45112: Sync connection created and cached for testdb_postgres in 0.03s
2025-05-07 13:43:32.926 [INFO] [INFO] Thread 45112: Requesting sync connection for testdb_postgres
2025-05-07 13:43:32.926 [INFO] [INFO] Thread 45112: Reusing existing sync connection for testdb_postgres
2025-05-07 13:43:32.940 [INFO] [INFO] Pool 039aa5ab782c53fb1f9eb3596f4c49fe marked as shutting down, no new connections allowed
2025-05-07 13:43:32.945 [INFO] [INFO] Pool 039aa5ab782c53fb1f9eb3596f4c49fe marked as shutting down, no new connections allowed
2025-05-07 13:43:33.175 [INFO] [INFO] testdb_postgres - 039aa5ab782c53fb1f9eb3596f4c49fe async pool initialized in 0.22s
2025-05-07 13:43:33.181 [INFO] [INFO] Pool status:
{"initialized": true, "alias": "testdb_postgres", "hash": "039aa5ab782c53fb1f9eb3596f4c49fe", "min_size": 3, "max_size": 20, "current_size": 20, "in_use": 1, "idle": 19, "active_connections": 0, "shutting_down": false, "metrics": {"total_acquired": 1, "total_released": 0, "current_active": 1, "peak_active": 1, "errors": 0, "timeouts": 0, "last_timeout": null, "avg_acquisition_time": 0.0}}
2025-05-07 13:43:33.243 [INFO] [INFO] Pool status:
{"initialized": true, "alias": "testdb_postgres", "hash": "039aa5ab782c53fb1f9eb3596f4c49fe", "min_size": 3, "max_size": 20, "current_size": 20, "in_use": 0, "idle": 20, "active_connections": 1, "shutting_down": false, "metrics": {"total_acquired": 1, "total_released": 1, "current_active": 0, "peak_active": 1, "errors": 0, "timeouts": 0, "last_timeout": null, "avg_acquisition_time": 0.0}}
2025-05-07 13:43:33.969 [INFO] [INFO] Pool 039aa5ab782c53fb1f9eb3596f4c49fe marked as shutting down, no new connections allowed
2025-05-07 13:43:33.969 [ERROR] [ERROR] Error closing pool for 039aa5ab782c53fb1f9eb3596f4c49fe: Pool.close() got an unexpected keyword argument 'cancel_tasks'
2025-05-07 13:43:34.184 [INFO] [INFO] testdb_postgres - 039aa5ab782c53fb1f9eb3596f4c49fe async pool initialized in 0.21s
2025-05-07 13:43:34.212 [INFO] [INFO] Pool status:
{"initialized": true, "alias": "testdb_postgres", "hash": "039aa5ab782c53fb1f9eb3596f4c49fe", "min_size": 3, "max_size": 20, "current_size": 20, "in_use": 1, "idle": 19, "active_connections": 0, "shutting_down": false, "metrics": {"total_acquired": 2, "total_released": 1, "current_active": 1, "peak_active": 1, "errors": 0, "timeouts": 0, "last_timeout": null, "avg_acquisition_time": 0.0}}
2025-05-07 13:43:34.219 [INFO] [INFO] Pool status:
{"initialized": true, "alias": "testdb_postgres", "hash": "039aa5ab782c53fb1f9eb3596f4c49fe", "min_size": 3, "max_size": 20, "current_size": 20, "in_use": 0, "idle": 20, "active_connections": 1, "shutting_down": false, "metrics": {"total_acquired": 2, "total_released": 2, "current_active": 0, "peak_active": 1, "errors": 0, "timeouts": 0, "last_timeout": null, "avg_acquisition_time": 0.0}}
2025-05-07 13:43:34.233 [INFO] [INFO] Pool 039aa5ab782c53fb1f9eb3596f4c49fe marked as shutting down, no new connections allowed
2025-05-07 13:43:34.233 [ERROR] [ERROR] Error closing pool for 039aa5ab782c53fb1f9eb3596f4c49fe: Pool.close() got an unexpected keyword argument 'cancel_tasks'
2025-05-07 13:43:34.236 [INFO] [INFO] Thread 45112: Requesting sync connection for testdb_postgres
2025-05-07 13:43:34.268 [INFO] [INFO] Thread 45112: Sync connection created and cached for testdb_postgres in 0.03s
2025-05-07 13:43:34.494 [INFO] [INFO] testdb_postgres - 039aa5ab782c53fb1f9eb3596f4c49fe async pool initialized in 0.22s
2025-05-07 13:43:34.498 [INFO] [INFO] Pool status:
{"initialized": true, "alias": "testdb_postgres", "hash": "039aa5ab782c53fb1f9eb3596f4c49fe", "min_size": 3, "max_size": 20, "current_size": 20, "in_use": 1, "idle": 19, "active_connections": 0, "shutting_down": false, "metrics": {"total_acquired": 3, "total_released": 2, "current_active": 1, "peak_active": 1, "errors": 0, "timeouts": 0, "last_timeout": null, "avg_acquisition_time": 0.0}}
2025-05-07 13:43:34.506 [INFO] [INFO] Pool status:
{"initialized": true, "alias": "testdb_postgres", "hash": "039aa5ab782c53fb1f9eb3596f4c49fe", "min_size": 3, "max_size": 20, "current_size": 20, "in_use": 0, "idle": 20, "active_connections": 1, "shutting_down": false, "metrics": {"total_acquired": 3, "total_released": 3, "current_active": 0, "peak_active": 1, "errors": 0, "timeouts": 0, "last_timeout": null, "avg_acquisition_time": 0.0}}
2025-05-07 13:43:34.522 [INFO] [INFO] Pool 039aa5ab782c53fb1f9eb3596f4c49fe marked as shutting down, no new connections allowed
2025-05-07 13:43:34.522 [ERROR] [ERROR] Error closing pool for 039aa5ab782c53fb1f9eb3596f4c49fe: Pool.close() got an unexpected keyword argument 'cancel_tasks'
2025-05-07 13:43:34.523 [INFO] [INFO] Thread 45112: Requesting sync connection for testdb_postgres
2025-05-07 13:43:34.558 [INFO] [INFO] Thread 45112: Sync connection created and cached for testdb_postgres in 0.03s
2025-05-07 13:43:34.801 [INFO] [INFO] testdb_postgres - 039aa5ab782c53fb1f9eb3596f4c49fe async pool initialized in 0.24s
2025-05-07 13:43:34.807 [INFO] [INFO] Pool status:
{"initialized": true, "alias": "testdb_postgres", "hash": "039aa5ab782c53fb1f9eb3596f4c49fe", "min_size": 3, "max_size": 20, "current_size": 20, "in_use": 1, "idle": 19, "active_connections": 0, "shutting_down": false, "metrics": {"total_acquired": 4, "total_released": 3, "current_active": 1, "peak_active": 1, "errors": 0, "timeouts": 0, "last_timeout": null, "avg_acquisition_time": 0.0}}
2025-05-07 13:43:34.818 [INFO] [INFO] Pool status:
{"initialized": true, "alias": "testdb_postgres", "hash": "039aa5ab782c53fb1f9eb3596f4c49fe", "min_size": 3, "max_size": 20, "current_size": 20, "in_use": 0, "idle": 20, "active_connections": 1, "shutting_down": false, "metrics": {"total_acquired": 4, "total_released": 4, "current_active": 0, "peak_active": 1, "errors": 0, "timeouts": 0, "last_timeout": null, "avg_acquisition_time": 0.0}}
2025-05-07 13:43:34.835 [INFO] [INFO] Pool 039aa5ab782c53fb1f9eb3596f4c49fe marked as shutting down, no new connections allowed
2025-05-07 13:43:34.835 [ERROR] [ERROR] Error closing pool for 039aa5ab782c53fb1f9eb3596f4c49fe: Pool.close() got an unexpected keyword argument 'cancel_tasks'
2025-05-07 13:43:34.837 [INFO] [INFO] Thread 45112: Requesting sync connection for testdb_mysql
2025-05-07 13:43:34.917 [INFO] [INFO] Thread 45112: Sync connection created and cached for testdb_mysql in 0.08s
2025-05-07 13:43:34.921 [ERROR] [ERROR] testdb_mysql - a38f6583c7ceb10c7107caf0e8484dd2 async pool creation failed: MySqlPoolManager._create_pool() takes 2 positional arguments but 3 were given
2025-05-07 13:43:34.922 [ERROR] [ERROR] testdb_mysql - a38f6583c7ceb10c7107caf0e8484dd2 async pool creation failed: MySqlPoolManager._create_pool() takes 2 positional arguments but 3 were given
2025-05-07 13:43:35.269 [INFO] [INFO] Pool a38f6583c7ceb10c7107caf0e8484dd2 marked as shutting down, no new connections allowed
2025-05-07 13:43:35.274 [INFO] [INFO] Thread 45112: Requesting sync connection for testdb_mysql
2025-05-07 13:43:35.282 [INFO] [INFO] Thread 45112: Sync connection created and cached for testdb_mysql in 0.01s
2025-05-07 13:43:34.256 [INFO] [INFO] Thread 46728: Sync connection created and cached for testdb_postgres in 0.02s
2025-05-07 13:43:34.466 [INFO] [INFO] testdb_postgres - 039aa5ab782c53fb1f9eb3596f4c49fe async pool initialized in 0.21s
2025-05-07 13:43:34.473 [INFO] [INFO] Pool status:
{"initialized": true, "alias": "testdb_postgres", "hash": "039aa5ab782c53fb1f9eb3596f4c49fe", "min_size": 3, "max_size": 20, "current_size": 20, "in_use": 1, "idle": 19, "active_connections": 0, "shutting_down": false, "metrics": {"total_acquired": 3, "total_released": 2, "current_active": 1, "peak_active": 1, "errors": 0, "timeouts": 0, "last_timeout": null, "avg_acquisition_time": 0.0}}
2025-05-07 13:43:34.479 [INFO] [INFO] Pool status:
{"initialized": true, "alias": "testdb_postgres", "hash": "039aa5ab782c53fb1f9eb3596f4c49fe", "min_size": 3, "max_size": 20, "current_size": 20, "in_use": 0, "idle": 20, "active_connections": 1, "shutting_down": false, "metrics": {"total_acquired": 3, "total_released": 3, "current_active": 0, "peak_active": 1, "errors": 0, "timeouts": 0, "last_timeout": null, "avg_acquisition_time": 0.0}}
2025-05-07 13:43:34.492 [INFO] [INFO] Pool 039aa5ab782c53fb1f9eb3596f4c49fe marked as shutting down, no new connections allowed
2025-05-07 13:43:34.493 [ERROR] [ERROR] Error closing pool for 039aa5ab782c53fb1f9eb3596f4c49fe: Pool.close() got an unexpected keyword argument 'cancel_tasks'
2025-05-07 13:43:34.495 [INFO] [INFO] Thread 46728: Requesting sync connection for testdb_postgres
2025-05-07 13:43:34.522 [INFO] [INFO] Thread 46728: Sync connection created and cached for testdb_postgres in 0.03s
2025-05-07 13:43:34.794 [INFO] [INFO] testdb_postgres - 039aa5ab782c53fb1f9eb3596f4c49fe async pool initialized in 0.27s
2025-05-07 13:43:34.797 [INFO] [INFO] Pool status:
{"initialized": true, "alias": "testdb_postgres", "hash": "039aa5ab782c53fb1f9eb3596f4c49fe", "min_size": 3, "max_size": 20, "current_size": 20, "in_use": 1, "idle": 19, "active_connections": 0, "shutting_down": false, "metrics": {"total_acquired": 4, "total_released": 3, "current_active": 1, "peak_active": 1, "errors": 0, "timeouts": 0, "last_timeout": null, "avg_acquisition_time": 0.0}}
2025-05-07 13:43:34.809 [INFO] [INFO] Pool status:
{"initialized": true, "alias": "testdb_postgres", "hash": "039aa5ab782c53fb1f9eb3596f4c49fe", "min_size": 3, "max_size": 20, "current_size": 20, "in_use": 0, "idle": 20, "active_connections": 1, "shutting_down": false, "metrics": {"total_acquired": 4, "total_released": 4, "current_active": 0, "peak_active": 1, "errors": 0, "timeouts": 0, "last_timeout": null, "avg_acquisition_time": 0.0}}
2025-05-07 13:43:34.825 [INFO] [INFO] Pool 039aa5ab782c53fb1f9eb3596f4c49fe marked as shutting down, no new connections allowed
2025-05-07 13:43:34.825 [ERROR] [ERROR] Error closing pool for 039aa5ab782c53fb1f9eb3596f4c49fe: Pool.close() got an unexpected keyword argument 'cancel_tasks'
2025-05-07 13:43:34.826 [INFO] [INFO] Thread 46728: Requesting sync connection for testdb_mysql
2025-05-07 13:43:34.917 [INFO] [INFO] Thread 46728: Sync connection created and cached for testdb_mysql in 0.09s
2025-05-07 13:43:34.921 [ERROR] [ERROR] testdb_mysql - a38f6583c7ceb10c7107caf0e8484dd2 async pool creation failed: MySqlPoolManager._create_pool() takes 2 positional arguments but 3 were given
2025-05-07 13:43:34.922 [ERROR] [ERROR] testdb_mysql - a38f6583c7ceb10c7107caf0e8484dd2 async pool creation failed: MySqlPoolManager._create_pool() takes 2 positional arguments but 3 were given
2025-05-07 13:43:35.275 [INFO] [INFO] Pool a38f6583c7ceb10c7107caf0e8484dd2 marked as shutting down, no new connections allowed
2025-05-07 13:43:35.278 [INFO] [INFO] Thread 46728: Requesting sync connection for testdb_mysql
2025-05-07 13:43:35.292 [INFO] [INFO] Thread 46728: Sync connection created and cached for testdb_mysql in 0.01s
2025-05-07 13:43:35.292 [ERROR] [ERROR] testdb_mysql - a38f6583c7ceb10c7107caf0e8484dd2 async pool creation failed: MySqlPoolManager._create_pool() takes 2 positional arguments but 3 were given
2025-05-07 13:43:35.295 [ERROR] [ERROR] testdb_mysql - a38f6583c7ceb10c7107caf0e8484dd2 async pool creation failed: MySqlPoolManager._create_pool() takes 2 positional arguments but 3 were given
2025-05-07 13:43:35.572 [INFO] [INFO] Pool a38f6583c7ceb10c7107caf0e8484dd2 marked as shutting down, no new connections allowed
2025-05-07 13:43:35.574 [INFO] [INFO] Thread 45112: Requesting sync connection for testdb_mysql
2025-05-07 13:43:35.586 [INFO] [INFO] Thread 45112: Sync connection created and cached for testdb_mysql in 0.01s
2025-05-07 13:43:35.590 [ERROR] [ERROR] testdb_mysql - a38f6583c7ceb10c7107caf0e8484dd2 async pool creation failed: MySqlPoolManager._create_pool() takes 2 positional arguments but 3 were given
2025-05-07 13:43:35.593 [ERROR] [ERROR] testdb_mysql - a38f6583c7ceb10c7107caf0e8484dd2 async pool creation failed: MySqlPoolManager._create_pool() takes 2 positional arguments but 3 were given
2025-05-07 13:43:35.872 [INFO] [INFO] Pool a38f6583c7ceb10c7107caf0e8484dd2 marked as shutting down, no new connections allowed
2025-05-07 13:43:35.874 [INFO] [INFO] Thread 45112: Requesting sync connection for test_sqlite_036bee97.db
2025-05-07 13:43:35.875 [INFO] [INFO] Thread 45112: Sync connection created and cached for test_sqlite_036bee97.db in 0.00s
2025-05-07 13:43:35.879 [ERROR] [ERROR] test_sqlite_036bee97.db - 81545a454603fdc8d235e437c6f2603d async pool creation failed: SqlitePoolManager._create_pool() takes 2 positional arguments but 3 were given
2025-05-07 13:43:35.880 [ERROR] [ERROR] test_sqlite_036bee97.db - 81545a454603fdc8d235e437c6f2603d async pool creation failed: SqlitePoolManager._create_pool() takes 2 positional arguments but 3 were given
2025-05-07 13:43:36.153 [INFO] [INFO] Pool 81545a454603fdc8d235e437c6f2603d marked as shutting down, no new connections allowed
2025-05-07 13:43:36.163 [INFO] [INFO] Thread 45112: Requesting sync connection for test_sqlite_745c2094.db
2025-05-07 13:43:36.165 [INFO] [INFO] Thread 45112: Sync connection created and cached for test_sqlite_745c2094.db in 0.00s
2025-05-07 13:43:36.169 [ERROR] [ERROR] test_sqlite_745c2094.db - 7c71f738db7099bc4ca4b4dcb62ce4d3 async pool creation failed: SqlitePoolManager._create_pool() takes 2 positional arguments but 3 were given
2025-05-07 13:43:36.170 [ERROR] [ERROR] test_sqlite_745c2094.db - 7c71f738db7099bc4ca4b4dcb62ce4d3 async pool creation failed: SqlitePoolManager._create_pool() takes 2 positional arguments but 3 were given
2025-05-07 13:43:36.770 [INFO] [INFO] Pool 7c71f738db7099bc4ca4b4dcb62ce4d3 marked as shutting down, no new connections allowed
2025-05-07 13:43:36.784 [INFO] [INFO] Thread 45112: Requesting sync connection for test_sqlite_93819de5.db
2025-05-07 13:43:36.785 [INFO] [INFO] Thread 45112: Sync connection created and cached for test_sqlite_93819de5.db in 0.00s
2025-05-07 13:43:35.298 [ERROR] [ERROR] testdb_mysql - a38f6583c7ceb10c7107caf0e8484dd2 async pool creation failed: MySqlPoolManager._create_pool() takes 2 positional arguments but 3 were given
2025-05-07 13:43:35.299 [ERROR] [ERROR] testdb_mysql - a38f6583c7ceb10c7107caf0e8484dd2 async pool creation failed: MySqlPoolManager._create_pool() takes 2 positional arguments but 3 were given
2025-05-07 13:43:35.572 [INFO] [INFO] Pool a38f6583c7ceb10c7107caf0e8484dd2 marked as shutting down, no new connections allowed
2025-05-07 13:43:35.574 [INFO] [INFO] Thread 46728: Requesting sync connection for testdb_mysql
2025-05-07 13:43:35.586 [INFO] [INFO] Thread 46728: Sync connection created and cached for testdb_mysql in 0.01s
2025-05-07 13:43:35.590 [ERROR] [ERROR] testdb_mysql - a38f6583c7ceb10c7107caf0e8484dd2 async pool creation failed: MySqlPoolManager._create_pool() takes 2 positional arguments but 3 were given
2025-05-07 13:43:35.594 [ERROR] [ERROR] testdb_mysql - a38f6583c7ceb10c7107caf0e8484dd2 async pool creation failed: MySqlPoolManager._create_pool() takes 2 positional arguments but 3 were given
2025-05-07 13:43:35.870 [INFO] [INFO] Pool a38f6583c7ceb10c7107caf0e8484dd2 marked as shutting down, no new connections allowed
2025-05-07 13:43:35.873 [INFO] [INFO] Thread 46728: Requesting sync connection for test_sqlite_1547f14f.db
2025-05-07 13:43:35.874 [INFO] [INFO] Thread 46728: Sync connection created and cached for test_sqlite_1547f14f.db in 0.00s
2025-05-07 13:43:35.879 [ERROR] [ERROR] test_sqlite_1547f14f.db - d18195c65e9578a6267020994e010143 async pool creation failed: SqlitePoolManager._create_pool() takes 2 positional arguments but 3 were given
2025-05-07 13:43:35.880 [ERROR] [ERROR] test_sqlite_1547f14f.db - d18195c65e9578a6267020994e010143 async pool creation failed: SqlitePoolManager._create_pool() takes 2 positional arguments but 3 were given
2025-05-07 13:43:36.153 [INFO] [INFO] Pool d18195c65e9578a6267020994e010143 marked as shutting down, no new connections allowed
2025-05-07 13:43:36.164 [INFO] [INFO] Thread 46728: Requesting sync connection for test_sqlite_b867a938.db
2025-05-07 13:43:36.165 [INFO] [INFO] Thread 46728: Sync connection created and cached for test_sqlite_b867a938.db in 0.00s
2025-05-07 13:43:36.169 [ERROR] [ERROR] test_sqlite_b867a938.db - bc16e19fcd35dbce98e28c99d0aa77fb async pool creation failed: SqlitePoolManager._create_pool() takes 2 positional arguments but 3 were given
2025-05-07 13:43:36.170 [ERROR] [ERROR] test_sqlite_b867a938.db - bc16e19fcd35dbce98e28c99d0aa77fb async pool creation failed: SqlitePoolManager._create_pool() takes 2 positional arguments but 3 were given
2025-05-07 13:43:36.774 [INFO] [INFO] Pool bc16e19fcd35dbce98e28c99d0aa77fb marked as shutting down, no new connections allowed
2025-05-07 13:43:36.786 [INFO] [INFO] Thread 46728: Requesting sync connection for test_sqlite_c126b9a7.db
2025-05-07 13:43:36.787 [INFO] [INFO] Thread 46728: Sync connection created and cached for test_sqlite_c126b9a7.db in 0.00s
2025-05-07 13:43:36.791 [ERROR] [ERROR] test_sqlite_93819de5.db - 4d8c2a3537d1a2239b7bc7f5d9fbb48f async pool creation failed: SqlitePoolManager._create_pool() takes 2 positional arguments but 3 were given
2025-05-07 13:43:36.794 [ERROR] [ERROR] test_sqlite_93819de5.db - 4d8c2a3537d1a2239b7bc7f5d9fbb48f async pool creation failed: SqlitePoolManager._create_pool() takes 2 positional arguments but 3 were given
2025-05-07 13:43:37.164 [INFO] [INFO] Pool 4d8c2a3537d1a2239b7bc7f5d9fbb48f marked as shutting down, no new connections allowed
2025-05-07 13:43:36.795 [ERROR] [ERROR] test_sqlite_c126b9a7.db - f741991717519fa2c681f24d820d302a async pool creation failed: SqlitePoolManager._create_pool() takes 2 positional arguments but 3 were given
2025-05-07 13:43:36.797 [ERROR] [ERROR] test_sqlite_c126b9a7.db - f741991717519fa2c681f24d820d302a async pool creation failed: SqlitePoolManager._create_pool() takes 2 positional arguments but 3 were given
2025-05-07 13:43:37.166 [INFO] [INFO] Pool f741991717519fa2c681f24d820d302a marked as shutting down, no new connections allowed
2025-05-07 13:44:46.160 [INFO] [INFO] Thread 14308: Requesting sync connection for testdb_postgres
2025-05-07 13:44:46.186 [INFO] [INFO] Thread 14308: Sync connection created and cached for testdb_postgres in 0.03s
2025-05-07 13:44:46.189 [INFO] [INFO] Pool 039aa5ab782c53fb1f9eb3596f4c49fe marked as shutting down, no new connections allowed
2025-05-07 13:44:46.193 [INFO] [INFO] Thread 14308: Requesting sync connection for testdb_postgres
2025-05-07 13:44:46.209 [INFO] [INFO] Thread 14308: Sync connection created and cached for testdb_postgres in 0.02s
2025-05-07 13:44:46.210 [INFO] [INFO] Thread 14308: Requesting sync connection for testdb_postgres
2025-05-07 13:44:46.210 [INFO] [INFO] Thread 14308: Reusing existing sync connection for testdb_postgres
2025-05-07 13:44:46.216 [INFO] [INFO] Pool 039aa5ab782c53fb1f9eb3596f4c49fe marked as shutting down, no new connections allowed
2025-05-07 13:44:46.229 [INFO] [INFO] Pool 039aa5ab782c53fb1f9eb3596f4c49fe marked as shutting down, no new connections allowed
2025-05-07 13:44:46.427 [INFO] [INFO] testdb_postgres - 039aa5ab782c53fb1f9eb3596f4c49fe async pool initialized in 0.18s
2025-05-07 13:44:46.432 [INFO] [INFO] Pool status:
{"initialized": true, "alias": "testdb_postgres", "hash": "039aa5ab782c53fb1f9eb3596f4c49fe", "min_size": 3, "max_size": 20, "current_size": 20, "in_use": 1, "idle": 19, "active_connections": 0, "shutting_down": false, "metrics": {"total_acquired": 1, "total_released": 0, "current_active": 1, "peak_active": 1, "errors": 0, "timeouts": 0, "last_timeout": null, "avg_acquisition_time": 0.0}}
2025-05-07 13:44:46.450 [INFO] [INFO] Pool status:
{"initialized": true, "alias": "testdb_postgres", "hash": "039aa5ab782c53fb1f9eb3596f4c49fe", "min_size": 3, "max_size": 20, "current_size": 20, "in_use": 0, "idle": 20, "active_connections": 1, "shutting_down": false, "metrics": {"total_acquired": 1, "total_released": 1, "current_active": 0, "peak_active": 1, "errors": 0, "timeouts": 0, "last_timeout": null, "avg_acquisition_time": 0.0}}
2025-05-07 13:44:46.937 [INFO] [INFO] Pool 039aa5ab782c53fb1f9eb3596f4c49fe marked as shutting down, no new connections allowed
2025-05-07 13:44:46.938 [ERROR] [ERROR] Error closing pool for 039aa5ab782c53fb1f9eb3596f4c49fe: Pool.close() got an unexpected keyword argument 'cancel_tasks'
2025-05-07 13:44:47.124 [INFO] [INFO] testdb_postgres - 039aa5ab782c53fb1f9eb3596f4c49fe async pool initialized in 0.18s
2025-05-07 13:44:47.128 [INFO] [INFO] Pool status:
{"initialized": true, "alias": "testdb_postgres", "hash": "039aa5ab782c53fb1f9eb3596f4c49fe", "min_size": 3, "max_size": 20, "current_size": 20, "in_use": 1, "idle": 19, "active_connections": 0, "shutting_down": false, "metrics": {"total_acquired": 2, "total_released": 1, "current_active": 1, "peak_active": 1, "errors": 0, "timeouts": 0, "last_timeout": null, "avg_acquisition_time": 0.0}}
2025-05-07 13:44:47.133 [INFO] [INFO] Pool status:
{"initialized": true, "alias": "testdb_postgres", "hash": "039aa5ab782c53fb1f9eb3596f4c49fe", "min_size": 3, "max_size": 20, "current_size": 20, "in_use": 0, "idle": 20, "active_connections": 1, "shutting_down": false, "metrics": {"total_acquired": 2, "total_released": 2, "current_active": 0, "peak_active": 1, "errors": 0, "timeouts": 0, "last_timeout": null, "avg_acquisition_time": 0.0}}
2025-05-07 13:44:47.145 [INFO] [INFO] Pool 039aa5ab782c53fb1f9eb3596f4c49fe marked as shutting down, no new connections allowed
2025-05-07 13:44:47.145 [ERROR] [ERROR] Error closing pool for 039aa5ab782c53fb1f9eb3596f4c49fe: Pool.close() got an unexpected keyword argument 'cancel_tasks'
2025-05-07 13:44:47.148 [INFO] [INFO] Thread 14308: Requesting sync connection for testdb_postgres
2025-05-07 13:44:47.164 [INFO] [INFO] Thread 14308: Sync connection created and cached for testdb_postgres in 0.02s
2025-05-07 13:44:47.355 [INFO] [INFO] testdb_postgres - 039aa5ab782c53fb1f9eb3596f4c49fe async pool initialized in 0.19s
2025-05-07 13:44:47.360 [INFO] [INFO] Pool status:
{"initialized": true, "alias": "testdb_postgres", "hash": "039aa5ab782c53fb1f9eb3596f4c49fe", "min_size": 3, "max_size": 20, "current_size": 20, "in_use": 1, "idle": 19, "active_connections": 0, "shutting_down": false, "metrics": {"total_acquired": 3, "total_released": 2, "current_active": 1, "peak_active": 1, "errors": 0, "timeouts": 0, "last_timeout": null, "avg_acquisition_time": 0.0}}
2025-05-07 13:44:47.370 [INFO] [INFO] Pool status:
{"initialized": true, "alias": "testdb_postgres", "hash": "039aa5ab782c53fb1f9eb3596f4c49fe", "min_size": 3, "max_size": 20, "current_size": 20, "in_use": 0, "idle": 20, "active_connections": 1, "shutting_down": false, "metrics": {"total_acquired": 3, "total_released": 3, "current_active": 0, "peak_active": 1, "errors": 0, "timeouts": 0, "last_timeout": null, "avg_acquisition_time": 0.0}}
2025-05-07 13:44:47.381 [INFO] [INFO] Pool 039aa5ab782c53fb1f9eb3596f4c49fe marked as shutting down, no new connections allowed
2025-05-07 13:44:47.381 [ERROR] [ERROR] Error closing pool for 039aa5ab782c53fb1f9eb3596f4c49fe: Pool.close() got an unexpected keyword argument 'cancel_tasks'
2025-05-07 13:44:47.383 [INFO] [INFO] Thread 14308: Requesting sync connection for testdb_postgres
2025-05-07 13:44:47.399 [INFO] [INFO] Thread 14308: Sync connection created and cached for testdb_postgres in 0.02s
2025-05-07 13:44:47.596 [INFO] [INFO] testdb_postgres - 039aa5ab782c53fb1f9eb3596f4c49fe async pool initialized in 0.19s
2025-05-07 13:44:47.599 [INFO] [INFO] Pool status:
{"initialized": true, "alias": "testdb_postgres", "hash": "039aa5ab782c53fb1f9eb3596f4c49fe", "min_size": 3, "max_size": 20, "current_size": 20, "in_use": 1, "idle": 19, "active_connections": 0, "shutting_down": false, "metrics": {"total_acquired": 4, "total_released": 3, "current_active": 1, "peak_active": 1, "errors": 0, "timeouts": 0, "last_timeout": null, "avg_acquisition_time": 0.0}}
2025-05-07 13:44:47.606 [INFO] [INFO] Pool status:
{"initialized": true, "alias": "testdb_postgres", "hash": "039aa5ab782c53fb1f9eb3596f4c49fe", "min_size": 3, "max_size": 20, "current_size": 20, "in_use": 0, "idle": 20, "active_connections": 1, "shutting_down": false, "metrics": {"total_acquired": 4, "total_released": 4, "current_active": 0, "peak_active": 1, "errors": 0, "timeouts": 0, "last_timeout": null, "avg_acquisition_time": 0.0}}
2025-05-07 13:44:47.618 [INFO] [INFO] Pool 039aa5ab782c53fb1f9eb3596f4c49fe marked as shutting down, no new connections allowed
2025-05-07 13:44:47.618 [ERROR] [ERROR] Error closing pool for 039aa5ab782c53fb1f9eb3596f4c49fe: Pool.close() got an unexpected keyword argument 'cancel_tasks'
2025-05-07 13:44:47.619 [INFO] [INFO] Thread 14308: Requesting sync connection for testdb_mysql
2025-05-07 13:44:47.628 [INFO] [INFO] Thread 14308: Sync connection created and cached for testdb_mysql in 0.01s
2025-05-07 13:44:47.631 [ERROR] [ERROR] testdb_mysql - a38f6583c7ceb10c7107caf0e8484dd2 async pool creation failed: MySqlPoolManager._create_pool() takes 2 positional arguments but 3 were given
2025-05-07 13:44:47.632 [ERROR] [ERROR] testdb_mysql - a38f6583c7ceb10c7107caf0e8484dd2 async pool creation failed: MySqlPoolManager._create_pool() takes 2 positional arguments but 3 were given
2025-05-07 13:44:47.926 [INFO] [INFO] Pool a38f6583c7ceb10c7107caf0e8484dd2 marked as shutting down, no new connections allowed
2025-05-07 13:44:47.928 [INFO] [INFO] Thread 14308: Requesting sync connection for testdb_mysql
2025-05-07 13:44:47.934 [INFO] [INFO] Thread 14308: Sync connection created and cached for testdb_mysql in 0.01s
2025-05-07 13:44:47.940 [ERROR] [ERROR] testdb_mysql - a38f6583c7ceb10c7107caf0e8484dd2 async pool creation failed: MySqlPoolManager._create_pool() takes 2 positional arguments but 3 were given
2025-05-07 13:44:47.941 [ERROR] [ERROR] testdb_mysql - a38f6583c7ceb10c7107caf0e8484dd2 async pool creation failed: MySqlPoolManager._create_pool() takes 2 positional arguments but 3 were given
2025-05-07 13:44:48.197 [INFO] [INFO] Pool a38f6583c7ceb10c7107caf0e8484dd2 marked as shutting down, no new connections allowed
2025-05-07 13:44:48.198 [INFO] [INFO] Thread 14308: Requesting sync connection for testdb_mysql
2025-05-07 13:44:48.207 [INFO] [INFO] Thread 14308: Sync connection created and cached for testdb_mysql in 0.01s
2025-05-07 13:44:48.218 [ERROR] [ERROR] testdb_mysql - a38f6583c7ceb10c7107caf0e8484dd2 async pool creation failed: MySqlPoolManager._create_pool() takes 2 positional arguments but 3 were given
2025-05-07 13:44:48.221 [ERROR] [ERROR] testdb_mysql - a38f6583c7ceb10c7107caf0e8484dd2 async pool creation failed: MySqlPoolManager._create_pool() takes 2 positional arguments but 3 were given
2025-05-07 13:44:48.485 [INFO] [INFO] Pool a38f6583c7ceb10c7107caf0e8484dd2 marked as shutting down, no new connections allowed
2025-05-07 13:44:48.486 [INFO] [INFO] Thread 14308: Requesting sync connection for test_sqlite_876999c5.db
2025-05-07 13:44:48.488 [INFO] [INFO] Thread 14308: Sync connection created and cached for test_sqlite_876999c5.db in 0.00s
2025-05-07 13:44:48.492 [ERROR] [ERROR] test_sqlite_876999c5.db - c7438755d2bd0ce6a5f863ad38055d1b async pool creation failed: SqlitePoolManager._create_pool() takes 2 positional arguments but 3 were given
2025-05-07 13:44:48.493 [ERROR] [ERROR] test_sqlite_876999c5.db - c7438755d2bd0ce6a5f863ad38055d1b async pool creation failed: SqlitePoolManager._create_pool() takes 2 positional arguments but 3 were given
2025-05-07 13:44:48.821 [INFO] [INFO] Pool c7438755d2bd0ce6a5f863ad38055d1b marked as shutting down, no new connections allowed
2025-05-07 13:44:48.837 [INFO] [INFO] Thread 14308: Requesting sync connection for test_sqlite_fc9e3b6f.db
2025-05-07 13:44:48.838 [INFO] [INFO] Thread 14308: Sync connection created and cached for test_sqlite_fc9e3b6f.db in 0.00s
2025-05-07 13:44:48.844 [ERROR] [ERROR] test_sqlite_fc9e3b6f.db - d4123f56431ec8f4ed50f1c43c12410b async pool creation failed: SqlitePoolManager._create_pool() takes 2 positional arguments but 3 were given
2025-05-07 13:44:48.852 [ERROR] [ERROR] test_sqlite_fc9e3b6f.db - d4123f56431ec8f4ed50f1c43c12410b async pool creation failed: SqlitePoolManager._create_pool() takes 2 positional arguments but 3 were given
2025-05-07 13:44:49.470 [INFO] [INFO] Pool d4123f56431ec8f4ed50f1c43c12410b marked as shutting down, no new connections allowed
2025-05-07 13:44:49.569 [INFO] [INFO] Thread 14308: Requesting sync connection for test_sqlite_5e168888.db
2025-05-07 13:44:49.571 [INFO] [INFO] Thread 14308: Sync connection created and cached for test_sqlite_5e168888.db in 0.00s
2025-05-07 13:44:49.578 [ERROR] [ERROR] test_sqlite_5e168888.db - 26cf1cf99cd1d27d86fa5646db4731e7 async pool creation failed: SqlitePoolManager._create_pool() takes 2 positional arguments but 3 were given
2025-05-07 13:44:49.579 [ERROR] [ERROR] test_sqlite_5e168888.db - 26cf1cf99cd1d27d86fa5646db4731e7 async pool creation failed: SqlitePoolManager._create_pool() takes 2 positional arguments but 3 were given
2025-05-07 13:44:50.141 [INFO] [INFO] Pool 26cf1cf99cd1d27d86fa5646db4731e7 marked as shutting down, no new connections allowed
2025-05-07 13:46:57.842 [INFO] [INFO] Thread 45452: Requesting sync connection for testdb_postgres
2025-05-07 13:46:57.866 [INFO] [INFO] Thread 45452: Sync connection created and cached for testdb_postgres in 0.02s
2025-05-07 13:46:57.870 [INFO] [INFO] Pool 039aa5ab782c53fb1f9eb3596f4c49fe marked as shutting down, no new connections allowed
2025-05-07 13:46:57.875 [INFO] [INFO] Thread 45452: Requesting sync connection for testdb_postgres
2025-05-07 13:46:57.891 [INFO] [INFO] Thread 45452: Sync connection created and cached for testdb_postgres in 0.02s
2025-05-07 13:46:57.892 [INFO] [INFO] Thread 45452: Requesting sync connection for testdb_postgres
2025-05-07 13:46:57.892 [INFO] [INFO] Thread 45452: Reusing existing sync connection for testdb_postgres
2025-05-07 13:46:57.896 [INFO] [INFO] Pool 039aa5ab782c53fb1f9eb3596f4c49fe marked as shutting down, no new connections allowed
2025-05-07 13:46:57.903 [INFO] [INFO] Pool 039aa5ab782c53fb1f9eb3596f4c49fe marked as shutting down, no new connections allowed
2025-05-07 13:46:58.086 [INFO] [INFO] testdb_postgres - 039aa5ab782c53fb1f9eb3596f4c49fe async pool initialized in 0.18s
2025-05-07 13:46:58.090 [INFO] [INFO] Pool status:
{"initialized": true, "alias": "testdb_postgres", "hash": "039aa5ab782c53fb1f9eb3596f4c49fe", "min_size": 3, "max_size": 20, "current_size": 20, "in_use": 1, "idle": 19, "active_connections": 0, "shutting_down": false, "metrics": {"total_acquired": 1, "total_released": 0, "current_active": 1, "peak_active": 1, "errors": 0, "timeouts": 0, "last_timeout": null, "avg_acquisition_time": 0.0}}
2025-05-07 13:46:58.107 [INFO] [INFO] Pool status:
{"initialized": true, "alias": "testdb_postgres", "hash": "039aa5ab782c53fb1f9eb3596f4c49fe", "min_size": 3, "max_size": 20, "current_size": 20, "in_use": 0, "idle": 20, "active_connections": 1, "shutting_down": false, "metrics": {"total_acquired": 1, "total_released": 1, "current_active": 0, "peak_active": 1, "errors": 0, "timeouts": 0, "last_timeout": null, "avg_acquisition_time": 0.0}}
2025-05-07 13:46:58.610 [INFO] [INFO] Pool 039aa5ab782c53fb1f9eb3596f4c49fe marked as shutting down, no new connections allowed
2025-05-07 13:46:58.610 [ERROR] [ERROR] Error closing pool for 039aa5ab782c53fb1f9eb3596f4c49fe: Pool.close() got an unexpected keyword argument 'cancel_tasks'
2025-05-07 13:46:58.785 [INFO] [INFO] testdb_postgres - 039aa5ab782c53fb1f9eb3596f4c49fe async pool initialized in 0.17s
2025-05-07 13:46:58.790 [INFO] [INFO] Pool status:
{"initialized": true, "alias": "testdb_postgres", "hash": "039aa5ab782c53fb1f9eb3596f4c49fe", "min_size": 3, "max_size": 20, "current_size": 20, "in_use": 1, "idle": 19, "active_connections": 0, "shutting_down": false, "metrics": {"total_acquired": 2, "total_released": 1, "current_active": 1, "peak_active": 1, "errors": 0, "timeouts": 0, "last_timeout": null, "avg_acquisition_time": 0.0}}
2025-05-07 13:46:58.797 [INFO] [INFO] Pool status:
{"initialized": true, "alias": "testdb_postgres", "hash": "039aa5ab782c53fb1f9eb3596f4c49fe", "min_size": 3, "max_size": 20, "current_size": 20, "in_use": 0, "idle": 20, "active_connections": 1, "shutting_down": false, "metrics": {"total_acquired": 2, "total_released": 2, "current_active": 0, "peak_active": 1, "errors": 0, "timeouts": 0, "last_timeout": null, "avg_acquisition_time": 0.0}}
2025-05-07 13:46:58.810 [INFO] [INFO] Pool 039aa5ab782c53fb1f9eb3596f4c49fe marked as shutting down, no new connections allowed
2025-05-07 13:46:58.810 [ERROR] [ERROR] Error closing pool for 039aa5ab782c53fb1f9eb3596f4c49fe: Pool.close() got an unexpected keyword argument 'cancel_tasks'
2025-05-07 13:46:58.813 [INFO] [INFO] Thread 45452: Requesting sync connection for testdb_postgres
2025-05-07 13:46:58.830 [INFO] [INFO] Thread 45452: Sync connection created and cached for testdb_postgres in 0.02s
2025-05-07 13:46:59.000 [INFO] [INFO] testdb_postgres - 039aa5ab782c53fb1f9eb3596f4c49fe async pool initialized in 0.16s
2025-05-07 13:46:59.006 [INFO] [INFO] Pool status:
{"initialized": true, "alias": "testdb_postgres", "hash": "039aa5ab782c53fb1f9eb3596f4c49fe", "min_size": 3, "max_size": 20, "current_size": 20, "in_use": 1, "idle": 19, "active_connections": 0, "shutting_down": false, "metrics": {"total_acquired": 3, "total_released": 2, "current_active": 1, "peak_active": 1, "errors": 0, "timeouts": 0, "last_timeout": null, "avg_acquisition_time": 0.0}}
2025-05-07 13:46:59.014 [INFO] [INFO] Pool status:
{"initialized": true, "alias": "testdb_postgres", "hash": "039aa5ab782c53fb1f9eb3596f4c49fe", "min_size": 3, "max_size": 20, "current_size": 20, "in_use": 0, "idle": 20, "active_connections": 1, "shutting_down": false, "metrics": {"total_acquired": 3, "total_released": 3, "current_active": 0, "peak_active": 1, "errors": 0, "timeouts": 0, "last_timeout": null, "avg_acquisition_time": 0.0}}
2025-05-07 13:46:59.029 [INFO] [INFO] Pool 039aa5ab782c53fb1f9eb3596f4c49fe marked as shutting down, no new connections allowed
2025-05-07 13:46:59.029 [ERROR] [ERROR] Error closing pool for 039aa5ab782c53fb1f9eb3596f4c49fe: Pool.close() got an unexpected keyword argument 'cancel_tasks'
2025-05-07 13:46:59.031 [INFO] [INFO] Thread 45452: Requesting sync connection for testdb_postgres
2025-05-07 13:46:59.049 [INFO] [INFO] Thread 45452: Sync connection created and cached for testdb_postgres in 0.02s
2025-05-07 13:46:59.317 [INFO] [INFO] testdb_postgres - 039aa5ab782c53fb1f9eb3596f4c49fe async pool initialized in 0.26s
2025-05-07 13:46:59.329 [INFO] [INFO] Pool status:
{"initialized": true, "alias": "testdb_postgres", "hash": "039aa5ab782c53fb1f9eb3596f4c49fe", "min_size": 3, "max_size": 20, "current_size": 20, "in_use": 1, "idle": 19, "active_connections": 0, "shutting_down": false, "metrics": {"total_acquired": 4, "total_released": 3, "current_active": 1, "peak_active": 1, "errors": 0, "timeouts": 0, "last_timeout": null, "avg_acquisition_time": 0.0}}
2025-05-07 13:46:59.339 [INFO] [INFO] Pool status:
{"initialized": true, "alias": "testdb_postgres", "hash": "039aa5ab782c53fb1f9eb3596f4c49fe", "min_size": 3, "max_size": 20, "current_size": 20, "in_use": 0, "idle": 20, "active_connections": 1, "shutting_down": false, "metrics": {"total_acquired": 4, "total_released": 4, "current_active": 0, "peak_active": 1, "errors": 0, "timeouts": 0, "last_timeout": null, "avg_acquisition_time": 0.0}}
2025-05-07 13:46:59.357 [INFO] [INFO] Pool 039aa5ab782c53fb1f9eb3596f4c49fe marked as shutting down, no new connections allowed
2025-05-07 13:46:59.357 [ERROR] [ERROR] Error closing pool for 039aa5ab782c53fb1f9eb3596f4c49fe: Pool.close() got an unexpected keyword argument 'cancel_tasks'
2025-05-07 13:46:59.359 [INFO] [INFO] Thread 45452: Requesting sync connection for testdb_mysql
2025-05-07 13:46:59.370 [INFO] [INFO] Thread 45452: Sync connection created and cached for testdb_mysql in 0.01s
2025-05-07 13:46:59.375 [ERROR] [ERROR] testdb_mysql - a38f6583c7ceb10c7107caf0e8484dd2 async pool creation failed: MySqlPoolManager._create_pool() takes 2 positional arguments but 3 were given
2025-05-07 13:46:59.377 [ERROR] [ERROR] testdb_mysql - a38f6583c7ceb10c7107caf0e8484dd2 async pool creation failed: MySqlPoolManager._create_pool() takes 2 positional arguments but 3 were given
2025-05-07 13:46:59.697 [INFO] [INFO] Pool a38f6583c7ceb10c7107caf0e8484dd2 marked as shutting down, no new connections allowed
2025-05-07 13:46:59.699 [INFO] [INFO] Thread 45452: Requesting sync connection for testdb_mysql
2025-05-07 13:46:59.711 [INFO] [INFO] Thread 45452: Sync connection created and cached for testdb_mysql in 0.01s
2025-05-07 13:46:59.718 [ERROR] [ERROR] testdb_mysql - a38f6583c7ceb10c7107caf0e8484dd2 async pool creation failed: MySqlPoolManager._create_pool() takes 2 positional arguments but 3 were given
2025-05-07 13:46:59.720 [ERROR] [ERROR] testdb_mysql - a38f6583c7ceb10c7107caf0e8484dd2 async pool creation failed: MySqlPoolManager._create_pool() takes 2 positional arguments but 3 were given
2025-05-07 13:47:00.064 [INFO] [INFO] Pool a38f6583c7ceb10c7107caf0e8484dd2 marked as shutting down, no new connections allowed
2025-05-07 13:47:00.068 [INFO] [INFO] Thread 45452: Requesting sync connection for testdb_mysql
2025-05-07 13:47:00.075 [INFO] [INFO] Thread 45452: Sync connection created and cached for testdb_mysql in 0.01s
2025-05-07 13:47:00.079 [ERROR] [ERROR] testdb_mysql - a38f6583c7ceb10c7107caf0e8484dd2 async pool creation failed: MySqlPoolManager._create_pool() takes 2 positional arguments but 3 were given
2025-05-07 13:47:00.080 [ERROR] [ERROR] testdb_mysql - a38f6583c7ceb10c7107caf0e8484dd2 async pool creation failed: MySqlPoolManager._create_pool() takes 2 positional arguments but 3 were given
2025-05-07 13:47:00.416 [INFO] [INFO] Pool a38f6583c7ceb10c7107caf0e8484dd2 marked as shutting down, no new connections allowed
2025-05-07 13:47:00.418 [INFO] [INFO] Thread 45452: Requesting sync connection for test_sqlite_f129af35.db
2025-05-07 13:47:00.420 [INFO] [INFO] Thread 45452: Sync connection created and cached for test_sqlite_f129af35.db in 0.00s
2025-05-07 13:47:00.428 [ERROR] [ERROR] test_sqlite_f129af35.db - 59c9e9b229ac840cfa62ad3843288038 async pool creation failed: SqlitePoolManager._create_pool() takes 2 positional arguments but 3 were given
2025-05-07 13:47:00.430 [ERROR] [ERROR] test_sqlite_f129af35.db - 59c9e9b229ac840cfa62ad3843288038 async pool creation failed: SqlitePoolManager._create_pool() takes 2 positional arguments but 3 were given
2025-05-07 13:47:00.712 [INFO] [INFO] Pool 59c9e9b229ac840cfa62ad3843288038 marked as shutting down, no new connections allowed
2025-05-07 13:47:00.723 [INFO] [INFO] Thread 45452: Requesting sync connection for test_sqlite_9362cc32.db
2025-05-07 13:47:00.724 [INFO] [INFO] Thread 45452: Sync connection created and cached for test_sqlite_9362cc32.db in 0.00s
2025-05-07 13:47:00.729 [ERROR] [ERROR] test_sqlite_9362cc32.db - 51df9608dd7dd5c9aec9309e1d34e348 async pool creation failed: SqlitePoolManager._create_pool() takes 2 positional arguments but 3 were given
2025-05-07 13:47:00.730 [ERROR] [ERROR] test_sqlite_9362cc32.db - 51df9608dd7dd5c9aec9309e1d34e348 async pool creation failed: SqlitePoolManager._create_pool() takes 2 positional arguments but 3 were given
2025-05-07 13:47:00.975 [INFO] [INFO] Pool 51df9608dd7dd5c9aec9309e1d34e348 marked as shutting down, no new connections allowed
2025-05-07 13:47:00.988 [INFO] [INFO] Thread 45452: Requesting sync connection for test_sqlite_4ffcabd5.db
2025-05-07 13:47:00.989 [INFO] [INFO] Thread 45452: Sync connection created and cached for test_sqlite_4ffcabd5.db in 0.00s
2025-05-07 13:47:00.994 [ERROR] [ERROR] test_sqlite_4ffcabd5.db - be99b9d065a8525fd86e47f69b1a8f5f async pool creation failed: SqlitePoolManager._create_pool() takes 2 positional arguments but 3 were given
2025-05-07 13:47:00.995 [ERROR] [ERROR] test_sqlite_4ffcabd5.db - be99b9d065a8525fd86e47f69b1a8f5f async pool creation failed: SqlitePoolManager._create_pool() takes 2 positional arguments but 3 were given
2025-05-07 13:47:01.287 [INFO] [INFO] Pool be99b9d065a8525fd86e47f69b1a8f5f marked as shutting down, no new connections allowed
2025-05-07 14:45:48.447 [INFO] [INFO] Thread 42412: Requesting sync connection for testdb_postgres
2025-05-07 14:45:48.490 [INFO] [INFO] Thread 42412: Sync connection created and cached for testdb_postgres in 0.04s
2025-05-07 14:45:48.492 [INFO] [INFO] Pool 039aa5ab782c53fb1f9eb3596f4c49fe marked as shutting down, no new connections allowed
2025-05-07 14:45:48.497 [INFO] [INFO] Thread 42412: Requesting sync connection for testdb_postgres
2025-05-07 14:45:48.515 [INFO] [INFO] Thread 42412: Sync connection created and cached for testdb_postgres in 0.02s
2025-05-07 14:45:48.517 [INFO] [INFO] Thread 42412: Requesting sync connection for testdb_postgres
2025-05-07 14:45:48.517 [INFO] [INFO] Thread 42412: Reusing existing sync connection for testdb_postgres
2025-05-07 14:45:48.533 [INFO] [INFO] Pool 039aa5ab782c53fb1f9eb3596f4c49fe marked as shutting down, no new connections allowed
2025-05-07 14:45:48.538 [INFO] [INFO] Pool 039aa5ab782c53fb1f9eb3596f4c49fe marked as shutting down, no new connections allowed
2025-05-07 14:45:48.747 [INFO] [INFO] testdb_postgres - 039aa5ab782c53fb1f9eb3596f4c49fe async pool initialized in 0.20s
2025-05-07 14:45:48.751 [INFO] [INFO] Pool status:
{"initialized": true, "alias": "testdb_postgres", "hash": "039aa5ab782c53fb1f9eb3596f4c49fe", "min_size": 3, "max_size": 20, "current_size": 20, "in_use": 1, "idle": 19, "active_connections": 0, "shutting_down": false, "metrics": {"total_acquired": 1, "total_released": 0, "current_active": 1, "peak_active": 1, "errors": 0, "timeouts": 0, "last_timeout": null, "avg_acquisition_time": 0.0}}
2025-05-07 14:45:48.778 [INFO] [INFO] Pool status:
{"initialized": true, "alias": "testdb_postgres", "hash": "039aa5ab782c53fb1f9eb3596f4c49fe", "min_size": 3, "max_size": 20, "current_size": 20, "in_use": 0, "idle": 20, "active_connections": 1, "shutting_down": false, "metrics": {"total_acquired": 1, "total_released": 1, "current_active": 0, "peak_active": 1, "errors": 0, "timeouts": 0, "last_timeout": null, "avg_acquisition_time": 0.0}}
2025-05-07 14:45:49.306 [INFO] [INFO] Pool 039aa5ab782c53fb1f9eb3596f4c49fe marked as shutting down, no new connections allowed
2025-05-07 14:45:49.307 [ERROR] [ERROR] Error closing pool for 039aa5ab782c53fb1f9eb3596f4c49fe: Pool.close() got an unexpected keyword argument 'cancel_tasks'
2025-05-07 14:45:49.477 [INFO] [INFO] testdb_postgres - 039aa5ab782c53fb1f9eb3596f4c49fe async pool initialized in 0.16s
2025-05-07 14:45:49.481 [INFO] [INFO] Pool status:
{"initialized": true, "alias": "testdb_postgres", "hash": "039aa5ab782c53fb1f9eb3596f4c49fe", "min_size": 3, "max_size": 20, "current_size": 20, "in_use": 1, "idle": 19, "active_connections": 0, "shutting_down": false, "metrics": {"total_acquired": 2, "total_released": 1, "current_active": 1, "peak_active": 1, "errors": 0, "timeouts": 0, "last_timeout": null, "avg_acquisition_time": 0.0}}
2025-05-07 14:45:49.487 [INFO] [INFO] Pool status:
{"initialized": true, "alias": "testdb_postgres", "hash": "039aa5ab782c53fb1f9eb3596f4c49fe", "min_size": 3, "max_size": 20, "current_size": 20, "in_use": 0, "idle": 20, "active_connections": 1, "shutting_down": false, "metrics": {"total_acquired": 2, "total_released": 2, "current_active": 0, "peak_active": 1, "errors": 0, "timeouts": 0, "last_timeout": null, "avg_acquisition_time": 0.0}}
2025-05-07 14:45:49.498 [INFO] [INFO] Pool 039aa5ab782c53fb1f9eb3596f4c49fe marked as shutting down, no new connections allowed
2025-05-07 14:45:49.498 [ERROR] [ERROR] Error closing pool for 039aa5ab782c53fb1f9eb3596f4c49fe: Pool.close() got an unexpected keyword argument 'cancel_tasks'
2025-05-07 14:45:49.501 [INFO] [INFO] Thread 42412: Requesting sync connection for testdb_postgres
2025-05-07 14:45:49.520 [INFO] [INFO] Thread 42412: Sync connection created and cached for testdb_postgres in 0.02s
2025-05-07 14:45:49.744 [INFO] [INFO] testdb_postgres - 039aa5ab782c53fb1f9eb3596f4c49fe async pool initialized in 0.22s
2025-05-07 14:45:49.749 [INFO] [INFO] Pool status:
{"initialized": true, "alias": "testdb_postgres", "hash": "039aa5ab782c53fb1f9eb3596f4c49fe", "min_size": 3, "max_size": 20, "current_size": 20, "in_use": 1, "idle": 19, "active_connections": 0, "shutting_down": false, "metrics": {"total_acquired": 3, "total_released": 2, "current_active": 1, "peak_active": 1, "errors": 0, "timeouts": 0, "last_timeout": null, "avg_acquisition_time": 0.0}}
2025-05-07 14:45:49.755 [INFO] [INFO] Pool status:
{"initialized": true, "alias": "testdb_postgres", "hash": "039aa5ab782c53fb1f9eb3596f4c49fe", "min_size": 3, "max_size": 20, "current_size": 20, "in_use": 0, "idle": 20, "active_connections": 1, "shutting_down": false, "metrics": {"total_acquired": 3, "total_released": 3, "current_active": 0, "peak_active": 1, "errors": 0, "timeouts": 0, "last_timeout": null, "avg_acquisition_time": 0.0}}
2025-05-07 14:45:49.779 [INFO] [INFO] Pool 039aa5ab782c53fb1f9eb3596f4c49fe marked as shutting down, no new connections allowed
2025-05-07 14:45:49.787 [ERROR] [ERROR] Error closing pool for 039aa5ab782c53fb1f9eb3596f4c49fe: Pool.close() got an unexpected keyword argument 'cancel_tasks'
2025-05-07 14:45:49.794 [INFO] [INFO] Thread 42412: Requesting sync connection for testdb_postgres
2025-05-07 14:45:49.857 [INFO] [INFO] Thread 42412: Sync connection created and cached for testdb_postgres in 0.05s
2025-05-07 14:45:50.247 [INFO] [INFO] testdb_postgres - 039aa5ab782c53fb1f9eb3596f4c49fe async pool initialized in 0.25s
2025-05-07 14:45:50.251 [INFO] [INFO] Pool status:
{"initialized": true, "alias": "testdb_postgres", "hash": "039aa5ab782c53fb1f9eb3596f4c49fe", "min_size": 3, "max_size": 20, "current_size": 20, "in_use": 1, "idle": 19, "active_connections": 0, "shutting_down": false, "metrics": {"total_acquired": 4, "total_released": 3, "current_active": 1, "peak_active": 1, "errors": 0, "timeouts": 0, "last_timeout": null, "avg_acquisition_time": 0.0}}
2025-05-07 14:45:50.258 [INFO] [INFO] Pool status:
{"initialized": true, "alias": "testdb_postgres", "hash": "039aa5ab782c53fb1f9eb3596f4c49fe", "min_size": 3, "max_size": 20, "current_size": 20, "in_use": 0, "idle": 20, "active_connections": 1, "shutting_down": false, "metrics": {"total_acquired": 4, "total_released": 4, "current_active": 0, "peak_active": 1, "errors": 0, "timeouts": 0, "last_timeout": null, "avg_acquisition_time": 0.0}}
2025-05-07 14:45:50.271 [INFO] [INFO] Pool 039aa5ab782c53fb1f9eb3596f4c49fe marked as shutting down, no new connections allowed
2025-05-07 14:45:50.271 [ERROR] [ERROR] Error closing pool for 039aa5ab782c53fb1f9eb3596f4c49fe: Pool.close() got an unexpected keyword argument 'cancel_tasks'
2025-05-07 14:45:50.272 [INFO] [INFO] Thread 42412: Requesting sync connection for testdb_mysql
2025-05-07 14:45:50.291 [INFO] [INFO] Thread 42412: Sync connection created and cached for testdb_mysql in 0.02s
2025-05-07 14:45:50.295 [ERROR] [ERROR] testdb_mysql - a38f6583c7ceb10c7107caf0e8484dd2 async pool creation failed: MySqlPoolManager._create_pool() takes 2 positional arguments but 3 were given
2025-05-07 14:45:50.296 [ERROR] [ERROR] testdb_mysql - a38f6583c7ceb10c7107caf0e8484dd2 async pool creation failed: MySqlPoolManager._create_pool() takes 2 positional arguments but 3 were given
2025-05-07 14:45:50.667 [INFO] [INFO] Pool a38f6583c7ceb10c7107caf0e8484dd2 marked as shutting down, no new connections allowed
2025-05-07 14:45:50.668 [INFO] [INFO] Thread 42412: Requesting sync connection for testdb_mysql
2025-05-07 14:45:50.676 [INFO] [INFO] Thread 42412: Sync connection created and cached for testdb_mysql in 0.01s
2025-05-07 14:45:50.682 [ERROR] [ERROR] testdb_mysql - a38f6583c7ceb10c7107caf0e8484dd2 async pool creation failed: MySqlPoolManager._create_pool() takes 2 positional arguments but 3 were given
2025-05-07 14:45:50.684 [ERROR] [ERROR] testdb_mysql - a38f6583c7ceb10c7107caf0e8484dd2 async pool creation failed: MySqlPoolManager._create_pool() takes 2 positional arguments but 3 were given
2025-05-07 14:45:50.986 [INFO] [INFO] Pool a38f6583c7ceb10c7107caf0e8484dd2 marked as shutting down, no new connections allowed
2025-05-07 14:45:50.988 [INFO] [INFO] Thread 42412: Requesting sync connection for testdb_mysql
2025-05-07 14:45:50.997 [INFO] [INFO] Thread 42412: Sync connection created and cached for testdb_mysql in 0.01s
2025-05-07 14:45:51.002 [ERROR] [ERROR] testdb_mysql - a38f6583c7ceb10c7107caf0e8484dd2 async pool creation failed: MySqlPoolManager._create_pool() takes 2 positional arguments but 3 were given
2025-05-07 14:45:51.003 [ERROR] [ERROR] testdb_mysql - a38f6583c7ceb10c7107caf0e8484dd2 async pool creation failed: MySqlPoolManager._create_pool() takes 2 positional arguments but 3 were given
2025-05-07 14:45:51.326 [INFO] [INFO] Pool a38f6583c7ceb10c7107caf0e8484dd2 marked as shutting down, no new connections allowed
2025-05-07 14:45:51.329 [INFO] [INFO] Thread 42412: Requesting sync connection for test_sqlite_cf1782f8.db
2025-05-07 14:45:51.331 [INFO] [INFO] Thread 42412: Sync connection created and cached for test_sqlite_cf1782f8.db in 0.00s
2025-05-07 14:45:51.335 [ERROR] [ERROR] test_sqlite_cf1782f8.db - e28c30ff72102eb8b7863753eababa47 async pool creation failed: SqlitePoolManager._create_pool() takes 2 positional arguments but 3 were given
2025-05-07 14:45:51.336 [ERROR] [ERROR] test_sqlite_cf1782f8.db - e28c30ff72102eb8b7863753eababa47 async pool creation failed: SqlitePoolManager._create_pool() takes 2 positional arguments but 3 were given
2025-05-07 14:45:51.655 [INFO] [INFO] Pool e28c30ff72102eb8b7863753eababa47 marked as shutting down, no new connections allowed
2025-05-07 14:45:51.692 [INFO] [INFO] Thread 42412: Requesting sync connection for test_sqlite_c59ed920.db
2025-05-07 14:45:51.694 [INFO] [INFO] Thread 42412: Sync connection created and cached for test_sqlite_c59ed920.db in 0.00s
2025-05-07 14:45:51.710 [ERROR] [ERROR] test_sqlite_c59ed920.db - 7224acf02ae49299ea1f1e88206e5190 async pool creation failed: SqlitePoolManager._create_pool() takes 2 positional arguments but 3 were given
2025-05-07 14:45:51.712 [ERROR] [ERROR] test_sqlite_c59ed920.db - 7224acf02ae49299ea1f1e88206e5190 async pool creation failed: SqlitePoolManager._create_pool() takes 2 positional arguments but 3 were given
2025-05-07 14:45:52.593 [INFO] [INFO] Pool 7224acf02ae49299ea1f1e88206e5190 marked as shutting down, no new connections allowed
2025-05-07 14:45:52.654 [INFO] [INFO] Thread 42412: Requesting sync connection for test_sqlite_6e6c3acb.db
2025-05-07 14:45:52.655 [INFO] [INFO] Thread 42412: Sync connection created and cached for test_sqlite_6e6c3acb.db in 0.00s
2025-05-07 14:45:52.717 [ERROR] [ERROR] test_sqlite_6e6c3acb.db - 4db9f21e701cd54980aea520c2956a0c async pool creation failed: SqlitePoolManager._create_pool() takes 2 positional arguments but 3 were given
2025-05-07 14:45:52.722 [ERROR] [ERROR] test_sqlite_6e6c3acb.db - 4db9f21e701cd54980aea520c2956a0c async pool creation failed: SqlitePoolManager._create_pool() takes 2 positional arguments but 3 were given
2025-05-07 14:45:53.581 [INFO] [INFO] Pool 4db9f21e701cd54980aea520c2956a0c marked as shutting down, no new connections allowed
2025-05-07 15:14:25.822 [ERROR] [ERROR] Validation error while patching PostgresAsyncConnection: Unsafe patch: AsyncConnection.__init__ receives parameters {'kwargs', 'args'} from below that it doesn't accept.
MRO path: PostgresAsyncConnection -> EntityAsyncMixin -> EntityUtils -> AsyncConnection
Culprits that forward unexpected parameters:
 - EntityUtils forwards: {'kwargs', 'args'}
2025-05-07 15:41:43.495 [ERROR] [ERROR] Validation error while patching PostgresAsyncConnection: Unsafe patch: BaseConnection.__init__ receives parameters {'conn'} from below that it doesn't accept.
MRO path: PostgresAsyncConnection -> EntityAsyncMixin -> EntityUtils -> AsyncConnection -> BaseConnection
Culprits that forward unexpected parameters:
 - PostgresAsyncConnection forwards: {'conn'}
2025-05-07 15:47:27.262 [ERROR] [ERROR] Validation error while patching PostgresAsyncConnection: tuple.index(x): x not in tuple
2025-05-07 15:47:27.262 [WARN] [WARN] Continuing despite validation error; parameter inconsistencies may cause runtime issues
2025-05-07 18:35:58.234 [WARN] [WARN] Target class PostgresAsyncConnection not found in MRO, using full validation
2025-05-07 18:35:58.242 [ERROR] [ERROR] Validation error while patching PostgresAsyncConnection: Unsafe patch: BaseConnection.__init__ receives parameters {'conn'} from below that it doesn't accept.
MRO path: PostgresAsyncConnection -> EntityAsyncMixin -> EntityUtils -> AsyncConnection -> BaseConnection
Culprits that forward unexpected parameters:
 - PostgresAsyncConnection forwards: {'conn'}
2025-05-07 18:35:58.243 [WARN] [WARN] Continuing despite validation error; parameter inconsistencies may cause runtime issues
2025-05-07 19:22:36.810 [ERROR] [ERROR] Validation error while patching PostgresAsyncConnection: Unsafe patch: EntityAsyncMixin.__init__ receives parameters {'conn'} from below that it doesn't accept.
MRO path: PostgresAsyncConnection -> EntityAsyncMixin
Culprits that forward unexpected parameters:
 - PostgresAsyncConnection forwards: {'conn'}
2025-05-07 19:22:36.812 [WARN] [WARN] Continuing despite validation error; parameter inconsistencies may cause runtime issues
