2025-12-27 13:58:59.208 [INFO] [INFO] SqlitePoolManager - _leak_detection_task -  Task started: will check and reclaim leaked or idle connections from the pool | pool_name=./data/agents.db check_interval_mins=5 component=SqlitePoolManager subcomponent=_leak_detection_task service_name=service-33356 environment=dev
2025-12-27 13:58:59.238 [INFO] [INFO] SqlitePoolManager - _initialize_pool_if_needed -  ./data/agents.db pool initialized in 0.08s | component=SqlitePoolManager subcomponent=_initialize_pool_if_needed service_name=service-33356 environment=dev
2025-12-27 13:58:59.244 [INFO] [INFO] SqlitePoolManager - _track_metrics -  Pool status:
{"initialized": true, "alias": "./data/agents.db", "hash": "8b88d2db2dfd3952", "min_size": 1, "max_size": 1, "current_size": 1, "in_use": 1, "idle": 0, "active_connections": 0, "shutting_down": false, "metrics": {"total_acquired": 1, "total_released": 0, "current_active": 1, "peak_active": 1, "errors": 0, "timeouts": 0, "last_timeout": null, "avg_acquisition_time": 0.0}} | component=SqlitePoolManager subcomponent=_track_metrics service_name=service-33356 environment=dev
2025-12-27 13:58:59.580 [INFO] [INFO] SqlitePoolManager - _track_metrics -  Pool status:
{"initialized": true, "alias": "./data/agents.db", "hash": "8b88d2db2dfd3952", "min_size": 1, "max_size": 1, "current_size": 1, "in_use": 0, "idle": 1, "active_connections": 1, "shutting_down": false, "metrics": {"total_acquired": 1, "total_released": 1, "current_active": 0, "peak_active": 1, "errors": 0, "timeouts": 0, "last_timeout": null, "avg_acquisition_time": 0.0}} | component=SqlitePoolManager subcomponent=_track_metrics service_name=service-33356 environment=dev
2025-12-27 13:58:59.755 [INFO] [INFO] SqlitePoolManager - _track_metrics -  Pool status:
{"initialized": true, "alias": "./data/agents.db", "hash": "8b88d2db2dfd3952", "min_size": 1, "max_size": 1, "current_size": 1, "in_use": 1, "idle": 0, "active_connections": 0, "shutting_down": false, "metrics": {"total_acquired": 2, "total_released": 1, "current_active": 1, "peak_active": 1, "errors": 0, "timeouts": 0, "last_timeout": null, "avg_acquisition_time": 0.0}} | component=SqlitePoolManager subcomponent=_track_metrics service_name=service-33356 environment=dev
2025-12-27 13:58:59.765 [INFO] [INFO] SqlitePoolManager - _track_metrics -  Pool status:
{"initialized": true, "alias": "./data/agents.db", "hash": "8b88d2db2dfd3952", "min_size": 1, "max_size": 1, "current_size": 1, "in_use": 0, "idle": 1, "active_connections": 1, "shutting_down": false, "metrics": {"total_acquired": 2, "total_released": 2, "current_active": 0, "peak_active": 1, "errors": 0, "timeouts": 0, "last_timeout": null, "avg_acquisition_time": 0.0}} | component=SqlitePoolManager subcomponent=_track_metrics service_name=service-33356 environment=dev
2025-12-27 14:05:53.080 [INFO] [INFO] pool_manager - close_pool -  Pool 8b88d2db2dfd3952 marked as shutting down, no new connections allowed | component=pool_manager subcomponent=close_pool service_name=service-33356 environment=dev
2025-12-27 14:05:54.010 [INFO] [INFO] pool_manager - close_pool -  Pool for 8b88d2db2dfd3952 closed | component=pool_manager subcomponent=close_pool service_name=service-33356 environment=dev
2025-12-27 14:05:54.196 [INFO] [INFO] SqlitePoolManager - _leak_detection_task -  Leak detection task cancelled | pool_name=./data/agents.db component=SqlitePoolManager subcomponent=_leak_detection_task service_name=service-33356 environment=dev
2025-12-27 14:05:54.205 [INFO] [INFO] SqlitePoolManager - _leak_detection_task -  Leak detection task for ./data/agents.db exiting | pool_name=./data/agents.db component=SqlitePoolManager subcomponent=_leak_detection_task service_name=service-33356 environment=dev
2025-12-27 14:08:33.510 [INFO] [INFO] SqlitePoolManager - _leak_detection_task -  Task started: will check and reclaim leaked or idle connections from the pool | pool_name=./data/agents.db check_interval_mins=5 component=SqlitePoolManager subcomponent=_leak_detection_task service_name=service-20916 environment=dev
2025-12-27 14:08:33.555 [INFO] [INFO] SqlitePoolManager - _initialize_pool_if_needed -  ./data/agents.db pool initialized in 0.04s | component=SqlitePoolManager subcomponent=_initialize_pool_if_needed service_name=service-20916 environment=dev
2025-12-27 14:08:33.568 [INFO] [INFO] SqlitePoolManager - _track_metrics -  Pool status:
{"initialized": true, "alias": "./data/agents.db", "hash": "8b88d2db2dfd3952", "min_size": 1, "max_size": 1, "current_size": 1, "in_use": 1, "idle": 0, "active_connections": 0, "shutting_down": false, "metrics": {"total_acquired": 1, "total_released": 0, "current_active": 1, "peak_active": 1, "errors": 0, "timeouts": 0, "last_timeout": null, "avg_acquisition_time": 0.0}} | component=SqlitePoolManager subcomponent=_track_metrics service_name=service-20916 environment=dev
2025-12-27 14:08:33.908 [INFO] [INFO] SqlitePoolManager - _track_metrics -  Pool status:
{"initialized": true, "alias": "./data/agents.db", "hash": "8b88d2db2dfd3952", "min_size": 1, "max_size": 1, "current_size": 1, "in_use": 0, "idle": 1, "active_connections": 1, "shutting_down": false, "metrics": {"total_acquired": 1, "total_released": 1, "current_active": 0, "peak_active": 1, "errors": 0, "timeouts": 0, "last_timeout": null, "avg_acquisition_time": 0.0}} | component=SqlitePoolManager subcomponent=_track_metrics service_name=service-20916 environment=dev
2025-12-27 14:08:34.124 [INFO] [INFO] SqlitePoolManager - _track_metrics -  Pool status:
{"initialized": true, "alias": "./data/agents.db", "hash": "8b88d2db2dfd3952", "min_size": 1, "max_size": 1, "current_size": 1, "in_use": 1, "idle": 0, "active_connections": 0, "shutting_down": false, "metrics": {"total_acquired": 2, "total_released": 1, "current_active": 1, "peak_active": 1, "errors": 0, "timeouts": 0, "last_timeout": null, "avg_acquisition_time": 0.0}} | component=SqlitePoolManager subcomponent=_track_metrics service_name=service-20916 environment=dev
2025-12-27 14:08:34.145 [INFO] [INFO] SqlitePoolManager - _track_metrics -  Pool status:
{"initialized": true, "alias": "./data/agents.db", "hash": "8b88d2db2dfd3952", "min_size": 1, "max_size": 1, "current_size": 1, "in_use": 0, "idle": 1, "active_connections": 1, "shutting_down": false, "metrics": {"total_acquired": 2, "total_released": 2, "current_active": 0, "peak_active": 1, "errors": 0, "timeouts": 0, "last_timeout": null, "avg_acquisition_time": 0.0}} | component=SqlitePoolManager subcomponent=_track_metrics service_name=service-20916 environment=dev
2025-12-27 14:44:54.689 [INFO] [INFO] SqlitePoolManager - _track_metrics -  Pool status:
{"initialized": true, "alias": "./data/agents.db", "hash": "8b88d2db2dfd3952", "min_size": 1, "max_size": 1, "current_size": 1, "in_use": 1, "idle": 0, "active_connections": 0, "shutting_down": false, "metrics": {"total_acquired": 3, "total_released": 2, "current_active": 1, "peak_active": 1, "errors": 0, "timeouts": 0, "last_timeout": null, "avg_acquisition_time": 0.0}} | component=SqlitePoolManager subcomponent=_track_metrics service_name=service-20916 environment=dev
2025-12-27 14:44:54.999 [INFO] [INFO] SqliteAsyncConnection - _update_entity_metadata -  Found new field key in rate_limits with type str | component=SqliteAsyncConnection subcomponent=_update_entity_metadata service_name=service-20916 environment=dev
2025-12-27 14:44:55.003 [INFO] [INFO] SqliteAsyncConnection - _update_entity_metadata -  Found new field window_start in rate_limits with type str | component=SqliteAsyncConnection subcomponent=_update_entity_metadata service_name=service-20916 environment=dev
2025-12-27 14:44:55.006 [INFO] [INFO] SqliteAsyncConnection - _update_entity_metadata -  Found new field request_count in rate_limits with type int | component=SqliteAsyncConnection subcomponent=_update_entity_metadata service_name=service-20916 environment=dev
2025-12-27 14:44:55.012 [INFO] [INFO] SqliteAsyncConnection - _update_entity_metadata -  Adding column key to history table rate_limits_history | component=SqliteAsyncConnection subcomponent=_update_entity_metadata service_name=service-20916 environment=dev
2025-12-27 14:44:55.046 [INFO] [INFO] SqliteAsyncConnection - _update_entity_metadata -  Adding column window_start to history table rate_limits_history | component=SqliteAsyncConnection subcomponent=_update_entity_metadata service_name=service-20916 environment=dev
2025-12-27 14:44:55.068 [INFO] [INFO] SqliteAsyncConnection - _update_entity_metadata -  Adding column request_count to history table rate_limits_history | component=SqliteAsyncConnection subcomponent=_update_entity_metadata service_name=service-20916 environment=dev
2025-12-27 14:44:55.827 [WARN] [WARN] retry - async_wrapper -  Max retries (3) exceeded for _execute_statement_async: table rate_limits has no column named created_at | component=retry subcomponent=async_wrapper service_name=service-20916 environment=dev
2025-12-27 14:44:55.891 [INFO] [INFO] SqlitePoolManager - _track_metrics -  Pool status:
{"initialized": true, "alias": "./data/agents.db", "hash": "8b88d2db2dfd3952", "min_size": 1, "max_size": 1, "current_size": 1, "in_use": 0, "idle": 1, "active_connections": 1, "shutting_down": false, "metrics": {"total_acquired": 3, "total_released": 3, "current_active": 0, "peak_active": 1, "errors": 0, "timeouts": 0, "last_timeout": null, "avg_acquisition_time": 0.0}} | component=SqlitePoolManager subcomponent=_track_metrics service_name=service-20916 environment=dev
2025-12-27 14:45:22.496 [INFO] [INFO] SqlitePoolManager - _track_metrics -  Pool status:
{"initialized": true, "alias": "./data/agents.db", "hash": "8b88d2db2dfd3952", "min_size": 1, "max_size": 1, "current_size": 1, "in_use": 1, "idle": 0, "active_connections": 0, "shutting_down": false, "metrics": {"total_acquired": 4, "total_released": 3, "current_active": 1, "peak_active": 1, "errors": 0, "timeouts": 0, "last_timeout": null, "avg_acquisition_time": 0.0}} | component=SqlitePoolManager subcomponent=_track_metrics service_name=service-20916 environment=dev
2025-12-27 14:45:22.526 [INFO] [INFO] SqliteAsyncConnection - _update_entity_metadata -  Found new field key in rate_limits with type str | component=SqliteAsyncConnection subcomponent=_update_entity_metadata service_name=service-20916 environment=dev
2025-12-27 14:45:22.528 [INFO] [INFO] SqliteAsyncConnection - _update_entity_metadata -  Found new field window_start in rate_limits with type str | component=SqliteAsyncConnection subcomponent=_update_entity_metadata service_name=service-20916 environment=dev
2025-12-27 14:45:22.528 [INFO] [INFO] SqliteAsyncConnection - _update_entity_metadata -  Found new field request_count in rate_limits with type int | component=SqliteAsyncConnection subcomponent=_update_entity_metadata service_name=service-20916 environment=dev
2025-12-27 14:45:22.533 [INFO] [INFO] SqliteAsyncConnection - _update_entity_metadata -  Adding column key to history table rate_limits_history | component=SqliteAsyncConnection subcomponent=_update_entity_metadata service_name=service-20916 environment=dev
2025-12-27 14:45:22.539 [INFO] [INFO] SqliteAsyncConnection - _update_entity_metadata -  Adding column window_start to history table rate_limits_history | component=SqliteAsyncConnection subcomponent=_update_entity_metadata service_name=service-20916 environment=dev
2025-12-27 14:45:22.545 [INFO] [INFO] SqliteAsyncConnection - _update_entity_metadata -  Adding column request_count to history table rate_limits_history | component=SqliteAsyncConnection subcomponent=_update_entity_metadata service_name=service-20916 environment=dev
2025-12-27 14:45:23.324 [WARN] [WARN] retry - async_wrapper -  Max retries (3) exceeded for _execute_statement_async: table rate_limits has no column named created_at | component=retry subcomponent=async_wrapper service_name=service-20916 environment=dev
2025-12-27 14:45:23.331 [INFO] [INFO] SqlitePoolManager - _track_metrics -  Pool status:
{"initialized": true, "alias": "./data/agents.db", "hash": "8b88d2db2dfd3952", "min_size": 1, "max_size": 1, "current_size": 1, "in_use": 0, "idle": 1, "active_connections": 1, "shutting_down": false, "metrics": {"total_acquired": 4, "total_released": 4, "current_active": 0, "peak_active": 1, "errors": 0, "timeouts": 0, "last_timeout": null, "avg_acquisition_time": 0.0}} | component=SqlitePoolManager subcomponent=_track_metrics service_name=service-20916 environment=dev
2025-12-27 14:45:23.398 [INFO] [INFO] SqlitePoolManager - _track_metrics -  Pool status:
{"initialized": true, "alias": "./data/agents.db", "hash": "8b88d2db2dfd3952", "min_size": 1, "max_size": 1, "current_size": 1, "in_use": 1, "idle": 0, "active_connections": 0, "shutting_down": false, "metrics": {"total_acquired": 5, "total_released": 4, "current_active": 1, "peak_active": 1, "errors": 0, "timeouts": 0, "last_timeout": null, "avg_acquisition_time": 0.0}} | component=SqlitePoolManager subcomponent=_track_metrics service_name=service-20916 environment=dev
2025-12-27 14:45:23.443 [INFO] [INFO] SqliteAsyncConnection - _update_entity_metadata -  Found new field key in rate_limits with type str | component=SqliteAsyncConnection subcomponent=_update_entity_metadata service_name=service-20916 environment=dev
2025-12-27 14:45:23.443 [INFO] [INFO] SqliteAsyncConnection - _update_entity_metadata -  Found new field window_start in rate_limits with type str | component=SqliteAsyncConnection subcomponent=_update_entity_metadata service_name=service-20916 environment=dev
2025-12-27 14:45:23.443 [INFO] [INFO] SqliteAsyncConnection - _update_entity_metadata -  Found new field request_count in rate_limits with type int | component=SqliteAsyncConnection subcomponent=_update_entity_metadata service_name=service-20916 environment=dev
2025-12-27 14:45:23.453 [INFO] [INFO] SqliteAsyncConnection - _update_entity_metadata -  Adding column key to history table rate_limits_history | component=SqliteAsyncConnection subcomponent=_update_entity_metadata service_name=service-20916 environment=dev
2025-12-27 14:45:23.462 [INFO] [INFO] SqliteAsyncConnection - _update_entity_metadata -  Adding column window_start to history table rate_limits_history | component=SqliteAsyncConnection subcomponent=_update_entity_metadata service_name=service-20916 environment=dev
2025-12-27 14:45:23.462 [INFO] [INFO] SqliteAsyncConnection - _update_entity_metadata -  Adding column request_count to history table rate_limits_history | component=SqliteAsyncConnection subcomponent=_update_entity_metadata service_name=service-20916 environment=dev
2025-12-27 14:45:24.136 [WARN] [WARN] retry - async_wrapper -  Max retries (3) exceeded for _execute_statement_async: table rate_limits has no column named created_at | component=retry subcomponent=async_wrapper service_name=service-20916 environment=dev
2025-12-27 14:45:24.140 [INFO] [INFO] SqlitePoolManager - _track_metrics -  Pool status:
{"initialized": true, "alias": "./data/agents.db", "hash": "8b88d2db2dfd3952", "min_size": 1, "max_size": 1, "current_size": 1, "in_use": 0, "idle": 1, "active_connections": 1, "shutting_down": false, "metrics": {"total_acquired": 5, "total_released": 5, "current_active": 0, "peak_active": 1, "errors": 0, "timeouts": 0, "last_timeout": null, "avg_acquisition_time": 0.0}} | component=SqlitePoolManager subcomponent=_track_metrics service_name=service-20916 environment=dev
2025-12-27 14:50:35.950 [INFO] [INFO] SqlitePoolManager - _track_metrics -  Pool status:
{"initialized": true, "alias": "./data/agents.db", "hash": "8b88d2db2dfd3952", "min_size": 1, "max_size": 1, "current_size": 1, "in_use": 1, "idle": 0, "active_connections": 0, "shutting_down": false, "metrics": {"total_acquired": 6, "total_released": 5, "current_active": 1, "peak_active": 1, "errors": 0, "timeouts": 0, "last_timeout": null, "avg_acquisition_time": 0.0}} | component=SqlitePoolManager subcomponent=_track_metrics service_name=service-20916 environment=dev
2025-12-27 14:55:48.123 [INFO] [INFO] SqlitePoolManager - _leak_detection_task -  Task started: will check and reclaim leaked or idle connections from the pool | pool_name=./data/agents.db check_interval_mins=5 component=SqlitePoolManager subcomponent=_leak_detection_task service_name=service-20504 environment=dev
2025-12-27 14:55:48.148 [INFO] [INFO] SqlitePoolManager - _initialize_pool_if_needed -  ./data/agents.db pool initialized in 0.04s | component=SqlitePoolManager subcomponent=_initialize_pool_if_needed service_name=service-20504 environment=dev
2025-12-27 14:55:48.156 [INFO] [INFO] SqlitePoolManager - _track_metrics -  Pool status:
{"initialized": true, "alias": "./data/agents.db", "hash": "8b88d2db2dfd3952", "min_size": 1, "max_size": 1, "current_size": 1, "in_use": 1, "idle": 0, "active_connections": 0, "shutting_down": false, "metrics": {"total_acquired": 1, "total_released": 0, "current_active": 1, "peak_active": 1, "errors": 0, "timeouts": 0, "last_timeout": null, "avg_acquisition_time": 0.0}} | component=SqlitePoolManager subcomponent=_track_metrics service_name=service-20504 environment=dev
2025-12-27 14:55:55.076 [INFO] [INFO] SqlitePoolManager - _track_metrics -  Pool status:
{"initialized": true, "alias": "./data/agents.db", "hash": "8b88d2db2dfd3952", "min_size": 1, "max_size": 1, "current_size": 1, "in_use": 0, "idle": 1, "active_connections": 1, "shutting_down": false, "metrics": {"total_acquired": 1, "total_released": 1, "current_active": 0, "peak_active": 1, "errors": 0, "timeouts": 0, "last_timeout": null, "avg_acquisition_time": 0.0}} | component=SqlitePoolManager subcomponent=_track_metrics service_name=service-20504 environment=dev
2025-12-27 14:55:48.189 [INFO] [INFO] SqlitePoolManager - _leak_detection_task -  Task started: will check and reclaim leaked or idle connections from the pool | pool_name=./data/agents.db check_interval_mins=5 component=SqlitePoolManager subcomponent=_leak_detection_task service_name=service-19628 environment=dev
2025-12-27 14:55:48.214 [INFO] [INFO] SqlitePoolManager - _initialize_pool_if_needed -  ./data/agents.db pool initialized in 0.04s | component=SqlitePoolManager subcomponent=_initialize_pool_if_needed service_name=service-19628 environment=dev
2025-12-27 14:55:48.223 [INFO] [INFO] SqlitePoolManager - _track_metrics -  Pool status:
{"initialized": true, "alias": "./data/agents.db", "hash": "8b88d2db2dfd3952", "min_size": 1, "max_size": 1, "current_size": 1, "in_use": 1, "idle": 0, "active_connections": 0, "shutting_down": false, "metrics": {"total_acquired": 1, "total_released": 0, "current_active": 1, "peak_active": 1, "errors": 0, "timeouts": 0, "last_timeout": null, "avg_acquisition_time": 0.0}} | component=SqlitePoolManager subcomponent=_track_metrics service_name=service-19628 environment=dev
2025-12-27 14:55:50.617 [INFO] [INFO] SqlitePoolManager - _track_metrics -  Pool status:
{"initialized": true, "alias": "./data/agents.db", "hash": "8b88d2db2dfd3952", "min_size": 1, "max_size": 1, "current_size": 1, "in_use": 0, "idle": 1, "active_connections": 1, "shutting_down": false, "metrics": {"total_acquired": 1, "total_released": 1, "current_active": 0, "peak_active": 1, "errors": 0, "timeouts": 0, "last_timeout": null, "avg_acquisition_time": 0.0}} | component=SqlitePoolManager subcomponent=_track_metrics service_name=service-19628 environment=dev
2025-12-27 14:55:55.256 [INFO] [INFO] SqlitePoolManager - _leak_detection_task -  Leak detection task cancelled | pool_name=./data/agents.db component=SqlitePoolManager subcomponent=_leak_detection_task service_name=service-19628 environment=dev
2025-12-27 14:50:36.093 [INFO] [INFO] SqliteAsyncConnection - _update_entity_metadata -  Found new field key in rate_limits with type str | component=SqliteAsyncConnection subcomponent=_update_entity_metadata service_name=service-20916 environment=dev
2025-12-27 14:50:36.099 [INFO] [INFO] SqliteAsyncConnection - _update_entity_metadata -  Found new field window_start in rate_limits with type str | component=SqliteAsyncConnection subcomponent=_update_entity_metadata service_name=service-20916 environment=dev
2025-12-27 14:50:36.101 [INFO] [INFO] SqliteAsyncConnection - _update_entity_metadata -  Found new field request_count in rate_limits with type int | component=SqliteAsyncConnection subcomponent=_update_entity_metadata service_name=service-20916 environment=dev
2025-12-27 14:50:36.109 [INFO] [INFO] SqliteAsyncConnection - _update_entity_metadata -  Adding column key to history table rate_limits_history | component=SqliteAsyncConnection subcomponent=_update_entity_metadata service_name=service-20916 environment=dev
2025-12-27 14:50:36.122 [INFO] [INFO] SqliteAsyncConnection - _update_entity_metadata -  Adding column window_start to history table rate_limits_history | component=SqliteAsyncConnection subcomponent=_update_entity_metadata service_name=service-20916 environment=dev
2025-12-27 14:50:36.130 [INFO] [INFO] SqliteAsyncConnection - _update_entity_metadata -  Adding column request_count to history table rate_limits_history | component=SqliteAsyncConnection subcomponent=_update_entity_metadata service_name=service-20916 environment=dev
2025-12-27 14:50:36.820 [WARN] [WARN] retry - async_wrapper -  Max retries (3) exceeded for _execute_statement_async: table rate_limits has no column named created_at | component=retry subcomponent=async_wrapper service_name=service-20916 environment=dev
2025-12-27 14:50:36.841 [INFO] [INFO] SqlitePoolManager - _track_metrics -  Pool status:
{"initialized": true, "alias": "./data/agents.db", "hash": "8b88d2db2dfd3952", "min_size": 1, "max_size": 1, "current_size": 1, "in_use": 0, "idle": 1, "active_connections": 1, "shutting_down": false, "metrics": {"total_acquired": 6, "total_released": 6, "current_active": 0, "peak_active": 1, "errors": 0, "timeouts": 0, "last_timeout": null, "avg_acquisition_time": 0.0}} | component=SqlitePoolManager subcomponent=_track_metrics service_name=service-20916 environment=dev
2025-12-27 15:40:55.688 [INFO] [INFO] SqlitePoolManager - _track_metrics -  Pool status:
{"initialized": true, "alias": "./data/agents.db", "hash": "8b88d2db2dfd3952", "min_size": 1, "max_size": 1, "current_size": 1, "in_use": 1, "idle": 0, "active_connections": 0, "shutting_down": false, "metrics": {"total_acquired": 7, "total_released": 6, "current_active": 1, "peak_active": 1, "errors": 0, "timeouts": 0, "last_timeout": null, "avg_acquisition_time": 0.0}} | component=SqlitePoolManager subcomponent=_track_metrics service_name=service-20916 environment=dev
2025-12-27 15:44:38.766 [INFO] [INFO] SqlitePoolManager - _leak_detection_task -  Task started: will check and reclaim leaked or idle connections from the pool | pool_name=./data/agents.db check_interval_mins=5 component=SqlitePoolManager subcomponent=_leak_detection_task service_name=service-19568 environment=dev
2025-12-27 15:44:38.797 [INFO] [INFO] SqlitePoolManager - _initialize_pool_if_needed -  ./data/agents.db pool initialized in 0.06s | component=SqlitePoolManager subcomponent=_initialize_pool_if_needed service_name=service-19568 environment=dev
2025-12-27 15:44:38.804 [INFO] [INFO] SqlitePoolManager - _track_metrics -  Pool status:
{"initialized": true, "alias": "./data/agents.db", "hash": "8b88d2db2dfd3952", "min_size": 1, "max_size": 1, "current_size": 1, "in_use": 1, "idle": 0, "active_connections": 0, "shutting_down": false, "metrics": {"total_acquired": 1, "total_released": 0, "current_active": 1, "peak_active": 1, "errors": 0, "timeouts": 0, "last_timeout": null, "avg_acquisition_time": 0.0}} | component=SqlitePoolManager subcomponent=_track_metrics service_name=service-19568 environment=dev
2025-12-27 15:44:38.918 [INFO] [INFO] SqlitePoolManager - _track_metrics -  Pool status:
{"initialized": true, "alias": "./data/agents.db", "hash": "8b88d2db2dfd3952", "min_size": 1, "max_size": 1, "current_size": 1, "in_use": 0, "idle": 1, "active_connections": 1, "shutting_down": false, "metrics": {"total_acquired": 1, "total_released": 1, "current_active": 0, "peak_active": 1, "errors": 0, "timeouts": 0, "last_timeout": null, "avg_acquisition_time": 0.0}} | component=SqlitePoolManager subcomponent=_track_metrics service_name=service-19568 environment=dev
2025-12-27 15:44:39.757 [WARN] [WARN] CircuitBreaker - record_failure -  Circuit worker_process_queue transitioning from CLOSED to OPEN after 4 failures | component=CircuitBreaker subcomponent=record_failure service_name=service-19568 environment=dev
2025-12-27 15:44:49.878 [INFO] [INFO] CircuitBreaker - _check_state_transitions -  Circuit worker_process_queue transitioning from OPEN to HALF_OPEN | component=CircuitBreaker subcomponent=_check_state_transitions service_name=service-19568 environment=dev
2025-12-27 15:44:49.884 [WARN] [WARN] CircuitBreaker - record_failure -  Circuit worker_process_queue transitioning from HALF_OPEN back to OPEN due to failure | component=CircuitBreaker subcomponent=record_failure service_name=service-19568 environment=dev
2025-12-27 15:45:00.133 [INFO] [INFO] CircuitBreaker - _check_state_transitions -  Circuit worker_process_queue transitioning from OPEN to HALF_OPEN | component=CircuitBreaker subcomponent=_check_state_transitions service_name=service-19568 environment=dev
2025-12-27 15:45:00.175 [WARN] [WARN] CircuitBreaker - record_failure -  Circuit worker_process_queue transitioning from HALF_OPEN back to OPEN due to failure | component=CircuitBreaker subcomponent=record_failure service_name=service-19568 environment=dev
2025-12-27 15:45:10.324 [INFO] [INFO] CircuitBreaker - _check_state_transitions -  Circuit worker_process_queue transitioning from OPEN to HALF_OPEN | component=CircuitBreaker subcomponent=_check_state_transitions service_name=service-19568 environment=dev
2025-12-27 15:45:10.546 [WARN] [WARN] CircuitBreaker - record_failure -  Circuit worker_process_queue transitioning from HALF_OPEN back to OPEN due to failure | component=CircuitBreaker subcomponent=record_failure service_name=service-19568 environment=dev
2025-12-27 15:45:21.014 [INFO] [INFO] CircuitBreaker - _check_state_transitions -  Circuit worker_process_queue transitioning from OPEN to HALF_OPEN | component=CircuitBreaker subcomponent=_check_state_transitions service_name=service-19568 environment=dev
2025-12-27 15:45:21.023 [WARN] [WARN] CircuitBreaker - record_failure -  Circuit worker_process_queue transitioning from HALF_OPEN back to OPEN due to failure | component=CircuitBreaker subcomponent=record_failure service_name=service-19568 environment=dev
2025-12-27 15:45:31.177 [INFO] [INFO] CircuitBreaker - _check_state_transitions -  Circuit worker_process_queue transitioning from OPEN to HALF_OPEN | component=CircuitBreaker subcomponent=_check_state_transitions service_name=service-19568 environment=dev
