2025-12-20 23:30:57.952 [ERROR] [ERROR] SqlitePoolManager - _initialize_pool_if_needed -  Pool creation failed for ./data/agents.db: 'DatabaseConfig' object has no attribute 'pool_creation_timeout' | component=SqlitePoolManager subcomponent=_initialize_pool_if_needed service_name=service-1296 environment=dev
2025-12-20 23:30:58.625 [ERROR] [ERROR] SqlitePoolManager - _initialize_pool_if_needed -  Pool creation failed for ./data/agents.db: 'DatabaseConfig' object has no attribute 'pool_creation_timeout' | component=SqlitePoolManager subcomponent=_initialize_pool_if_needed service_name=service-1296 environment=dev
2025-12-20 23:30:58.639 [INFO] [INFO] SqlitePoolManager - _leak_detection_task -  Task started: will check and reclaim leaked or idle connections from the pool | pool_name=./data/agents.db check_interval_mins=5 component=SqlitePoolManager subcomponent=_leak_detection_task service_name=service-1296 environment=dev
2025-12-20 23:31:01.867 [ERROR] [ERROR] SqlitePoolManager - _initialize_pool_if_needed -  Pool creation failed for ./data/agents.db: 'DatabaseConfig' object has no attribute 'pool_creation_timeout' | component=SqlitePoolManager subcomponent=_initialize_pool_if_needed service_name=service-1296 environment=dev
2025-12-20 23:31:30.648 [ERROR] [ERROR] SqlitePoolManager - _initialize_pool_if_needed -  Pool creation failed for ./data/agents.db: 'DatabaseConfig' object has no attribute 'pool_creation_timeout' | component=SqlitePoolManager subcomponent=_initialize_pool_if_needed service_name=service-1296 environment=dev
2025-12-20 23:31:30.702 [ERROR] [ERROR] SqlitePoolManager - _initialize_pool_if_needed -  Pool creation failed for ./data/agents.db: 'DatabaseConfig' object has no attribute 'pool_creation_timeout' | component=SqlitePoolManager subcomponent=_initialize_pool_if_needed service_name=service-1296 environment=dev
2025-12-20 23:31:36.071 [ERROR] [ERROR] SqlitePoolManager - _initialize_pool_if_needed -  Pool creation failed for ./data/agents.db: 'DatabaseConfig' object has no attribute 'pool_creation_timeout' | component=SqlitePoolManager subcomponent=_initialize_pool_if_needed service_name=service-1296 environment=dev
2025-12-20 23:31:43.337 [ERROR] [ERROR] SqlitePoolManager - _initialize_pool_if_needed -  Pool creation failed for ./data/agents.db: 'DatabaseConfig' object has no attribute 'pool_creation_timeout' | component=SqlitePoolManager subcomponent=_initialize_pool_if_needed service_name=service-1296 environment=dev
2025-12-20 23:31:43.350 [ERROR] [ERROR] SqlitePoolManager - _initialize_pool_if_needed -  Pool creation failed for ./data/agents.db: 'DatabaseConfig' object has no attribute 'pool_creation_timeout' | component=SqlitePoolManager subcomponent=_initialize_pool_if_needed service_name=service-1296 environment=dev
2025-12-20 23:31:43.364 [ERROR] [ERROR] SqlitePoolManager - _initialize_pool_if_needed -  Pool creation failed for ./data/agents.db: 'DatabaseConfig' object has no attribute 'pool_creation_timeout' | component=SqlitePoolManager subcomponent=_initialize_pool_if_needed service_name=service-1296 environment=dev
2025-12-20 23:35:10.522 [INFO] [INFO] SqlitePoolManager - _leak_detection_task -  Leak detection task cancelled | pool_name=./data/agents.db component=SqlitePoolManager subcomponent=_leak_detection_task service_name=service-1296 environment=dev
2025-12-20 23:36:24.862 [INFO] [INFO] SqlitePoolManager - _leak_detection_task -  Task started: will check and reclaim leaked or idle connections from the pool | pool_name=./data/agents.db check_interval_mins=5 component=SqlitePoolManager subcomponent=_leak_detection_task service_name=service-19516 environment=dev
2025-12-20 23:36:24.873 [INFO] [INFO] SqlitePoolManager - _initialize_pool_if_needed -  ./data/agents.db pool initialized in 0.01s | component=SqlitePoolManager subcomponent=_initialize_pool_if_needed service_name=service-19516 environment=dev
2025-12-20 23:36:24.875 [INFO] [INFO] SqlitePoolManager - _track_metrics -  Pool status:
{"initialized": true, "alias": "./data/agents.db", "hash": "8b88d2db2dfd3952", "min_size": 1, "max_size": 1, "current_size": 1, "in_use": 1, "idle": 0, "active_connections": 0, "shutting_down": false, "metrics": {"total_acquired": 1, "total_released": 0, "current_active": 1, "peak_active": 1, "errors": 0, "timeouts": 0, "last_timeout": null, "avg_acquisition_time": 0.0}} | component=SqlitePoolManager subcomponent=_track_metrics service_name=service-19516 environment=dev
2025-12-20 23:36:24.961 [INFO] [INFO] SqlitePoolManager - _track_metrics -  Pool status:
{"initialized": true, "alias": "./data/agents.db", "hash": "8b88d2db2dfd3952", "min_size": 1, "max_size": 1, "current_size": 1, "in_use": 0, "idle": 1, "active_connections": 1, "shutting_down": false, "metrics": {"total_acquired": 1, "total_released": 1, "current_active": 0, "peak_active": 1, "errors": 0, "timeouts": 0, "last_timeout": null, "avg_acquisition_time": 0.0}} | component=SqlitePoolManager subcomponent=_track_metrics service_name=service-19516 environment=dev
2025-12-20 23:36:28.717 [INFO] [INFO] SqlitePoolManager - _track_metrics -  Pool status:
{"initialized": true, "alias": "./data/agents.db", "hash": "8b88d2db2dfd3952", "min_size": 1, "max_size": 1, "current_size": 1, "in_use": 1, "idle": 0, "active_connections": 0, "shutting_down": false, "metrics": {"total_acquired": 2, "total_released": 1, "current_active": 1, "peak_active": 1, "errors": 0, "timeouts": 0, "last_timeout": null, "avg_acquisition_time": 0.0}} | component=SqlitePoolManager subcomponent=_track_metrics service_name=service-19516 environment=dev
2025-12-20 23:36:28.723 [INFO] [INFO] SqlitePoolManager - _track_metrics -  Pool status:
{"initialized": true, "alias": "./data/agents.db", "hash": "8b88d2db2dfd3952", "min_size": 1, "max_size": 1, "current_size": 1, "in_use": 0, "idle": 1, "active_connections": 1, "shutting_down": false, "metrics": {"total_acquired": 2, "total_released": 2, "current_active": 0, "peak_active": 1, "errors": 0, "timeouts": 0, "last_timeout": null, "avg_acquisition_time": 0.0}} | component=SqlitePoolManager subcomponent=_track_metrics service_name=service-19516 environment=dev
2025-12-20 23:36:34.812 [INFO] [INFO] SqlitePoolManager - _track_metrics -  Pool status:
{"initialized": true, "alias": "./data/agents.db", "hash": "8b88d2db2dfd3952", "min_size": 1, "max_size": 1, "current_size": 1, "in_use": 1, "idle": 0, "active_connections": 0, "shutting_down": false, "metrics": {"total_acquired": 3, "total_released": 2, "current_active": 1, "peak_active": 1, "errors": 0, "timeouts": 0, "last_timeout": null, "avg_acquisition_time": 0.0}} | component=SqlitePoolManager subcomponent=_track_metrics service_name=service-19516 environment=dev
2025-12-20 23:36:34.819 [INFO] [INFO] SqlitePoolManager - _track_metrics -  Pool status:
{"initialized": true, "alias": "./data/agents.db", "hash": "8b88d2db2dfd3952", "min_size": 1, "max_size": 1, "current_size": 1, "in_use": 0, "idle": 1, "active_connections": 1, "shutting_down": false, "metrics": {"total_acquired": 3, "total_released": 3, "current_active": 0, "peak_active": 1, "errors": 0, "timeouts": 0, "last_timeout": null, "avg_acquisition_time": 0.0}} | component=SqlitePoolManager subcomponent=_track_metrics service_name=service-19516 environment=dev
2025-12-20 23:36:34.830 [INFO] [INFO] SqlitePoolManager - _track_metrics -  Pool status:
{"initialized": true, "alias": "./data/agents.db", "hash": "8b88d2db2dfd3952", "min_size": 1, "max_size": 1, "current_size": 1, "in_use": 1, "idle": 0, "active_connections": 0, "shutting_down": false, "metrics": {"total_acquired": 4, "total_released": 3, "current_active": 1, "peak_active": 1, "errors": 0, "timeouts": 0, "last_timeout": null, "avg_acquisition_time": 0.0}} | component=SqlitePoolManager subcomponent=_track_metrics service_name=service-19516 environment=dev
2025-12-20 23:36:34.835 [INFO] [INFO] SqlitePoolManager - _track_metrics -  Pool status:
{"initialized": true, "alias": "./data/agents.db", "hash": "8b88d2db2dfd3952", "min_size": 1, "max_size": 1, "current_size": 1, "in_use": 0, "idle": 1, "active_connections": 1, "shutting_down": false, "metrics": {"total_acquired": 4, "total_released": 4, "current_active": 0, "peak_active": 1, "errors": 0, "timeouts": 0, "last_timeout": null, "avg_acquisition_time": 0.0}} | component=SqlitePoolManager subcomponent=_track_metrics service_name=service-19516 environment=dev
2025-12-20 23:36:34.847 [INFO] [INFO] SqlitePoolManager - _track_metrics -  Pool status:
{"initialized": true, "alias": "./data/agents.db", "hash": "8b88d2db2dfd3952", "min_size": 1, "max_size": 1, "current_size": 1, "in_use": 1, "idle": 0, "active_connections": 0, "shutting_down": false, "metrics": {"total_acquired": 5, "total_released": 4, "current_active": 1, "peak_active": 1, "errors": 0, "timeouts": 0, "last_timeout": null, "avg_acquisition_time": 0.0}} | component=SqlitePoolManager subcomponent=_track_metrics service_name=service-19516 environment=dev
2025-12-20 23:36:34.855 [INFO] [INFO] SqlitePoolManager - _track_metrics -  Pool status:
{"initialized": true, "alias": "./data/agents.db", "hash": "8b88d2db2dfd3952", "min_size": 1, "max_size": 1, "current_size": 1, "in_use": 0, "idle": 1, "active_connections": 1, "shutting_down": false, "metrics": {"total_acquired": 5, "total_released": 5, "current_active": 0, "peak_active": 1, "errors": 0, "timeouts": 0, "last_timeout": null, "avg_acquisition_time": 0.0}} | component=SqlitePoolManager subcomponent=_track_metrics service_name=service-19516 environment=dev
2025-12-20 23:40:36.495 [INFO] [INFO] pool_manager - close_pool -  Pool 8b88d2db2dfd3952 marked as shutting down, no new connections allowed | component=pool_manager subcomponent=close_pool service_name=service-19516 environment=dev
2025-12-20 23:40:36.645 [INFO] [INFO] pool_manager - close_pool -  Pool for 8b88d2db2dfd3952 closed | component=pool_manager subcomponent=close_pool service_name=service-19516 environment=dev
2025-12-20 23:40:36.712 [INFO] [INFO] SqlitePoolManager - _leak_detection_task -  Leak detection task cancelled | pool_name=./data/agents.db component=SqlitePoolManager subcomponent=_leak_detection_task service_name=service-19516 environment=dev
2025-12-20 23:40:36.733 [INFO] [INFO] SqlitePoolManager - _leak_detection_task -  Leak detection task for ./data/agents.db exiting | pool_name=./data/agents.db component=SqlitePoolManager subcomponent=_leak_detection_task service_name=service-19516 environment=dev
2025-12-20 23:40:57.875 [INFO] [INFO] SqlitePoolManager - _leak_detection_task -  Task started: will check and reclaim leaked or idle connections from the pool | pool_name=./data/agents.db check_interval_mins=5 component=SqlitePoolManager subcomponent=_leak_detection_task service_name=service-13816 environment=dev
2025-12-20 23:40:57.899 [INFO] [INFO] SqlitePoolManager - _initialize_pool_if_needed -  ./data/agents.db pool initialized in 0.03s | component=SqlitePoolManager subcomponent=_initialize_pool_if_needed service_name=service-13816 environment=dev
2025-12-20 23:40:57.904 [INFO] [INFO] SqlitePoolManager - _track_metrics -  Pool status:
{"initialized": true, "alias": "./data/agents.db", "hash": "8b88d2db2dfd3952", "min_size": 1, "max_size": 1, "current_size": 1, "in_use": 1, "idle": 0, "active_connections": 0, "shutting_down": false, "metrics": {"total_acquired": 1, "total_released": 0, "current_active": 1, "peak_active": 1, "errors": 0, "timeouts": 0, "last_timeout": null, "avg_acquisition_time": 0.0}} | component=SqlitePoolManager subcomponent=_track_metrics service_name=service-13816 environment=dev
2025-12-20 23:40:57.966 [INFO] [INFO] SqlitePoolManager - _track_metrics -  Pool status:
{"initialized": true, "alias": "./data/agents.db", "hash": "8b88d2db2dfd3952", "min_size": 1, "max_size": 1, "current_size": 1, "in_use": 0, "idle": 1, "active_connections": 1, "shutting_down": false, "metrics": {"total_acquired": 1, "total_released": 1, "current_active": 0, "peak_active": 1, "errors": 0, "timeouts": 0, "last_timeout": null, "avg_acquisition_time": 0.0}} | component=SqlitePoolManager subcomponent=_track_metrics service_name=service-13816 environment=dev
2025-12-20 23:40:57.988 [INFO] [INFO] SqlitePoolManager - _track_metrics -  Pool status:
{"initialized": true, "alias": "./data/agents.db", "hash": "8b88d2db2dfd3952", "min_size": 1, "max_size": 1, "current_size": 1, "in_use": 1, "idle": 0, "active_connections": 0, "shutting_down": false, "metrics": {"total_acquired": 2, "total_released": 1, "current_active": 1, "peak_active": 1, "errors": 0, "timeouts": 0, "last_timeout": null, "avg_acquisition_time": 0.0}} | component=SqlitePoolManager subcomponent=_track_metrics service_name=service-13816 environment=dev
2025-12-20 23:40:57.996 [INFO] [INFO] SqlitePoolManager - _track_metrics -  Pool status:
{"initialized": true, "alias": "./data/agents.db", "hash": "8b88d2db2dfd3952", "min_size": 1, "max_size": 1, "current_size": 1, "in_use": 0, "idle": 1, "active_connections": 1, "shutting_down": false, "metrics": {"total_acquired": 2, "total_released": 2, "current_active": 0, "peak_active": 1, "errors": 0, "timeouts": 0, "last_timeout": null, "avg_acquisition_time": 0.0}} | component=SqlitePoolManager subcomponent=_track_metrics service_name=service-13816 environment=dev
2025-12-20 23:40:58.009 [INFO] [INFO] SqlitePoolManager - _track_metrics -  Pool status:
{"initialized": true, "alias": "./data/agents.db", "hash": "8b88d2db2dfd3952", "min_size": 1, "max_size": 1, "current_size": 1, "in_use": 1, "idle": 0, "active_connections": 0, "shutting_down": false, "metrics": {"total_acquired": 3, "total_released": 2, "current_active": 1, "peak_active": 1, "errors": 0, "timeouts": 0, "last_timeout": null, "avg_acquisition_time": 0.0}} | component=SqlitePoolManager subcomponent=_track_metrics service_name=service-13816 environment=dev
2025-12-20 23:40:58.028 [INFO] [INFO] SqlitePoolManager - _track_metrics -  Pool status:
{"initialized": true, "alias": "./data/agents.db", "hash": "8b88d2db2dfd3952", "min_size": 1, "max_size": 1, "current_size": 1, "in_use": 0, "idle": 1, "active_connections": 1, "shutting_down": false, "metrics": {"total_acquired": 3, "total_released": 3, "current_active": 0, "peak_active": 1, "errors": 0, "timeouts": 0, "last_timeout": null, "avg_acquisition_time": 0.0}} | component=SqlitePoolManager subcomponent=_track_metrics service_name=service-13816 environment=dev
2025-12-20 23:40:58.049 [INFO] [INFO] SqlitePoolManager - _track_metrics -  Pool status:
{"initialized": true, "alias": "./data/agents.db", "hash": "8b88d2db2dfd3952", "min_size": 1, "max_size": 1, "current_size": 1, "in_use": 1, "idle": 0, "active_connections": 0, "shutting_down": false, "metrics": {"total_acquired": 4, "total_released": 3, "current_active": 1, "peak_active": 1, "errors": 0, "timeouts": 0, "last_timeout": null, "avg_acquisition_time": 0.0}} | component=SqlitePoolManager subcomponent=_track_metrics service_name=service-13816 environment=dev
2025-12-20 23:40:58.060 [INFO] [INFO] SqlitePoolManager - _track_metrics -  Pool status:
{"initialized": true, "alias": "./data/agents.db", "hash": "8b88d2db2dfd3952", "min_size": 1, "max_size": 1, "current_size": 1, "in_use": 0, "idle": 1, "active_connections": 1, "shutting_down": false, "metrics": {"total_acquired": 4, "total_released": 4, "current_active": 0, "peak_active": 1, "errors": 0, "timeouts": 0, "last_timeout": null, "avg_acquisition_time": 0.0}} | component=SqlitePoolManager subcomponent=_track_metrics service_name=service-13816 environment=dev
2025-12-20 23:40:58.077 [INFO] [INFO] SqlitePoolManager - _track_metrics -  Pool status:
{"initialized": true, "alias": "./data/agents.db", "hash": "8b88d2db2dfd3952", "min_size": 1, "max_size": 1, "current_size": 1, "in_use": 1, "idle": 0, "active_connections": 0, "shutting_down": false, "metrics": {"total_acquired": 5, "total_released": 4, "current_active": 1, "peak_active": 1, "errors": 0, "timeouts": 0, "last_timeout": null, "avg_acquisition_time": 0.0}} | component=SqlitePoolManager subcomponent=_track_metrics service_name=service-13816 environment=dev
2025-12-20 23:40:58.085 [INFO] [INFO] SqlitePoolManager - _track_metrics -  Pool status:
{"initialized": true, "alias": "./data/agents.db", "hash": "8b88d2db2dfd3952", "min_size": 1, "max_size": 1, "current_size": 1, "in_use": 0, "idle": 1, "active_connections": 1, "shutting_down": false, "metrics": {"total_acquired": 5, "total_released": 5, "current_active": 0, "peak_active": 1, "errors": 0, "timeouts": 0, "last_timeout": null, "avg_acquisition_time": 0.0}} | component=SqlitePoolManager subcomponent=_track_metrics service_name=service-13816 environment=dev
2025-12-20 23:40:58.100 [INFO] [INFO] SqlitePoolManager - _track_metrics -  Pool status:
{"initialized": true, "alias": "./data/agents.db", "hash": "8b88d2db2dfd3952", "min_size": 1, "max_size": 1, "current_size": 1, "in_use": 1, "idle": 0, "active_connections": 0, "shutting_down": false, "metrics": {"total_acquired": 6, "total_released": 5, "current_active": 1, "peak_active": 1, "errors": 0, "timeouts": 0, "last_timeout": null, "avg_acquisition_time": 0.0}} | component=SqlitePoolManager subcomponent=_track_metrics service_name=service-13816 environment=dev
2025-12-20 23:40:58.108 [INFO] [INFO] SqlitePoolManager - _track_metrics -  Pool status:
{"initialized": true, "alias": "./data/agents.db", "hash": "8b88d2db2dfd3952", "min_size": 1, "max_size": 1, "current_size": 1, "in_use": 0, "idle": 1, "active_connections": 1, "shutting_down": false, "metrics": {"total_acquired": 6, "total_released": 6, "current_active": 0, "peak_active": 1, "errors": 0, "timeouts": 0, "last_timeout": null, "avg_acquisition_time": 0.0}} | component=SqlitePoolManager subcomponent=_track_metrics service_name=service-13816 environment=dev
2025-12-20 23:43:01.210 [INFO] [INFO] pool_manager - close_pool -  Pool 8b88d2db2dfd3952 marked as shutting down, no new connections allowed | component=pool_manager subcomponent=close_pool service_name=service-13816 environment=dev
2025-12-20 23:43:01.246 [INFO] [INFO] pool_manager - close_pool -  Pool for 8b88d2db2dfd3952 closed | component=pool_manager subcomponent=close_pool service_name=service-13816 environment=dev
2025-12-20 23:43:01.268 [INFO] [INFO] SqlitePoolManager - _leak_detection_task -  Leak detection task cancelled | pool_name=./data/agents.db component=SqlitePoolManager subcomponent=_leak_detection_task service_name=service-13816 environment=dev
2025-12-20 23:43:01.280 [INFO] [INFO] SqlitePoolManager - _leak_detection_task -  Leak detection task for ./data/agents.db exiting | pool_name=./data/agents.db component=SqlitePoolManager subcomponent=_leak_detection_task service_name=service-13816 environment=dev
2025-12-20 23:43:42.044 [INFO] [INFO] SqlitePoolManager - _leak_detection_task -  Task started: will check and reclaim leaked or idle connections from the pool | pool_name=./data/agents.db check_interval_mins=5 component=SqlitePoolManager subcomponent=_leak_detection_task service_name=service-25660 environment=dev
2025-12-20 23:43:42.062 [INFO] [INFO] SqlitePoolManager - _initialize_pool_if_needed -  ./data/agents.db pool initialized in 0.02s | component=SqlitePoolManager subcomponent=_initialize_pool_if_needed service_name=service-25660 environment=dev
2025-12-20 23:43:42.062 [INFO] [INFO] SqlitePoolManager - _track_metrics -  Pool status:
{"initialized": true, "alias": "./data/agents.db", "hash": "8b88d2db2dfd3952", "min_size": 1, "max_size": 1, "current_size": 1, "in_use": 1, "idle": 0, "active_connections": 0, "shutting_down": false, "metrics": {"total_acquired": 1, "total_released": 0, "current_active": 1, "peak_active": 1, "errors": 0, "timeouts": 0, "last_timeout": null, "avg_acquisition_time": 0.0}} | component=SqlitePoolManager subcomponent=_track_metrics service_name=service-25660 environment=dev
2025-12-20 23:43:42.129 [INFO] [INFO] SqlitePoolManager - _track_metrics -  Pool status:
{"initialized": true, "alias": "./data/agents.db", "hash": "8b88d2db2dfd3952", "min_size": 1, "max_size": 1, "current_size": 1, "in_use": 0, "idle": 1, "active_connections": 1, "shutting_down": false, "metrics": {"total_acquired": 1, "total_released": 1, "current_active": 0, "peak_active": 1, "errors": 0, "timeouts": 0, "last_timeout": null, "avg_acquisition_time": 0.0}} | component=SqlitePoolManager subcomponent=_track_metrics service_name=service-25660 environment=dev
2025-12-20 23:43:42.155 [INFO] [INFO] SqlitePoolManager - _track_metrics -  Pool status:
{"initialized": true, "alias": "./data/agents.db", "hash": "8b88d2db2dfd3952", "min_size": 1, "max_size": 1, "current_size": 1, "in_use": 1, "idle": 0, "active_connections": 0, "shutting_down": false, "metrics": {"total_acquired": 2, "total_released": 1, "current_active": 1, "peak_active": 1, "errors": 0, "timeouts": 0, "last_timeout": null, "avg_acquisition_time": 0.0}} | component=SqlitePoolManager subcomponent=_track_metrics service_name=service-25660 environment=dev
2025-12-20 23:43:42.170 [INFO] [INFO] SqlitePoolManager - _track_metrics -  Pool status:
{"initialized": true, "alias": "./data/agents.db", "hash": "8b88d2db2dfd3952", "min_size": 1, "max_size": 1, "current_size": 1, "in_use": 0, "idle": 1, "active_connections": 1, "shutting_down": false, "metrics": {"total_acquired": 2, "total_released": 2, "current_active": 0, "peak_active": 1, "errors": 0, "timeouts": 0, "last_timeout": null, "avg_acquisition_time": 0.0}} | component=SqlitePoolManager subcomponent=_track_metrics service_name=service-25660 environment=dev
2025-12-20 23:43:42.182 [INFO] [INFO] SqlitePoolManager - _track_metrics -  Pool status:
{"initialized": true, "alias": "./data/agents.db", "hash": "8b88d2db2dfd3952", "min_size": 1, "max_size": 1, "current_size": 1, "in_use": 1, "idle": 0, "active_connections": 0, "shutting_down": false, "metrics": {"total_acquired": 3, "total_released": 2, "current_active": 1, "peak_active": 1, "errors": 0, "timeouts": 0, "last_timeout": null, "avg_acquisition_time": 0.0}} | component=SqlitePoolManager subcomponent=_track_metrics service_name=service-25660 environment=dev
2025-12-20 23:43:42.190 [INFO] [INFO] SqlitePoolManager - _track_metrics -  Pool status:
{"initialized": true, "alias": "./data/agents.db", "hash": "8b88d2db2dfd3952", "min_size": 1, "max_size": 1, "current_size": 1, "in_use": 0, "idle": 1, "active_connections": 1, "shutting_down": false, "metrics": {"total_acquired": 3, "total_released": 3, "current_active": 0, "peak_active": 1, "errors": 0, "timeouts": 0, "last_timeout": null, "avg_acquisition_time": 0.0}} | component=SqlitePoolManager subcomponent=_track_metrics service_name=service-25660 environment=dev
2025-12-20 23:46:14.447 [INFO] [INFO] pool_manager - close_pool -  Pool 8b88d2db2dfd3952 marked as shutting down, no new connections allowed | component=pool_manager subcomponent=close_pool service_name=service-25660 environment=dev
2025-12-20 23:46:14.470 [INFO] [INFO] pool_manager - close_pool -  Pool for 8b88d2db2dfd3952 closed | component=pool_manager subcomponent=close_pool service_name=service-25660 environment=dev
2025-12-20 23:46:14.482 [INFO] [INFO] SqlitePoolManager - _leak_detection_task -  Leak detection task cancelled | pool_name=./data/agents.db component=SqlitePoolManager subcomponent=_leak_detection_task service_name=service-25660 environment=dev
2025-12-20 23:46:14.483 [INFO] [INFO] SqlitePoolManager - _leak_detection_task -  Leak detection task for ./data/agents.db exiting | pool_name=./data/agents.db component=SqlitePoolManager subcomponent=_leak_detection_task service_name=service-25660 environment=dev
2025-12-20 23:47:17.666 [INFO] [INFO] SqlitePoolManager - _leak_detection_task -  Task started: will check and reclaim leaked or idle connections from the pool | pool_name=./data/agents.db check_interval_mins=5 component=SqlitePoolManager subcomponent=_leak_detection_task service_name=service-6672 environment=dev
2025-12-20 23:47:17.670 [INFO] [INFO] SqlitePoolManager - _initialize_pool_if_needed -  ./data/agents.db pool initialized in 0.01s | component=SqlitePoolManager subcomponent=_initialize_pool_if_needed service_name=service-6672 environment=dev
2025-12-20 23:47:17.671 [INFO] [INFO] SqlitePoolManager - _track_metrics -  Pool status:
{"initialized": true, "alias": "./data/agents.db", "hash": "8b88d2db2dfd3952", "min_size": 1, "max_size": 1, "current_size": 1, "in_use": 1, "idle": 0, "active_connections": 0, "shutting_down": false, "metrics": {"total_acquired": 1, "total_released": 0, "current_active": 1, "peak_active": 1, "errors": 0, "timeouts": 0, "last_timeout": null, "avg_acquisition_time": 0.0}} | component=SqlitePoolManager subcomponent=_track_metrics service_name=service-6672 environment=dev
2025-12-20 23:47:17.718 [INFO] [INFO] SqlitePoolManager - _track_metrics -  Pool status:
{"initialized": true, "alias": "./data/agents.db", "hash": "8b88d2db2dfd3952", "min_size": 1, "max_size": 1, "current_size": 1, "in_use": 0, "idle": 1, "active_connections": 1, "shutting_down": false, "metrics": {"total_acquired": 1, "total_released": 1, "current_active": 0, "peak_active": 1, "errors": 0, "timeouts": 0, "last_timeout": null, "avg_acquisition_time": 0.0}} | component=SqlitePoolManager subcomponent=_track_metrics service_name=service-6672 environment=dev
2025-12-20 23:47:19.598 [INFO] [INFO] SqlitePoolManager - _track_metrics -  Pool status:
{"initialized": true, "alias": "./data/agents.db", "hash": "8b88d2db2dfd3952", "min_size": 1, "max_size": 1, "current_size": 1, "in_use": 1, "idle": 0, "active_connections": 0, "shutting_down": false, "metrics": {"total_acquired": 2, "total_released": 1, "current_active": 1, "peak_active": 1, "errors": 0, "timeouts": 0, "last_timeout": null, "avg_acquisition_time": 0.0}} | component=SqlitePoolManager subcomponent=_track_metrics service_name=service-6672 environment=dev
2025-12-20 23:47:19.611 [INFO] [INFO] SqlitePoolManager - _track_metrics -  Pool status:
{"initialized": true, "alias": "./data/agents.db", "hash": "8b88d2db2dfd3952", "min_size": 1, "max_size": 1, "current_size": 1, "in_use": 0, "idle": 1, "active_connections": 1, "shutting_down": false, "metrics": {"total_acquired": 2, "total_released": 2, "current_active": 0, "peak_active": 1, "errors": 0, "timeouts": 0, "last_timeout": null, "avg_acquisition_time": 0.0}} | component=SqlitePoolManager subcomponent=_track_metrics service_name=service-6672 environment=dev
2025-12-20 23:47:25.596 [INFO] [INFO] SqlitePoolManager - _track_metrics -  Pool status:
{"initialized": true, "alias": "./data/agents.db", "hash": "8b88d2db2dfd3952", "min_size": 1, "max_size": 1, "current_size": 1, "in_use": 1, "idle": 0, "active_connections": 0, "shutting_down": false, "metrics": {"total_acquired": 3, "total_released": 2, "current_active": 1, "peak_active": 1, "errors": 0, "timeouts": 0, "last_timeout": null, "avg_acquisition_time": 0.0}} | component=SqlitePoolManager subcomponent=_track_metrics service_name=service-6672 environment=dev
2025-12-20 23:47:25.610 [INFO] [INFO] SqlitePoolManager - _track_metrics -  Pool status:
{"initialized": true, "alias": "./data/agents.db", "hash": "8b88d2db2dfd3952", "min_size": 1, "max_size": 1, "current_size": 1, "in_use": 0, "idle": 1, "active_connections": 1, "shutting_down": false, "metrics": {"total_acquired": 3, "total_released": 3, "current_active": 0, "peak_active": 1, "errors": 0, "timeouts": 0, "last_timeout": null, "avg_acquisition_time": 0.0}} | component=SqlitePoolManager subcomponent=_track_metrics service_name=service-6672 environment=dev
2025-12-20 23:47:25.610 [INFO] [INFO] SqlitePoolManager - _track_metrics -  Pool status:
{"initialized": true, "alias": "./data/agents.db", "hash": "8b88d2db2dfd3952", "min_size": 1, "max_size": 1, "current_size": 1, "in_use": 1, "idle": 0, "active_connections": 0, "shutting_down": false, "metrics": {"total_acquired": 4, "total_released": 3, "current_active": 1, "peak_active": 1, "errors": 0, "timeouts": 0, "last_timeout": null, "avg_acquisition_time": 0.0}} | component=SqlitePoolManager subcomponent=_track_metrics service_name=service-6672 environment=dev
2025-12-20 23:47:25.636 [INFO] [INFO] SqlitePoolManager - _track_metrics -  Pool status:
{"initialized": true, "alias": "./data/agents.db", "hash": "8b88d2db2dfd3952", "min_size": 1, "max_size": 1, "current_size": 1, "in_use": 0, "idle": 1, "active_connections": 1, "shutting_down": false, "metrics": {"total_acquired": 4, "total_released": 4, "current_active": 0, "peak_active": 1, "errors": 0, "timeouts": 0, "last_timeout": null, "avg_acquisition_time": 0.0}} | component=SqlitePoolManager subcomponent=_track_metrics service_name=service-6672 environment=dev
2025-12-20 23:47:25.655 [INFO] [INFO] SqlitePoolManager - _track_metrics -  Pool status:
{"initialized": true, "alias": "./data/agents.db", "hash": "8b88d2db2dfd3952", "min_size": 1, "max_size": 1, "current_size": 1, "in_use": 1, "idle": 0, "active_connections": 0, "shutting_down": false, "metrics": {"total_acquired": 5, "total_released": 4, "current_active": 1, "peak_active": 1, "errors": 0, "timeouts": 0, "last_timeout": null, "avg_acquisition_time": 0.0}} | component=SqlitePoolManager subcomponent=_track_metrics service_name=service-6672 environment=dev
2025-12-20 23:47:25.663 [INFO] [INFO] SqlitePoolManager - _track_metrics -  Pool status:
{"initialized": true, "alias": "./data/agents.db", "hash": "8b88d2db2dfd3952", "min_size": 1, "max_size": 1, "current_size": 1, "in_use": 0, "idle": 1, "active_connections": 1, "shutting_down": false, "metrics": {"total_acquired": 5, "total_released": 5, "current_active": 0, "peak_active": 1, "errors": 0, "timeouts": 0, "last_timeout": null, "avg_acquisition_time": 0.0}} | component=SqlitePoolManager subcomponent=_track_metrics service_name=service-6672 environment=dev
2025-12-20 23:51:10.196 [INFO] [INFO] pool_manager - close_pool -  Pool 8b88d2db2dfd3952 marked as shutting down, no new connections allowed | component=pool_manager subcomponent=close_pool service_name=service-6672 environment=dev
2025-12-20 23:51:10.247 [INFO] [INFO] pool_manager - close_pool -  Pool for 8b88d2db2dfd3952 closed | component=pool_manager subcomponent=close_pool service_name=service-6672 environment=dev
2025-12-20 23:51:10.281 [INFO] [INFO] SqlitePoolManager - _leak_detection_task -  Leak detection task cancelled | pool_name=./data/agents.db component=SqlitePoolManager subcomponent=_leak_detection_task service_name=service-6672 environment=dev
2025-12-20 23:51:10.286 [INFO] [INFO] SqlitePoolManager - _leak_detection_task -  Leak detection task for ./data/agents.db exiting | pool_name=./data/agents.db component=SqlitePoolManager subcomponent=_leak_detection_task service_name=service-6672 environment=dev
2025-12-20 23:52:27.848 [INFO] [INFO] SqlitePoolManager - _leak_detection_task -  Task started: will check and reclaim leaked or idle connections from the pool | pool_name=./data/agents.db check_interval_mins=5 component=SqlitePoolManager subcomponent=_leak_detection_task service_name=service-27496 environment=dev
2025-12-20 23:52:27.868 [INFO] [INFO] SqlitePoolManager - _initialize_pool_if_needed -  ./data/agents.db pool initialized in 0.02s | component=SqlitePoolManager subcomponent=_initialize_pool_if_needed service_name=service-27496 environment=dev
2025-12-20 23:52:27.870 [INFO] [INFO] SqlitePoolManager - _track_metrics -  Pool status:
{"initialized": true, "alias": "./data/agents.db", "hash": "8b88d2db2dfd3952", "min_size": 1, "max_size": 1, "current_size": 1, "in_use": 1, "idle": 0, "active_connections": 0, "shutting_down": false, "metrics": {"total_acquired": 1, "total_released": 0, "current_active": 1, "peak_active": 1, "errors": 0, "timeouts": 0, "last_timeout": null, "avg_acquisition_time": 0.0}} | component=SqlitePoolManager subcomponent=_track_metrics service_name=service-27496 environment=dev
2025-12-20 23:52:27.956 [INFO] [INFO] SqliteAsyncConnection - _update_entity_metadata -  Found new field name in agents with type str | component=SqliteAsyncConnection subcomponent=_update_entity_metadata service_name=service-27496 environment=dev
2025-12-20 23:52:27.957 [INFO] [INFO] SqliteAsyncConnection - _update_entity_metadata -  Found new field system_prompt in agents with type str | component=SqliteAsyncConnection subcomponent=_update_entity_metadata service_name=service-27496 environment=dev
2025-12-20 23:52:27.957 [INFO] [INFO] SqliteAsyncConnection - _update_entity_metadata -  Found new field model in agents with type str | component=SqliteAsyncConnection subcomponent=_update_entity_metadata service_name=service-27496 environment=dev
2025-12-20 23:52:27.957 [INFO] [INFO] SqliteAsyncConnection - _update_entity_metadata -  Found new field provider in agents with type str | component=SqliteAsyncConnection subcomponent=_update_entity_metadata service_name=service-27496 environment=dev
2025-12-20 23:52:27.965 [INFO] [INFO] SqliteAsyncConnection - _update_entity_metadata -  Found new field temperature in agents with type float | component=SqliteAsyncConnection subcomponent=_update_entity_metadata service_name=service-27496 environment=dev
2025-12-20 23:52:27.965 [INFO] [INFO] SqliteAsyncConnection - _update_entity_metadata -  Found new field max_tokens in agents with type int | component=SqliteAsyncConnection subcomponent=_update_entity_metadata service_name=service-27496 environment=dev
2025-12-20 23:52:27.965 [INFO] [INFO] SqliteAsyncConnection - _update_entity_metadata -  Found new field tools in agents with type list | component=SqliteAsyncConnection subcomponent=_update_entity_metadata service_name=service-27496 environment=dev
2025-12-20 23:52:27.965 [INFO] [INFO] SqliteAsyncConnection - _update_entity_metadata -  Found new field memory_strategy in agents with type str | component=SqliteAsyncConnection subcomponent=_update_entity_metadata service_name=service-27496 environment=dev
2025-12-20 23:52:27.975 [INFO] [INFO] SqliteAsyncConnection - _update_entity_metadata -  Found new field memory_params in agents with type dict | component=SqliteAsyncConnection subcomponent=_update_entity_metadata service_name=service-27496 environment=dev
2025-12-20 23:52:27.978 [INFO] [INFO] SqliteAsyncConnection - _update_entity_metadata -  Found new field metadata in agents with type dict | component=SqliteAsyncConnection subcomponent=_update_entity_metadata service_name=service-27496 environment=dev
2025-12-20 23:52:28.025 [INFO] [INFO] SqlitePoolManager - _track_metrics -  Pool status:
{"initialized": true, "alias": "./data/agents.db", "hash": "8b88d2db2dfd3952", "min_size": 1, "max_size": 1, "current_size": 1, "in_use": 0, "idle": 1, "active_connections": 1, "shutting_down": false, "metrics": {"total_acquired": 1, "total_released": 1, "current_active": 0, "peak_active": 1, "errors": 0, "timeouts": 0, "last_timeout": null, "avg_acquisition_time": 0.0}} | component=SqlitePoolManager subcomponent=_track_metrics service_name=service-27496 environment=dev
2025-12-20 23:52:28.048 [INFO] [INFO] SqlitePoolManager - _track_metrics -  Pool status:
{"initialized": true, "alias": "./data/agents.db", "hash": "8b88d2db2dfd3952", "min_size": 1, "max_size": 1, "current_size": 1, "in_use": 1, "idle": 0, "active_connections": 0, "shutting_down": false, "metrics": {"total_acquired": 2, "total_released": 1, "current_active": 1, "peak_active": 1, "errors": 0, "timeouts": 0, "last_timeout": null, "avg_acquisition_time": 0.0}} | component=SqlitePoolManager subcomponent=_track_metrics service_name=service-27496 environment=dev
2025-12-20 23:52:28.757 [WARN] [WARN] retry - async_wrapper -  Max retries (3) exceeded for _execute_statement_async: no such table: agents | component=retry subcomponent=async_wrapper service_name=service-27496 environment=dev
2025-12-20 23:52:28.773 [INFO] [INFO] SqlitePoolManager - _track_metrics -  Pool status:
{"initialized": true, "alias": "./data/agents.db", "hash": "8b88d2db2dfd3952", "min_size": 1, "max_size": 1, "current_size": 1, "in_use": 0, "idle": 1, "active_connections": 1, "shutting_down": false, "metrics": {"total_acquired": 2, "total_released": 2, "current_active": 0, "peak_active": 1, "errors": 0, "timeouts": 0, "last_timeout": null, "avg_acquisition_time": 0.0}} | component=SqlitePoolManager subcomponent=_track_metrics service_name=service-27496 environment=dev
2025-12-20 23:52:28.795 [INFO] [INFO] SqlitePoolManager - _track_metrics -  Pool status:
{"initialized": true, "alias": "./data/agents.db", "hash": "8b88d2db2dfd3952", "min_size": 1, "max_size": 1, "current_size": 1, "in_use": 1, "idle": 0, "active_connections": 0, "shutting_down": false, "metrics": {"total_acquired": 3, "total_released": 2, "current_active": 1, "peak_active": 1, "errors": 0, "timeouts": 0, "last_timeout": null, "avg_acquisition_time": 0.0}} | component=SqlitePoolManager subcomponent=_track_metrics service_name=service-27496 environment=dev
2025-12-20 23:52:29.559 [WARN] [WARN] retry - async_wrapper -  Max retries (3) exceeded for _execute_statement_async: no such table: agents | component=retry subcomponent=async_wrapper service_name=service-27496 environment=dev
2025-12-20 23:52:29.559 [INFO] [INFO] SqlitePoolManager - _track_metrics -  Pool status:
{"initialized": true, "alias": "./data/agents.db", "hash": "8b88d2db2dfd3952", "min_size": 1, "max_size": 1, "current_size": 1, "in_use": 0, "idle": 1, "active_connections": 1, "shutting_down": false, "metrics": {"total_acquired": 3, "total_released": 3, "current_active": 0, "peak_active": 1, "errors": 0, "timeouts": 0, "last_timeout": null, "avg_acquisition_time": 0.0}} | component=SqlitePoolManager subcomponent=_track_metrics service_name=service-27496 environment=dev
2025-12-20 23:54:08.003 [INFO] [INFO] pool_manager - close_pool -  Pool 8b88d2db2dfd3952 marked as shutting down, no new connections allowed | component=pool_manager subcomponent=close_pool service_name=service-27496 environment=dev
2025-12-20 23:54:08.143 [INFO] [INFO] pool_manager - close_pool -  Pool for 8b88d2db2dfd3952 closed | component=pool_manager subcomponent=close_pool service_name=service-27496 environment=dev
2025-12-20 23:54:08.186 [INFO] [INFO] SqlitePoolManager - _leak_detection_task -  Leak detection task cancelled | pool_name=./data/agents.db component=SqlitePoolManager subcomponent=_leak_detection_task service_name=service-27496 environment=dev
2025-12-20 23:54:08.190 [INFO] [INFO] SqlitePoolManager - _leak_detection_task -  Leak detection task for ./data/agents.db exiting | pool_name=./data/agents.db component=SqlitePoolManager subcomponent=_leak_detection_task service_name=service-27496 environment=dev
2025-12-20 23:59:29.398 [INFO] [INFO] SqlitePoolManager - _leak_detection_task -  Task started: will check and reclaim leaked or idle connections from the pool | pool_name=./data/agents.db check_interval_mins=5 component=SqlitePoolManager subcomponent=_leak_detection_task service_name=service-19804 environment=dev
2025-12-20 23:59:29.410 [INFO] [INFO] SqlitePoolManager - _initialize_pool_if_needed -  ./data/agents.db pool initialized in 0.01s | component=SqlitePoolManager subcomponent=_initialize_pool_if_needed service_name=service-19804 environment=dev
2025-12-20 23:59:29.412 [INFO] [INFO] SqlitePoolManager - _track_metrics -  Pool status:
{"initialized": true, "alias": "./data/agents.db", "hash": "8b88d2db2dfd3952", "min_size": 1, "max_size": 1, "current_size": 1, "in_use": 1, "idle": 0, "active_connections": 0, "shutting_down": false, "metrics": {"total_acquired": 1, "total_released": 0, "current_active": 1, "peak_active": 1, "errors": 0, "timeouts": 0, "last_timeout": null, "avg_acquisition_time": 0.0}} | component=SqlitePoolManager subcomponent=_track_metrics service_name=service-19804 environment=dev
2025-12-20 23:59:30.287 [WARN] [WARN] retry - async_wrapper -  Max retries (3) exceeded for _execute_statement_async: no such table: threads | component=retry subcomponent=async_wrapper service_name=service-19804 environment=dev
2025-12-20 23:59:30.305 [INFO] [INFO] SqlitePoolManager - _track_metrics -  Pool status:
{"initialized": true, "alias": "./data/agents.db", "hash": "8b88d2db2dfd3952", "min_size": 1, "max_size": 1, "current_size": 1, "in_use": 0, "idle": 1, "active_connections": 1, "shutting_down": false, "metrics": {"total_acquired": 1, "total_released": 1, "current_active": 0, "peak_active": 1, "errors": 0, "timeouts": 0, "last_timeout": null, "avg_acquisition_time": 0.0}} | component=SqlitePoolManager subcomponent=_track_metrics service_name=service-19804 environment=dev
2025-12-20 23:59:31.891 [INFO] [INFO] SqlitePoolManager - _track_metrics -  Pool status:
{"initialized": true, "alias": "./data/agents.db", "hash": "8b88d2db2dfd3952", "min_size": 1, "max_size": 1, "current_size": 1, "in_use": 1, "idle": 0, "active_connections": 0, "shutting_down": false, "metrics": {"total_acquired": 2, "total_released": 1, "current_active": 1, "peak_active": 1, "errors": 0, "timeouts": 0, "last_timeout": null, "avg_acquisition_time": 0.0}} | component=SqlitePoolManager subcomponent=_track_metrics service_name=service-19804 environment=dev
2025-12-20 23:59:32.666 [WARN] [WARN] retry - async_wrapper -  Max retries (3) exceeded for _execute_statement_async: no such table: agents | component=retry subcomponent=async_wrapper service_name=service-19804 environment=dev
2025-12-20 23:59:32.670 [INFO] [INFO] SqlitePoolManager - _track_metrics -  Pool status:
{"initialized": true, "alias": "./data/agents.db", "hash": "8b88d2db2dfd3952", "min_size": 1, "max_size": 1, "current_size": 1, "in_use": 0, "idle": 1, "active_connections": 1, "shutting_down": false, "metrics": {"total_acquired": 2, "total_released": 2, "current_active": 0, "peak_active": 1, "errors": 0, "timeouts": 0, "last_timeout": null, "avg_acquisition_time": 0.0}} | component=SqlitePoolManager subcomponent=_track_metrics service_name=service-19804 environment=dev
2025-12-20 23:59:36.743 [INFO] [INFO] SqlitePoolManager - _track_metrics -  Pool status:
{"initialized": true, "alias": "./data/agents.db", "hash": "8b88d2db2dfd3952", "min_size": 1, "max_size": 1, "current_size": 1, "in_use": 1, "idle": 0, "active_connections": 0, "shutting_down": false, "metrics": {"total_acquired": 3, "total_released": 2, "current_active": 1, "peak_active": 1, "errors": 0, "timeouts": 0, "last_timeout": null, "avg_acquisition_time": 0.0}} | component=SqlitePoolManager subcomponent=_track_metrics service_name=service-19804 environment=dev
