2025-04-28 13:59:20.203 [INFO] [INFO] Successfully connected to MySQL database testdb_mysql
2025-04-28 13:59:22.221 [INFO] [INFO] Successfully connected to MySQL database testdb_mysql
2025-04-28 13:59:23.231 [INFO] [INFO] Successfully connected to MySQL database testdb_mysql
2025-04-28 13:59:24.412 [INFO] [INFO] Successfully connected to MySQL database testdb_mysql
2025-04-28 13:59:25.079 [INFO] [INFO] Successfully connected to MySQL database testdb_mysql
2025-04-28 13:59:25.892 [INFO] [INFO] Successfully connected to MySQL database testdb_mysql
2025-04-28 13:59:25.967 [ERROR] [ERROR] SQL execution error for testdb_mysql: (1146, "Table 'testdb_mysql.non_existent_table' doesn't exist"), SQL: SELECT * FROM non_existent_table
2025-04-28 13:59:26.401 [INFO] [INFO] Successfully connected to MySQL database testdb_mysql
2025-04-28 14:04:37.815 [INFO] [INFO] Successfully connected to MySQL database testdb_mysql
2025-04-28 14:04:38.303 [INFO] [INFO] Successfully connected to MySQL database testdb_mysql
2025-04-28 14:04:38.918 [INFO] [INFO] Successfully connected to MySQL database testdb_mysql
2025-04-28 14:04:39.432 [INFO] [INFO] Successfully connected to MySQL database testdb_mysql
2025-04-28 14:04:39.988 [INFO] [INFO] Successfully connected to MySQL database testdb_mysql
2025-04-28 14:04:40.440 [INFO] [INFO] Successfully connected to MySQL database testdb_mysql
2025-04-28 14:04:40.510 [ERROR] [ERROR] SQL execution error for testdb_mysql: (1146, "Table 'testdb_mysql.non_existent_table' doesn't exist"), SQL: SELECT * FROM non_existent_table
2025-04-28 14:04:40.847 [INFO] [INFO] Successfully connected to MySQL database testdb_mysql
2025-04-28 14:04:41.450 [ERROR] [ERROR] Error executing sqlite sql: 
                INSERT OR REPLACE INTO _meta_version (entity_name, version)
                VALUES (?, COALESCE((SELECT version FROM _meta_version WHERE entity_name = ?) + 1, 1))
                 parameters: ('users',) error: Incorrect number of bindings supplied. The current statement uses 2, and there are 1 supplied.
2025-04-28 14:09:06.902 [INFO] [INFO] Successfully connected to MySQL database testdb_mysql
2025-04-28 14:09:07.337 [INFO] [INFO] Successfully connected to MySQL database testdb_mysql
2025-04-28 14:09:07.929 [INFO] [INFO] Successfully connected to MySQL database testdb_mysql
2025-04-28 14:09:08.506 [INFO] [INFO] Successfully connected to MySQL database testdb_mysql
2025-04-28 14:09:09.042 [INFO] [INFO] Successfully connected to MySQL database testdb_mysql
2025-04-28 14:09:09.474 [INFO] [INFO] Successfully connected to MySQL database testdb_mysql
2025-04-28 14:09:09.544 [ERROR] [ERROR] SQL execution error for testdb_mysql: (1146, "Table 'testdb_mysql.non_existent_table' doesn't exist"), SQL: SELECT * FROM non_existent_table
2025-04-28 14:09:09.904 [INFO] [INFO] Successfully connected to MySQL database testdb_mysql
2025-04-28 14:41:18.153 [INFO] [INFO] Successfully connected to MySQL database testdb_mysql
2025-04-28 14:41:18.682 [INFO] [INFO] Successfully connected to MySQL database testdb_mysql
2025-04-28 14:41:19.352 [INFO] [INFO] Successfully connected to MySQL database testdb_mysql
2025-04-28 14:41:19.869 [INFO] [INFO] Successfully connected to MySQL database testdb_mysql
2025-04-28 14:41:20.445 [INFO] [INFO] Successfully connected to MySQL database testdb_mysql
2025-04-28 14:41:20.899 [INFO] [INFO] Successfully connected to MySQL database testdb_mysql
2025-04-28 14:41:20.975 [ERROR] [ERROR] SQL execution error for testdb_mysql: (1146, "Table 'testdb_mysql.non_existent_table' doesn't exist"), SQL: SELECT * FROM non_existent_table
2025-04-28 14:41:21.332 [INFO] [INFO] Successfully connected to MySQL database testdb_mysql
2025-04-28 14:42:15.125 [INFO] [INFO] Successfully connected to MySQL database testdb_mysql
2025-04-28 14:42:15.553 [INFO] [INFO] Successfully connected to MySQL database testdb_mysql
2025-04-28 14:42:16.144 [INFO] [INFO] Successfully connected to MySQL database testdb_mysql
2025-04-28 14:42:16.727 [INFO] [INFO] Successfully connected to MySQL database testdb_mysql
2025-04-28 14:42:17.649 [INFO] [INFO] Successfully connected to MySQL database testdb_mysql
2025-04-28 14:42:18.203 [INFO] [INFO] Successfully connected to MySQL database testdb_mysql
2025-04-28 14:42:18.324 [ERROR] [ERROR] SQL execution error for testdb_mysql: (1146, "Table 'testdb_mysql.non_existent_table' doesn't exist"), SQL: SELECT * FROM non_existent_table
2025-04-28 14:42:18.751 [INFO] [INFO] Successfully connected to MySQL database testdb_mysql
2025-04-28 15:02:01.804 [CRITICAL] CRITICAL_TEST_1745848921.802597
2025-04-28 15:01:58.472 [ERROR] [ERROR] [UNIT TEST] Error occurred
2025-04-28 15:01:59.198 [INFO] [INFO] [UNIT TEST] Info message
2025-04-28 15:02:01.804 [CRITICAL] [CRITICAL] CRITICAL_TEST_1745848921.802597
2025-04-28 15:02:06.831 [CRITICAL] CRITICAL_TEST_1745848926.82991
2025-04-28 15:02:06.831 [INFO] [INFO] INFO_TEST_1745848926.829899
2025-04-28 15:02:06.831 [WARN] [WARN] WARN_TEST_1745848926.829904
2025-04-28 15:02:06.831 [ERROR] [ERROR] ERROR_TEST_1745848926.829907
2025-04-28 15:02:06.831 [CRITICAL] [CRITICAL] CRITICAL_TEST_1745848926.82991
2025-04-28 15:02:05.798 [INFO] [INFO] TEST_FALLBACK_MESSAGE_1745848925.796645
2025-04-28 15:02:04.257 [INFO] [INFO] TEST_REDIS_MESSAGE_1745848924.254642
2025-04-28 15:04:21.375 [CRITICAL] CRITICAL_TEST_1745849061.373679
2025-04-28 15:04:18.016 [ERROR] [ERROR] [UNIT TEST] Error occurred
2025-04-28 15:04:18.701 [INFO] [INFO] [UNIT TEST] Info message
2025-04-28 15:04:30.480 [CRITICAL] CRITICAL_TEST_1745849070.478439
2025-04-28 15:04:30.479 [INFO] [INFO] INFO_TEST_1745849070.478432
2025-04-28 15:04:30.479 [WARN] [WARN] WARN_TEST_1745849070.478435
2025-04-28 15:04:30.479 [ERROR] [ERROR] ERROR_TEST_1745849070.478437
2025-04-28 15:04:30.480 [CRITICAL] [CRITICAL] CRITICAL_TEST_1745849070.478439
2025-04-28 15:07:09.648 [CRITICAL] CRITICAL_TEST_1745849229.642711
2025-04-28 15:07:18.802 [CRITICAL] CRITICAL_TEST_1745849238.80119
2025-04-28 15:07:18.802 [INFO] [INFO] INFO_TEST_1745849238.801183
2025-04-28 15:07:18.802 [WARN] [WARN] WARN_TEST_1745849238.801185
2025-04-28 15:07:18.802 [ERROR] [ERROR] ERROR_TEST_1745849238.801188
2025-04-28 15:07:18.802 [CRITICAL] [CRITICAL] CRITICAL_TEST_1745849238.80119
