2025-05-18 00:50:59.798 [INFO] [INFO] TempMixin - __init__ -  ++++++++++ Creating EntityUtils | component=TempMixin subcomponent=__init__ service_name=service-16800 environment=dev
2025-05-18 00:51:00.506 [INFO] [INFO] TempMixin - __init__ -  ++++++++++ EntityUtils custom_serializers: {} | component=TempMixin subcomponent=__init__ service_name=service-16800 environment=dev
2025-05-18 00:51:00.539 [INFO] [INFO] TempMixin - __init__ -  ++++++++++ Creating EntityUtils | component=TempMixin subcomponent=__init__ service_name=service-16800 environment=dev
2025-05-18 00:51:00.541 [INFO] [INFO] TempMixin - __init__ -  ++++++++++ EntityUtils custom_serializers: {} | component=TempMixin subcomponent=__init__ service_name=service-16800 environment=dev
2025-05-18 00:51:00.546 [INFO] [INFO] TempMixin - __init__ -  ++++++++++ Creating EntityUtils | component=TempMixin subcomponent=__init__ service_name=service-16800 environment=dev
2025-05-18 00:51:00.547 [INFO] [INFO] TempMixin - __init__ -  ++++++++++ EntityUtils custom_serializers: {} | component=TempMixin subcomponent=__init__ service_name=service-16800 environment=dev
2025-05-18 10:16:00.694 [INFO] [INFO] TempMixin - __init__ -  ++++++++++ Creating EntityUtils | component=TempMixin subcomponent=__init__ service_name=service-9984 environment=dev
2025-05-18 10:16:01.465 [INFO] [INFO] TempMixin - __init__ -  ++++++++++ EntityUtils custom_serializers: {} | component=TempMixin subcomponent=__init__ service_name=service-9984 environment=dev
2025-05-18 10:16:01.498 [INFO] [INFO] TempMixin - __init__ -  ++++++++++ Creating EntityUtils | component=TempMixin subcomponent=__init__ service_name=service-9984 environment=dev
2025-05-18 10:16:01.500 [INFO] [INFO] TempMixin - __init__ -  ++++++++++ EntityUtils custom_serializers: {} | component=TempMixin subcomponent=__init__ service_name=service-9984 environment=dev
2025-05-18 10:16:01.505 [INFO] [INFO] TempMixin - __init__ -  ++++++++++ Creating EntityUtils | component=TempMixin subcomponent=__init__ service_name=service-9984 environment=dev
2025-05-18 10:16:01.507 [INFO] [INFO] TempMixin - __init__ -  ++++++++++ EntityUtils custom_serializers: {} | component=TempMixin subcomponent=__init__ service_name=service-9984 environment=dev
2025-05-18 10:21:19.741 [INFO] [INFO] TempMixin - __init__ -  ++++++++++ Creating EntityUtils | component=TempMixin subcomponent=__init__ service_name=service-10520 environment=dev
2025-05-18 10:21:20.189 [INFO] [INFO] TempMixin - __init__ -  ++++++++++ EntityUtils custom_serializers: {} | component=TempMixin subcomponent=__init__ service_name=service-10520 environment=dev
2025-05-18 10:21:20.195 [INFO] [INFO] TempMixin - __init__ -  ++++++++++ Creating EntityUtils | component=TempMixin subcomponent=__init__ service_name=service-10520 environment=dev
2025-05-18 10:21:20.197 [INFO] [INFO] TempMixin - __init__ -  ++++++++++ EntityUtils custom_serializers: {} | component=TempMixin subcomponent=__init__ service_name=service-10520 environment=dev
2025-05-18 10:21:20.203 [INFO] [INFO] TempMixin - __init__ -  ++++++++++ Creating EntityUtils | component=TempMixin subcomponent=__init__ service_name=service-10520 environment=dev
2025-05-18 10:21:20.205 [INFO] [INFO] TempMixin - __init__ -  ++++++++++ EntityUtils custom_serializers: {} | component=TempMixin subcomponent=__init__ service_name=service-10520 environment=dev
2025-05-18 11:05:51.584 [INFO] [INFO] TempMixin - __init__ -  ++++++++++ Creating EntityUtils | component=TempMixin subcomponent=__init__ service_name=service-16204 environment=dev
2025-05-18 11:05:52.040 [INFO] [INFO] TempMixin - __init__ -  ++++++++++ EntityUtils custom_serializers: {} | component=TempMixin subcomponent=__init__ service_name=service-16204 environment=dev
2025-05-18 11:05:52.047 [INFO] [INFO] TempMixin - __init__ -  ++++++++++ Creating EntityUtils | component=TempMixin subcomponent=__init__ service_name=service-16204 environment=dev
2025-05-18 11:05:52.049 [INFO] [INFO] TempMixin - __init__ -  ++++++++++ EntityUtils custom_serializers: {} | component=TempMixin subcomponent=__init__ service_name=service-16204 environment=dev
2025-05-18 11:05:52.055 [INFO] [INFO] TempMixin - __init__ -  ++++++++++ Creating EntityUtils | component=TempMixin subcomponent=__init__ service_name=service-16204 environment=dev
2025-05-18 11:05:52.056 [INFO] [INFO] TempMixin - __init__ -  ++++++++++ EntityUtils custom_serializers: {} | component=TempMixin subcomponent=__init__ service_name=service-16204 environment=dev
2025-05-18 11:08:11.582 [INFO] [INFO] conftest - setup_test_environment -  Setting up test environment... | component=conftest subcomponent=setup_test_environment service_name=service-13992 environment=dev
2025-05-18 11:08:12.595 [INFO] [INFO] conftest - delete_pytest_cache -  Removing .\.pytest_cache | component=conftest subcomponent=delete_pytest_cache service_name=service-13992 environment=dev
2025-05-18 11:08:12.694 [INFO] [INFO] conftest - setup_test_environment -  Test files in this session: {'c:\\Users\\Phil\\Desktop\\Projects\\shared-libs\\python\\queue\\tests\\test_queue_system.py'} | component=conftest subcomponent=setup_test_environment service_name=service-13992 environment=dev
2025-05-18 11:08:12.697 [INFO] [INFO] conftest - run_command -  Running command: docker info | component=conftest subcomponent=run_command service_name=service-13992 environment=dev
2025-05-18 11:08:15.215 [INFO] [INFO] conftest - run_command -  Command output: Client:
 Version:    28.0.4
 Context:    desktop-linux
 Debug Mode: false
 Plugins:
  ai: Docker AI Agent - Ask Gordon (Docker Inc.)
    Version:  v1.1.3
    Path:     C:\Program Files\Docker\cli-plugins\docker-ai.exe
  buildx: Docker Buildx (Docker Inc.)
    Version:  v0.22.0-desktop.1
    Path:     C:\Program Files\Docker\cli-plugins\docker-buildx.exe
  cloud: Docker Cloud (Docker Inc.)
    Version:  0.2.20
    Path:     C:\Program Files\Docker\cli-plugins\docker-cloud.exe
  compose: Docker Compose (Docker Inc.)
    Version:  v2.34.0-desktop.1
    Path:     C:\Program Files\Docker\cli-plugins\docker-compose.exe
  debug: Get a shell into any image or container (Docker Inc.)
    Version:  0.0.38
    Path:     C:\Program Files\Docker\cli-plugins\docker-debug.exe
  desktop: Docker Desktop commands (Beta) (Docker Inc.)
    Version:  v0.1.6
    Path:     C:\Program Files\Docker\cli-plugins\docker-desktop.exe
  dev: Docker Dev Environments (Docker Inc.)
    Version:  v0.1.2
    Path:     C:\Program Files\Docker\cli-plugins\docker-dev.exe
  extension: Manages Docker extensions (Docker Inc.)
    Version:  v0.2.27
    Path:     C:\Program Files\Docker\cli-plugins\docker-extension.exe
  init: Creates Docker-related starter files for your project (Docker Inc.)
    Version:  v1.4.0
    Path:     C:\Program Files\Docker\cli-plugins\docker-init.exe
  sbom: View the packaged-based Software Bill Of Materials (SBOM) for an image (Anchore Inc.)
    Version:  0.6.0
    Path:     C:\Program Files\Docker\cli-plugins\docker-sbom.exe
  scout: Docker Scout (Docker Inc.)
    Version:  v1.17.0
    Path:     C:\Program Files\Docker\cli-plugins\docker-scout.exe

Server:
 Containers: 3
  Running: 3
  Paused: 0
  Stopped: 0
 Images: 9
 Server Version: 28.0.4
 Storage Driver: overlayfs
  driver-type: io.containerd.snapshotter.v1
 Logging Driver: json-file
 Cgroup Driver: cgroupfs
 Cgroup Version: 1
 Plugins:
  Volume: local
  Network: bridge host ipvlan macvlan null overlay
  Log: awslogs fluentd gcplogs gelf journald json-file local splunk syslog
 CDI spec directories:
  /etc/cdi
  /var/run/cdi
 Swarm: inactive
 Runtimes: io.containerd.runc.v2 nvidia runc
 Default Runtime: runc
 Init Binary: docker-init
 containerd version: 753481ec61c7c8955a23d6ff7bc8e4daed455734
 runc version: v1.2.5-0-g59923ef
 init version: de40ad0
 Security Options:
  seccomp
   Profile: unconfined
 Kernel Version: 5.15.167.4-microsoft-standard-WSL2
 Operating System: Docker Desktop
 OSType: linux
 Architecture: x86_64
 CPUs: 4
 Total Memory: 7.649GiB
 Name: docker-desktop
 ID: bd414c6b-a391-41c8-9560-cbfc52f7f58d
 Docker Root Dir: /var/lib/docker
 Debug Mode: false
 HTTP Proxy: http.docker.internal:3128
 HTTPS Proxy: http.docker.internal:3128
 No Proxy: hubproxy.docker.internal
 Labels:
  com.docker.desktop.address=npipe://\\.\pipe\docker_cli
 Experimental: false
 Insecure Registries:
  hubproxy.docker.internal:5555
  ::1/128
  127.0.0.0/8
 Live Restore Enabled: false

 | component=conftest subcomponent=run_command service_name=service-13992 environment=dev
2025-05-18 11:08:15.218 [INFO] [INFO] conftest - run_command -  Command error: WARNING: No blkio throttle.read_bps_device support
WARNING: No blkio throttle.write_bps_device support
WARNING: No blkio throttle.read_iops_device support
WARNING: No blkio throttle.write_iops_device support
WARNING: DOCKER_INSECURE_NO_IPTABLES_RAW is set
WARNING: daemon is not using the default seccomp profile
 | component=conftest subcomponent=run_command service_name=service-13992 environment=dev
2025-05-18 11:08:15.221 [INFO] [INFO] conftest - setup_test_environment -  Found Docker Compose file for c:\Users\Phil\Desktop\Projects\shared-libs\python\queue\tests\test_queue_system.py: c:\Users\Phil\Desktop\Projects\shared-libs\python\queue\tests\docker-compose.yml | component=conftest subcomponent=setup_test_environment service_name=service-13992 environment=dev
2025-05-18 11:08:15.242 [INFO] [INFO] conftest - setup_test_environment -  Detected the following services in c:\Users\Phil\Desktop\Projects\shared-libs\python\queue\tests\docker-compose.yml: | component=conftest subcomponent=setup_test_environment service_name=service-13992 environment=dev
2025-05-18 11:08:15.244 [INFO] [INFO] conftest - setup_test_environment -    - redis: {}:localhost (container port: 6379) | component=conftest subcomponent=setup_test_environment service_name=service-13992 environment=dev
2025-05-18 11:08:15.249 [INFO] [INFO] conftest - run_command -  Running command: docker-compose -f c:\Users\Phil\Desktop\Projects\shared-libs\python\queue\tests\docker-compose.yml -p test-queue up -d | component=conftest subcomponent=run_command service_name=service-13992 environment=dev
2025-05-18 11:08:16.001 [INFO] [INFO] conftest - run_command -  Command error: time="2025-05-18T11:08:15+01:00" level=warning msg="c:\\Users\\Phil\\Desktop\\Projects\\shared-libs\\python\\queue\\tests\\docker-compose.yml: the attribute `version` is obsolete, it will be ignored, please remove it to avoid potential confusion"
 Container test-queue-redis-1  Running
 | component=conftest subcomponent=run_command service_name=service-13992 environment=dev
2025-05-18 11:08:16.004 [INFO] [INFO] services - wait_for_service -  Waiting for redis to be ready at localhost:6379... | component=services subcomponent=wait_for_service service_name=service-13992 environment=dev
2025-05-18 11:08:16.021 [INFO] [INFO] services - wait_for_service -  TCP connection to localhost:6379 successful | component=services subcomponent=wait_for_service service_name=service-13992 environment=dev
2025-05-18 11:08:16.057 [INFO] [INFO] services - wait_for_service -  redis at localhost:6379 is ready! | component=services subcomponent=wait_for_service service_name=service-13992 environment=dev
2025-05-18 11:08:36.680 [INFO] [INFO] conftest - setup_test_environment -  Tearing down test environment... | component=conftest subcomponent=setup_test_environment service_name=service-13992 environment=dev
2025-05-18 11:08:36.687 [INFO] [INFO] conftest - run_command -  Running command:  | component=conftest subcomponent=run_command service_name=service-13992 environment=dev
2025-05-18 11:19:19.007 [INFO] [INFO] TempMixin - __init__ -  ++++++++++ Creating EntityUtils | component=TempMixin subcomponent=__init__ service_name=service-13736 environment=dev
2025-05-18 11:19:19.427 [INFO] [INFO] TempMixin - __init__ -  ++++++++++ EntityUtils custom_serializers: {} | component=TempMixin subcomponent=__init__ service_name=service-13736 environment=dev
2025-05-18 11:19:19.433 [INFO] [INFO] TempMixin - __init__ -  ++++++++++ Creating EntityUtils | component=TempMixin subcomponent=__init__ service_name=service-13736 environment=dev
2025-05-18 11:19:19.434 [INFO] [INFO] TempMixin - __init__ -  ++++++++++ EntityUtils custom_serializers: {} | component=TempMixin subcomponent=__init__ service_name=service-13736 environment=dev
2025-05-18 11:19:19.439 [INFO] [INFO] TempMixin - __init__ -  ++++++++++ Creating EntityUtils | component=TempMixin subcomponent=__init__ service_name=service-13736 environment=dev
2025-05-18 11:19:19.440 [INFO] [INFO] TempMixin - __init__ -  ++++++++++ EntityUtils custom_serializers: {} | component=TempMixin subcomponent=__init__ service_name=service-13736 environment=dev
2025-05-18 11:22:56.998 [INFO] [INFO] TempMixin - __init__ -  ++++++++++ Creating EntityUtils | component=TempMixin subcomponent=__init__ service_name=service-7276 environment=dev
2025-05-18 11:22:58.096 [INFO] [INFO] TempMixin - __init__ -  ++++++++++ EntityUtils custom_serializers: {} | component=TempMixin subcomponent=__init__ service_name=service-7276 environment=dev
2025-05-18 11:22:58.102 [INFO] [INFO] TempMixin - __init__ -  ++++++++++ Creating EntityUtils | component=TempMixin subcomponent=__init__ service_name=service-7276 environment=dev
2025-05-18 11:22:58.104 [INFO] [INFO] TempMixin - __init__ -  ++++++++++ EntityUtils custom_serializers: {} | component=TempMixin subcomponent=__init__ service_name=service-7276 environment=dev
2025-05-18 11:22:58.108 [INFO] [INFO] TempMixin - __init__ -  ++++++++++ Creating EntityUtils | component=TempMixin subcomponent=__init__ service_name=service-7276 environment=dev
2025-05-18 11:22:58.109 [INFO] [INFO] TempMixin - __init__ -  ++++++++++ EntityUtils custom_serializers: {} | component=TempMixin subcomponent=__init__ service_name=service-7276 environment=dev
2025-05-18 11:28:07.653 [INFO] [INFO] TempMixin - __init__ -  ++++++++++ Creating EntityUtils | component=TempMixin subcomponent=__init__ service_name=service-6692 environment=dev
2025-05-18 11:28:08.100 [INFO] [INFO] TempMixin - __init__ -  ++++++++++ EntityUtils custom_serializers: {} | component=TempMixin subcomponent=__init__ service_name=service-6692 environment=dev
2025-05-18 11:28:08.107 [INFO] [INFO] TempMixin - __init__ -  ++++++++++ Creating EntityUtils | component=TempMixin subcomponent=__init__ service_name=service-6692 environment=dev
2025-05-18 11:28:08.109 [INFO] [INFO] TempMixin - __init__ -  ++++++++++ EntityUtils custom_serializers: {} | component=TempMixin subcomponent=__init__ service_name=service-6692 environment=dev
2025-05-18 11:28:08.113 [INFO] [INFO] TempMixin - __init__ -  ++++++++++ Creating EntityUtils | component=TempMixin subcomponent=__init__ service_name=service-6692 environment=dev
2025-05-18 11:28:08.115 [INFO] [INFO] TempMixin - __init__ -  ++++++++++ EntityUtils custom_serializers: {} | component=TempMixin subcomponent=__init__ service_name=service-6692 environment=dev
