2025-05-16 10:26:52.219 [INFO] [INFO] TempMixin - __init__ -  ++++++++++ Creating EntityUtils | component=TempMixin subcomponent=__init__ service_name=service-17268 environment=dev
2025-05-16 10:26:53.236 [INFO] [INFO] TempMixin - __init__ -  ++++++++++ EntityUtils custom_serializers: {} | component=TempMixin subcomponent=__init__ service_name=service-17268 environment=dev
2025-05-16 10:26:53.272 [INFO] [INFO] TempMixin - __init__ -  ++++++++++ Creating EntityUtils | component=TempMixin subcomponent=__init__ service_name=service-17268 environment=dev
2025-05-16 10:26:53.274 [INFO] [INFO] TempMixin - __init__ -  ++++++++++ EntityUtils custom_serializers: {} | component=TempMixin subcomponent=__init__ service_name=service-17268 environment=dev
2025-05-16 10:26:53.279 [INFO] [INFO] TempMixin - __init__ -  ++++++++++ Creating EntityUtils | component=TempMixin subcomponent=__init__ service_name=service-17268 environment=dev
2025-05-16 10:26:53.280 [INFO] [INFO] TempMixin - __init__ -  ++++++++++ EntityUtils custom_serializers: {} | component=TempMixin subcomponent=__init__ service_name=service-17268 environment=dev
2025-05-16 10:29:42.797 [INFO] [INFO] TempMixin - __init__ -  ++++++++++ Creating EntityUtils | component=TempMixin subcomponent=__init__ service_name=service-19952 environment=dev
2025-05-16 10:29:43.500 [INFO] [INFO] TempMixin - __init__ -  ++++++++++ EntityUtils custom_serializers: {} | component=TempMixin subcomponent=__init__ service_name=service-19952 environment=dev
2025-05-16 10:29:43.506 [INFO] [INFO] TempMixin - __init__ -  ++++++++++ Creating EntityUtils | component=TempMixin subcomponent=__init__ service_name=service-19952 environment=dev
2025-05-16 10:29:43.508 [INFO] [INFO] TempMixin - __init__ -  ++++++++++ EntityUtils custom_serializers: {} | component=TempMixin subcomponent=__init__ service_name=service-19952 environment=dev
2025-05-16 10:29:43.513 [INFO] [INFO] TempMixin - __init__ -  ++++++++++ Creating EntityUtils | component=TempMixin subcomponent=__init__ service_name=service-19952 environment=dev
2025-05-16 10:29:43.515 [INFO] [INFO] TempMixin - __init__ -  ++++++++++ EntityUtils custom_serializers: {} | component=TempMixin subcomponent=__init__ service_name=service-19952 environment=dev
2025-05-16 10:29:52.500 [INFO] [INFO] TempMixin - __init__ -  ++++++++++ Creating EntityUtils | component=TempMixin subcomponent=__init__ service_name=service-18448 environment=dev
2025-05-16 10:29:53.032 [INFO] [INFO] TempMixin - __init__ -  ++++++++++ EntityUtils custom_serializers: {} | component=TempMixin subcomponent=__init__ service_name=service-18448 environment=dev
2025-05-16 10:29:53.039 [INFO] [INFO] TempMixin - __init__ -  ++++++++++ Creating EntityUtils | component=TempMixin subcomponent=__init__ service_name=service-18448 environment=dev
2025-05-16 10:29:53.041 [INFO] [INFO] TempMixin - __init__ -  ++++++++++ EntityUtils custom_serializers: {} | component=TempMixin subcomponent=__init__ service_name=service-18448 environment=dev
2025-05-16 10:29:53.047 [INFO] [INFO] TempMixin - __init__ -  ++++++++++ Creating EntityUtils | component=TempMixin subcomponent=__init__ service_name=service-18448 environment=dev
2025-05-16 10:29:53.049 [INFO] [INFO] TempMixin - __init__ -  ++++++++++ EntityUtils custom_serializers: {} | component=TempMixin subcomponent=__init__ service_name=service-18448 environment=dev
2025-05-16 10:30:40.750 [INFO] [INFO] TempMixin - __init__ -  ++++++++++ Creating EntityUtils | component=TempMixin subcomponent=__init__ service_name=service-19332 environment=dev
2025-05-16 10:30:41.228 [INFO] [INFO] TempMixin - __init__ -  ++++++++++ EntityUtils custom_serializers: {} | component=TempMixin subcomponent=__init__ service_name=service-19332 environment=dev
2025-05-16 10:30:41.234 [INFO] [INFO] TempMixin - __init__ -  ++++++++++ Creating EntityUtils | component=TempMixin subcomponent=__init__ service_name=service-19332 environment=dev
2025-05-16 10:30:41.235 [INFO] [INFO] TempMixin - __init__ -  ++++++++++ EntityUtils custom_serializers: {} | component=TempMixin subcomponent=__init__ service_name=service-19332 environment=dev
2025-05-16 10:30:41.241 [INFO] [INFO] TempMixin - __init__ -  ++++++++++ Creating EntityUtils | component=TempMixin subcomponent=__init__ service_name=service-19332 environment=dev
2025-05-16 10:30:41.242 [INFO] [INFO] TempMixin - __init__ -  ++++++++++ EntityUtils custom_serializers: {} | component=TempMixin subcomponent=__init__ service_name=service-19332 environment=dev
2025-05-16 10:30:54.279 [INFO] [INFO] TempMixin - __init__ -  ++++++++++ Creating EntityUtils | component=TempMixin subcomponent=__init__ service_name=service-6540 environment=dev
2025-05-16 10:30:54.794 [INFO] [INFO] TempMixin - __init__ -  ++++++++++ EntityUtils custom_serializers: {} | component=TempMixin subcomponent=__init__ service_name=service-6540 environment=dev
2025-05-16 10:30:54.801 [INFO] [INFO] TempMixin - __init__ -  ++++++++++ Creating EntityUtils | component=TempMixin subcomponent=__init__ service_name=service-6540 environment=dev
2025-05-16 10:30:54.803 [INFO] [INFO] TempMixin - __init__ -  ++++++++++ EntityUtils custom_serializers: {} | component=TempMixin subcomponent=__init__ service_name=service-6540 environment=dev
2025-05-16 10:30:54.809 [INFO] [INFO] TempMixin - __init__ -  ++++++++++ Creating EntityUtils | component=TempMixin subcomponent=__init__ service_name=service-6540 environment=dev
2025-05-16 10:30:54.810 [INFO] [INFO] TempMixin - __init__ -  ++++++++++ EntityUtils custom_serializers: {} | component=TempMixin subcomponent=__init__ service_name=service-6540 environment=dev
2025-05-16 10:32:32.437 [INFO] [INFO] TempMixin - __init__ -  ++++++++++ Creating EntityUtils | component=TempMixin subcomponent=__init__ service_name=service-14464 environment=dev
2025-05-16 10:32:32.956 [INFO] [INFO] TempMixin - __init__ -  ++++++++++ EntityUtils custom_serializers: {} | component=TempMixin subcomponent=__init__ service_name=service-14464 environment=dev
2025-05-16 10:32:32.964 [INFO] [INFO] TempMixin - __init__ -  ++++++++++ Creating EntityUtils | component=TempMixin subcomponent=__init__ service_name=service-14464 environment=dev
2025-05-16 10:32:32.965 [INFO] [INFO] TempMixin - __init__ -  ++++++++++ EntityUtils custom_serializers: {} | component=TempMixin subcomponent=__init__ service_name=service-14464 environment=dev
2025-05-16 10:32:32.970 [INFO] [INFO] TempMixin - __init__ -  ++++++++++ Creating EntityUtils | component=TempMixin subcomponent=__init__ service_name=service-14464 environment=dev
2025-05-16 10:32:32.972 [INFO] [INFO] TempMixin - __init__ -  ++++++++++ EntityUtils custom_serializers: {} | component=TempMixin subcomponent=__init__ service_name=service-14464 environment=dev
2025-05-16 10:35:51.811 [INFO] [INFO] TempMixin - __init__ -  ++++++++++ Creating EntityUtils | component=TempMixin subcomponent=__init__ service_name=service-17948 environment=dev
2025-05-16 10:35:52.243 [INFO] [INFO] TempMixin - __init__ -  ++++++++++ EntityUtils custom_serializers: {} | component=TempMixin subcomponent=__init__ service_name=service-17948 environment=dev
2025-05-16 10:35:52.251 [INFO] [INFO] TempMixin - __init__ -  ++++++++++ Creating EntityUtils | component=TempMixin subcomponent=__init__ service_name=service-17948 environment=dev
2025-05-16 10:35:52.253 [INFO] [INFO] TempMixin - __init__ -  ++++++++++ EntityUtils custom_serializers: {} | component=TempMixin subcomponent=__init__ service_name=service-17948 environment=dev
2025-05-16 10:35:52.257 [INFO] [INFO] TempMixin - __init__ -  ++++++++++ Creating EntityUtils | component=TempMixin subcomponent=__init__ service_name=service-17948 environment=dev
2025-05-16 10:35:52.258 [INFO] [INFO] TempMixin - __init__ -  ++++++++++ EntityUtils custom_serializers: {} | component=TempMixin subcomponent=__init__ service_name=service-17948 environment=dev
2025-05-16 10:36:04.461 [INFO] [INFO] TempMixin - __init__ -  ++++++++++ Creating EntityUtils | component=TempMixin subcomponent=__init__ service_name=service-10284 environment=dev
2025-05-16 10:36:04.910 [INFO] [INFO] TempMixin - __init__ -  ++++++++++ EntityUtils custom_serializers: {} | component=TempMixin subcomponent=__init__ service_name=service-10284 environment=dev
2025-05-16 10:36:04.918 [INFO] [INFO] TempMixin - __init__ -  ++++++++++ Creating EntityUtils | component=TempMixin subcomponent=__init__ service_name=service-10284 environment=dev
2025-05-16 10:36:04.922 [INFO] [INFO] TempMixin - __init__ -  ++++++++++ EntityUtils custom_serializers: {} | component=TempMixin subcomponent=__init__ service_name=service-10284 environment=dev
2025-05-16 10:36:04.926 [INFO] [INFO] TempMixin - __init__ -  ++++++++++ Creating EntityUtils | component=TempMixin subcomponent=__init__ service_name=service-10284 environment=dev
2025-05-16 10:36:04.928 [INFO] [INFO] TempMixin - __init__ -  ++++++++++ EntityUtils custom_serializers: {} | component=TempMixin subcomponent=__init__ service_name=service-10284 environment=dev
2025-05-16 10:37:29.742 [INFO] [INFO] TempMixin - __init__ -  ++++++++++ Creating EntityUtils | component=TempMixin subcomponent=__init__ service_name=service-19256 environment=dev
2025-05-16 10:37:30.169 [INFO] [INFO] TempMixin - __init__ -  ++++++++++ EntityUtils custom_serializers: {} | component=TempMixin subcomponent=__init__ service_name=service-19256 environment=dev
2025-05-16 10:37:30.175 [INFO] [INFO] TempMixin - __init__ -  ++++++++++ Creating EntityUtils | component=TempMixin subcomponent=__init__ service_name=service-19256 environment=dev
2025-05-16 10:37:30.176 [INFO] [INFO] TempMixin - __init__ -  ++++++++++ EntityUtils custom_serializers: {} | component=TempMixin subcomponent=__init__ service_name=service-19256 environment=dev
2025-05-16 10:37:30.182 [INFO] [INFO] TempMixin - __init__ -  ++++++++++ Creating EntityUtils | component=TempMixin subcomponent=__init__ service_name=service-19256 environment=dev
2025-05-16 10:37:30.184 [INFO] [INFO] TempMixin - __init__ -  ++++++++++ EntityUtils custom_serializers: {} | component=TempMixin subcomponent=__init__ service_name=service-19256 environment=dev
2025-05-16 10:38:22.920 [INFO] [INFO] conftest - setup_test_environment -  Setting up test environment... | component=conftest subcomponent=setup_test_environment service_name=service-17736 environment=dev
2025-05-16 10:38:23.866 [INFO] [INFO] conftest - delete_pytest_cache -  Removing .\.pytest_cache | component=conftest subcomponent=delete_pytest_cache service_name=service-17736 environment=dev
2025-05-16 10:38:23.963 [INFO] [INFO] conftest - setup_test_environment -  Test files in this session: {'c:\\Users\\Phil\\Desktop\\Projects\\shared-libs\\python\\queue\\tests\\test_queue_system.py'} | component=conftest subcomponent=setup_test_environment service_name=service-17736 environment=dev
2025-05-16 10:38:23.969 [INFO] [INFO] conftest - run_command -  Running command: docker info | component=conftest subcomponent=run_command service_name=service-17736 environment=dev
2025-05-16 10:38:23.494 [INFO] [INFO] TempMixin - __init__ -  ++++++++++ Creating EntityUtils | component=TempMixin subcomponent=__init__ service_name=service-17436 environment=dev
2025-05-16 10:38:24.796 [INFO] [INFO] TempMixin - __init__ -  ++++++++++ EntityUtils custom_serializers: {} | component=TempMixin subcomponent=__init__ service_name=service-17436 environment=dev
2025-05-16 10:38:24.808 [INFO] [INFO] TempMixin - __init__ -  ++++++++++ Creating EntityUtils | component=TempMixin subcomponent=__init__ service_name=service-17436 environment=dev
2025-05-16 10:38:24.812 [INFO] [INFO] TempMixin - __init__ -  ++++++++++ EntityUtils custom_serializers: {} | component=TempMixin subcomponent=__init__ service_name=service-17436 environment=dev
2025-05-16 10:38:24.822 [INFO] [INFO] TempMixin - __init__ -  ++++++++++ Creating EntityUtils | component=TempMixin subcomponent=__init__ service_name=service-17436 environment=dev
2025-05-16 10:38:24.824 [INFO] [INFO] TempMixin - __init__ -  ++++++++++ EntityUtils custom_serializers: {} | component=TempMixin subcomponent=__init__ service_name=service-17436 environment=dev
2025-05-16 10:38:25.623 [INFO] [INFO] conftest - run_command -  Command output: Client:
 Version:    28.0.4
 Context:    desktop-linux
 Debug Mode: false
 Plugins:
  ai: Docker AI Agent - Ask Gordon (Docker Inc.)
    Version:  v1.1.3
    Path:     C:\Program Files\Docker\cli-plugins\docker-ai.exe
  buildx: Docker Buildx (Docker Inc.)
    Version:  v0.22.0-desktop.1
    Path:     C:\Program Files\Docker\cli-plugins\docker-buildx.exe
  cloud: Docker Cloud (Docker Inc.)
    Version:  0.2.20
    Path:     C:\Program Files\Docker\cli-plugins\docker-cloud.exe
  compose: Docker Compose (Docker Inc.)
    Version:  v2.34.0-desktop.1
    Path:     C:\Program Files\Docker\cli-plugins\docker-compose.exe
  debug: Get a shell into any image or container (Docker Inc.)
    Version:  0.0.38
    Path:     C:\Program Files\Docker\cli-plugins\docker-debug.exe
  desktop: Docker Desktop commands (Beta) (Docker Inc.)
    Version:  v0.1.6
    Path:     C:\Program Files\Docker\cli-plugins\docker-desktop.exe
  dev: Docker Dev Environments (Docker Inc.)
    Version:  v0.1.2
    Path:     C:\Program Files\Docker\cli-plugins\docker-dev.exe
  extension: Manages Docker extensions (Docker Inc.)
    Version:  v0.2.27
    Path:     C:\Program Files\Docker\cli-plugins\docker-extension.exe
  init: Creates Docker-related starter files for your project (Docker Inc.)
    Version:  v1.4.0
    Path:     C:\Program Files\Docker\cli-plugins\docker-init.exe
  sbom: View the packaged-based Software Bill Of Materials (SBOM) for an image (Anchore Inc.)
    Version:  0.6.0
    Path:     C:\Program Files\Docker\cli-plugins\docker-sbom.exe
  scout: Docker Scout (Docker Inc.)
    Version:  v1.17.0
    Path:     C:\Program Files\Docker\cli-plugins\docker-scout.exe

Server:
 Containers: 2
  Running: 2
  Paused: 0
  Stopped: 0
 Images: 9
 Server Version: 28.0.4
 Storage Driver: overlayfs
  driver-type: io.containerd.snapshotter.v1
 Logging Driver: json-file
 Cgroup Driver: cgroupfs
 Cgroup Version: 1
 Plugins:
  Volume: local
  Network: bridge host ipvlan macvlan null overlay
  Log: awslogs fluentd gcplogs gelf journald json-file local splunk syslog
 CDI spec directories:
  /etc/cdi
  /var/run/cdi
 Swarm: inactive
 Runtimes: io.containerd.runc.v2 nvidia runc
 Default Runtime: runc
 Init Binary: docker-init
 containerd version: 753481ec61c7c8955a23d6ff7bc8e4daed455734
 runc version: v1.2.5-0-g59923ef
 init version: de40ad0
 Security Options:
  seccomp
   Profile: unconfined
 Kernel Version: 5.15.167.4-microsoft-standard-WSL2
 Operating System: Docker Desktop
 OSType: linux
 Architecture: x86_64
 CPUs: 4
 Total Memory: 7.649GiB
 Name: docker-desktop
 ID: bd414c6b-a391-41c8-9560-cbfc52f7f58d
 Docker Root Dir: /var/lib/docker
 Debug Mode: false
 HTTP Proxy: http.docker.internal:3128
 HTTPS Proxy: http.docker.internal:3128
 No Proxy: hubproxy.docker.internal
 Labels:
  com.docker.desktop.address=npipe://\\.\pipe\docker_cli
 Experimental: false
 Insecure Registries:
  hubproxy.docker.internal:5555
  ::1/128
  127.0.0.0/8
 Live Restore Enabled: false

 | component=conftest subcomponent=run_command service_name=service-17736 environment=dev
2025-05-16 10:38:25.625 [INFO] [INFO] conftest - run_command -  Command error: WARNING: No blkio throttle.read_bps_device support
WARNING: No blkio throttle.write_bps_device support
WARNING: No blkio throttle.read_iops_device support
WARNING: No blkio throttle.write_iops_device support
WARNING: DOCKER_INSECURE_NO_IPTABLES_RAW is set
WARNING: daemon is not using the default seccomp profile
 | component=conftest subcomponent=run_command service_name=service-17736 environment=dev
2025-05-16 10:38:25.627 [INFO] [INFO] conftest - setup_test_environment -  Found Docker Compose file for c:\Users\Phil\Desktop\Projects\shared-libs\python\queue\tests\test_queue_system.py: c:\Users\Phil\Desktop\Projects\shared-libs\python\queue\tests\docker-compose.yml | component=conftest subcomponent=setup_test_environment service_name=service-17736 environment=dev
2025-05-16 10:38:25.643 [INFO] [INFO] conftest - setup_test_environment -  Detected the following services in c:\Users\Phil\Desktop\Projects\shared-libs\python\queue\tests\docker-compose.yml: | component=conftest subcomponent=setup_test_environment service_name=service-17736 environment=dev
2025-05-16 10:38:25.645 [INFO] [INFO] conftest - setup_test_environment -    - redis: {}:localhost (container port: 6379) | component=conftest subcomponent=setup_test_environment service_name=service-17736 environment=dev
2025-05-16 10:38:25.647 [INFO] [INFO] conftest - run_command -  Running command: docker-compose -f c:\Users\Phil\Desktop\Projects\shared-libs\python\queue\tests\docker-compose.yml -p test-queue up -d | component=conftest subcomponent=run_command service_name=service-17736 environment=dev
2025-05-16 10:38:28.670 [INFO] [INFO] conftest - run_command -  Command error: time="2025-05-16T10:38:25+01:00" level=warning msg="c:\\Users\\Phil\\Desktop\\Projects\\shared-libs\\python\\queue\\tests\\docker-compose.yml: the attribute `version` is obsolete, it will be ignored, please remove it to avoid potential confusion"
 Network test-queue_default  Creating
 Network test-queue_default  Created
 Container test-queue-redis-1  Creating
 Container test-queue-redis-1  Created
 Container test-queue-redis-1  Starting
 Container test-queue-redis-1  Started
 | component=conftest subcomponent=run_command service_name=service-17736 environment=dev
2025-05-16 10:38:28.677 [INFO] [INFO] services - wait_for_service -  Waiting for redis to be ready at localhost:6379... | component=services subcomponent=wait_for_service service_name=service-17736 environment=dev
2025-05-16 10:38:28.697 [INFO] [INFO] services - wait_for_service -  TCP connection to localhost:6379 successful | component=services subcomponent=wait_for_service service_name=service-17736 environment=dev
2025-05-16 10:38:28.728 [INFO] [INFO] services - wait_for_service -  redis connection attempt failed: Connection closed by server. | component=services subcomponent=wait_for_service service_name=service-17736 environment=dev
2025-05-16 10:38:29.732 [INFO] [INFO] services - wait_for_service -  TCP connection to localhost:6379 successful | component=services subcomponent=wait_for_service service_name=service-17736 environment=dev
2025-05-16 10:38:29.751 [INFO] [INFO] services - wait_for_service -  redis at localhost:6379 is ready! | component=services subcomponent=wait_for_service service_name=service-17736 environment=dev
2025-05-16 10:38:34.960 [INFO] [INFO] conftest - setup_test_environment -  Tearing down test environment... | component=conftest subcomponent=setup_test_environment service_name=service-17736 environment=dev
2025-05-16 10:38:34.962 [INFO] [INFO] conftest - run_command -  Running command:  | component=conftest subcomponent=run_command service_name=service-17736 environment=dev
2025-05-16 10:38:34.996 [INFO] [INFO] conftest - delete_pytest_cache -  Removing .\.pytest_cache | component=conftest subcomponent=delete_pytest_cache service_name=service-17736 environment=dev
2025-05-16 10:42:05.546 [INFO] [INFO] TempMixin - __init__ -  ++++++++++ Creating EntityUtils | component=TempMixin subcomponent=__init__ service_name=service-8496 environment=dev
2025-05-16 10:42:05.979 [INFO] [INFO] TempMixin - __init__ -  ++++++++++ EntityUtils custom_serializers: {} | component=TempMixin subcomponent=__init__ service_name=service-8496 environment=dev
2025-05-16 10:42:05.985 [INFO] [INFO] TempMixin - __init__ -  ++++++++++ Creating EntityUtils | component=TempMixin subcomponent=__init__ service_name=service-8496 environment=dev
2025-05-16 10:42:05.987 [INFO] [INFO] TempMixin - __init__ -  ++++++++++ EntityUtils custom_serializers: {} | component=TempMixin subcomponent=__init__ service_name=service-8496 environment=dev
2025-05-16 10:42:05.991 [INFO] [INFO] TempMixin - __init__ -  ++++++++++ Creating EntityUtils | component=TempMixin subcomponent=__init__ service_name=service-8496 environment=dev
2025-05-16 10:42:05.993 [INFO] [INFO] TempMixin - __init__ -  ++++++++++ EntityUtils custom_serializers: {} | component=TempMixin subcomponent=__init__ service_name=service-8496 environment=dev
2025-05-16 10:43:43.258 [INFO] [INFO] TempMixin - __init__ -  ++++++++++ Creating EntityUtils | component=TempMixin subcomponent=__init__ service_name=service-17336 environment=dev
2025-05-16 10:43:43.691 [INFO] [INFO] TempMixin - __init__ -  ++++++++++ EntityUtils custom_serializers: {} | component=TempMixin subcomponent=__init__ service_name=service-17336 environment=dev
2025-05-16 10:43:43.699 [INFO] [INFO] TempMixin - __init__ -  ++++++++++ Creating EntityUtils | component=TempMixin subcomponent=__init__ service_name=service-17336 environment=dev
2025-05-16 10:43:43.701 [INFO] [INFO] TempMixin - __init__ -  ++++++++++ EntityUtils custom_serializers: {} | component=TempMixin subcomponent=__init__ service_name=service-17336 environment=dev
2025-05-16 10:43:43.708 [INFO] [INFO] TempMixin - __init__ -  ++++++++++ Creating EntityUtils | component=TempMixin subcomponent=__init__ service_name=service-17336 environment=dev
2025-05-16 10:43:43.710 [INFO] [INFO] TempMixin - __init__ -  ++++++++++ EntityUtils custom_serializers: {} | component=TempMixin subcomponent=__init__ service_name=service-17336 environment=dev
2025-05-16 10:44:05.399 [INFO] [INFO] TempMixin - __init__ -  ++++++++++ Creating EntityUtils | component=TempMixin subcomponent=__init__ service_name=service-19012 environment=dev
2025-05-16 10:44:05.927 [INFO] [INFO] TempMixin - __init__ -  ++++++++++ EntityUtils custom_serializers: {} | component=TempMixin subcomponent=__init__ service_name=service-19012 environment=dev
2025-05-16 10:44:05.935 [INFO] [INFO] TempMixin - __init__ -  ++++++++++ Creating EntityUtils | component=TempMixin subcomponent=__init__ service_name=service-19012 environment=dev
2025-05-16 10:44:05.937 [INFO] [INFO] TempMixin - __init__ -  ++++++++++ EntityUtils custom_serializers: {} | component=TempMixin subcomponent=__init__ service_name=service-19012 environment=dev
2025-05-16 10:44:05.942 [INFO] [INFO] TempMixin - __init__ -  ++++++++++ Creating EntityUtils | component=TempMixin subcomponent=__init__ service_name=service-19012 environment=dev
2025-05-16 10:44:05.944 [INFO] [INFO] TempMixin - __init__ -  ++++++++++ EntityUtils custom_serializers: {} | component=TempMixin subcomponent=__init__ service_name=service-19012 environment=dev
2025-05-16 10:44:07.966 [INFO] [INFO] conftest - setup_test_environment -  Setting up test environment... | component=conftest subcomponent=setup_test_environment service_name=service-18924 environment=dev
2025-05-16 10:44:08.758 [INFO] [INFO] conftest - delete_pytest_cache -  Removing .\.pytest_cache | component=conftest subcomponent=delete_pytest_cache service_name=service-18924 environment=dev
2025-05-16 10:44:08.801 [INFO] [INFO] conftest - setup_test_environment -  Test files in this session: {'c:\\Users\\Phil\\Desktop\\Projects\\shared-libs\\python\\queue\\tests\\test_queue_system.py'} | component=conftest subcomponent=setup_test_environment service_name=service-18924 environment=dev
2025-05-16 10:44:08.803 [INFO] [INFO] conftest - run_command -  Running command: docker info | component=conftest subcomponent=run_command service_name=service-18924 environment=dev
2025-05-16 10:44:09.711 [INFO] [INFO] conftest - run_command -  Command output: Client:
 Version:    28.0.4
 Context:    desktop-linux
 Debug Mode: false
 Plugins:
  ai: Docker AI Agent - Ask Gordon (Docker Inc.)
    Version:  v1.1.3
    Path:     C:\Program Files\Docker\cli-plugins\docker-ai.exe
  buildx: Docker Buildx (Docker Inc.)
    Version:  v0.22.0-desktop.1
    Path:     C:\Program Files\Docker\cli-plugins\docker-buildx.exe
  cloud: Docker Cloud (Docker Inc.)
    Version:  0.2.20
    Path:     C:\Program Files\Docker\cli-plugins\docker-cloud.exe
  compose: Docker Compose (Docker Inc.)
    Version:  v2.34.0-desktop.1
    Path:     C:\Program Files\Docker\cli-plugins\docker-compose.exe
  debug: Get a shell into any image or container (Docker Inc.)
    Version:  0.0.38
    Path:     C:\Program Files\Docker\cli-plugins\docker-debug.exe
  desktop: Docker Desktop commands (Beta) (Docker Inc.)
    Version:  v0.1.6
    Path:     C:\Program Files\Docker\cli-plugins\docker-desktop.exe
  dev: Docker Dev Environments (Docker Inc.)
    Version:  v0.1.2
    Path:     C:\Program Files\Docker\cli-plugins\docker-dev.exe
  extension: Manages Docker extensions (Docker Inc.)
    Version:  v0.2.27
    Path:     C:\Program Files\Docker\cli-plugins\docker-extension.exe
  init: Creates Docker-related starter files for your project (Docker Inc.)
    Version:  v1.4.0
    Path:     C:\Program Files\Docker\cli-plugins\docker-init.exe
  sbom: View the packaged-based Software Bill Of Materials (SBOM) for an image (Anchore Inc.)
    Version:  0.6.0
    Path:     C:\Program Files\Docker\cli-plugins\docker-sbom.exe
  scout: Docker Scout (Docker Inc.)
    Version:  v1.17.0
    Path:     C:\Program Files\Docker\cli-plugins\docker-scout.exe

Server:
 Containers: 3
  Running: 3
  Paused: 0
  Stopped: 0
 Images: 9
 Server Version: 28.0.4
 Storage Driver: overlayfs
  driver-type: io.containerd.snapshotter.v1
 Logging Driver: json-file
 Cgroup Driver: cgroupfs
 Cgroup Version: 1
 Plugins:
  Volume: local
  Network: bridge host ipvlan macvlan null overlay
  Log: awslogs fluentd gcplogs gelf journald json-file local splunk syslog
 CDI spec directories:
  /etc/cdi
  /var/run/cdi
 Swarm: inactive
 Runtimes: io.containerd.runc.v2 nvidia runc
 Default Runtime: runc
 Init Binary: docker-init
 containerd version: 753481ec61c7c8955a23d6ff7bc8e4daed455734
 runc version: v1.2.5-0-g59923ef
 init version: de40ad0
 Security Options:
  seccomp
   Profile: unconfined
 Kernel Version: 5.15.167.4-microsoft-standard-WSL2
 Operating System: Docker Desktop
 OSType: linux
 Architecture: x86_64
 CPUs: 4
 Total Memory: 7.649GiB
 Name: docker-desktop
 ID: bd414c6b-a391-41c8-9560-cbfc52f7f58d
 Docker Root Dir: /var/lib/docker
 Debug Mode: false
 HTTP Proxy: http.docker.internal:3128
 HTTPS Proxy: http.docker.internal:3128
 No Proxy: hubproxy.docker.internal
 Labels:
  com.docker.desktop.address=npipe://\\.\pipe\docker_cli
 Experimental: false
 Insecure Registries:
  hubproxy.docker.internal:5555
  ::1/128
  127.0.0.0/8
 Live Restore Enabled: false

 | component=conftest subcomponent=run_command service_name=service-18924 environment=dev
2025-05-16 10:44:09.715 [INFO] [INFO] conftest - run_command -  Command error: WARNING: No blkio throttle.read_bps_device support
WARNING: No blkio throttle.write_bps_device support
WARNING: No blkio throttle.read_iops_device support
WARNING: No blkio throttle.write_iops_device support
WARNING: DOCKER_INSECURE_NO_IPTABLES_RAW is set
WARNING: daemon is not using the default seccomp profile
 | component=conftest subcomponent=run_command service_name=service-18924 environment=dev
2025-05-16 10:44:09.718 [INFO] [INFO] conftest - setup_test_environment -  Found Docker Compose file for c:\Users\Phil\Desktop\Projects\shared-libs\python\queue\tests\test_queue_system.py: c:\Users\Phil\Desktop\Projects\shared-libs\python\queue\tests\docker-compose.yml | component=conftest subcomponent=setup_test_environment service_name=service-18924 environment=dev
2025-05-16 10:44:09.723 [INFO] [INFO] conftest - setup_test_environment -  Detected the following services in c:\Users\Phil\Desktop\Projects\shared-libs\python\queue\tests\docker-compose.yml: | component=conftest subcomponent=setup_test_environment service_name=service-18924 environment=dev
2025-05-16 10:44:09.725 [INFO] [INFO] conftest - setup_test_environment -    - redis: {}:localhost (container port: 6379) | component=conftest subcomponent=setup_test_environment service_name=service-18924 environment=dev
2025-05-16 10:44:09.727 [INFO] [INFO] conftest - run_command -  Running command: docker-compose -f c:\Users\Phil\Desktop\Projects\shared-libs\python\queue\tests\docker-compose.yml -p test-queue up -d | component=conftest subcomponent=run_command service_name=service-18924 environment=dev
2025-05-16 10:44:10.199 [INFO] [INFO] conftest - run_command -  Command error: time="2025-05-16T10:44:09+01:00" level=warning msg="c:\\Users\\Phil\\Desktop\\Projects\\shared-libs\\python\\queue\\tests\\docker-compose.yml: the attribute `version` is obsolete, it will be ignored, please remove it to avoid potential confusion"
 Container test-queue-redis-1  Running
 | component=conftest subcomponent=run_command service_name=service-18924 environment=dev
2025-05-16 10:44:10.204 [INFO] [INFO] services - wait_for_service -  Waiting for redis to be ready at localhost:6379... | component=services subcomponent=wait_for_service service_name=service-18924 environment=dev
2025-05-16 10:44:10.211 [INFO] [INFO] services - wait_for_service -  TCP connection to localhost:6379 successful | component=services subcomponent=wait_for_service service_name=service-18924 environment=dev
2025-05-16 10:44:10.227 [INFO] [INFO] services - wait_for_service -  redis at localhost:6379 is ready! | component=services subcomponent=wait_for_service service_name=service-18924 environment=dev
2025-05-16 10:44:18.451 [INFO] [INFO] conftest - setup_test_environment -  Tearing down test environment... | component=conftest subcomponent=setup_test_environment service_name=service-18924 environment=dev
2025-05-16 10:44:18.455 [INFO] [INFO] conftest - run_command -  Running command:  | component=conftest subcomponent=run_command service_name=service-18924 environment=dev
2025-05-16 10:45:30.340 [INFO] [INFO] TempMixin - __init__ -  ++++++++++ Creating EntityUtils | component=TempMixin subcomponent=__init__ service_name=service-19804 environment=dev
2025-05-16 10:45:30.951 [INFO] [INFO] TempMixin - __init__ -  ++++++++++ EntityUtils custom_serializers: {} | component=TempMixin subcomponent=__init__ service_name=service-19804 environment=dev
2025-05-16 10:45:30.962 [INFO] [INFO] TempMixin - __init__ -  ++++++++++ Creating EntityUtils | component=TempMixin subcomponent=__init__ service_name=service-19804 environment=dev
2025-05-16 10:45:30.964 [INFO] [INFO] TempMixin - __init__ -  ++++++++++ EntityUtils custom_serializers: {} | component=TempMixin subcomponent=__init__ service_name=service-19804 environment=dev
2025-05-16 10:45:30.970 [INFO] [INFO] TempMixin - __init__ -  ++++++++++ Creating EntityUtils | component=TempMixin subcomponent=__init__ service_name=service-19804 environment=dev
2025-05-16 10:45:30.972 [INFO] [INFO] TempMixin - __init__ -  ++++++++++ EntityUtils custom_serializers: {} | component=TempMixin subcomponent=__init__ service_name=service-19804 environment=dev
2025-05-16 10:45:33.147 [INFO] [INFO] conftest - setup_test_environment -  Setting up test environment... | component=conftest subcomponent=setup_test_environment service_name=service-20076 environment=dev
2025-05-16 10:45:34.066 [INFO] [INFO] conftest - delete_pytest_cache -  Removing .\.pytest_cache | component=conftest subcomponent=delete_pytest_cache service_name=service-20076 environment=dev
2025-05-16 10:45:34.131 [INFO] [INFO] conftest - setup_test_environment -  Test files in this session: {'c:\\Users\\Phil\\Desktop\\Projects\\shared-libs\\python\\queue\\tests\\test_queue_system.py'} | component=conftest subcomponent=setup_test_environment service_name=service-20076 environment=dev
2025-05-16 10:45:34.140 [INFO] [INFO] conftest - run_command -  Running command: docker info | component=conftest subcomponent=run_command service_name=service-20076 environment=dev
2025-05-16 10:45:35.888 [INFO] [INFO] conftest - run_command -  Command output: Client:
 Version:    28.0.4
 Context:    desktop-linux
 Debug Mode: false
 Plugins:
  ai: Docker AI Agent - Ask Gordon (Docker Inc.)
    Version:  v1.1.3
    Path:     C:\Program Files\Docker\cli-plugins\docker-ai.exe
  buildx: Docker Buildx (Docker Inc.)
    Version:  v0.22.0-desktop.1
    Path:     C:\Program Files\Docker\cli-plugins\docker-buildx.exe
  cloud: Docker Cloud (Docker Inc.)
    Version:  0.2.20
    Path:     C:\Program Files\Docker\cli-plugins\docker-cloud.exe
  compose: Docker Compose (Docker Inc.)
    Version:  v2.34.0-desktop.1
    Path:     C:\Program Files\Docker\cli-plugins\docker-compose.exe
  debug: Get a shell into any image or container (Docker Inc.)
    Version:  0.0.38
    Path:     C:\Program Files\Docker\cli-plugins\docker-debug.exe
  desktop: Docker Desktop commands (Beta) (Docker Inc.)
    Version:  v0.1.6
    Path:     C:\Program Files\Docker\cli-plugins\docker-desktop.exe
  dev: Docker Dev Environments (Docker Inc.)
    Version:  v0.1.2
    Path:     C:\Program Files\Docker\cli-plugins\docker-dev.exe
  extension: Manages Docker extensions (Docker Inc.)
    Version:  v0.2.27
    Path:     C:\Program Files\Docker\cli-plugins\docker-extension.exe
  init: Creates Docker-related starter files for your project (Docker Inc.)
    Version:  v1.4.0
    Path:     C:\Program Files\Docker\cli-plugins\docker-init.exe
  sbom: View the packaged-based Software Bill Of Materials (SBOM) for an image (Anchore Inc.)
    Version:  0.6.0
    Path:     C:\Program Files\Docker\cli-plugins\docker-sbom.exe
  scout: Docker Scout (Docker Inc.)
    Version:  v1.17.0
    Path:     C:\Program Files\Docker\cli-plugins\docker-scout.exe

Server:
 Containers: 3
  Running: 3
  Paused: 0
  Stopped: 0
 Images: 9
 Server Version: 28.0.4
 Storage Driver: overlayfs
  driver-type: io.containerd.snapshotter.v1
 Logging Driver: json-file
 Cgroup Driver: cgroupfs
 Cgroup Version: 1
 Plugins:
  Volume: local
  Network: bridge host ipvlan macvlan null overlay
  Log: awslogs fluentd gcplogs gelf journald json-file local splunk syslog
 CDI spec directories:
  /etc/cdi
  /var/run/cdi
 Swarm: inactive
 Runtimes: io.containerd.runc.v2 nvidia runc
 Default Runtime: runc
 Init Binary: docker-init
 containerd version: 753481ec61c7c8955a23d6ff7bc8e4daed455734
 runc version: v1.2.5-0-g59923ef
 init version: de40ad0
 Security Options:
  seccomp
   Profile: unconfined
 Kernel Version: 5.15.167.4-microsoft-standard-WSL2
 Operating System: Docker Desktop
 OSType: linux
 Architecture: x86_64
 CPUs: 4
 Total Memory: 7.649GiB
 Name: docker-desktop
 ID: bd414c6b-a391-41c8-9560-cbfc52f7f58d
 Docker Root Dir: /var/lib/docker
 Debug Mode: false
 HTTP Proxy: http.docker.internal:3128
 HTTPS Proxy: http.docker.internal:3128
 No Proxy: hubproxy.docker.internal
 Labels:
  com.docker.desktop.address=npipe://\\.\pipe\docker_cli
 Experimental: false
 Insecure Registries:
  hubproxy.docker.internal:5555
  ::1/128
  127.0.0.0/8
 Live Restore Enabled: false

 | component=conftest subcomponent=run_command service_name=service-20076 environment=dev
2025-05-16 10:45:35.890 [INFO] [INFO] conftest - run_command -  Command error: WARNING: No blkio throttle.read_bps_device support
WARNING: No blkio throttle.write_bps_device support
WARNING: No blkio throttle.read_iops_device support
WARNING: No blkio throttle.write_iops_device support
WARNING: DOCKER_INSECURE_NO_IPTABLES_RAW is set
WARNING: daemon is not using the default seccomp profile
 | component=conftest subcomponent=run_command service_name=service-20076 environment=dev
2025-05-16 10:45:35.892 [INFO] [INFO] conftest - setup_test_environment -  Found Docker Compose file for c:\Users\Phil\Desktop\Projects\shared-libs\python\queue\tests\test_queue_system.py: c:\Users\Phil\Desktop\Projects\shared-libs\python\queue\tests\docker-compose.yml | component=conftest subcomponent=setup_test_environment service_name=service-20076 environment=dev
2025-05-16 10:45:35.897 [INFO] [INFO] conftest - setup_test_environment -  Detected the following services in c:\Users\Phil\Desktop\Projects\shared-libs\python\queue\tests\docker-compose.yml: | component=conftest subcomponent=setup_test_environment service_name=service-20076 environment=dev
2025-05-16 10:45:35.899 [INFO] [INFO] conftest - setup_test_environment -    - redis: {}:localhost (container port: 6379) | component=conftest subcomponent=setup_test_environment service_name=service-20076 environment=dev
2025-05-16 10:45:35.902 [INFO] [INFO] conftest - run_command -  Running command: docker-compose -f c:\Users\Phil\Desktop\Projects\shared-libs\python\queue\tests\docker-compose.yml -p test-queue up -d | component=conftest subcomponent=run_command service_name=service-20076 environment=dev
2025-05-16 10:45:36.283 [INFO] [INFO] conftest - run_command -  Command error: time="2025-05-16T10:45:36+01:00" level=warning msg="c:\\Users\\Phil\\Desktop\\Projects\\shared-libs\\python\\queue\\tests\\docker-compose.yml: the attribute `version` is obsolete, it will be ignored, please remove it to avoid potential confusion"
 Container test-queue-redis-1  Running
 | component=conftest subcomponent=run_command service_name=service-20076 environment=dev
2025-05-16 10:45:36.285 [INFO] [INFO] services - wait_for_service -  Waiting for redis to be ready at localhost:6379... | component=services subcomponent=wait_for_service service_name=service-20076 environment=dev
2025-05-16 10:45:36.292 [INFO] [INFO] services - wait_for_service -  TCP connection to localhost:6379 successful | component=services subcomponent=wait_for_service service_name=service-20076 environment=dev
2025-05-16 10:45:36.309 [INFO] [INFO] services - wait_for_service -  redis at localhost:6379 is ready! | component=services subcomponent=wait_for_service service_name=service-20076 environment=dev
2025-05-16 10:45:44.555 [INFO] [INFO] conftest - setup_test_environment -  Tearing down test environment... | component=conftest subcomponent=setup_test_environment service_name=service-20076 environment=dev
2025-05-16 10:45:44.560 [INFO] [INFO] conftest - run_command -  Running command:  | component=conftest subcomponent=run_command service_name=service-20076 environment=dev
2025-05-16 10:46:49.617 [INFO] [INFO] TempMixin - __init__ -  ++++++++++ Creating EntityUtils | component=TempMixin subcomponent=__init__ service_name=service-17204 environment=dev
2025-05-16 10:46:50.082 [INFO] [INFO] TempMixin - __init__ -  ++++++++++ EntityUtils custom_serializers: {} | component=TempMixin subcomponent=__init__ service_name=service-17204 environment=dev
2025-05-16 10:46:50.089 [INFO] [INFO] TempMixin - __init__ -  ++++++++++ Creating EntityUtils | component=TempMixin subcomponent=__init__ service_name=service-17204 environment=dev
2025-05-16 10:46:50.093 [INFO] [INFO] TempMixin - __init__ -  ++++++++++ EntityUtils custom_serializers: {} | component=TempMixin subcomponent=__init__ service_name=service-17204 environment=dev
2025-05-16 10:46:50.099 [INFO] [INFO] TempMixin - __init__ -  ++++++++++ Creating EntityUtils | component=TempMixin subcomponent=__init__ service_name=service-17204 environment=dev
2025-05-16 10:46:50.101 [INFO] [INFO] TempMixin - __init__ -  ++++++++++ EntityUtils custom_serializers: {} | component=TempMixin subcomponent=__init__ service_name=service-17204 environment=dev
2025-05-16 10:46:52.966 [INFO] [INFO] conftest - setup_test_environment -  Setting up test environment... | component=conftest subcomponent=setup_test_environment service_name=service-19312 environment=dev
2025-05-16 10:46:53.843 [INFO] [INFO] conftest - delete_pytest_cache -  Removing .\.pytest_cache | component=conftest subcomponent=delete_pytest_cache service_name=service-19312 environment=dev
2025-05-16 10:46:53.884 [INFO] [INFO] conftest - setup_test_environment -  Test files in this session: {'c:\\Users\\Phil\\Desktop\\Projects\\shared-libs\\python\\queue\\tests\\test_queue_system.py'} | component=conftest subcomponent=setup_test_environment service_name=service-19312 environment=dev
2025-05-16 10:46:53.886 [INFO] [INFO] conftest - run_command -  Running command: docker info | component=conftest subcomponent=run_command service_name=service-19312 environment=dev
2025-05-16 10:46:54.823 [INFO] [INFO] conftest - run_command -  Command output: Client:
 Version:    28.0.4
 Context:    desktop-linux
 Debug Mode: false
 Plugins:
  ai: Docker AI Agent - Ask Gordon (Docker Inc.)
    Version:  v1.1.3
    Path:     C:\Program Files\Docker\cli-plugins\docker-ai.exe
  buildx: Docker Buildx (Docker Inc.)
    Version:  v0.22.0-desktop.1
    Path:     C:\Program Files\Docker\cli-plugins\docker-buildx.exe
  cloud: Docker Cloud (Docker Inc.)
    Version:  0.2.20
    Path:     C:\Program Files\Docker\cli-plugins\docker-cloud.exe
  compose: Docker Compose (Docker Inc.)
    Version:  v2.34.0-desktop.1
    Path:     C:\Program Files\Docker\cli-plugins\docker-compose.exe
  debug: Get a shell into any image or container (Docker Inc.)
    Version:  0.0.38
    Path:     C:\Program Files\Docker\cli-plugins\docker-debug.exe
  desktop: Docker Desktop commands (Beta) (Docker Inc.)
    Version:  v0.1.6
    Path:     C:\Program Files\Docker\cli-plugins\docker-desktop.exe
  dev: Docker Dev Environments (Docker Inc.)
    Version:  v0.1.2
    Path:     C:\Program Files\Docker\cli-plugins\docker-dev.exe
  extension: Manages Docker extensions (Docker Inc.)
    Version:  v0.2.27
    Path:     C:\Program Files\Docker\cli-plugins\docker-extension.exe
  init: Creates Docker-related starter files for your project (Docker Inc.)
    Version:  v1.4.0
    Path:     C:\Program Files\Docker\cli-plugins\docker-init.exe
  sbom: View the packaged-based Software Bill Of Materials (SBOM) for an image (Anchore Inc.)
    Version:  0.6.0
    Path:     C:\Program Files\Docker\cli-plugins\docker-sbom.exe
  scout: Docker Scout (Docker Inc.)
    Version:  v1.17.0
    Path:     C:\Program Files\Docker\cli-plugins\docker-scout.exe

Server:
 Containers: 3
  Running: 3
  Paused: 0
  Stopped: 0
 Images: 9
 Server Version: 28.0.4
 Storage Driver: overlayfs
  driver-type: io.containerd.snapshotter.v1
 Logging Driver: json-file
 Cgroup Driver: cgroupfs
 Cgroup Version: 1
 Plugins:
  Volume: local
  Network: bridge host ipvlan macvlan null overlay
  Log: awslogs fluentd gcplogs gelf journald json-file local splunk syslog
 CDI spec directories:
  /etc/cdi
  /var/run/cdi
 Swarm: inactive
 Runtimes: runc io.containerd.runc.v2 nvidia
 Default Runtime: runc
 Init Binary: docker-init
 containerd version: 753481ec61c7c8955a23d6ff7bc8e4daed455734
 runc version: v1.2.5-0-g59923ef
 init version: de40ad0
 Security Options:
  seccomp
   Profile: unconfined
 Kernel Version: 5.15.167.4-microsoft-standard-WSL2
 Operating System: Docker Desktop
 OSType: linux
 Architecture: x86_64
 CPUs: 4
 Total Memory: 7.649GiB
 Name: docker-desktop
 ID: bd414c6b-a391-41c8-9560-cbfc52f7f58d
 Docker Root Dir: /var/lib/docker
 Debug Mode: false
 HTTP Proxy: http.docker.internal:3128
 HTTPS Proxy: http.docker.internal:3128
 No Proxy: hubproxy.docker.internal
 Labels:
  com.docker.desktop.address=npipe://\\.\pipe\docker_cli
 Experimental: false
 Insecure Registries:
  hubproxy.docker.internal:5555
  ::1/128
  127.0.0.0/8
 Live Restore Enabled: false

 | component=conftest subcomponent=run_command service_name=service-19312 environment=dev
2025-05-16 10:46:54.825 [INFO] [INFO] conftest - run_command -  Command error: WARNING: No blkio throttle.read_bps_device support
WARNING: No blkio throttle.write_bps_device support
WARNING: No blkio throttle.read_iops_device support
WARNING: No blkio throttle.write_iops_device support
WARNING: DOCKER_INSECURE_NO_IPTABLES_RAW is set
WARNING: daemon is not using the default seccomp profile
 | component=conftest subcomponent=run_command service_name=service-19312 environment=dev
2025-05-16 10:46:54.827 [INFO] [INFO] conftest - setup_test_environment -  Found Docker Compose file for c:\Users\Phil\Desktop\Projects\shared-libs\python\queue\tests\test_queue_system.py: c:\Users\Phil\Desktop\Projects\shared-libs\python\queue\tests\docker-compose.yml | component=conftest subcomponent=setup_test_environment service_name=service-19312 environment=dev
2025-05-16 10:46:54.831 [INFO] [INFO] conftest - setup_test_environment -  Detected the following services in c:\Users\Phil\Desktop\Projects\shared-libs\python\queue\tests\docker-compose.yml: | component=conftest subcomponent=setup_test_environment service_name=service-19312 environment=dev
2025-05-16 10:46:54.832 [INFO] [INFO] conftest - setup_test_environment -    - redis: {}:localhost (container port: 6379) | component=conftest subcomponent=setup_test_environment service_name=service-19312 environment=dev
2025-05-16 10:46:54.836 [INFO] [INFO] conftest - run_command -  Running command: docker-compose -f c:\Users\Phil\Desktop\Projects\shared-libs\python\queue\tests\docker-compose.yml -p test-queue up -d | component=conftest subcomponent=run_command service_name=service-19312 environment=dev
2025-05-16 10:46:55.249 [INFO] [INFO] conftest - run_command -  Command error: time="2025-05-16T10:46:55+01:00" level=warning msg="c:\\Users\\Phil\\Desktop\\Projects\\shared-libs\\python\\queue\\tests\\docker-compose.yml: the attribute `version` is obsolete, it will be ignored, please remove it to avoid potential confusion"
 Container test-queue-redis-1  Running
 | component=conftest subcomponent=run_command service_name=service-19312 environment=dev
2025-05-16 10:46:55.255 [INFO] [INFO] services - wait_for_service -  Waiting for redis to be ready at localhost:6379... | component=services subcomponent=wait_for_service service_name=service-19312 environment=dev
2025-05-16 10:46:55.266 [INFO] [INFO] services - wait_for_service -  TCP connection to localhost:6379 successful | component=services subcomponent=wait_for_service service_name=service-19312 environment=dev
2025-05-16 10:46:55.279 [INFO] [INFO] services - wait_for_service -  redis at localhost:6379 is ready! | component=services subcomponent=wait_for_service service_name=service-19312 environment=dev
2025-05-16 10:47:03.337 [INFO] [INFO] conftest - setup_test_environment -  Tearing down test environment... | component=conftest subcomponent=setup_test_environment service_name=service-19312 environment=dev
2025-05-16 10:47:03.340 [INFO] [INFO] conftest - run_command -  Running command:  | component=conftest subcomponent=run_command service_name=service-19312 environment=dev
2025-05-16 10:47:08.402 [INFO] [INFO] conftest - setup_test_environment -  Setting up test environment... | component=conftest subcomponent=setup_test_environment service_name=service-15216 environment=dev
2025-05-16 10:47:09.038 [INFO] [INFO] conftest - delete_pytest_cache -  Removing .\.pytest_cache | component=conftest subcomponent=delete_pytest_cache service_name=service-15216 environment=dev
2025-05-16 10:47:09.074 [INFO] [INFO] conftest - setup_test_environment -  Test files in this session: {'c:\\Users\\Phil\\Desktop\\Projects\\shared-libs\\python\\queue\\tests\\test_queue_system.py'} | component=conftest subcomponent=setup_test_environment service_name=service-15216 environment=dev
2025-05-16 10:47:09.076 [INFO] [INFO] conftest - run_command -  Running command: docker info | component=conftest subcomponent=run_command service_name=service-15216 environment=dev
2025-05-16 10:47:09.652 [INFO] [INFO] conftest - run_command -  Command output: Client:
 Version:    28.0.4
 Context:    desktop-linux
 Debug Mode: false
 Plugins:
  ai: Docker AI Agent - Ask Gordon (Docker Inc.)
    Version:  v1.1.3
    Path:     C:\Program Files\Docker\cli-plugins\docker-ai.exe
  buildx: Docker Buildx (Docker Inc.)
    Version:  v0.22.0-desktop.1
    Path:     C:\Program Files\Docker\cli-plugins\docker-buildx.exe
  cloud: Docker Cloud (Docker Inc.)
    Version:  0.2.20
    Path:     C:\Program Files\Docker\cli-plugins\docker-cloud.exe
  compose: Docker Compose (Docker Inc.)
    Version:  v2.34.0-desktop.1
    Path:     C:\Program Files\Docker\cli-plugins\docker-compose.exe
  debug: Get a shell into any image or container (Docker Inc.)
    Version:  0.0.38
    Path:     C:\Program Files\Docker\cli-plugins\docker-debug.exe
  desktop: Docker Desktop commands (Beta) (Docker Inc.)
    Version:  v0.1.6
    Path:     C:\Program Files\Docker\cli-plugins\docker-desktop.exe
  dev: Docker Dev Environments (Docker Inc.)
    Version:  v0.1.2
    Path:     C:\Program Files\Docker\cli-plugins\docker-dev.exe
  extension: Manages Docker extensions (Docker Inc.)
    Version:  v0.2.27
    Path:     C:\Program Files\Docker\cli-plugins\docker-extension.exe
  init: Creates Docker-related starter files for your project (Docker Inc.)
    Version:  v1.4.0
    Path:     C:\Program Files\Docker\cli-plugins\docker-init.exe
  sbom: View the packaged-based Software Bill Of Materials (SBOM) for an image (Anchore Inc.)
    Version:  0.6.0
    Path:     C:\Program Files\Docker\cli-plugins\docker-sbom.exe
  scout: Docker Scout (Docker Inc.)
    Version:  v1.17.0
    Path:     C:\Program Files\Docker\cli-plugins\docker-scout.exe

Server:
 Containers: 3
  Running: 3
  Paused: 0
  Stopped: 0
 Images: 9
 Server Version: 28.0.4
 Storage Driver: overlayfs
  driver-type: io.containerd.snapshotter.v1
 Logging Driver: json-file
 Cgroup Driver: cgroupfs
 Cgroup Version: 1
 Plugins:
  Volume: local
  Network: bridge host ipvlan macvlan null overlay
  Log: awslogs fluentd gcplogs gelf journald json-file local splunk syslog
 CDI spec directories:
  /etc/cdi
  /var/run/cdi
 Swarm: inactive
 Runtimes: io.containerd.runc.v2 nvidia runc
 Default Runtime: runc
 Init Binary: docker-init
 containerd version: 753481ec61c7c8955a23d6ff7bc8e4daed455734
 runc version: v1.2.5-0-g59923ef
 init version: de40ad0
 Security Options:
  seccomp
   Profile: unconfined
 Kernel Version: 5.15.167.4-microsoft-standard-WSL2
 Operating System: Docker Desktop
 OSType: linux
 Architecture: x86_64
 CPUs: 4
 Total Memory: 7.649GiB
 Name: docker-desktop
 ID: bd414c6b-a391-41c8-9560-cbfc52f7f58d
 Docker Root Dir: /var/lib/docker
 Debug Mode: false
 HTTP Proxy: http.docker.internal:3128
 HTTPS Proxy: http.docker.internal:3128
 No Proxy: hubproxy.docker.internal
 Labels:
  com.docker.desktop.address=npipe://\\.\pipe\docker_cli
 Experimental: false
 Insecure Registries:
  hubproxy.docker.internal:5555
  ::1/128
  127.0.0.0/8
 Live Restore Enabled: false

 | component=conftest subcomponent=run_command service_name=service-15216 environment=dev
2025-05-16 10:47:09.654 [INFO] [INFO] conftest - run_command -  Command error: WARNING: No blkio throttle.read_bps_device support
WARNING: No blkio throttle.write_bps_device support
WARNING: No blkio throttle.read_iops_device support
WARNING: No blkio throttle.write_iops_device support
WARNING: DOCKER_INSECURE_NO_IPTABLES_RAW is set
WARNING: daemon is not using the default seccomp profile
 | component=conftest subcomponent=run_command service_name=service-15216 environment=dev
2025-05-16 10:47:09.656 [INFO] [INFO] conftest - setup_test_environment -  Found Docker Compose file for c:\Users\Phil\Desktop\Projects\shared-libs\python\queue\tests\test_queue_system.py: c:\Users\Phil\Desktop\Projects\shared-libs\python\queue\tests\docker-compose.yml | component=conftest subcomponent=setup_test_environment service_name=service-15216 environment=dev
2025-05-16 10:47:09.660 [INFO] [INFO] conftest - setup_test_environment -  Detected the following services in c:\Users\Phil\Desktop\Projects\shared-libs\python\queue\tests\docker-compose.yml: | component=conftest subcomponent=setup_test_environment service_name=service-15216 environment=dev
2025-05-16 10:47:09.661 [INFO] [INFO] conftest - setup_test_environment -    - redis: {}:localhost (container port: 6379) | component=conftest subcomponent=setup_test_environment service_name=service-15216 environment=dev
2025-05-16 10:47:09.663 [INFO] [INFO] conftest - run_command -  Running command: docker-compose -f c:\Users\Phil\Desktop\Projects\shared-libs\python\queue\tests\docker-compose.yml -p test-queue up -d | component=conftest subcomponent=run_command service_name=service-15216 environment=dev
2025-05-16 10:47:10.033 [INFO] [INFO] conftest - run_command -  Command error: time="2025-05-16T10:47:09+01:00" level=warning msg="c:\\Users\\Phil\\Desktop\\Projects\\shared-libs\\python\\queue\\tests\\docker-compose.yml: the attribute `version` is obsolete, it will be ignored, please remove it to avoid potential confusion"
 Container test-queue-redis-1  Running
 | component=conftest subcomponent=run_command service_name=service-15216 environment=dev
2025-05-16 10:47:10.036 [INFO] [INFO] services - wait_for_service -  Waiting for redis to be ready at localhost:6379... | component=services subcomponent=wait_for_service service_name=service-15216 environment=dev
2025-05-16 10:47:10.043 [INFO] [INFO] services - wait_for_service -  TCP connection to localhost:6379 successful | component=services subcomponent=wait_for_service service_name=service-15216 environment=dev
2025-05-16 10:47:10.060 [INFO] [INFO] services - wait_for_service -  redis at localhost:6379 is ready! | component=services subcomponent=wait_for_service service_name=service-15216 environment=dev
2025-05-16 10:47:10.263 [INFO] [INFO] conftest - setup_test_environment -  Tearing down test environment... | component=conftest subcomponent=setup_test_environment service_name=service-15216 environment=dev
2025-05-16 10:47:10.268 [INFO] [INFO] conftest - run_command -  Running command:  | component=conftest subcomponent=run_command service_name=service-15216 environment=dev
2025-05-16 10:52:03.826 [INFO] [INFO] TempMixin - __init__ -  ++++++++++ Creating EntityUtils | component=TempMixin subcomponent=__init__ service_name=service-18456 environment=dev
2025-05-16 10:52:04.445 [INFO] [INFO] TempMixin - __init__ -  ++++++++++ EntityUtils custom_serializers: {} | component=TempMixin subcomponent=__init__ service_name=service-18456 environment=dev
2025-05-16 10:52:04.454 [INFO] [INFO] TempMixin - __init__ -  ++++++++++ Creating EntityUtils | component=TempMixin subcomponent=__init__ service_name=service-18456 environment=dev
2025-05-16 10:52:04.456 [INFO] [INFO] TempMixin - __init__ -  ++++++++++ EntityUtils custom_serializers: {} | component=TempMixin subcomponent=__init__ service_name=service-18456 environment=dev
2025-05-16 10:52:04.464 [INFO] [INFO] TempMixin - __init__ -  ++++++++++ Creating EntityUtils | component=TempMixin subcomponent=__init__ service_name=service-18456 environment=dev
2025-05-16 10:52:04.467 [INFO] [INFO] TempMixin - __init__ -  ++++++++++ EntityUtils custom_serializers: {} | component=TempMixin subcomponent=__init__ service_name=service-18456 environment=dev
2025-05-16 10:52:06.522 [INFO] [INFO] conftest - setup_test_environment -  Setting up test environment... | component=conftest subcomponent=setup_test_environment service_name=service-5744 environment=dev
2025-05-16 10:52:07.740 [INFO] [INFO] conftest - delete_pytest_cache -  Removing .\.pytest_cache | component=conftest subcomponent=delete_pytest_cache service_name=service-5744 environment=dev
2025-05-16 10:52:07.798 [INFO] [INFO] conftest - setup_test_environment -  Test files in this session: {'c:\\Users\\Phil\\Desktop\\Projects\\shared-libs\\python\\queue\\tests\\test_queue_system.py'} | component=conftest subcomponent=setup_test_environment service_name=service-5744 environment=dev
2025-05-16 10:52:07.803 [INFO] [INFO] conftest - run_command -  Running command: docker info | component=conftest subcomponent=run_command service_name=service-5744 environment=dev
2025-05-16 10:52:08.532 [INFO] [INFO] conftest - run_command -  Command output: Client:
 Version:    28.0.4
 Context:    desktop-linux
 Debug Mode: false
 Plugins:
  ai: Docker AI Agent - Ask Gordon (Docker Inc.)
    Version:  v1.1.3
    Path:     C:\Program Files\Docker\cli-plugins\docker-ai.exe
  buildx: Docker Buildx (Docker Inc.)
    Version:  v0.22.0-desktop.1
    Path:     C:\Program Files\Docker\cli-plugins\docker-buildx.exe
  cloud: Docker Cloud (Docker Inc.)
    Version:  0.2.20
    Path:     C:\Program Files\Docker\cli-plugins\docker-cloud.exe
  compose: Docker Compose (Docker Inc.)
    Version:  v2.34.0-desktop.1
    Path:     C:\Program Files\Docker\cli-plugins\docker-compose.exe
  debug: Get a shell into any image or container (Docker Inc.)
    Version:  0.0.38
    Path:     C:\Program Files\Docker\cli-plugins\docker-debug.exe
  desktop: Docker Desktop commands (Beta) (Docker Inc.)
    Version:  v0.1.6
    Path:     C:\Program Files\Docker\cli-plugins\docker-desktop.exe
  dev: Docker Dev Environments (Docker Inc.)
    Version:  v0.1.2
    Path:     C:\Program Files\Docker\cli-plugins\docker-dev.exe
  extension: Manages Docker extensions (Docker Inc.)
    Version:  v0.2.27
    Path:     C:\Program Files\Docker\cli-plugins\docker-extension.exe
  init: Creates Docker-related starter files for your project (Docker Inc.)
    Version:  v1.4.0
    Path:     C:\Program Files\Docker\cli-plugins\docker-init.exe
  sbom: View the packaged-based Software Bill Of Materials (SBOM) for an image (Anchore Inc.)
    Version:  0.6.0
    Path:     C:\Program Files\Docker\cli-plugins\docker-sbom.exe
  scout: Docker Scout (Docker Inc.)
    Version:  v1.17.0
    Path:     C:\Program Files\Docker\cli-plugins\docker-scout.exe

Server:
 Containers: 3
  Running: 3
  Paused: 0
  Stopped: 0
 Images: 9
 Server Version: 28.0.4
 Storage Driver: overlayfs
  driver-type: io.containerd.snapshotter.v1
 Logging Driver: json-file
 Cgroup Driver: cgroupfs
 Cgroup Version: 1
 Plugins:
  Volume: local
  Network: bridge host ipvlan macvlan null overlay
  Log: awslogs fluentd gcplogs gelf journald json-file local splunk syslog
 CDI spec directories:
  /etc/cdi
  /var/run/cdi
 Swarm: inactive
 Runtimes: io.containerd.runc.v2 nvidia runc
 Default Runtime: runc
 Init Binary: docker-init
 containerd version: 753481ec61c7c8955a23d6ff7bc8e4daed455734
 runc version: v1.2.5-0-g59923ef
 init version: de40ad0
 Security Options:
  seccomp
   Profile: unconfined
 Kernel Version: 5.15.167.4-microsoft-standard-WSL2
 Operating System: Docker Desktop
 OSType: linux
 Architecture: x86_64
 CPUs: 4
 Total Memory: 7.649GiB
 Name: docker-desktop
 ID: bd414c6b-a391-41c8-9560-cbfc52f7f58d
 Docker Root Dir: /var/lib/docker
 Debug Mode: false
 HTTP Proxy: http.docker.internal:3128
 HTTPS Proxy: http.docker.internal:3128
 No Proxy: hubproxy.docker.internal
 Labels:
  com.docker.desktop.address=npipe://\\.\pipe\docker_cli
 Experimental: false
 Insecure Registries:
  hubproxy.docker.internal:5555
  ::1/128
  127.0.0.0/8
 Live Restore Enabled: false

 | component=conftest subcomponent=run_command service_name=service-5744 environment=dev
2025-05-16 10:52:08.535 [INFO] [INFO] conftest - run_command -  Command error: WARNING: No blkio throttle.read_bps_device support
WARNING: No blkio throttle.write_bps_device support
WARNING: No blkio throttle.read_iops_device support
WARNING: No blkio throttle.write_iops_device support
WARNING: DOCKER_INSECURE_NO_IPTABLES_RAW is set
WARNING: daemon is not using the default seccomp profile
 | component=conftest subcomponent=run_command service_name=service-5744 environment=dev
2025-05-16 10:52:08.537 [INFO] [INFO] conftest - setup_test_environment -  Found Docker Compose file for c:\Users\Phil\Desktop\Projects\shared-libs\python\queue\tests\test_queue_system.py: c:\Users\Phil\Desktop\Projects\shared-libs\python\queue\tests\docker-compose.yml | component=conftest subcomponent=setup_test_environment service_name=service-5744 environment=dev
2025-05-16 10:52:08.540 [INFO] [INFO] conftest - setup_test_environment -  Detected the following services in c:\Users\Phil\Desktop\Projects\shared-libs\python\queue\tests\docker-compose.yml: | component=conftest subcomponent=setup_test_environment service_name=service-5744 environment=dev
2025-05-16 10:52:08.542 [INFO] [INFO] conftest - setup_test_environment -    - redis: {}:localhost (container port: 6379) | component=conftest subcomponent=setup_test_environment service_name=service-5744 environment=dev
2025-05-16 10:52:08.543 [INFO] [INFO] conftest - run_command -  Running command: docker-compose -f c:\Users\Phil\Desktop\Projects\shared-libs\python\queue\tests\docker-compose.yml -p test-queue up -d | component=conftest subcomponent=run_command service_name=service-5744 environment=dev
2025-05-16 10:52:08.897 [INFO] [INFO] conftest - run_command -  Command error: time="2025-05-16T10:52:08+01:00" level=warning msg="c:\\Users\\Phil\\Desktop\\Projects\\shared-libs\\python\\queue\\tests\\docker-compose.yml: the attribute `version` is obsolete, it will be ignored, please remove it to avoid potential confusion"
 Container test-queue-redis-1  Running
 | component=conftest subcomponent=run_command service_name=service-5744 environment=dev
2025-05-16 10:52:08.900 [INFO] [INFO] services - wait_for_service -  Waiting for redis to be ready at localhost:6379... | component=services subcomponent=wait_for_service service_name=service-5744 environment=dev
2025-05-16 10:52:08.911 [INFO] [INFO] services - wait_for_service -  TCP connection to localhost:6379 successful | component=services subcomponent=wait_for_service service_name=service-5744 environment=dev
2025-05-16 10:52:08.923 [INFO] [INFO] services - wait_for_service -  redis at localhost:6379 is ready! | component=services subcomponent=wait_for_service service_name=service-5744 environment=dev
2025-05-16 10:52:09.113 [INFO] [INFO] conftest - setup_test_environment -  Tearing down test environment... | component=conftest subcomponent=setup_test_environment service_name=service-5744 environment=dev
2025-05-16 10:52:09.118 [INFO] [INFO] conftest - run_command -  Running command:  | component=conftest subcomponent=run_command service_name=service-5744 environment=dev
2025-05-16 10:52:42.205 [INFO] [INFO] TempMixin - __init__ -  ++++++++++ Creating EntityUtils | component=TempMixin subcomponent=__init__ service_name=service-1460 environment=dev
2025-05-16 10:52:42.771 [INFO] [INFO] TempMixin - __init__ -  ++++++++++ EntityUtils custom_serializers: {} | component=TempMixin subcomponent=__init__ service_name=service-1460 environment=dev
2025-05-16 10:52:42.785 [INFO] [INFO] TempMixin - __init__ -  ++++++++++ Creating EntityUtils | component=TempMixin subcomponent=__init__ service_name=service-1460 environment=dev
2025-05-16 10:52:42.787 [INFO] [INFO] TempMixin - __init__ -  ++++++++++ EntityUtils custom_serializers: {} | component=TempMixin subcomponent=__init__ service_name=service-1460 environment=dev
2025-05-16 10:52:42.794 [INFO] [INFO] TempMixin - __init__ -  ++++++++++ Creating EntityUtils | component=TempMixin subcomponent=__init__ service_name=service-1460 environment=dev
2025-05-16 10:52:42.796 [INFO] [INFO] TempMixin - __init__ -  ++++++++++ EntityUtils custom_serializers: {} | component=TempMixin subcomponent=__init__ service_name=service-1460 environment=dev
2025-05-16 10:52:44.970 [INFO] [INFO] conftest - setup_test_environment -  Setting up test environment... | component=conftest subcomponent=setup_test_environment service_name=service-17192 environment=dev
2025-05-16 10:52:45.886 [INFO] [INFO] conftest - delete_pytest_cache -  Removing .\.pytest_cache | component=conftest subcomponent=delete_pytest_cache service_name=service-17192 environment=dev
2025-05-16 10:52:45.941 [INFO] [INFO] conftest - setup_test_environment -  Test files in this session: {'c:\\Users\\Phil\\Desktop\\Projects\\shared-libs\\python\\queue\\tests\\test_queue_system.py'} | component=conftest subcomponent=setup_test_environment service_name=service-17192 environment=dev
2025-05-16 10:52:45.946 [INFO] [INFO] conftest - run_command -  Running command: docker info | component=conftest subcomponent=run_command service_name=service-17192 environment=dev
2025-05-16 10:52:47.320 [INFO] [INFO] conftest - run_command -  Command output: Client:
 Version:    28.0.4
 Context:    desktop-linux
 Debug Mode: false
 Plugins:
  ai: Docker AI Agent - Ask Gordon (Docker Inc.)
    Version:  v1.1.3
    Path:     C:\Program Files\Docker\cli-plugins\docker-ai.exe
  buildx: Docker Buildx (Docker Inc.)
    Version:  v0.22.0-desktop.1
    Path:     C:\Program Files\Docker\cli-plugins\docker-buildx.exe
  cloud: Docker Cloud (Docker Inc.)
    Version:  0.2.20
    Path:     C:\Program Files\Docker\cli-plugins\docker-cloud.exe
  compose: Docker Compose (Docker Inc.)
    Version:  v2.34.0-desktop.1
    Path:     C:\Program Files\Docker\cli-plugins\docker-compose.exe
  debug: Get a shell into any image or container (Docker Inc.)
    Version:  0.0.38
    Path:     C:\Program Files\Docker\cli-plugins\docker-debug.exe
  desktop: Docker Desktop commands (Beta) (Docker Inc.)
    Version:  v0.1.6
    Path:     C:\Program Files\Docker\cli-plugins\docker-desktop.exe
  dev: Docker Dev Environments (Docker Inc.)
    Version:  v0.1.2
    Path:     C:\Program Files\Docker\cli-plugins\docker-dev.exe
  extension: Manages Docker extensions (Docker Inc.)
    Version:  v0.2.27
    Path:     C:\Program Files\Docker\cli-plugins\docker-extension.exe
  init: Creates Docker-related starter files for your project (Docker Inc.)
    Version:  v1.4.0
    Path:     C:\Program Files\Docker\cli-plugins\docker-init.exe
  sbom: View the packaged-based Software Bill Of Materials (SBOM) for an image (Anchore Inc.)
    Version:  0.6.0
    Path:     C:\Program Files\Docker\cli-plugins\docker-sbom.exe
  scout: Docker Scout (Docker Inc.)
    Version:  v1.17.0
    Path:     C:\Program Files\Docker\cli-plugins\docker-scout.exe

Server:
 Containers: 3
  Running: 3
  Paused: 0
  Stopped: 0
 Images: 9
 Server Version: 28.0.4
 Storage Driver: overlayfs
  driver-type: io.containerd.snapshotter.v1
 Logging Driver: json-file
 Cgroup Driver: cgroupfs
 Cgroup Version: 1
 Plugins:
  Volume: local
  Network: bridge host ipvlan macvlan null overlay
  Log: awslogs fluentd gcplogs gelf journald json-file local splunk syslog
 CDI spec directories:
  /etc/cdi
  /var/run/cdi
 Swarm: inactive
 Runtimes: io.containerd.runc.v2 nvidia runc
 Default Runtime: runc
 Init Binary: docker-init
 containerd version: 753481ec61c7c8955a23d6ff7bc8e4daed455734
 runc version: v1.2.5-0-g59923ef
 init version: de40ad0
 Security Options:
  seccomp
   Profile: unconfined
 Kernel Version: 5.15.167.4-microsoft-standard-WSL2
 Operating System: Docker Desktop
 OSType: linux
 Architecture: x86_64
 CPUs: 4
 Total Memory: 7.649GiB
 Name: docker-desktop
 ID: bd414c6b-a391-41c8-9560-cbfc52f7f58d
 Docker Root Dir: /var/lib/docker
 Debug Mode: false
 HTTP Proxy: http.docker.internal:3128
 HTTPS Proxy: http.docker.internal:3128
 No Proxy: hubproxy.docker.internal
 Labels:
  com.docker.desktop.address=npipe://\\.\pipe\docker_cli
 Experimental: false
 Insecure Registries:
  hubproxy.docker.internal:5555
  ::1/128
  127.0.0.0/8
 Live Restore Enabled: false

 | component=conftest subcomponent=run_command service_name=service-17192 environment=dev
2025-05-16 10:52:47.322 [INFO] [INFO] conftest - run_command -  Command error: WARNING: No blkio throttle.read_bps_device support
WARNING: No blkio throttle.write_bps_device support
WARNING: No blkio throttle.read_iops_device support
WARNING: No blkio throttle.write_iops_device support
WARNING: DOCKER_INSECURE_NO_IPTABLES_RAW is set
WARNING: daemon is not using the default seccomp profile
 | component=conftest subcomponent=run_command service_name=service-17192 environment=dev
2025-05-16 10:52:47.324 [INFO] [INFO] conftest - setup_test_environment -  Found Docker Compose file for c:\Users\Phil\Desktop\Projects\shared-libs\python\queue\tests\test_queue_system.py: c:\Users\Phil\Desktop\Projects\shared-libs\python\queue\tests\docker-compose.yml | component=conftest subcomponent=setup_test_environment service_name=service-17192 environment=dev
2025-05-16 10:52:47.328 [INFO] [INFO] conftest - setup_test_environment -  Detected the following services in c:\Users\Phil\Desktop\Projects\shared-libs\python\queue\tests\docker-compose.yml: | component=conftest subcomponent=setup_test_environment service_name=service-17192 environment=dev
2025-05-16 10:52:47.330 [INFO] [INFO] conftest - setup_test_environment -    - redis: {}:localhost (container port: 6379) | component=conftest subcomponent=setup_test_environment service_name=service-17192 environment=dev
2025-05-16 10:52:47.332 [INFO] [INFO] conftest - run_command -  Running command: docker-compose -f c:\Users\Phil\Desktop\Projects\shared-libs\python\queue\tests\docker-compose.yml -p test-queue up -d | component=conftest subcomponent=run_command service_name=service-17192 environment=dev
2025-05-16 10:52:47.776 [INFO] [INFO] conftest - run_command -  Command error: time="2025-05-16T10:52:47+01:00" level=warning msg="c:\\Users\\Phil\\Desktop\\Projects\\shared-libs\\python\\queue\\tests\\docker-compose.yml: the attribute `version` is obsolete, it will be ignored, please remove it to avoid potential confusion"
 Container test-queue-redis-1  Running
 | component=conftest subcomponent=run_command service_name=service-17192 environment=dev
2025-05-16 10:52:47.782 [INFO] [INFO] services - wait_for_service -  Waiting for redis to be ready at localhost:6379... | component=services subcomponent=wait_for_service service_name=service-17192 environment=dev
2025-05-16 10:52:47.791 [INFO] [INFO] services - wait_for_service -  TCP connection to localhost:6379 successful | component=services subcomponent=wait_for_service service_name=service-17192 environment=dev
2025-05-16 10:52:47.810 [INFO] [INFO] services - wait_for_service -  redis at localhost:6379 is ready! | component=services subcomponent=wait_for_service service_name=service-17192 environment=dev
2025-05-16 10:52:48.019 [INFO] [INFO] conftest - setup_test_environment -  Tearing down test environment... | component=conftest subcomponent=setup_test_environment service_name=service-17192 environment=dev
2025-05-16 10:52:48.025 [INFO] [INFO] conftest - run_command -  Running command:  | component=conftest subcomponent=run_command service_name=service-17192 environment=dev
2025-05-16 10:53:20.713 [INFO] [INFO] TempMixin - __init__ -  ++++++++++ Creating EntityUtils | component=TempMixin subcomponent=__init__ service_name=service-15760 environment=dev
2025-05-16 10:53:21.396 [INFO] [INFO] TempMixin - __init__ -  ++++++++++ EntityUtils custom_serializers: {} | component=TempMixin subcomponent=__init__ service_name=service-15760 environment=dev
2025-05-16 10:53:21.407 [INFO] [INFO] TempMixin - __init__ -  ++++++++++ Creating EntityUtils | component=TempMixin subcomponent=__init__ service_name=service-15760 environment=dev
2025-05-16 10:53:21.409 [INFO] [INFO] TempMixin - __init__ -  ++++++++++ EntityUtils custom_serializers: {} | component=TempMixin subcomponent=__init__ service_name=service-15760 environment=dev
2025-05-16 10:53:21.414 [INFO] [INFO] TempMixin - __init__ -  ++++++++++ Creating EntityUtils | component=TempMixin subcomponent=__init__ service_name=service-15760 environment=dev
2025-05-16 10:53:21.416 [INFO] [INFO] TempMixin - __init__ -  ++++++++++ EntityUtils custom_serializers: {} | component=TempMixin subcomponent=__init__ service_name=service-15760 environment=dev
2025-05-16 10:53:22.863 [INFO] [INFO] conftest - setup_test_environment -  Setting up test environment... | component=conftest subcomponent=setup_test_environment service_name=service-13220 environment=dev
2025-05-16 10:53:23.586 [INFO] [INFO] conftest - delete_pytest_cache -  Removing .\.pytest_cache | component=conftest subcomponent=delete_pytest_cache service_name=service-13220 environment=dev
2025-05-16 10:53:23.637 [INFO] [INFO] conftest - setup_test_environment -  Test files in this session: {'c:\\Users\\Phil\\Desktop\\Projects\\shared-libs\\python\\queue\\tests\\test_queue_system.py'} | component=conftest subcomponent=setup_test_environment service_name=service-13220 environment=dev
2025-05-16 10:53:23.640 [INFO] [INFO] conftest - run_command -  Running command: docker info | component=conftest subcomponent=run_command service_name=service-13220 environment=dev
2025-05-16 10:53:24.912 [INFO] [INFO] conftest - run_command -  Command output: Client:
 Version:    28.0.4
 Context:    desktop-linux
 Debug Mode: false
 Plugins:
  ai: Docker AI Agent - Ask Gordon (Docker Inc.)
    Version:  v1.1.3
    Path:     C:\Program Files\Docker\cli-plugins\docker-ai.exe
  buildx: Docker Buildx (Docker Inc.)
    Version:  v0.22.0-desktop.1
    Path:     C:\Program Files\Docker\cli-plugins\docker-buildx.exe
  cloud: Docker Cloud (Docker Inc.)
    Version:  0.2.20
    Path:     C:\Program Files\Docker\cli-plugins\docker-cloud.exe
  compose: Docker Compose (Docker Inc.)
    Version:  v2.34.0-desktop.1
    Path:     C:\Program Files\Docker\cli-plugins\docker-compose.exe
  debug: Get a shell into any image or container (Docker Inc.)
    Version:  0.0.38
    Path:     C:\Program Files\Docker\cli-plugins\docker-debug.exe
  desktop: Docker Desktop commands (Beta) (Docker Inc.)
    Version:  v0.1.6
    Path:     C:\Program Files\Docker\cli-plugins\docker-desktop.exe
  dev: Docker Dev Environments (Docker Inc.)
    Version:  v0.1.2
    Path:     C:\Program Files\Docker\cli-plugins\docker-dev.exe
  extension: Manages Docker extensions (Docker Inc.)
    Version:  v0.2.27
    Path:     C:\Program Files\Docker\cli-plugins\docker-extension.exe
  init: Creates Docker-related starter files for your project (Docker Inc.)
    Version:  v1.4.0
    Path:     C:\Program Files\Docker\cli-plugins\docker-init.exe
  sbom: View the packaged-based Software Bill Of Materials (SBOM) for an image (Anchore Inc.)
    Version:  0.6.0
    Path:     C:\Program Files\Docker\cli-plugins\docker-sbom.exe
  scout: Docker Scout (Docker Inc.)
    Version:  v1.17.0
    Path:     C:\Program Files\Docker\cli-plugins\docker-scout.exe

Server:
 Containers: 3
  Running: 3
  Paused: 0
  Stopped: 0
 Images: 9
 Server Version: 28.0.4
 Storage Driver: overlayfs
  driver-type: io.containerd.snapshotter.v1
 Logging Driver: json-file
 Cgroup Driver: cgroupfs
 Cgroup Version: 1
 Plugins:
  Volume: local
  Network: bridge host ipvlan macvlan null overlay
  Log: awslogs fluentd gcplogs gelf journald json-file local splunk syslog
 CDI spec directories:
  /etc/cdi
  /var/run/cdi
 Swarm: inactive
 Runtimes: io.containerd.runc.v2 nvidia runc
 Default Runtime: runc
 Init Binary: docker-init
 containerd version: 753481ec61c7c8955a23d6ff7bc8e4daed455734
 runc version: v1.2.5-0-g59923ef
 init version: de40ad0
 Security Options:
  seccomp
   Profile: unconfined
 Kernel Version: 5.15.167.4-microsoft-standard-WSL2
 Operating System: Docker Desktop
 OSType: linux
 Architecture: x86_64
 CPUs: 4
 Total Memory: 7.649GiB
 Name: docker-desktop
 ID: bd414c6b-a391-41c8-9560-cbfc52f7f58d
 Docker Root Dir: /var/lib/docker
 Debug Mode: false
 HTTP Proxy: http.docker.internal:3128
 HTTPS Proxy: http.docker.internal:3128
 No Proxy: hubproxy.docker.internal
 Labels:
  com.docker.desktop.address=npipe://\\.\pipe\docker_cli
 Experimental: false
 Insecure Registries:
  hubproxy.docker.internal:5555
  ::1/128
  127.0.0.0/8
 Live Restore Enabled: false

 | component=conftest subcomponent=run_command service_name=service-13220 environment=dev
2025-05-16 10:53:24.918 [INFO] [INFO] conftest - run_command -  Command error: WARNING: No blkio throttle.read_bps_device support
WARNING: No blkio throttle.write_bps_device support
WARNING: No blkio throttle.read_iops_device support
WARNING: No blkio throttle.write_iops_device support
WARNING: DOCKER_INSECURE_NO_IPTABLES_RAW is set
WARNING: daemon is not using the default seccomp profile
 | component=conftest subcomponent=run_command service_name=service-13220 environment=dev
2025-05-16 10:53:24.920 [INFO] [INFO] conftest - setup_test_environment -  Found Docker Compose file for c:\Users\Phil\Desktop\Projects\shared-libs\python\queue\tests\test_queue_system.py: c:\Users\Phil\Desktop\Projects\shared-libs\python\queue\tests\docker-compose.yml | component=conftest subcomponent=setup_test_environment service_name=service-13220 environment=dev
2025-05-16 10:53:24.929 [INFO] [INFO] conftest - setup_test_environment -  Detected the following services in c:\Users\Phil\Desktop\Projects\shared-libs\python\queue\tests\docker-compose.yml: | component=conftest subcomponent=setup_test_environment service_name=service-13220 environment=dev
2025-05-16 10:53:24.932 [INFO] [INFO] conftest - setup_test_environment -    - redis: {}:localhost (container port: 6379) | component=conftest subcomponent=setup_test_environment service_name=service-13220 environment=dev
2025-05-16 10:53:24.934 [INFO] [INFO] conftest - run_command -  Running command: docker-compose -f c:\Users\Phil\Desktop\Projects\shared-libs\python\queue\tests\docker-compose.yml -p test-queue up -d | component=conftest subcomponent=run_command service_name=service-13220 environment=dev
2025-05-16 10:53:25.451 [INFO] [INFO] conftest - run_command -  Command error: time="2025-05-16T10:53:25+01:00" level=warning msg="c:\\Users\\Phil\\Desktop\\Projects\\shared-libs\\python\\queue\\tests\\docker-compose.yml: the attribute `version` is obsolete, it will be ignored, please remove it to avoid potential confusion"
 Container test-queue-redis-1  Running
 | component=conftest subcomponent=run_command service_name=service-13220 environment=dev
2025-05-16 10:53:25.456 [INFO] [INFO] services - wait_for_service -  Waiting for redis to be ready at localhost:6379... | component=services subcomponent=wait_for_service service_name=service-13220 environment=dev
2025-05-16 10:53:25.466 [INFO] [INFO] services - wait_for_service -  TCP connection to localhost:6379 successful | component=services subcomponent=wait_for_service service_name=service-13220 environment=dev
2025-05-16 10:53:25.478 [INFO] [INFO] services - wait_for_service -  redis at localhost:6379 is ready! | component=services subcomponent=wait_for_service service_name=service-13220 environment=dev
2025-05-16 10:53:25.827 [INFO] [INFO] conftest - setup_test_environment -  Tearing down test environment... | component=conftest subcomponent=setup_test_environment service_name=service-13220 environment=dev
2025-05-16 10:53:25.831 [INFO] [INFO] conftest - run_command -  Running command:  | component=conftest subcomponent=run_command service_name=service-13220 environment=dev
2025-05-16 10:55:05.802 [INFO] [INFO] TempMixin - __init__ -  ++++++++++ Creating EntityUtils | component=TempMixin subcomponent=__init__ service_name=service-18948 environment=dev
2025-05-16 10:55:06.503 [INFO] [INFO] TempMixin - __init__ -  ++++++++++ EntityUtils custom_serializers: {} | component=TempMixin subcomponent=__init__ service_name=service-18948 environment=dev
2025-05-16 10:55:06.512 [INFO] [INFO] TempMixin - __init__ -  ++++++++++ Creating EntityUtils | component=TempMixin subcomponent=__init__ service_name=service-18948 environment=dev
2025-05-16 10:55:06.514 [INFO] [INFO] TempMixin - __init__ -  ++++++++++ EntityUtils custom_serializers: {} | component=TempMixin subcomponent=__init__ service_name=service-18948 environment=dev
2025-05-16 10:55:06.521 [INFO] [INFO] TempMixin - __init__ -  ++++++++++ Creating EntityUtils | component=TempMixin subcomponent=__init__ service_name=service-18948 environment=dev
2025-05-16 10:55:06.524 [INFO] [INFO] TempMixin - __init__ -  ++++++++++ EntityUtils custom_serializers: {} | component=TempMixin subcomponent=__init__ service_name=service-18948 environment=dev
2025-05-16 10:55:08.025 [INFO] [INFO] conftest - setup_test_environment -  Setting up test environment... | component=conftest subcomponent=setup_test_environment service_name=service-19240 environment=dev
2025-05-16 10:55:08.971 [INFO] [INFO] conftest - delete_pytest_cache -  Removing .\.pytest_cache | component=conftest subcomponent=delete_pytest_cache service_name=service-19240 environment=dev
2025-05-16 10:55:09.017 [INFO] [INFO] conftest - setup_test_environment -  Test files in this session: {'c:\\Users\\Phil\\Desktop\\Projects\\shared-libs\\python\\queue\\tests\\test_queue_system.py'} | component=conftest subcomponent=setup_test_environment service_name=service-19240 environment=dev
2025-05-16 10:55:09.024 [INFO] [INFO] conftest - run_command -  Running command: docker info | component=conftest subcomponent=run_command service_name=service-19240 environment=dev
2025-05-16 10:55:10.395 [INFO] [INFO] conftest - run_command -  Command output: Client:
 Version:    28.0.4
 Context:    desktop-linux
 Debug Mode: false
 Plugins:
  ai: Docker AI Agent - Ask Gordon (Docker Inc.)
    Version:  v1.1.3
    Path:     C:\Program Files\Docker\cli-plugins\docker-ai.exe
  buildx: Docker Buildx (Docker Inc.)
    Version:  v0.22.0-desktop.1
    Path:     C:\Program Files\Docker\cli-plugins\docker-buildx.exe
  cloud: Docker Cloud (Docker Inc.)
    Version:  0.2.20
    Path:     C:\Program Files\Docker\cli-plugins\docker-cloud.exe
  compose: Docker Compose (Docker Inc.)
    Version:  v2.34.0-desktop.1
    Path:     C:\Program Files\Docker\cli-plugins\docker-compose.exe
  debug: Get a shell into any image or container (Docker Inc.)
    Version:  0.0.38
    Path:     C:\Program Files\Docker\cli-plugins\docker-debug.exe
  desktop: Docker Desktop commands (Beta) (Docker Inc.)
    Version:  v0.1.6
    Path:     C:\Program Files\Docker\cli-plugins\docker-desktop.exe
  dev: Docker Dev Environments (Docker Inc.)
    Version:  v0.1.2
    Path:     C:\Program Files\Docker\cli-plugins\docker-dev.exe
  extension: Manages Docker extensions (Docker Inc.)
    Version:  v0.2.27
    Path:     C:\Program Files\Docker\cli-plugins\docker-extension.exe
  init: Creates Docker-related starter files for your project (Docker Inc.)
    Version:  v1.4.0
    Path:     C:\Program Files\Docker\cli-plugins\docker-init.exe
  sbom: View the packaged-based Software Bill Of Materials (SBOM) for an image (Anchore Inc.)
    Version:  0.6.0
    Path:     C:\Program Files\Docker\cli-plugins\docker-sbom.exe
  scout: Docker Scout (Docker Inc.)
    Version:  v1.17.0
    Path:     C:\Program Files\Docker\cli-plugins\docker-scout.exe

Server:
 Containers: 3
  Running: 3
  Paused: 0
  Stopped: 0
 Images: 9
 Server Version: 28.0.4
 Storage Driver: overlayfs
  driver-type: io.containerd.snapshotter.v1
 Logging Driver: json-file
 Cgroup Driver: cgroupfs
 Cgroup Version: 1
 Plugins:
  Volume: local
  Network: bridge host ipvlan macvlan null overlay
  Log: awslogs fluentd gcplogs gelf journald json-file local splunk syslog
 CDI spec directories:
  /etc/cdi
  /var/run/cdi
 Swarm: inactive
 Runtimes: io.containerd.runc.v2 nvidia runc
 Default Runtime: runc
 Init Binary: docker-init
 containerd version: 753481ec61c7c8955a23d6ff7bc8e4daed455734
 runc version: v1.2.5-0-g59923ef
 init version: de40ad0
 Security Options:
  seccomp
   Profile: unconfined
 Kernel Version: 5.15.167.4-microsoft-standard-WSL2
 Operating System: Docker Desktop
 OSType: linux
 Architecture: x86_64
 CPUs: 4
 Total Memory: 7.649GiB
 Name: docker-desktop
 ID: bd414c6b-a391-41c8-9560-cbfc52f7f58d
 Docker Root Dir: /var/lib/docker
 Debug Mode: false
 HTTP Proxy: http.docker.internal:3128
 HTTPS Proxy: http.docker.internal:3128
 No Proxy: hubproxy.docker.internal
 Labels:
  com.docker.desktop.address=npipe://\\.\pipe\docker_cli
 Experimental: false
 Insecure Registries:
  hubproxy.docker.internal:5555
  ::1/128
  127.0.0.0/8
 Live Restore Enabled: false

 | component=conftest subcomponent=run_command service_name=service-19240 environment=dev
2025-05-16 10:55:10.400 [INFO] [INFO] conftest - run_command -  Command error: WARNING: No blkio throttle.read_bps_device support
WARNING: No blkio throttle.write_bps_device support
WARNING: No blkio throttle.read_iops_device support
WARNING: No blkio throttle.write_iops_device support
WARNING: DOCKER_INSECURE_NO_IPTABLES_RAW is set
WARNING: daemon is not using the default seccomp profile
 | component=conftest subcomponent=run_command service_name=service-19240 environment=dev
2025-05-16 10:55:10.405 [INFO] [INFO] conftest - setup_test_environment -  Found Docker Compose file for c:\Users\Phil\Desktop\Projects\shared-libs\python\queue\tests\test_queue_system.py: c:\Users\Phil\Desktop\Projects\shared-libs\python\queue\tests\docker-compose.yml | component=conftest subcomponent=setup_test_environment service_name=service-19240 environment=dev
2025-05-16 10:55:10.408 [INFO] [INFO] conftest - setup_test_environment -  Detected the following services in c:\Users\Phil\Desktop\Projects\shared-libs\python\queue\tests\docker-compose.yml: | component=conftest subcomponent=setup_test_environment service_name=service-19240 environment=dev
2025-05-16 10:55:10.410 [INFO] [INFO] conftest - setup_test_environment -    - redis: {}:localhost (container port: 6379) | component=conftest subcomponent=setup_test_environment service_name=service-19240 environment=dev
2025-05-16 10:55:10.412 [INFO] [INFO] conftest - run_command -  Running command: docker-compose -f c:\Users\Phil\Desktop\Projects\shared-libs\python\queue\tests\docker-compose.yml -p test-queue up -d | component=conftest subcomponent=run_command service_name=service-19240 environment=dev
2025-05-16 10:55:10.768 [INFO] [INFO] conftest - run_command -  Command error: time="2025-05-16T10:55:10+01:00" level=warning msg="c:\\Users\\Phil\\Desktop\\Projects\\shared-libs\\python\\queue\\tests\\docker-compose.yml: the attribute `version` is obsolete, it will be ignored, please remove it to avoid potential confusion"
 Container test-queue-redis-1  Running
 | component=conftest subcomponent=run_command service_name=service-19240 environment=dev
2025-05-16 10:55:10.775 [INFO] [INFO] services - wait_for_service -  Waiting for redis to be ready at localhost:6379... | component=services subcomponent=wait_for_service service_name=service-19240 environment=dev
2025-05-16 10:55:10.797 [INFO] [INFO] services - wait_for_service -  TCP connection to localhost:6379 successful | component=services subcomponent=wait_for_service service_name=service-19240 environment=dev
2025-05-16 10:55:10.812 [INFO] [INFO] services - wait_for_service -  redis at localhost:6379 is ready! | component=services subcomponent=wait_for_service service_name=service-19240 environment=dev
2025-05-16 10:55:10.839 [INFO] [INFO] conftest - setup_test_environment -  Tearing down test environment... | component=conftest subcomponent=setup_test_environment service_name=service-19240 environment=dev
2025-05-16 10:55:10.843 [INFO] [INFO] conftest - run_command -  Running command:  | component=conftest subcomponent=run_command service_name=service-19240 environment=dev
2025-05-16 13:21:33.466 [INFO] [INFO] TempMixin - __init__ -  ++++++++++ Creating EntityUtils | component=TempMixin subcomponent=__init__ service_name=service-15468 environment=dev
2025-05-16 13:21:34.389 [INFO] [INFO] TempMixin - __init__ -  ++++++++++ EntityUtils custom_serializers: {} | component=TempMixin subcomponent=__init__ service_name=service-15468 environment=dev
2025-05-16 13:21:34.425 [INFO] [INFO] TempMixin - __init__ -  ++++++++++ Creating EntityUtils | component=TempMixin subcomponent=__init__ service_name=service-15468 environment=dev
2025-05-16 13:21:34.427 [INFO] [INFO] TempMixin - __init__ -  ++++++++++ EntityUtils custom_serializers: {} | component=TempMixin subcomponent=__init__ service_name=service-15468 environment=dev
2025-05-16 13:21:34.433 [INFO] [INFO] TempMixin - __init__ -  ++++++++++ Creating EntityUtils | component=TempMixin subcomponent=__init__ service_name=service-15468 environment=dev
2025-05-16 13:21:34.435 [INFO] [INFO] TempMixin - __init__ -  ++++++++++ EntityUtils custom_serializers: {} | component=TempMixin subcomponent=__init__ service_name=service-15468 environment=dev
2025-05-16 13:21:41.384 [INFO] [INFO] TempMixin - __init__ -  ++++++++++ Creating EntityUtils | component=TempMixin subcomponent=__init__ service_name=service-1292 environment=dev
2025-05-16 13:21:41.817 [INFO] [INFO] TempMixin - __init__ -  ++++++++++ EntityUtils custom_serializers: {} | component=TempMixin subcomponent=__init__ service_name=service-1292 environment=dev
2025-05-16 13:21:41.824 [INFO] [INFO] TempMixin - __init__ -  ++++++++++ Creating EntityUtils | component=TempMixin subcomponent=__init__ service_name=service-1292 environment=dev
2025-05-16 13:21:41.826 [INFO] [INFO] TempMixin - __init__ -  ++++++++++ EntityUtils custom_serializers: {} | component=TempMixin subcomponent=__init__ service_name=service-1292 environment=dev
2025-05-16 13:21:41.831 [INFO] [INFO] TempMixin - __init__ -  ++++++++++ Creating EntityUtils | component=TempMixin subcomponent=__init__ service_name=service-1292 environment=dev
2025-05-16 13:21:41.832 [INFO] [INFO] TempMixin - __init__ -  ++++++++++ EntityUtils custom_serializers: {} | component=TempMixin subcomponent=__init__ service_name=service-1292 environment=dev
2025-05-16 13:28:33.534 [INFO] [INFO] TempMixin - __init__ -  ++++++++++ Creating EntityUtils | component=TempMixin subcomponent=__init__ service_name=service-17280 environment=dev
2025-05-16 13:28:34.021 [INFO] [INFO] TempMixin - __init__ -  ++++++++++ EntityUtils custom_serializers: {} | component=TempMixin subcomponent=__init__ service_name=service-17280 environment=dev
2025-05-16 13:28:34.029 [INFO] [INFO] TempMixin - __init__ -  ++++++++++ Creating EntityUtils | component=TempMixin subcomponent=__init__ service_name=service-17280 environment=dev
2025-05-16 13:28:34.030 [INFO] [INFO] TempMixin - __init__ -  ++++++++++ EntityUtils custom_serializers: {} | component=TempMixin subcomponent=__init__ service_name=service-17280 environment=dev
2025-05-16 13:28:34.035 [INFO] [INFO] TempMixin - __init__ -  ++++++++++ Creating EntityUtils | component=TempMixin subcomponent=__init__ service_name=service-17280 environment=dev
2025-05-16 13:28:34.037 [INFO] [INFO] TempMixin - __init__ -  ++++++++++ EntityUtils custom_serializers: {} | component=TempMixin subcomponent=__init__ service_name=service-17280 environment=dev
2025-05-16 13:31:00.801 [INFO] [INFO] TempMixin - __init__ -  ++++++++++ Creating EntityUtils | component=TempMixin subcomponent=__init__ service_name=service-19824 environment=dev
2025-05-16 13:31:01.304 [INFO] [INFO] TempMixin - __init__ -  ++++++++++ EntityUtils custom_serializers: {} | component=TempMixin subcomponent=__init__ service_name=service-19824 environment=dev
2025-05-16 13:31:01.310 [INFO] [INFO] TempMixin - __init__ -  ++++++++++ Creating EntityUtils | component=TempMixin subcomponent=__init__ service_name=service-19824 environment=dev
2025-05-16 13:31:01.313 [INFO] [INFO] TempMixin - __init__ -  ++++++++++ EntityUtils custom_serializers: {} | component=TempMixin subcomponent=__init__ service_name=service-19824 environment=dev
2025-05-16 13:31:01.317 [INFO] [INFO] TempMixin - __init__ -  ++++++++++ Creating EntityUtils | component=TempMixin subcomponent=__init__ service_name=service-19824 environment=dev
2025-05-16 13:31:01.319 [INFO] [INFO] TempMixin - __init__ -  ++++++++++ EntityUtils custom_serializers: {} | component=TempMixin subcomponent=__init__ service_name=service-19824 environment=dev
2025-05-16 13:37:42.995 [INFO] [INFO] TempMixin - __init__ -  ++++++++++ Creating EntityUtils | component=TempMixin subcomponent=__init__ service_name=service-17604 environment=dev
2025-05-16 13:37:43.471 [INFO] [INFO] TempMixin - __init__ -  ++++++++++ EntityUtils custom_serializers: {} | component=TempMixin subcomponent=__init__ service_name=service-17604 environment=dev
2025-05-16 13:37:43.478 [INFO] [INFO] TempMixin - __init__ -  ++++++++++ Creating EntityUtils | component=TempMixin subcomponent=__init__ service_name=service-17604 environment=dev
2025-05-16 13:37:43.479 [INFO] [INFO] TempMixin - __init__ -  ++++++++++ EntityUtils custom_serializers: {} | component=TempMixin subcomponent=__init__ service_name=service-17604 environment=dev
2025-05-16 13:37:43.484 [INFO] [INFO] TempMixin - __init__ -  ++++++++++ Creating EntityUtils | component=TempMixin subcomponent=__init__ service_name=service-17604 environment=dev
2025-05-16 13:37:43.486 [INFO] [INFO] TempMixin - __init__ -  ++++++++++ EntityUtils custom_serializers: {} | component=TempMixin subcomponent=__init__ service_name=service-17604 environment=dev
