2025-06-29 13:35:43,107 - JobScheduler - INFO - 🚀 Starting JobScheduler service...
2025-06-29 13:35:43,153 - JobScheduler - INFO - ✅ Cron daemon is running
2025-06-29 13:35:43,208 - JobScheduler - INFO - ✅ Updated crontab with 1 jobs
2025-06-29 13:35:43,209 - JobScheduler - INFO - ✅ Added job: backup_maindb (0 2 * * *)
2025-06-29 13:35:43,216 - JobScheduler - INFO - ✅ Updated crontab with 1 jobs
2025-06-29 13:35:43,217 - JobScheduler - INFO - ✅ Added job: backup_redis (0 3 * * *)
2025-06-29 13:35:43,228 - JobScheduler - INFO - ✅ Updated crontab with 2 jobs
2025-06-29 13:35:43,232 - JobScheduler - INFO - ✅ Added job: health_check (*/10 * * * *)
2025-06-29 13:35:43,246 - JobScheduler - INFO - ✅ Updated crontab with 3 jobs
2025-06-29 13:35:43,247 - JobScheduler - INFO - ✅ Added job: comprehensive_monitoring (0 */6 * * *)
2025-06-29 13:35:43,253 - JobScheduler - INFO - ✅ Updated crontab with 3 jobs
2025-06-29 13:35:43,254 - JobScheduler - INFO - ✅ Added job: demo_backup (*/1 * * * *)
2025-06-29 13:35:43,254 - JobScheduler - INFO - 📋 Loaded 5 jobs from jobs.yml
2025-06-29 13:35:43,261 - JobScheduler - INFO - ✅ Updated crontab with 3 jobs
2025-06-29 13:35:43,262 - JobScheduler - INFO - ✅ JobScheduler started with 5 jobs
2025-06-29 14:05:09,352 - JobScheduler - INFO - 🚀 Starting JobScheduler service...
2025-06-29 14:05:09,393 - JobScheduler - INFO - ✅ Cron daemon is running
2025-06-29 14:05:09,458 - JobScheduler - INFO - ✅ Updated crontab with 1 jobs
2025-06-29 14:05:09,459 - JobScheduler - INFO - ✅ Added job: backup_maindb (0 2 * * *)
2025-06-29 14:05:09,466 - JobScheduler - INFO - ✅ Updated crontab with 1 jobs
2025-06-29 14:05:09,467 - JobScheduler - INFO - ✅ Added job: backup_redis (0 3 * * *)
2025-06-29 14:05:09,474 - JobScheduler - INFO - ✅ Updated crontab with 2 jobs
2025-06-29 14:05:09,476 - JobScheduler - INFO - ✅ Added job: health_check (*/10 * * * *)
2025-06-29 14:05:09,483 - JobScheduler - INFO - ✅ Updated crontab with 3 jobs
2025-06-29 14:05:09,484 - JobScheduler - INFO - ✅ Added job: comprehensive_monitoring (0 */6 * * *)
2025-06-29 14:05:09,492 - JobScheduler - INFO - ✅ Updated crontab with 3 jobs
2025-06-29 14:05:09,492 - JobScheduler - INFO - ✅ Added job: demo_backup (*/1 * * * *)
2025-06-29 14:05:09,493 - JobScheduler - INFO - 📋 Loaded 5 jobs from jobs.yml
2025-06-29 14:05:09,499 - JobScheduler - INFO - ✅ Updated crontab with 3 jobs
2025-06-29 14:05:09,499 - JobScheduler - INFO - ✅ JobScheduler started with 5 jobs
